# JRE version: OpenJDK Runtime Environment Temurin-17.0.7+7 (17.0.7+7) (build 17.0.7+7)
# Java VM: OpenJDK 64-Bit Server VM Temurin-17.0.7+7 (17.0.7+7, mixed mode, emulated-client, tiered, compressed oops, compressed class ptrs, g1 gc, windows-amd64)
GC Precious Log:
 CPUs: 4 total, 4 available
 Memory: 12199M
 Large Page Support: Disabled
 NUMA Support: Disabled
 Compressed Oops: Enabled (32-bit)
 Heap Region Size: 1M
 Heap Min Capacity: 8M
 Heap Initial Capacity: 192M
 Heap Max Capacity: 1G
 Pre-touch: Disabled
 Parallel Workers: 4
 Concurrent Workers: 1
 Concurrent Refinement Workers: 4
 Periodic GC: Disabled
Heap:
 garbage-first heap   total 551936K, used 248905K [0x00000000c0000000, 0x0000000100000000)
  region size 1024K, 12 young (12288K), 12 survivors (12288K)
 Metaspace       used 56628K, committed 57088K, reserved 1114112K
  class space    used 7150K, committed 7360K, reserved 1048576K
GC Heap History (20 events):
Event: 32.307 GC heap after
{Heap after GC invocations=40 (full 0):
 garbage-first heap   total 452608K, used 207699K [0x00000000c0000000, 0x0000000100000000)
  region size 1024K, 17 young (17408K), 17 survivors (17408K)
 Metaspace       used 54969K, committed 55488K, reserved 1114112K
  class space    used 6915K, committed 7168K, reserved 1048576K
}
Event: 32.584 GC heap before
{Heap before GC invocations=40 (full 0):
 garbage-first heap   total 452608K, used 317267K [0x00000000c0000000, 0x0000000100000000)
  region size 1024K, 113 young (115712K), 17 survivors (17408K)
 Metaspace       used 55174K, committed 55680K, reserved 1114112K
  class space    used 6938K, committed 7168K, reserved 1048576K
}
Event: 32.600 GC heap after
{Heap after GC invocations=41 (full 0):
 garbage-first heap   total 452608K, used 213890K [0x00000000c0000000, 0x0000000100000000)
  region size 1024K, 12 young (12288K), 12 survivors (12288K)
 Metaspace       used 55174K, committed 55680K, reserved 1114112K
  class space    used 6938K, committed 7168K, reserved 1048576K
}
Event: 32.604 GC heap before
{Heap before GC invocations=41 (full 0):
 garbage-first heap   total 452608K, used 226178K [0x00000000c0000000, 0x0000000100000000)
  region size 1024K, 14 young (14336K), 12 survivors (12288K)
 Metaspace       used 55174K, committed 55680K, reserved 1114112K
  class space    used 6938K, committed 7168K, reserved 1048576K
}
Event: 32.615 GC heap after
{Heap after GC invocations=42 (full 0):
 garbage-first heap   total 452608K, used 213890K [0x00000000c0000000, 0x0000000100000000)
  region size 1024K, 12 young (12288K), 12 survivors (12288K)
 Metaspace       used 55174K, committed 55680K, reserved 1114112K
  class space    used 6938K, committed 7168K, reserved 1048576K
}
Event: 32.913 GC heap before
{Heap before GC invocations=42 (full 0):
 garbage-first heap   total 452608K, used 426882K [0x00000000c0000000, 0x0000000100000000)
  region size 1024K, 130 young (133120K), 12 survivors (12288K)
 Metaspace       used 55203K, committed 55680K, reserved 1114112K
  class space    used 6943K, committed 7168K, reserved 1048576K
}
Event: 32.930 GC heap after
{Heap after GC invocations=43 (full 0):
 garbage-first heap   total 452608K, used 220034K [0x00000000c0000000, 0x0000000100000000)
  region size 1024K, 17 young (17408K), 17 survivors (17408K)
 Metaspace       used 55203K, committed 55680K, reserved 1114112K
  class space    used 6943K, committed 7168K, reserved 1048576K
}
Event: 33.558 GC heap before
{Heap before GC invocations=44 (full 0):
 garbage-first heap   total 452608K, used 391042K [0x00000000c0000000, 0x0000000100000000)
  region size 1024K, 175 young (179200K), 17 survivors (17408K)
 Metaspace       used 55825K, committed 56320K, reserved 1114112K
  class space    used 7032K, committed 7232K, reserved 1048576K
}
Event: 33.580 GC heap after
{Heap after GC invocations=45 (full 0):
 garbage-first heap   total 452608K, used 221018K [0x00000000c0000000, 0x0000000100000000)
  region size 1024K, 15 young (15360K), 15 survivors (15360K)
 Metaspace       used 55825K, committed 56320K, reserved 1114112K
  class space    used 7032K, committed 7232K, reserved 1048576K
}
Event: 33.604 GC heap before
{Heap before GC invocations=45 (full 0):
 garbage-first heap   total 452608K, used 227162K [0x00000000c0000000, 0x0000000100000000)
  region size 1024K, 22 young (22528K), 15 survivors (15360K)
 Metaspace       used 55834K, committed 56320K, reserved 1114112K
  class space    used 7033K, committed 7232K, reserved 1048576K
}
Event: 33.621 GC heap after
{Heap after GC invocations=46 (full 0):
 garbage-first heap   total 452608K, used 217986K [0x00000000c0000000, 0x0000000100000000)
  region size 1024K, 2 young (2048K), 2 survivors (2048K)
 Metaspace       used 55834K, committed 56320K, reserved 1114112K
  class space    used 7033K, committed 7232K, reserved 1048576K
}
Event: 34.238 GC heap before
{Heap before GC invocations=46 (full 0):
 garbage-first heap   total 452608K, used 381826K [0x00000000c0000000, 0x0000000100000000)
  region size 1024K, 163 young (166912K), 2 survivors (2048K)
 Metaspace       used 56628K, committed 57088K, reserved 1114112K
  class space    used 7150K, committed 7360K, reserved 1048576K
}
Event: 34.253 GC heap after
{Heap after GC invocations=47 (full 0):
 garbage-first heap   total 452608K, used 225362K [0x00000000c0000000, 0x0000000100000000)
  region size 1024K, 10 young (10240K), 10 survivors (10240K)
 Metaspace       used 56628K, committed 57088K, reserved 1114112K
  class space    used 7150K, committed 7360K, reserved 1048576K
}
Event: 34.722 GC heap before
{Heap before GC invocations=47 (full 0):
 garbage-first heap   total 551936K, used 377938K [0x00000000c0000000, 0x0000000100000000)
  region size 1024K, 164 young (167936K), 10 survivors (10240K)
 Metaspace       used 56628K, committed 57088K, reserved 1114112K
  class space    used 7150K, committed 7360K, reserved 1048576K
}
Event: 34.736 GC heap after
{Heap after GC invocations=48 (full 0):
 garbage-first heap   total 551936K, used 227588K [0x00000000c0000000, 0x0000000100000000)
  region size 1024K, 16 young (16384K), 16 survivors (16384K)
 Metaspace       used 56628K, committed 57088K, reserved 1114112K
  class space    used 7150K, committed 7360K, reserved 1048576K
}
Event: 35.684 GC heap before
{Heap before GC invocations=49 (full 0):
 garbage-first heap   total 551936K, used 456964K [0x00000000c0000000, 0x0000000100000000)
  region size 1024K, 239 young (244736K), 16 survivors (16384K)
 Metaspace       used 56628K, committed 57088K, reserved 1114112K
  class space    used 7150K, committed 7360K, reserved 1048576K
}
Event: 35.705 GC heap after
{Heap after GC invocations=50 (full 0):
 garbage-first heap   total 551936K, used 242050K [0x00000000c0000000, 0x0000000100000000)
  region size 1024K, 28 young (28672K), 28 survivors (28672K)
 Metaspace       used 56628K, committed 57088K, reserved 1114112K
  class space    used 7150K, committed 7360K, reserved 1048576K
}
Event: 35.707 GC heap before
{Heap before GC invocations=50 (full 0):
 garbage-first heap   total 551936K, used 243074K [0x00000000c0000000, 0x0000000100000000)
  region size 1024K, 29 young (29696K), 28 survivors (28672K)
 Metaspace       used 56628K, committed 57088K, reserved 1114112K
  class space    used 7150K, committed 7360K, reserved 1048576K
}
Event: 35.723 GC heap after
{Heap after GC invocations=51 (full 0):
 garbage-first heap   total 551936K, used 239389K [0x00000000c0000000, 0x0000000100000000)
  region size 1024K, 2 young (2048K), 2 survivors (2048K)
 Metaspace       used 56628K, committed 57088K, reserved 1114112K
  class space    used 7150K, committed 7360K, reserved 1048576K
}
Event: 36.357 GC heap before
{Heap before GC invocations=51 (full 0):
 garbage-first heap   total 551936K, used 459549K [0x00000000c0000000, 0x0000000100000000)
  region size 1024K, 218 young (223232K), 2 survivors (2048K)
 Metaspace       used 56628K, committed 57088K, reserved 1114112K
  class space    used 7150K, committed 7360K, reserved 1048576K
}

