# JRE version: OpenJDK Runtime Environment Temurin-17.0.7+7 (17.0.7+7) (build 17.0.7+7)
# Java VM: OpenJDK 64-Bit Server VM Temurin-17.0.7+7 (17.0.7+7, mixed mode, tiered, compressed oops, compressed class ptrs, parallel gc, windows-amd64)
GC Precious Log:
 CPUs: 4 total, 4 available
 Memory: 12199M
 Large Page Support: Disabled
 NUMA Support: Disabled
 Compressed Oops: Enabled (32-bit)
 Alignments: Space 512K, Generation 512K, Heap 2M
 Heap Min Capacity: 100M
 Heap Initial Capacity: 100M
 Heap Max Capacity: 1G
 Pre-touch: Disabled
 Parallel Workers: 4
Heap:
 PSYoungGen      total 2048K, used 1430K [0x00000000eab00000, 0x00000000eb100000, 0x0000000100000000)
  eden space 1024K, 42% used [0x00000000eab00000,0x00000000eab6cab8,0x00000000eac00000)
  from space 1024K, 97% used [0x00000000eb000000,0x00000000eb0f8f30,0x00000000eb100000)
  to   space 2048K, 0% used [0x00000000ead00000,0x00000000ead00000,0x00000000eaf00000)
 ParOldGen       total 153088K, used 128758K [0x00000000c0000000, 0x00000000c9580000, 0x00000000eab00000)
  object space 153088K, 84% used [0x00000000c0000000,0x00000000c7dbd900,0x00000000c9580000)
 Metaspace       used 72471K, committed 73664K, reserved 1179648K
  class space    used 7322K, committed 7808K, reserved 1048576K
GC Heap History (20 events):
Event: 61.928 GC heap before
{Heap before GC invocations=226 (full 8):
 PSYoungGen      total 8192K, used 8095K [0x00000000eab00000, 0x00000000eb600000, 0x0000000100000000)
  eden space 5120K, 99% used [0x00000000eab00000,0x00000000eaffee50,0x00000000eb000000)
  from space 3072K, 96% used [0x00000000eb300000,0x00000000eb5e8e78,0x00000000eb600000)
  to   space 3072K, 0% used [0x00000000eb000000,0x00000000eb000000,0x00000000eb300000)
 ParOldGen       total 153088K, used 118017K [0x00000000c0000000, 0x00000000c9580000, 0x00000000eab00000)
  object space 153088K, 77% used [0x00000000c0000000,0x00000000c73405d8,0x00000000c9580000)
 Metaspace       used 72467K, committed 73664K, reserved 1179648K
  class space    used 7322K, committed 7808K, reserved 1048576K
}
Event: 61.933 GC heap after
{Heap after GC invocations=226 (full 8):
 PSYoungGen      total 8192K, used 3063K [0x00000000eab00000, 0x00000000eb800000, 0x0000000100000000)
  eden space 5120K, 0% used [0x00000000eab00000,0x00000000eab00000,0x00000000eb000000)
  from space 3072K, 99% used [0x00000000eb000000,0x00000000eb2fdea8,0x00000000eb300000)
  to   space 4096K, 0% used [0x00000000eb400000,0x00000000eb400000,0x00000000eb800000)
 ParOldGen       total 153088K, used 118739K [0x00000000c0000000, 0x00000000c9580000, 0x00000000eab00000)
  object space 153088K, 77% used [0x00000000c0000000,0x00000000c73f4d68,0x00000000c9580000)
 Metaspace       used 72467K, committed 73664K, reserved 1179648K
  class space    used 7322K, committed 7808K, reserved 1048576K
}
Event: 61.992 GC heap before
{Heap before GC invocations=227 (full 8):
 PSYoungGen      total 8192K, used 8155K [0x00000000eab00000, 0x00000000eb800000, 0x0000000100000000)
  eden space 5120K, 99% used [0x00000000eab00000,0x00000000eaff9088,0x00000000eb000000)
  from space 3072K, 99% used [0x00000000eb000000,0x00000000eb2fdea8,0x00000000eb300000)
  to   space 4096K, 0% used [0x00000000eb400000,0x00000000eb400000,0x00000000eb800000)
 ParOldGen       total 153088K, used 118739K [0x00000000c0000000, 0x00000000c9580000, 0x00000000eab00000)
  object space 153088K, 77% used [0x00000000c0000000,0x00000000c73f4d68,0x00000000c9580000)
 Metaspace       used 72469K, committed 73664K, reserved 1179648K
  class space    used 7322K, committed 7808K, reserved 1048576K
}
Event: 61.997 GC heap after
{Heap after GC invocations=227 (full 8):
 PSYoungGen      total 5632K, used 4082K [0x00000000eab00000, 0x00000000ebf00000, 0x0000000100000000)
  eden space 1536K, 0% used [0x00000000eab00000,0x00000000eab00000,0x00000000eac80000)
  from space 4096K, 99% used [0x00000000eb400000,0x00000000eb7fca98,0x00000000eb800000)
  to   space 7680K, 0% used [0x00000000eac80000,0x00000000eac80000,0x00000000eb400000)
 ParOldGen       total 153088K, used 121463K [0x00000000c0000000, 0x00000000c9580000, 0x00000000eab00000)
  object space 153088K, 79% used [0x00000000c0000000,0x00000000c769dfe0,0x00000000c9580000)
 Metaspace       used 72469K, committed 73664K, reserved 1179648K
  class space    used 7322K, committed 7808K, reserved 1048576K
}
Event: 62.007 GC heap before
{Heap before GC invocations=228 (full 8):
 PSYoungGen      total 5632K, used 5559K [0x00000000eab00000, 0x00000000ebf00000, 0x0000000100000000)
  eden space 1536K, 96% used [0x00000000eab00000,0x00000000eac71458,0x00000000eac80000)
  from space 4096K, 99% used [0x00000000eb400000,0x00000000eb7fca98,0x00000000eb800000)
  to   space 7680K, 0% used [0x00000000eac80000,0x00000000eac80000,0x00000000eb400000)
 ParOldGen       total 153088K, used 121463K [0x00000000c0000000, 0x00000000c9580000, 0x00000000eab00000)
  object space 153088K, 79% used [0x00000000c0000000,0x00000000c769dfe0,0x00000000c9580000)
 Metaspace       used 72470K, committed 73664K, reserved 1179648K
  class space    used 7322K, committed 7808K, reserved 1048576K
}
Event: 62.009 GC heap after
{Heap after GC invocations=228 (full 8):
 PSYoungGen      total 7168K, used 5307K [0x00000000eab00000, 0x00000000eb880000, 0x0000000100000000)
  eden space 1536K, 0% used [0x00000000eab00000,0x00000000eab00000,0x00000000eac80000)
  from space 5632K, 94% used [0x00000000eac80000,0x00000000eb1aec08,0x00000000eb200000)
  to   space 6144K, 0% used [0x00000000eb280000,0x00000000eb280000,0x00000000eb880000)
 ParOldGen       total 153088K, used 121783K [0x00000000c0000000, 0x00000000c9580000, 0x00000000eab00000)
  object space 153088K, 79% used [0x00000000c0000000,0x00000000c76edfe0,0x00000000c9580000)
 Metaspace       used 72470K, committed 73664K, reserved 1179648K
  class space    used 7322K, committed 7808K, reserved 1048576K
}
Event: 62.036 GC heap before
{Heap before GC invocations=229 (full 8):
 PSYoungGen      total 7168K, used 6803K [0x00000000eab00000, 0x00000000eb880000, 0x0000000100000000)
  eden space 1536K, 97% used [0x00000000eab00000,0x00000000eac760a0,0x00000000eac80000)
  from space 5632K, 94% used [0x00000000eac80000,0x00000000eb1aec08,0x00000000eb200000)
  to   space 6144K, 0% used [0x00000000eb280000,0x00000000eb280000,0x00000000eb880000)
 ParOldGen       total 153088K, used 121783K [0x00000000c0000000, 0x00000000c9580000, 0x00000000eab00000)
  object space 153088K, 79% used [0x00000000c0000000,0x00000000c76edfe0,0x00000000c9580000)
 Metaspace       used 72470K, committed 73664K, reserved 1179648K
  class space    used 7322K, committed 7808K, reserved 1048576K
}
Event: 62.039 GC heap after
{Heap after GC invocations=229 (full 8):
 PSYoungGen      total 7168K, used 6140K [0x00000000eab00000, 0x00000000eb980000, 0x0000000100000000)
  eden space 1024K, 0% used [0x00000000eab00000,0x00000000eab00000,0x00000000eac00000)
  from space 6144K, 99% used [0x00000000eb280000,0x00000000eb87f2c0,0x00000000eb880000)
  to   space 6656K, 0% used [0x00000000eac00000,0x00000000eac00000,0x00000000eb280000)
 ParOldGen       total 153088K, used 122007K [0x00000000c0000000, 0x00000000c9580000, 0x00000000eab00000)
  object space 153088K, 79% used [0x00000000c0000000,0x00000000c7725fe0,0x00000000c9580000)
 Metaspace       used 72470K, committed 73664K, reserved 1179648K
  class space    used 7322K, committed 7808K, reserved 1048576K
}
Event: 62.048 GC heap before
{Heap before GC invocations=230 (full 8):
 PSYoungGen      total 7168K, used 7162K [0x00000000eab00000, 0x00000000eb980000, 0x0000000100000000)
  eden space 1024K, 99% used [0x00000000eab00000,0x00000000eabff738,0x00000000eac00000)
  from space 6144K, 99% used [0x00000000eb280000,0x00000000eb87f2c0,0x00000000eb880000)
  to   space 6656K, 0% used [0x00000000eac00000,0x00000000eac00000,0x00000000eb280000)
 ParOldGen       total 153088K, used 122007K [0x00000000c0000000, 0x00000000c9580000, 0x00000000eab00000)
  object space 153088K, 79% used [0x00000000c0000000,0x00000000c7725fe0,0x00000000c9580000)
 Metaspace       used 72470K, committed 73664K, reserved 1179648K
  class space    used 7322K, committed 7808K, reserved 1048576K
}
Event: 62.050 GC heap after
{Heap after GC invocations=230 (full 8):
 PSYoungGen      total 7680K, used 6472K [0x00000000eab00000, 0x00000000eb900000, 0x0000000100000000)
  eden space 1024K, 0% used [0x00000000eab00000,0x00000000eab00000,0x00000000eac00000)
  from space 6656K, 97% used [0x00000000eac00000,0x00000000eb2523f8,0x00000000eb280000)
  to   space 6656K, 0% used [0x00000000eb280000,0x00000000eb280000,0x00000000eb900000)
 ParOldGen       total 153088K, used 122511K [0x00000000c0000000, 0x00000000c9580000, 0x00000000eab00000)
  object space 153088K, 80% used [0x00000000c0000000,0x00000000c77a3ff0,0x00000000c9580000)
 Metaspace       used 72470K, committed 73664K, reserved 1179648K
  class space    used 7322K, committed 7808K, reserved 1048576K
}
Event: 62.088 GC heap before
{Heap before GC invocations=231 (full 8):
 PSYoungGen      total 7680K, used 7496K [0x00000000eab00000, 0x00000000eb900000, 0x0000000100000000)
  eden space 1024K, 100% used [0x00000000eab00000,0x00000000eac00000,0x00000000eac00000)
  from space 6656K, 97% used [0x00000000eac00000,0x00000000eb2523f8,0x00000000eb280000)
  to   space 6656K, 0% used [0x00000000eb280000,0x00000000eb280000,0x00000000eb900000)
 ParOldGen       total 153088K, used 122511K [0x00000000c0000000, 0x00000000c9580000, 0x00000000eab00000)
  object space 153088K, 80% used [0x00000000c0000000,0x00000000c77a3ff0,0x00000000c9580000)
 Metaspace       used 72470K, committed 73664K, reserved 1179648K
  class space    used 7322K, committed 7808K, reserved 1048576K
}
Event: 62.090 GC heap after
{Heap after GC invocations=231 (full 8):
 PSYoungGen      total 5120K, used 3733K [0x00000000eab00000, 0x00000000eb680000, 0x0000000100000000)
  eden space 1024K, 0% used [0x00000000eab00000,0x00000000eab00000,0x00000000eac00000)
  from space 4096K, 91% used [0x00000000eb280000,0x00000000eb6256c0,0x00000000eb680000)
  to   space 5120K, 0% used [0x00000000eac80000,0x00000000eac80000,0x00000000eb180000)
 ParOldGen       total 153088K, used 125549K [0x00000000c0000000, 0x00000000c9580000, 0x00000000eab00000)
  object space 153088K, 82% used [0x00000000c0000000,0x00000000c7a9b630,0x00000000c9580000)
 Metaspace       used 72470K, committed 73664K, reserved 1179648K
  class space    used 7322K, committed 7808K, reserved 1048576K
}
Event: 62.419 GC heap before
{Heap before GC invocations=232 (full 8):
 PSYoungGen      total 5120K, used 4757K [0x00000000eab00000, 0x00000000eb680000, 0x0000000100000000)
  eden space 1024K, 100% used [0x00000000eab00000,0x00000000eac00000,0x00000000eac00000)
  from space 4096K, 91% used [0x00000000eb280000,0x00000000eb6256c0,0x00000000eb680000)
  to   space 5120K, 0% used [0x00000000eac80000,0x00000000eac80000,0x00000000eb180000)
 ParOldGen       total 153088K, used 125549K [0x00000000c0000000, 0x00000000c9580000, 0x00000000eab00000)
  object space 153088K, 82% used [0x00000000c0000000,0x00000000c7a9b630,0x00000000c9580000)
 Metaspace       used 72470K, committed 73664K, reserved 1179648K
  class space    used 7322K, committed 7808K, reserved 1048576K
}
Event: 62.421 GC heap after
{Heap after GC invocations=232 (full 8):
 PSYoungGen      total 2560K, used 1348K [0x00000000eab00000, 0x00000000eb300000, 0x0000000100000000)
  eden space 1024K, 0% used [0x00000000eab00000,0x00000000eab00000,0x00000000eac00000)
  from space 1536K, 87% used [0x00000000eac80000,0x00000000eadd1118,0x00000000eae00000)
  to   space 2560K, 0% used [0x00000000eb080000,0x00000000eb080000,0x00000000eb300000)
 ParOldGen       total 153088K, used 128108K [0x00000000c0000000, 0x00000000c9580000, 0x00000000eab00000)
  object space 153088K, 83% used [0x00000000c0000000,0x00000000c7d1b268,0x00000000c9580000)
 Metaspace       used 72470K, committed 73664K, reserved 1179648K
  class space    used 7322K, committed 7808K, reserved 1048576K
}
Event: 62.499 GC heap before
{Heap before GC invocations=233 (full 8):
 PSYoungGen      total 2560K, used 2371K [0x00000000eab00000, 0x00000000eb300000, 0x0000000100000000)
  eden space 1024K, 99% used [0x00000000eab00000,0x00000000eabffbb0,0x00000000eac00000)
  from space 1536K, 87% used [0x00000000eac80000,0x00000000eadd1118,0x00000000eae00000)
  to   space 2560K, 0% used [0x00000000eb080000,0x00000000eb080000,0x00000000eb300000)
 ParOldGen       total 153088K, used 128108K [0x00000000c0000000, 0x00000000c9580000, 0x00000000eab00000)
  object space 153088K, 83% used [0x00000000c0000000,0x00000000c7d1b268,0x00000000c9580000)
 Metaspace       used 72470K, committed 73664K, reserved 1179648K
  class space    used 7322K, committed 7808K, reserved 1048576K
}
Event: 62.501 GC heap after
{Heap after GC invocations=233 (full 8):
 PSYoungGen      total 2560K, used 1490K [0x00000000eab00000, 0x00000000eb200000, 0x0000000100000000)
  eden space 1024K, 0% used [0x00000000eab00000,0x00000000eab00000,0x00000000eac00000)
  from space 1536K, 97% used [0x00000000eb080000,0x00000000eb1f4888,0x00000000eb200000)
  to   space 2048K, 0% used [0x00000000eae00000,0x00000000eae00000,0x00000000eb000000)
 ParOldGen       total 153088K, used 128108K [0x00000000c0000000, 0x00000000c9580000, 0x00000000eab00000)
  object space 153088K, 83% used [0x00000000c0000000,0x00000000c7d1b268,0x00000000c9580000)
 Metaspace       used 72470K, committed 73664K, reserved 1179648K
  class space    used 7322K, committed 7808K, reserved 1048576K
}
Event: 62.936 GC heap before
{Heap before GC invocations=234 (full 8):
 PSYoungGen      total 2560K, used 2514K [0x00000000eab00000, 0x00000000eb200000, 0x0000000100000000)
  eden space 1024K, 100% used [0x00000000eab00000,0x00000000eac00000,0x00000000eac00000)
  from space 1536K, 97% used [0x00000000eb080000,0x00000000eb1f4888,0x00000000eb200000)
  to   space 2048K, 0% used [0x00000000eae00000,0x00000000eae00000,0x00000000eb000000)
 ParOldGen       total 153088K, used 128108K [0x00000000c0000000, 0x00000000c9580000, 0x00000000eab00000)
  object space 153088K, 83% used [0x00000000c0000000,0x00000000c7d1b268,0x00000000c9580000)
 Metaspace       used 72471K, committed 73664K, reserved 1179648K
  class space    used 7322K, committed 7808K, reserved 1048576K
}
Event: 62.938 GC heap after
{Heap after GC invocations=234 (full 8):
 PSYoungGen      total 3072K, used 1572K [0x00000000eab00000, 0x00000000eb100000, 0x0000000100000000)
  eden space 1024K, 0% used [0x00000000eab00000,0x00000000eab00000,0x00000000eac00000)
  from space 2048K, 76% used [0x00000000eae00000,0x00000000eaf89108,0x00000000eb000000)
  to   space 1024K, 0% used [0x00000000eb000000,0x00000000eb000000,0x00000000eb100000)
 ParOldGen       total 153088K, used 128108K [0x00000000c0000000, 0x00000000c9580000, 0x00000000eab00000)
  object space 153088K, 83% used [0x00000000c0000000,0x00000000c7d1b268,0x00000000c9580000)
 Metaspace       used 72471K, committed 73664K, reserved 1179648K
  class space    used 7322K, committed 7808K, reserved 1048576K
}
Event: 63.607 GC heap before
{Heap before GC invocations=235 (full 8):
 PSYoungGen      total 3072K, used 2596K [0x00000000eab00000, 0x00000000eb100000, 0x0000000100000000)
  eden space 1024K, 100% used [0x00000000eab00000,0x00000000eac00000,0x00000000eac00000)
  from space 2048K, 76% used [0x00000000eae00000,0x00000000eaf89108,0x00000000eb000000)
  to   space 1024K, 0% used [0x00000000eb000000,0x00000000eb000000,0x00000000eb100000)
 ParOldGen       total 153088K, used 128108K [0x00000000c0000000, 0x00000000c9580000, 0x00000000eab00000)
  object space 153088K, 83% used [0x00000000c0000000,0x00000000c7d1b268,0x00000000c9580000)
 Metaspace       used 72471K, committed 73664K, reserved 1179648K
  class space    used 7322K, committed 7808K, reserved 1048576K
}
Event: 63.609 GC heap after
{Heap after GC invocations=235 (full 8):
 PSYoungGen      total 2048K, used 995K [0x00000000eab00000, 0x00000000eb100000, 0x0000000100000000)
  eden space 1024K, 0% used [0x00000000eab00000,0x00000000eab00000,0x00000000eac00000)
  from space 1024K, 97% used [0x00000000eb000000,0x00000000eb0f8f30,0x00000000eb100000)
  to   space 2048K, 0% used [0x00000000ead00000,0x00000000ead00000,0x00000000eaf00000)
 ParOldGen       total 153088K, used 128758K [0x00000000c0000000, 0x00000000c9580000, 0x00000000eab00000)
  object space 153088K, 84% used [0x00000000c0000000,0x00000000c7dbd900,0x00000000c9580000)
 Metaspace       used 72471K, committed 73664K, reserved 1179648K
  class space    used 7322K, committed 7808K, reserved 1048576K
}

