# JRE version: Java(TM) SE Runtime Environment 18.9 (11.0.9+7) (build 11.0.9+7-LTS)
# Java VM: Java HotSpot(TM) 64-Bit Server VM 18.9 (11.0.9+7-LTS, mixed mode, tiered, compressed oops, g1 gc, windows-amd64)
Heap:
 garbage-first heap   total 196608K, used 33538K [0x0000000741600000, 0x0000000800000000)
  region size 1024K, 25 young (25600K), 3 survivors (3072K)
 Metaspace       used 19929K, capacity 20613K, committed 20736K, reserved 1067008K
  class space    used 2182K, capacity 2463K, committed 2560K, reserved 1048576K
GC Heap History (8 events):
Event: 0.584 GC heap before
{Heap before GC invocations=0 (full 0):
 garbage-first heap   total 196608K, used 14336K [0x0000000741600000, 0x0000000800000000)
  region size 1024K, 14 young (14336K), 0 survivors (0K)
 Metaspace       used 4829K, capacity 4856K, committed 5120K, reserved 1056768K
  class space    used 407K, capacity 424K, committed 512K, reserved 1048576K
}
Event: 0.596 GC heap after
{Heap after GC invocations=1 (full 0):
 garbage-first heap   total 196608K, used 6823K [0x0000000741600000, 0x0000000800000000)
  region size 1024K, 2 young (2048K), 2 survivors (2048K)
 Metaspace       used 4829K, capacity 4856K, committed 5120K, reserved 1056768K
  class space    used 407K, capacity 424K, committed 512K, reserved 1048576K
}
Event: 1.040 GC heap before
{Heap before GC invocations=1 (full 0):
 garbage-first heap   total 196608K, used 22183K [0x0000000741600000, 0x0000000800000000)
  region size 1024K, 17 young (17408K), 2 survivors (2048K)
 Metaspace       used 8855K, capacity 8962K, committed 9088K, reserved 1056768K
  class space    used 824K, capacity 866K, committed 896K, reserved 1048576K
}
Event: 1.046 GC heap after
{Heap after GC invocations=2 (full 0):
 garbage-first heap   total 196608K, used 9843K [0x0000000741600000, 0x0000000800000000)
  region size 1024K, 3 young (3072K), 3 survivors (3072K)
 Metaspace       used 8855K, capacity 8962K, committed 9088K, reserved 1056768K
  class space    used 824K, capacity 866K, committed 896K, reserved 1048576K
}
Event: 1.531 GC heap before
{Heap before GC invocations=2 (full 0):
 garbage-first heap   total 196608K, used 31347K [0x0000000741600000, 0x0000000800000000)
  region size 1024K, 24 young (24576K), 3 survivors (3072K)
 Metaspace       used 11796K, capacity 12222K, committed 12416K, reserved 1060864K
  class space    used 1223K, capacity 1405K, committed 1408K, reserved 1048576K
}
Event: 1.537 GC heap after
{Heap after GC invocations=3 (full 0):
 garbage-first heap   total 196608K, used 10486K [0x0000000741600000, 0x0000000800000000)
  region size 1024K, 1 young (1024K), 1 survivors (1024K)
 Metaspace       used 11796K, capacity 12222K, committed 12416K, reserved 1060864K
  class space    used 1223K, capacity 1405K, committed 1408K, reserved 1048576K
}
Event: 2.278 GC heap before
{Heap before GC invocations=3 (full 0):
 garbage-first heap   total 196608K, used 46326K [0x0000000741600000, 0x0000000800000000)
  region size 1024K, 36 young (36864K), 1 survivors (1024K)
 Metaspace       used 16942K, capacity 17530K, committed 17664K, reserved 1064960K
  class space    used 1802K, capacity 2048K, committed 2048K, reserved 1048576K
}
Event: 2.282 GC heap after
{Heap after GC invocations=4 (full 0):
 garbage-first heap   total 196608K, used 12034K [0x0000000741600000, 0x0000000800000000)
  region size 1024K, 3 young (3072K), 3 survivors (3072K)
 Metaspace       used 16942K, capacity 17530K, committed 17664K, reserved 1064960K
  class space    used 1802K, capacity 2048K, committed 2048K, reserved 1048576K
}

