# JRE version: OpenJDK Runtime Environment Temurin-17.0.7+7 (17.0.7+7) (build 17.0.7+7)
# Java VM: OpenJDK 64-Bit Server VM Temurin-17.0.7+7 (17.0.7+7, mixed mode, emulated-client, tiered, compressed oops, compressed class ptrs, g1 gc, windows-amd64)
GC Precious Log:
 CPUs: 4 total, 4 available
 Memory: 12199M
 Large Page Support: Disabled
 NUMA Support: Disabled
 Compressed Oops: Enabled (32-bit)
 Heap Region Size: 1M
 Heap Min Capacity: 8M
 Heap Initial Capacity: 192M
 Heap Max Capacity: 1G
 Pre-touch: Disabled
 Parallel Workers: 4
 Concurrent Workers: 1
 Concurrent Refinement Workers: 4
 Periodic GC: Disabled
Heap:
 garbage-first heap   total 55296K, used 18135K [0x00000000c0000000, 0x0000000100000000)
  region size 1024K, 1 young (1024K), 0 survivors (0K)
 Metaspace       used 37101K, committed 37568K, reserved 1114112K
  class space    used 4800K, committed 4992K, reserved 1048576K
GC Heap History (20 events):
Event: 2721.382 GC heap before
{Heap before GC invocations=272 (full 261):
 garbage-first heap   total 55296K, used 18135K [0x00000000c0000000, 0x0000000100000000)
  region size 1024K, 1 young (1024K), 0 survivors (0K)
 Metaspace       used 37101K, committed 37568K, reserved 1114112K
  class space    used 4800K, committed 4992K, reserved 1048576K
}
Event: 2721.411 GC heap after
{Heap after GC invocations=273 (full 262):
 garbage-first heap   total 55296K, used 18135K [0x00000000c0000000, 0x0000000100000000)
  region size 1024K, 0 young (0K), 0 survivors (0K)
 Metaspace       used 37101K, committed 37568K, reserved 1114112K
  class space    used 4800K, committed 4992K, reserved 1048576K
}
Event: 2731.633 GC heap before
{Heap before GC invocations=273 (full 262):
 garbage-first heap   total 55296K, used 18135K [0x00000000c0000000, 0x0000000100000000)
  region size 1024K, 1 young (1024K), 0 survivors (0K)
 Metaspace       used 37101K, committed 37568K, reserved 1114112K
  class space    used 4800K, committed 4992K, reserved 1048576K
}
Event: 2731.664 GC heap after
{Heap after GC invocations=274 (full 263):
 garbage-first heap   total 55296K, used 18135K [0x00000000c0000000, 0x0000000100000000)
  region size 1024K, 0 young (0K), 0 survivors (0K)
 Metaspace       used 37101K, committed 37568K, reserved 1114112K
  class space    used 4800K, committed 4992K, reserved 1048576K
}
Event: 2741.847 GC heap before
{Heap before GC invocations=274 (full 263):
 garbage-first heap   total 55296K, used 18135K [0x00000000c0000000, 0x0000000100000000)
  region size 1024K, 1 young (1024K), 0 survivors (0K)
 Metaspace       used 37101K, committed 37568K, reserved 1114112K
  class space    used 4800K, committed 4992K, reserved 1048576K
}
Event: 2741.872 GC heap after
{Heap after GC invocations=275 (full 264):
 garbage-first heap   total 55296K, used 18135K [0x00000000c0000000, 0x0000000100000000)
  region size 1024K, 0 young (0K), 0 survivors (0K)
 Metaspace       used 37101K, committed 37568K, reserved 1114112K
  class space    used 4800K, committed 4992K, reserved 1048576K
}
Event: 2752.028 GC heap before
{Heap before GC invocations=275 (full 264):
 garbage-first heap   total 55296K, used 18135K [0x00000000c0000000, 0x0000000100000000)
  region size 1024K, 1 young (1024K), 0 survivors (0K)
 Metaspace       used 37101K, committed 37568K, reserved 1114112K
  class space    used 4800K, committed 4992K, reserved 1048576K
}
Event: 2752.052 GC heap after
{Heap after GC invocations=276 (full 265):
 garbage-first heap   total 55296K, used 18135K [0x00000000c0000000, 0x0000000100000000)
  region size 1024K, 0 young (0K), 0 survivors (0K)
 Metaspace       used 37101K, committed 37568K, reserved 1114112K
  class space    used 4800K, committed 4992K, reserved 1048576K
}
Event: 2762.204 GC heap before
{Heap before GC invocations=276 (full 265):
 garbage-first heap   total 55296K, used 18135K [0x00000000c0000000, 0x0000000100000000)
  region size 1024K, 1 young (1024K), 0 survivors (0K)
 Metaspace       used 37101K, committed 37568K, reserved 1114112K
  class space    used 4800K, committed 4992K, reserved 1048576K
}
Event: 2762.233 GC heap after
{Heap after GC invocations=277 (full 266):
 garbage-first heap   total 55296K, used 18135K [0x00000000c0000000, 0x0000000100000000)
  region size 1024K, 0 young (0K), 0 survivors (0K)
 Metaspace       used 37101K, committed 37568K, reserved 1114112K
  class space    used 4800K, committed 4992K, reserved 1048576K
}
Event: 2772.362 GC heap before
{Heap before GC invocations=277 (full 266):
 garbage-first heap   total 55296K, used 18135K [0x00000000c0000000, 0x0000000100000000)
  region size 1024K, 1 young (1024K), 0 survivors (0K)
 Metaspace       used 37101K, committed 37568K, reserved 1114112K
  class space    used 4800K, committed 4992K, reserved 1048576K
}
Event: 2772.383 GC heap after
{Heap after GC invocations=278 (full 267):
 garbage-first heap   total 55296K, used 18135K [0x00000000c0000000, 0x0000000100000000)
  region size 1024K, 0 young (0K), 0 survivors (0K)
 Metaspace       used 37101K, committed 37568K, reserved 1114112K
  class space    used 4800K, committed 4992K, reserved 1048576K
}
Event: 2782.605 GC heap before
{Heap before GC invocations=278 (full 267):
 garbage-first heap   total 55296K, used 18135K [0x00000000c0000000, 0x0000000100000000)
  region size 1024K, 1 young (1024K), 0 survivors (0K)
 Metaspace       used 37101K, committed 37568K, reserved 1114112K
  class space    used 4800K, committed 4992K, reserved 1048576K
}
Event: 2782.627 GC heap after
{Heap after GC invocations=279 (full 268):
 garbage-first heap   total 55296K, used 18135K [0x00000000c0000000, 0x0000000100000000)
  region size 1024K, 0 young (0K), 0 survivors (0K)
 Metaspace       used 37101K, committed 37568K, reserved 1114112K
  class space    used 4800K, committed 4992K, reserved 1048576K
}
Event: 2792.777 GC heap before
{Heap before GC invocations=279 (full 268):
 garbage-first heap   total 55296K, used 18135K [0x00000000c0000000, 0x0000000100000000)
  region size 1024K, 1 young (1024K), 0 survivors (0K)
 Metaspace       used 37101K, committed 37568K, reserved 1114112K
  class space    used 4800K, committed 4992K, reserved 1048576K
}
Event: 2792.801 GC heap after
{Heap after GC invocations=280 (full 269):
 garbage-first heap   total 55296K, used 18135K [0x00000000c0000000, 0x0000000100000000)
  region size 1024K, 0 young (0K), 0 survivors (0K)
 Metaspace       used 37101K, committed 37568K, reserved 1114112K
  class space    used 4800K, committed 4992K, reserved 1048576K
}
Event: 2802.991 GC heap before
{Heap before GC invocations=280 (full 269):
 garbage-first heap   total 55296K, used 18135K [0x00000000c0000000, 0x0000000100000000)
  region size 1024K, 1 young (1024K), 0 survivors (0K)
 Metaspace       used 37101K, committed 37568K, reserved 1114112K
  class space    used 4800K, committed 4992K, reserved 1048576K
}
Event: 2803.015 GC heap after
{Heap after GC invocations=281 (full 270):
 garbage-first heap   total 55296K, used 18135K [0x00000000c0000000, 0x0000000100000000)
  region size 1024K, 0 young (0K), 0 survivors (0K)
 Metaspace       used 37101K, committed 37568K, reserved 1114112K
  class space    used 4800K, committed 4992K, reserved 1048576K
}
Event: 2813.413 GC heap before
{Heap before GC invocations=281 (full 270):
 garbage-first heap   total 55296K, used 18135K [0x00000000c0000000, 0x0000000100000000)
  region size 1024K, 1 young (1024K), 0 survivors (0K)
 Metaspace       used 37101K, committed 37568K, reserved 1114112K
  class space    used 4800K, committed 4992K, reserved 1048576K
}
Event: 2813.443 GC heap after
{Heap after GC invocations=282 (full 271):
 garbage-first heap   total 55296K, used 18135K [0x00000000c0000000, 0x0000000100000000)
  region size 1024K, 0 young (0K), 0 survivors (0K)
 Metaspace       used 37101K, committed 37568K, reserved 1114112K
  class space    used 4800K, committed 4992K, reserved 1048576K
}

