# JRE version: OpenJDK Runtime Environment Temurin-17.0.7+7 (17.0.7+7) (build 17.0.7+7)
# Java VM: OpenJDK 64-Bit Server VM Temurin-17.0.7+7 (17.0.7+7, mixed mode, emulated-client, tiered, compressed oops, compressed class ptrs, g1 gc, windows-amd64)
GC Precious Log:
 CPUs: 4 total, 4 available
 Memory: 12199M
 Large Page Support: Disabled
 NUMA Support: Disabled
 Compressed Oops: Enabled (32-bit)
 Heap Region Size: 1M
 Heap Min Capacity: 8M
 Heap Initial Capacity: 192M
 Heap Max Capacity: 1G
 Pre-touch: Disabled
 Parallel Workers: 4
 Concurrent Workers: 1
 Concurrent Refinement Workers: 4
 Periodic GC: Disabled
Heap:
 garbage-first heap   total 399360K, used 162691K [0x00000000c0000000, 0x0000000100000000)
  region size 1024K, 15 young (15360K), 15 survivors (15360K)
 Metaspace       used 51997K, committed 52416K, reserved 1114112K
  class space    used 6608K, committed 6784K, reserved 1048576K
GC Heap History (20 events):
Event: 28.904 GC heap after
{Heap after GC invocations=33 (full 0):
 garbage-first heap   total 387072K, used 101112K [0x00000000c0000000, 0x0000000100000000)
  region size 1024K, 4 young (4096K), 4 survivors (4096K)
 Metaspace       used 50119K, committed 50496K, reserved 1114112K
  class space    used 6349K, committed 6528K, reserved 1048576K
}
Event: 29.534 GC heap before
{Heap before GC invocations=34 (full 0):
 garbage-first heap   total 365568K, used 239352K [0x00000000c0000000, 0x0000000100000000)
  region size 1024K, 141 young (144384K), 4 survivors (4096K)
 Metaspace       used 50478K, committed 51008K, reserved 1114112K
  class space    used 6400K, committed 6656K, reserved 1048576K
}
Event: 29.545 GC heap after
{Heap after GC invocations=35 (full 0):
 garbage-first heap   total 365568K, used 106080K [0x00000000c0000000, 0x0000000100000000)
  region size 1024K, 10 young (10240K), 10 survivors (10240K)
 Metaspace       used 50478K, committed 51008K, reserved 1114112K
  class space    used 6400K, committed 6656K, reserved 1048576K
}
Event: 29.551 GC heap before
{Heap before GC invocations=35 (full 0):
 garbage-first heap   total 365568K, used 112224K [0x00000000c0000000, 0x0000000100000000)
  region size 1024K, 17 young (17408K), 10 survivors (10240K)
 Metaspace       used 50478K, committed 51008K, reserved 1114112K
  class space    used 6400K, committed 6656K, reserved 1048576K
}
Event: 29.560 GC heap after
{Heap after GC invocations=36 (full 0):
 garbage-first heap   total 365568K, used 106109K [0x00000000c0000000, 0x0000000100000000)
  region size 1024K, 2 young (2048K), 2 survivors (2048K)
 Metaspace       used 50478K, committed 51008K, reserved 1114112K
  class space    used 6400K, committed 6656K, reserved 1048576K
}
Event: 29.865 GC heap before
{Heap before GC invocations=36 (full 0):
 garbage-first heap   total 365568K, used 267901K [0x00000000c0000000, 0x0000000100000000)
  region size 1024K, 161 young (164864K), 2 survivors (2048K)
 Metaspace       used 50479K, committed 51008K, reserved 1114112K
  class space    used 6400K, committed 6656K, reserved 1048576K
}
Event: 29.874 GC heap after
{Heap after GC invocations=37 (full 0):
 garbage-first heap   total 365568K, used 112777K [0x00000000c0000000, 0x0000000100000000)
  region size 1024K, 8 young (8192K), 8 survivors (8192K)
 Metaspace       used 50479K, committed 51008K, reserved 1114112K
  class space    used 6400K, committed 6656K, reserved 1048576K
}
Event: 30.143 GC heap before
{Heap before GC invocations=37 (full 0):
 garbage-first heap   total 365568K, used 283785K [0x00000000c0000000, 0x0000000100000000)
  region size 1024K, 177 young (181248K), 8 survivors (8192K)
 Metaspace       used 50604K, committed 51072K, reserved 1114112K
  class space    used 6417K, committed 6656K, reserved 1048576K
}
Event: 30.156 GC heap after
{Heap after GC invocations=38 (full 0):
 garbage-first heap   total 365568K, used 119920K [0x00000000c0000000, 0x0000000100000000)
  region size 1024K, 15 young (15360K), 15 survivors (15360K)
 Metaspace       used 50604K, committed 51072K, reserved 1114112K
  class space    used 6417K, committed 6656K, reserved 1048576K
}
Event: 30.421 GC heap before
{Heap before GC invocations=38 (full 0):
 garbage-first heap   total 365568K, used 285808K [0x00000000c0000000, 0x0000000100000000)
  region size 1024K, 178 young (182272K), 15 survivors (15360K)
 Metaspace       used 50897K, committed 51392K, reserved 1114112K
  class space    used 6463K, committed 6720K, reserved 1048576K
}
Event: 30.434 GC heap after
{Heap after GC invocations=39 (full 0):
 garbage-first heap   total 365568K, used 128280K [0x00000000c0000000, 0x0000000100000000)
  region size 1024K, 16 young (16384K), 16 survivors (16384K)
 Metaspace       used 50897K, committed 51392K, reserved 1114112K
  class space    used 6463K, committed 6720K, reserved 1048576K
}
Event: 30.567 GC heap before
{Heap before GC invocations=39 (full 0):
 garbage-first heap   total 365568K, used 292120K [0x00000000c0000000, 0x0000000100000000)
  region size 1024K, 177 young (181248K), 16 survivors (16384K)
 Metaspace       used 50922K, committed 51392K, reserved 1114112K
  class space    used 6464K, committed 6720K, reserved 1048576K
}
Event: 30.578 GC heap after
{Heap after GC invocations=40 (full 0):
 garbage-first heap   total 365568K, used 134593K [0x00000000c0000000, 0x0000000100000000)
  region size 1024K, 15 young (15360K), 15 survivors (15360K)
 Metaspace       used 50922K, committed 51392K, reserved 1114112K
  class space    used 6464K, committed 6720K, reserved 1048576K
}
Event: 30.764 GC heap before
{Heap before GC invocations=40 (full 0):
 garbage-first heap   total 399360K, used 297409K [0x00000000c0000000, 0x0000000100000000)
  region size 1024K, 175 young (179200K), 15 survivors (15360K)
 Metaspace       used 51146K, committed 51648K, reserved 1114112K
  class space    used 6491K, committed 6720K, reserved 1048576K
}
Event: 30.775 GC heap after
{Heap after GC invocations=41 (full 0):
 garbage-first heap   total 399360K, used 142138K [0x00000000c0000000, 0x0000000100000000)
  region size 1024K, 14 young (14336K), 14 survivors (14336K)
 Metaspace       used 51146K, committed 51648K, reserved 1114112K
  class space    used 6491K, committed 6720K, reserved 1048576K
}
Event: 30.945 GC heap before
{Heap before GC invocations=42 (full 0):
 garbage-first heap   total 399360K, used 327482K [0x00000000c0000000, 0x0000000100000000)
  region size 1024K, 196 young (200704K), 14 survivors (14336K)
 Metaspace       used 51820K, committed 52224K, reserved 1114112K
  class space    used 6585K, committed 6784K, reserved 1048576K
}
Event: 30.958 GC heap after
{Heap after GC invocations=43 (full 0):
 garbage-first heap   total 399360K, used 150330K [0x00000000c0000000, 0x0000000100000000)
  region size 1024K, 22 young (22528K), 22 survivors (22528K)
 Metaspace       used 51820K, committed 52224K, reserved 1114112K
  class space    used 6585K, committed 6784K, reserved 1048576K
}
Event: 30.962 GC heap before
{Heap before GC invocations=43 (full 0):
 garbage-first heap   total 399360K, used 151354K [0x00000000c0000000, 0x0000000100000000)
  region size 1024K, 24 young (24576K), 22 survivors (22528K)
 Metaspace       used 51842K, committed 52288K, reserved 1114112K
  class space    used 6588K, committed 6784K, reserved 1048576K
}
Event: 30.972 GC heap after
{Heap after GC invocations=44 (full 0):
 garbage-first heap   total 399360K, used 149682K [0x00000000c0000000, 0x0000000100000000)
  region size 1024K, 2 young (2048K), 2 survivors (2048K)
 Metaspace       used 51842K, committed 52288K, reserved 1114112K
  class space    used 6588K, committed 6784K, reserved 1048576K
}
Event: 31.135 GC heap before
{Heap before GC invocations=44 (full 0):
 garbage-first heap   total 399360K, used 329906K [0x00000000c0000000, 0x0000000100000000)
  region size 1024K, 179 young (183296K), 2 survivors (2048K)
 Metaspace       used 51997K, committed 52416K, reserved 1114112K
  class space    used 6608K, committed 6784K, reserved 1048576K
}

