# JRE version: OpenJDK Runtime Environment Temurin-17.0.7+7 (17.0.7+7) (build 17.0.7+7)
# Java VM: OpenJDK 64-Bit Server VM Temurin-17.0.7+7 (17.0.7+7, mixed mode, emulated-client, tiered, compressed oops, compressed class ptrs, g1 gc, windows-amd64)
GC Precious Log:
 CPUs: 4 total, 4 available
 Memory: 12199M
 Large Page Support: Disabled
 NUMA Support: Disabled
 Compressed Oops: Enabled (32-bit)
 Heap Region Size: 1M
 Heap Min Capacity: 8M
 Heap Initial Capacity: 192M
 Heap Max Capacity: 1G
 Pre-touch: Disabled
 Parallel Workers: 4
 Concurrent Workers: 1
 Concurrent Refinement Workers: 4
 Periodic GC: Disabled
Heap:
 garbage-first heap   total 331776K, used 100273K [0x00000000c0000000, 0x0000000100000000)
  region size 1024K, 1 young (1024K), 0 survivors (0K)
 Metaspace       used 75581K, committed 76032K, reserved 1179648K
  class space    used 10332K, committed 10560K, reserved 1048576K
GC Heap History (20 events):
Event: 2867.913 GC heap before
{Heap before GC invocations=363 (full 240):
 garbage-first heap   total 331776K, used 100273K [0x00000000c0000000, 0x0000000100000000)
  region size 1024K, 1 young (1024K), 0 survivors (0K)
 Metaspace       used 75581K, committed 76032K, reserved 1179648K
  class space    used 10332K, committed 10560K, reserved 1048576K
}
Event: 2867.993 GC heap after
{Heap after GC invocations=364 (full 241):
 garbage-first heap   total 331776K, used 100273K [0x00000000c0000000, 0x0000000100000000)
  region size 1024K, 0 young (0K), 0 survivors (0K)
 Metaspace       used 75581K, committed 76032K, reserved 1179648K
  class space    used 10332K, committed 10560K, reserved 1048576K
}
Event: 2878.144 GC heap before
{Heap before GC invocations=364 (full 241):
 garbage-first heap   total 331776K, used 100273K [0x00000000c0000000, 0x0000000100000000)
  region size 1024K, 1 young (1024K), 0 survivors (0K)
 Metaspace       used 75581K, committed 76032K, reserved 1179648K
  class space    used 10332K, committed 10560K, reserved 1048576K
}
Event: 2878.224 GC heap after
{Heap after GC invocations=365 (full 242):
 garbage-first heap   total 331776K, used 100273K [0x00000000c0000000, 0x0000000100000000)
  region size 1024K, 0 young (0K), 0 survivors (0K)
 Metaspace       used 75581K, committed 76032K, reserved 1179648K
  class space    used 10332K, committed 10560K, reserved 1048576K
}
Event: 2888.383 GC heap before
{Heap before GC invocations=365 (full 242):
 garbage-first heap   total 331776K, used 100273K [0x00000000c0000000, 0x0000000100000000)
  region size 1024K, 1 young (1024K), 0 survivors (0K)
 Metaspace       used 75581K, committed 76032K, reserved 1179648K
  class space    used 10332K, committed 10560K, reserved 1048576K
}
Event: 2888.467 GC heap after
{Heap after GC invocations=366 (full 243):
 garbage-first heap   total 331776K, used 100273K [0x00000000c0000000, 0x0000000100000000)
  region size 1024K, 0 young (0K), 0 survivors (0K)
 Metaspace       used 75581K, committed 76032K, reserved 1179648K
  class space    used 10332K, committed 10560K, reserved 1048576K
}
Event: 2898.593 GC heap before
{Heap before GC invocations=366 (full 243):
 garbage-first heap   total 331776K, used 100273K [0x00000000c0000000, 0x0000000100000000)
  region size 1024K, 1 young (1024K), 0 survivors (0K)
 Metaspace       used 75581K, committed 76032K, reserved 1179648K
  class space    used 10332K, committed 10560K, reserved 1048576K
}
Event: 2898.668 GC heap after
{Heap after GC invocations=367 (full 244):
 garbage-first heap   total 331776K, used 100273K [0x00000000c0000000, 0x0000000100000000)
  region size 1024K, 0 young (0K), 0 survivors (0K)
 Metaspace       used 75581K, committed 76032K, reserved 1179648K
  class space    used 10332K, committed 10560K, reserved 1048576K
}
Event: 2908.807 GC heap before
{Heap before GC invocations=367 (full 244):
 garbage-first heap   total 331776K, used 100273K [0x00000000c0000000, 0x0000000100000000)
  region size 1024K, 1 young (1024K), 0 survivors (0K)
 Metaspace       used 75581K, committed 76032K, reserved 1179648K
  class space    used 10332K, committed 10560K, reserved 1048576K
}
Event: 2908.888 GC heap after
{Heap after GC invocations=368 (full 245):
 garbage-first heap   total 331776K, used 100273K [0x00000000c0000000, 0x0000000100000000)
  region size 1024K, 0 young (0K), 0 survivors (0K)
 Metaspace       used 75581K, committed 76032K, reserved 1179648K
  class space    used 10332K, committed 10560K, reserved 1048576K
}
Event: 2919.031 GC heap before
{Heap before GC invocations=368 (full 245):
 garbage-first heap   total 331776K, used 100273K [0x00000000c0000000, 0x0000000100000000)
  region size 1024K, 1 young (1024K), 0 survivors (0K)
 Metaspace       used 75581K, committed 76032K, reserved 1179648K
  class space    used 10332K, committed 10560K, reserved 1048576K
}
Event: 2919.114 GC heap after
{Heap after GC invocations=369 (full 246):
 garbage-first heap   total 331776K, used 100273K [0x00000000c0000000, 0x0000000100000000)
  region size 1024K, 0 young (0K), 0 survivors (0K)
 Metaspace       used 75581K, committed 76032K, reserved 1179648K
  class space    used 10332K, committed 10560K, reserved 1048576K
}
Event: 2929.367 GC heap before
{Heap before GC invocations=369 (full 246):
 garbage-first heap   total 331776K, used 100273K [0x00000000c0000000, 0x0000000100000000)
  region size 1024K, 1 young (1024K), 0 survivors (0K)
 Metaspace       used 75581K, committed 76032K, reserved 1179648K
  class space    used 10332K, committed 10560K, reserved 1048576K
}
Event: 2929.482 GC heap after
{Heap after GC invocations=370 (full 247):
 garbage-first heap   total 331776K, used 100273K [0x00000000c0000000, 0x0000000100000000)
  region size 1024K, 0 young (0K), 0 survivors (0K)
 Metaspace       used 75581K, committed 76032K, reserved 1179648K
  class space    used 10332K, committed 10560K, reserved 1048576K
}
Event: 2939.943 GC heap before
{Heap before GC invocations=370 (full 247):
 garbage-first heap   total 331776K, used 100273K [0x00000000c0000000, 0x0000000100000000)
  region size 1024K, 1 young (1024K), 0 survivors (0K)
 Metaspace       used 75581K, committed 76032K, reserved 1179648K
  class space    used 10332K, committed 10560K, reserved 1048576K
}
Event: 2940.064 GC heap after
{Heap after GC invocations=371 (full 248):
 garbage-first heap   total 331776K, used 100273K [0x00000000c0000000, 0x0000000100000000)
  region size 1024K, 0 young (0K), 0 survivors (0K)
 Metaspace       used 75581K, committed 76032K, reserved 1179648K
  class space    used 10332K, committed 10560K, reserved 1048576K
}
Event: 2950.346 GC heap before
{Heap before GC invocations=371 (full 248):
 garbage-first heap   total 331776K, used 100273K [0x00000000c0000000, 0x0000000100000000)
  region size 1024K, 1 young (1024K), 0 survivors (0K)
 Metaspace       used 75581K, committed 76032K, reserved 1179648K
  class space    used 10332K, committed 10560K, reserved 1048576K
}
Event: 2950.469 GC heap after
{Heap after GC invocations=372 (full 249):
 garbage-first heap   total 331776K, used 100273K [0x00000000c0000000, 0x0000000100000000)
  region size 1024K, 0 young (0K), 0 survivors (0K)
 Metaspace       used 75581K, committed 76032K, reserved 1179648K
  class space    used 10332K, committed 10560K, reserved 1048576K
}
Event: 2960.771 GC heap before
{Heap before GC invocations=372 (full 249):
 garbage-first heap   total 331776K, used 100273K [0x00000000c0000000, 0x0000000100000000)
  region size 1024K, 1 young (1024K), 0 survivors (0K)
 Metaspace       used 75581K, committed 76032K, reserved 1179648K
  class space    used 10332K, committed 10560K, reserved 1048576K
}
Event: 2960.892 GC heap after
{Heap after GC invocations=373 (full 250):
 garbage-first heap   total 331776K, used 100273K [0x00000000c0000000, 0x0000000100000000)
  region size 1024K, 0 young (0K), 0 survivors (0K)
 Metaspace       used 75581K, committed 76032K, reserved 1179648K
  class space    used 10332K, committed 10560K, reserved 1048576K
}

