# JRE version: Java(TM) SE Runtime Environment 18.9 (11.0.9+7) (build 11.0.9+7-LTS)
# Java VM: Java HotSpot(TM) 64-Bit Server VM 18.9 (11.0.9+7-LTS, mixed mode, tiered, compressed oops, g1 gc, windows-amd64)
Heap:
 garbage-first heap   total 284672K, used 37888K [0x0000000741600000, 0x0000000800000000)
  region size 1024K, 12 young (12288K), 8 survivors (8192K)
 Metaspace       used 58996K, capacity 60415K, committed 60632K, reserved 1101824K
  class space    used 7296K, capacity 7870K, committed 7936K, reserved 1048576K
GC Heap History (10 events):
Event: 6.705 GC heap before
{Heap before GC invocations=7 (full 0):
 garbage-first heap   total 236544K, used 145420K [0x0000000741600000, 0x0000000800000000)
  region size 1024K, 133 young (136192K), 6 survivors (6144K)
 Metaspace       used 35087K, capacity 35892K, committed 35968K, reserved 1081344K
  class space    used 4096K, capacity 4429K, committed 4480K, reserved 1048576K
}
Event: 6.716 GC heap after
{Heap after GC invocations=8 (full 0):
 garbage-first heap   total 236544K, used 19956K [0x0000000741600000, 0x0000000800000000)
  region size 1024K, 10 young (10240K), 10 survivors (10240K)
 Metaspace       used 35087K, capacity 35892K, committed 35968K, reserved 1081344K
  class space    used 4096K, capacity 4429K, committed 4480K, reserved 1048576K
}
Event: 9.830 GC heap before
{Heap before GC invocations=9 (full 0):
 garbage-first heap   total 236544K, used 150004K [0x0000000741600000, 0x0000000800000000)
  region size 1024K, 138 young (141312K), 10 survivors (10240K)
 Metaspace       used 43210K, capacity 44303K, committed 44544K, reserved 1087488K
  class space    used 5146K, capacity 5580K, committed 5632K, reserved 1048576K
}
Event: 9.856 GC heap after
{Heap after GC invocations=10 (full 0):
 garbage-first heap   total 236544K, used 26654K [0x0000000741600000, 0x0000000800000000)
  region size 1024K, 16 young (16384K), 16 survivors (16384K)
 Metaspace       used 43210K, capacity 44303K, committed 44544K, reserved 1087488K
  class space    used 5146K, capacity 5580K, committed 5632K, reserved 1048576K
}
Event: 15.280 GC heap before
{Heap before GC invocations=10 (full 0):
 garbage-first heap   total 236544K, used 151582K [0x0000000741600000, 0x0000000800000000)
  region size 1024K, 138 young (141312K), 16 survivors (16384K)
 Metaspace       used 46857K, capacity 48086K, committed 48384K, reserved 1091584K
  class space    used 5599K, capacity 6088K, committed 6144K, reserved 1048576K
}
Event: 15.314 GC heap after
{Heap after GC invocations=11 (full 0):
 garbage-first heap   total 236544K, used 30481K [0x0000000741600000, 0x0000000800000000)
  region size 1024K, 11 young (11264K), 11 survivors (11264K)
 Metaspace       used 46857K, capacity 48086K, committed 48384K, reserved 1091584K
  class space    used 5599K, capacity 6088K, committed 6144K, reserved 1048576K
}
Event: 21.057 GC heap before
{Heap before GC invocations=11 (full 0):
 garbage-first heap   total 236544K, used 160529K [0x0000000741600000, 0x0000000800000000)
  region size 1024K, 138 young (141312K), 11 survivors (11264K)
 Metaspace       used 58461K, capacity 59944K, committed 60032K, reserved 1101824K
  class space    used 7241K, capacity 7801K, committed 7808K, reserved 1048576K
}
Event: 21.076 GC heap after
{Heap after GC invocations=12 (full 0):
 garbage-first heap   total 284672K, used 34816K [0x0000000741600000, 0x0000000800000000)
  region size 1024K, 8 young (8192K), 8 survivors (8192K)
 Metaspace       used 58461K, capacity 59944K, committed 60032K, reserved 1101824K
  class space    used 7241K, capacity 7801K, committed 7808K, reserved 1048576K
}
Event: 21.354 GC heap before
{Heap before GC invocations=12 (full 0):
 garbage-first heap   total 284672K, used 38912K [0x0000000741600000, 0x0000000800000000)
  region size 1024K, 13 young (13312K), 8 survivors (8192K)
 Metaspace       used 58841K, capacity 60273K, committed 60376K, reserved 1101824K
  class space    used 7289K, capacity 7868K, committed 7936K, reserved 1048576K
}
Event: 21.365 GC heap after
{Heap after GC invocations=13 (full 0):
 garbage-first heap   total 284672K, used 34816K [0x0000000741600000, 0x0000000800000000)
  region size 1024K, 8 young (8192K), 8 survivors (8192K)
 Metaspace       used 58841K, capacity 60273K, committed 60376K, reserved 1101824K
  class space    used 7289K, capacity 7868K, committed 7936K, reserved 1048576K
}

