# JRE version: Java(TM) SE Runtime Environment 18.9 (11.0.9+7) (build 11.0.9+7-LTS)
# Java VM: Java HotSpot(TM) 64-Bit Server VM 18.9 (11.0.9+7-LTS, mixed mode, tiered, compressed oops, g1 gc, windows-amd64)
Heap:
 garbage-first heap   total 236544K, used 39795K [0x0000000741600000, 0x0000000800000000)
  region size 1024K, 23 young (23552K), 12 survivors (12288K)
 Metaspace       used 47731K, capacity 48976K, committed 49148K, reserved 1091584K
  class space    used 5731K, capacity 6213K, committed 6220K, reserved 1048576K
GC Heap History (10 events):
Event: 5.131 GC heap before
{Heap before GC invocations=5 (full 0):
 garbage-first heap   total 196608K, used 111783K [0x0000000741600000, 0x0000000800000000)
  region size 1024K, 103 young (105472K), 6 survivors (6144K)
 Metaspace       used 26456K, capacity 27016K, committed 27260K, reserved 1073152K
  class space    used 2899K, capacity 3146K, committed 3276K, reserved 1048576K
}
Event: 5.141 GC heap after
{Heap after GC invocations=6 (full 0):
 garbage-first heap   total 196608K, used 15671K [0x0000000741600000, 0x0000000800000000)
  region size 1024K, 8 young (8192K), 8 survivors (8192K)
 Metaspace       used 26456K, capacity 27016K, committed 27260K, reserved 1073152K
  class space    used 2899K, capacity 3146K, committed 3276K, reserved 1048576K
}
Event: 10.854 GC heap before
{Heap before GC invocations=6 (full 0):
 garbage-first heap   total 196608K, used 125239K [0x0000000741600000, 0x0000000800000000)
  region size 1024K, 115 young (117760K), 8 survivors (8192K)
 Metaspace       used 33196K, capacity 34035K, committed 34172K, reserved 1079296K
  class space    used 3838K, capacity 4176K, committed 4300K, reserved 1048576K
}
Event: 10.871 GC heap after
{Heap after GC invocations=7 (full 0):
 garbage-first heap   total 196608K, used 18897K [0x0000000741600000, 0x0000000800000000)
  region size 1024K, 11 young (11264K), 11 survivors (11264K)
 Metaspace       used 33196K, capacity 34035K, committed 34172K, reserved 1079296K
  class space    used 3838K, capacity 4176K, committed 4300K, reserved 1048576K
}
Event: 11.812 GC heap before
{Heap before GC invocations=7 (full 0):
 garbage-first heap   total 196608K, used 53713K [0x0000000741600000, 0x0000000800000000)
  region size 1024K, 46 young (47104K), 11 survivors (11264K)
 Metaspace       used 35008K, capacity 35828K, committed 35964K, reserved 1081344K
  class space    used 4091K, capacity 4429K, committed 4556K, reserved 1048576K
}
Event: 11.833 GC heap after
{Heap after GC invocations=8 (full 0):
 garbage-first heap   total 236544K, used 20053K [0x0000000741600000, 0x0000000800000000)
  region size 1024K, 8 young (8192K), 8 survivors (8192K)
 Metaspace       used 35008K, capacity 35828K, committed 35964K, reserved 1081344K
  class space    used 4091K, capacity 4429K, committed 4556K, reserved 1048576K
}
Event: 14.802 GC heap before
{Heap before GC invocations=9 (full 0):
 garbage-first heap   total 236544K, used 152149K [0x0000000741600000, 0x0000000800000000)
  region size 1024K, 138 young (141312K), 8 survivors (8192K)
 Metaspace       used 43181K, capacity 44303K, committed 44540K, reserved 1087488K
  class space    used 5146K, capacity 5580K, committed 5708K, reserved 1048576K
}
Event: 14.825 GC heap after
{Heap after GC invocations=10 (full 0):
 garbage-first heap   total 236544K, used 26567K [0x0000000741600000, 0x0000000800000000)
  region size 1024K, 14 young (14336K), 14 survivors (14336K)
 Metaspace       used 43181K, capacity 44303K, committed 44540K, reserved 1087488K
  class space    used 5146K, capacity 5580K, committed 5708K, reserved 1048576K
}
Event: 17.104 GC heap before
{Heap before GC invocations=10 (full 0):
 garbage-first heap   total 236544K, used 153543K [0x0000000741600000, 0x0000000800000000)
  region size 1024K, 138 young (141312K), 14 survivors (14336K)
 Metaspace       used 47259K, capacity 48534K, committed 48636K, reserved 1091584K
  class space    used 5649K, capacity 6152K, committed 6220K, reserved 1048576K
}
Event: 17.134 GC heap after
{Heap after GC invocations=11 (full 0):
 garbage-first heap   total 236544K, used 29555K [0x0000000741600000, 0x0000000800000000)
  region size 1024K, 12 young (12288K), 12 survivors (12288K)
 Metaspace       used 47259K, capacity 48534K, committed 48636K, reserved 1091584K
  class space    used 5649K, capacity 6152K, committed 6220K, reserved 1048576K
}

