# JRE version: OpenJDK Runtime Environment Temurin-17.0.7+7 (17.0.7+7) (build 17.0.7+7)
# Java VM: OpenJDK 64-Bit Server VM Temurin-17.0.7+7 (17.0.7+7, mixed mode, emulated-client, tiered, compressed oops, compressed class ptrs, g1 gc, windows-amd64)
GC Precious Log:
 CPUs: 4 total, 4 available
 Memory: 12199M
 Large Page Support: Disabled
 NUMA Support: Disabled
 Compressed Oops: Enabled (32-bit)
 Heap Region Size: 1M
 Heap Min Capacity: 8M
 Heap Initial Capacity: 192M
 Heap Max Capacity: 1G
 Pre-touch: Disabled
 Parallel Workers: 4
 Concurrent Workers: 1
 Concurrent Refinement Workers: 4
 Periodic GC: Disabled
Heap:
 garbage-first heap   total 45056K, used 14176K [0x00000000c0000000, 0x0000000100000000)
  region size 1024K, 1 young (1024K), 0 survivors (0K)
 Metaspace       used 34481K, committed 34944K, reserved 1114112K
  class space    used 4468K, committed 4672K, reserved 1048576K
GC Heap History (20 events):
Event: 3573.871 GC heap before
{Heap before GC invocations=345 (full 335):
 garbage-first heap   total 45056K, used 14176K [0x00000000c0000000, 0x0000000100000000)
  region size 1024K, 1 young (1024K), 0 survivors (0K)
 Metaspace       used 34481K, committed 34944K, reserved 1114112K
  class space    used 4468K, committed 4672K, reserved 1048576K
}
Event: 3573.891 GC heap after
{Heap after GC invocations=346 (full 336):
 garbage-first heap   total 45056K, used 14176K [0x00000000c0000000, 0x0000000100000000)
  region size 1024K, 0 young (0K), 0 survivors (0K)
 Metaspace       used 34481K, committed 34944K, reserved 1114112K
  class space    used 4468K, committed 4672K, reserved 1048576K
}
Event: 3584.104 GC heap before
{Heap before GC invocations=346 (full 336):
 garbage-first heap   total 45056K, used 14176K [0x00000000c0000000, 0x0000000100000000)
  region size 1024K, 1 young (1024K), 0 survivors (0K)
 Metaspace       used 34481K, committed 34944K, reserved 1114112K
  class space    used 4468K, committed 4672K, reserved 1048576K
}
Event: 3584.126 GC heap after
{Heap after GC invocations=347 (full 337):
 garbage-first heap   total 45056K, used 14176K [0x00000000c0000000, 0x0000000100000000)
  region size 1024K, 0 young (0K), 0 survivors (0K)
 Metaspace       used 34481K, committed 34944K, reserved 1114112K
  class space    used 4468K, committed 4672K, reserved 1048576K
}
Event: 3594.781 GC heap before
{Heap before GC invocations=347 (full 337):
 garbage-first heap   total 45056K, used 14176K [0x00000000c0000000, 0x0000000100000000)
  region size 1024K, 1 young (1024K), 0 survivors (0K)
 Metaspace       used 34481K, committed 34944K, reserved 1114112K
  class space    used 4468K, committed 4672K, reserved 1048576K
}
Event: 3594.802 GC heap after
{Heap after GC invocations=348 (full 338):
 garbage-first heap   total 45056K, used 14176K [0x00000000c0000000, 0x0000000100000000)
  region size 1024K, 0 young (0K), 0 survivors (0K)
 Metaspace       used 34481K, committed 34944K, reserved 1114112K
  class space    used 4468K, committed 4672K, reserved 1048576K
}
Event: 3605.426 GC heap before
{Heap before GC invocations=348 (full 338):
 garbage-first heap   total 45056K, used 14176K [0x00000000c0000000, 0x0000000100000000)
  region size 1024K, 1 young (1024K), 0 survivors (0K)
 Metaspace       used 34481K, committed 34944K, reserved 1114112K
  class space    used 4468K, committed 4672K, reserved 1048576K
}
Event: 3605.445 GC heap after
{Heap after GC invocations=349 (full 339):
 garbage-first heap   total 45056K, used 14176K [0x00000000c0000000, 0x0000000100000000)
  region size 1024K, 0 young (0K), 0 survivors (0K)
 Metaspace       used 34481K, committed 34944K, reserved 1114112K
  class space    used 4468K, committed 4672K, reserved 1048576K
}
Event: 3616.096 GC heap before
{Heap before GC invocations=349 (full 339):
 garbage-first heap   total 45056K, used 14176K [0x00000000c0000000, 0x0000000100000000)
  region size 1024K, 1 young (1024K), 0 survivors (0K)
 Metaspace       used 34481K, committed 34944K, reserved 1114112K
  class space    used 4468K, committed 4672K, reserved 1048576K
}
Event: 3616.120 GC heap after
{Heap after GC invocations=350 (full 340):
 garbage-first heap   total 45056K, used 14176K [0x00000000c0000000, 0x0000000100000000)
  region size 1024K, 0 young (0K), 0 survivors (0K)
 Metaspace       used 34481K, committed 34944K, reserved 1114112K
  class space    used 4468K, committed 4672K, reserved 1048576K
}
Event: 3626.584 GC heap before
{Heap before GC invocations=350 (full 340):
 garbage-first heap   total 45056K, used 14176K [0x00000000c0000000, 0x0000000100000000)
  region size 1024K, 1 young (1024K), 0 survivors (0K)
 Metaspace       used 34481K, committed 34944K, reserved 1114112K
  class space    used 4468K, committed 4672K, reserved 1048576K
}
Event: 3626.602 GC heap after
{Heap after GC invocations=351 (full 341):
 garbage-first heap   total 45056K, used 14176K [0x00000000c0000000, 0x0000000100000000)
  region size 1024K, 0 young (0K), 0 survivors (0K)
 Metaspace       used 34481K, committed 34944K, reserved 1114112K
  class space    used 4468K, committed 4672K, reserved 1048576K
}
Event: 3636.873 GC heap before
{Heap before GC invocations=351 (full 341):
 garbage-first heap   total 45056K, used 14176K [0x00000000c0000000, 0x0000000100000000)
  region size 1024K, 1 young (1024K), 0 survivors (0K)
 Metaspace       used 34481K, committed 34944K, reserved 1114112K
  class space    used 4468K, committed 4672K, reserved 1048576K
}
Event: 3636.894 GC heap after
{Heap after GC invocations=352 (full 342):
 garbage-first heap   total 45056K, used 14176K [0x00000000c0000000, 0x0000000100000000)
  region size 1024K, 0 young (0K), 0 survivors (0K)
 Metaspace       used 34481K, committed 34944K, reserved 1114112K
  class space    used 4468K, committed 4672K, reserved 1048576K
}
Event: 3648.066 GC heap before
{Heap before GC invocations=352 (full 342):
 garbage-first heap   total 45056K, used 14176K [0x00000000c0000000, 0x0000000100000000)
  region size 1024K, 1 young (1024K), 0 survivors (0K)
 Metaspace       used 34481K, committed 34944K, reserved 1114112K
  class space    used 4468K, committed 4672K, reserved 1048576K
}
Event: 3648.092 GC heap after
{Heap after GC invocations=353 (full 343):
 garbage-first heap   total 45056K, used 14176K [0x00000000c0000000, 0x0000000100000000)
  region size 1024K, 0 young (0K), 0 survivors (0K)
 Metaspace       used 34481K, committed 34944K, reserved 1114112K
  class space    used 4468K, committed 4672K, reserved 1048576K
}
Event: 3658.724 GC heap before
{Heap before GC invocations=353 (full 343):
 garbage-first heap   total 45056K, used 14176K [0x00000000c0000000, 0x0000000100000000)
  region size 1024K, 1 young (1024K), 0 survivors (0K)
 Metaspace       used 34481K, committed 34944K, reserved 1114112K
  class space    used 4468K, committed 4672K, reserved 1048576K
}
Event: 3658.748 GC heap after
{Heap after GC invocations=354 (full 344):
 garbage-first heap   total 45056K, used 14176K [0x00000000c0000000, 0x0000000100000000)
  region size 1024K, 0 young (0K), 0 survivors (0K)
 Metaspace       used 34481K, committed 34944K, reserved 1114112K
  class space    used 4468K, committed 4672K, reserved 1048576K
}
Event: 3669.007 GC heap before
{Heap before GC invocations=354 (full 344):
 garbage-first heap   total 45056K, used 14176K [0x00000000c0000000, 0x0000000100000000)
  region size 1024K, 1 young (1024K), 0 survivors (0K)
 Metaspace       used 34481K, committed 34944K, reserved 1114112K
  class space    used 4468K, committed 4672K, reserved 1048576K
}
Event: 3669.030 GC heap after
{Heap after GC invocations=355 (full 345):
 garbage-first heap   total 45056K, used 14176K [0x00000000c0000000, 0x0000000100000000)
  region size 1024K, 0 young (0K), 0 survivors (0K)
 Metaspace       used 34481K, committed 34944K, reserved 1114112K
  class space    used 4468K, committed 4672K, reserved 1048576K
}

