# JRE version: OpenJDK Runtime Environment Temurin-17.0.7+7 (17.0.7+7) (build 17.0.7+7)
# Java VM: OpenJDK 64-Bit Server VM Temurin-17.0.7+7 (17.0.7+7, mixed mode, emulated-client, tiered, compressed oops, compressed class ptrs, g1 gc, windows-amd64)
GC Precious Log:
 CPUs: 4 total, 4 available
 Memory: 12199M
 Large Page Support: Disabled
 NUMA Support: Disabled
 Compressed Oops: Enabled (32-bit)
 Heap Region Size: 1M
 Heap Min Capacity: 8M
 Heap Initial Capacity: 192M
 Heap Max Capacity: 1G
 Pre-touch: Disabled
 Parallel Workers: 4
 Concurrent Workers: 1
 Concurrent Refinement Workers: 4
 Periodic GC: Disabled
Heap:
 garbage-first heap   total 382976K, used 176287K [0x00000000c0000000, 0x0000000100000000)
  region size 1024K, 2 young (2048K), 2 survivors (2048K)
 Metaspace       used 54344K, committed 54784K, reserved 1114112K
  class space    used 6826K, committed 7040K, reserved 1048576K
GC Heap History (20 events):
Event: 28.607 GC heap after
{Heap after GC invocations=34 (full 0):
 garbage-first heap   total 372736K, used 112762K [0x00000000c0000000, 0x0000000100000000)
  region size 1024K, 2 young (2048K), 2 survivors (2048K)
 Metaspace       used 49147K, committed 49600K, reserved 1114112K
  class space    used 6196K, committed 6400K, reserved 1048576K
}
Event: 28.939 GC heap before
{Heap before GC invocations=34 (full 0):
 garbage-first heap   total 372736K, used 289914K [0x00000000c0000000, 0x0000000100000000)
  region size 1024K, 177 young (181248K), 2 survivors (2048K)
 Metaspace       used 49375K, committed 49856K, reserved 1114112K
  class space    used 6245K, committed 6464K, reserved 1048576K
}
Event: 28.945 GC heap after
{Heap after GC invocations=35 (full 0):
 garbage-first heap   total 372736K, used 118442K [0x00000000c0000000, 0x0000000100000000)
  region size 1024K, 8 young (8192K), 8 survivors (8192K)
 Metaspace       used 49375K, committed 49856K, reserved 1114112K
  class space    used 6245K, committed 6464K, reserved 1048576K
}
Event: 29.736 GC heap before
{Heap before GC invocations=35 (full 0):
 garbage-first heap   total 372736K, used 305834K [0x00000000c0000000, 0x0000000100000000)
  region size 1024K, 192 young (196608K), 8 survivors (8192K)
 Metaspace       used 49582K, committed 50048K, reserved 1114112K
  class space    used 6263K, committed 6464K, reserved 1048576K
}
Event: 29.748 GC heap after
{Heap after GC invocations=36 (full 0):
 garbage-first heap   total 372736K, used 126396K [0x00000000c0000000, 0x0000000100000000)
  region size 1024K, 16 young (16384K), 16 survivors (16384K)
 Metaspace       used 49582K, committed 50048K, reserved 1114112K
  class space    used 6263K, committed 6464K, reserved 1048576K
}
Event: 30.079 GC heap before
{Heap before GC invocations=36 (full 0):
 garbage-first heap   total 372736K, used 301500K [0x00000000c0000000, 0x0000000100000000)
  region size 1024K, 189 young (193536K), 16 survivors (16384K)
 Metaspace       used 50266K, committed 50688K, reserved 1114112K
  class space    used 6377K, committed 6592K, reserved 1048576K
}
Event: 30.091 GC heap after
{Heap after GC invocations=37 (full 0):
 garbage-first heap   total 372736K, used 132926K [0x00000000c0000000, 0x0000000100000000)
  region size 1024K, 15 young (15360K), 15 survivors (15360K)
 Metaspace       used 50266K, committed 50688K, reserved 1114112K
  class space    used 6377K, committed 6592K, reserved 1048576K
}
Event: 30.568 GC heap before
{Heap before GC invocations=38 (full 0):
 garbage-first heap   total 372736K, used 305982K [0x00000000c0000000, 0x0000000100000000)
  region size 1024K, 185 young (189440K), 15 survivors (15360K)
 Metaspace       used 50960K, committed 51456K, reserved 1114112K
  class space    used 6471K, committed 6720K, reserved 1048576K
}
Event: 30.582 GC heap after
{Heap after GC invocations=39 (full 0):
 garbage-first heap   total 372736K, used 141275K [0x00000000c0000000, 0x0000000100000000)
  region size 1024K, 15 young (15360K), 15 survivors (15360K)
 Metaspace       used 50960K, committed 51456K, reserved 1114112K
  class space    used 6471K, committed 6720K, reserved 1048576K
}
Event: 30.597 GC heap before
{Heap before GC invocations=39 (full 0):
 garbage-first heap   total 372736K, used 143323K [0x00000000c0000000, 0x0000000100000000)
  region size 1024K, 18 young (18432K), 15 survivors (15360K)
 Metaspace       used 50971K, committed 51456K, reserved 1114112K
  class space    used 6473K, committed 6720K, reserved 1048576K
}
Event: 30.607 GC heap after
{Heap after GC invocations=40 (full 0):
 garbage-first heap   total 372736K, used 142287K [0x00000000c0000000, 0x0000000100000000)
  region size 1024K, 2 young (2048K), 2 survivors (2048K)
 Metaspace       used 50971K, committed 51456K, reserved 1114112K
  class space    used 6473K, committed 6720K, reserved 1048576K
}
Event: 31.291 GC heap before
{Heap before GC invocations=40 (full 0):
 garbage-first heap   total 372736K, used 309199K [0x00000000c0000000, 0x0000000100000000)
  region size 1024K, 166 young (169984K), 2 survivors (2048K)
 Metaspace       used 51388K, committed 51840K, reserved 1114112K
  class space    used 6521K, committed 6720K, reserved 1048576K
}
Event: 31.300 GC heap after
{Heap after GC invocations=41 (full 0):
 garbage-first heap   total 372736K, used 149320K [0x00000000c0000000, 0x0000000100000000)
  region size 1024K, 9 young (9216K), 9 survivors (9216K)
 Metaspace       used 51388K, committed 51840K, reserved 1114112K
  class space    used 6521K, committed 6720K, reserved 1048576K
}
Event: 31.592 GC heap before
{Heap before GC invocations=41 (full 0):
 garbage-first heap   total 372736K, used 313160K [0x00000000c0000000, 0x0000000100000000)
  region size 1024K, 171 young (175104K), 9 survivors (9216K)
 Metaspace       used 51588K, committed 51968K, reserved 1114112K
  class space    used 6551K, committed 6720K, reserved 1048576K
}
Event: 31.600 GC heap after
{Heap after GC invocations=42 (full 0):
 garbage-first heap   total 372736K, used 161450K [0x00000000c0000000, 0x0000000100000000)
  region size 1024K, 21 young (21504K), 21 survivors (21504K)
 Metaspace       used 51588K, committed 51968K, reserved 1114112K
  class space    used 6551K, committed 6720K, reserved 1048576K
}
Event: 32.058 GC heap before
{Heap before GC invocations=42 (full 0):
 garbage-first heap   total 372736K, used 308906K [0x00000000c0000000, 0x0000000100000000)
  region size 1024K, 166 young (169984K), 21 survivors (21504K)
 Metaspace       used 53144K, committed 53632K, reserved 1114112K
  class space    used 6712K, committed 6912K, reserved 1048576K
}
Event: 32.072 GC heap after
{Heap after GC invocations=43 (full 0):
 garbage-first heap   total 372736K, used 169562K [0x00000000c0000000, 0x0000000100000000)
  region size 1024K, 9 young (9216K), 9 survivors (9216K)
 Metaspace       used 53144K, committed 53632K, reserved 1114112K
  class space    used 6712K, committed 6912K, reserved 1048576K
}
Event: 32.694 GC heap before
{Heap before GC invocations=44 (full 0):
 garbage-first heap   total 382976K, used 310874K [0x00000000c0000000, 0x0000000100000000)
  region size 1024K, 147 young (150528K), 9 survivors (9216K)
 Metaspace       used 54338K, committed 54784K, reserved 1114112K
  class space    used 6824K, committed 7040K, reserved 1048576K
}
Event: 32.706 GC heap after
{Heap after GC invocations=45 (full 0):
 garbage-first heap   total 382976K, used 176218K [0x00000000c0000000, 0x0000000100000000)
  region size 1024K, 15 young (15360K), 15 survivors (15360K)
 Metaspace       used 54338K, committed 54784K, reserved 1114112K
  class space    used 6824K, committed 7040K, reserved 1048576K
}
Event: 32.721 GC heap before
{Heap before GC invocations=45 (full 0):
 garbage-first heap   total 382976K, used 178266K [0x00000000c0000000, 0x0000000100000000)
  region size 1024K, 18 young (18432K), 15 survivors (15360K)
 Metaspace       used 54344K, committed 54784K, reserved 1114112K
  class space    used 6826K, committed 7040K, reserved 1048576K
}

