# JRE version: Java(TM) SE Runtime Environment 18.9 (11.0.9+7) (build 11.0.9+7-LTS)
# Java VM: Java HotSpot(TM) 64-Bit Server VM 18.9 (11.0.9+7-LTS, mixed mode, tiered, compressed oops, g1 gc, windows-amd64)
Heap:
 garbage-first heap   total 284672K, used 86933K [0x0000000741600000, 0x0000000800000000)
  region size 1024K, 60 young (61440K), 8 survivors (8192K)
 Metaspace       used 62164K, capacity 63646K, committed 63792K, reserved 1105920K
  class space    used 7681K, capacity 8283K, committed 8320K, reserved 1048576K
GC Heap History (10 events):
Event: 3.920 GC heap before
{Heap before GC invocations=6 (full 0):
 garbage-first heap   total 196608K, used 126890K [0x0000000741600000, 0x0000000800000000)
  region size 1024K, 115 young (117760K), 3 survivors (3072K)
 Metaspace       used 27203K, capacity 27898K, committed 28080K, reserved 1075200K
  class space    used 3000K, capacity 3270K, committed 3328K, reserved 1048576K
}
Event: 3.929 GC heap after
{Heap after GC invocations=7 (full 0):
 garbage-first heap   total 236544K, used 16398K [0x0000000741600000, 0x0000000800000000)
  region size 1024K, 6 young (6144K), 6 survivors (6144K)
 Metaspace       used 27203K, capacity 27898K, committed 28080K, reserved 1075200K
  class space    used 3000K, capacity 3270K, committed 3328K, reserved 1048576K
}
Event: 5.821 GC heap before
{Heap before GC invocations=7 (full 0):
 garbage-first heap   total 236544K, used 144398K [0x0000000741600000, 0x0000000800000000)
  region size 1024K, 132 young (135168K), 6 survivors (6144K)
 Metaspace       used 34745K, capacity 35540K, committed 35632K, reserved 1081344K
  class space    used 4066K, capacity 4397K, committed 4480K, reserved 1048576K
}
Event: 5.833 GC heap after
{Heap after GC invocations=8 (full 0):
 garbage-first heap   total 236544K, used 19976K [0x0000000741600000, 0x0000000800000000)
  region size 1024K, 10 young (10240K), 10 survivors (10240K)
 Metaspace       used 34745K, capacity 35540K, committed 35632K, reserved 1081344K
  class space    used 4066K, capacity 4397K, committed 4480K, reserved 1048576K
}
Event: 7.589 GC heap before
{Heap before GC invocations=9 (full 0):
 garbage-first heap   total 236544K, used 150024K [0x0000000741600000, 0x0000000800000000)
  region size 1024K, 138 young (141312K), 10 survivors (10240K)
 Metaspace       used 43163K, capacity 44334K, committed 44464K, reserved 1087488K
  class space    used 5148K, capacity 5612K, committed 5632K, reserved 1048576K
}
Event: 7.606 GC heap after
{Heap after GC invocations=10 (full 0):
 garbage-first heap   total 236544K, used 26671K [0x0000000741600000, 0x0000000800000000)
  region size 1024K, 16 young (16384K), 16 survivors (16384K)
 Metaspace       used 43163K, capacity 44334K, committed 44464K, reserved 1087488K
  class space    used 5148K, capacity 5612K, committed 5632K, reserved 1048576K
}
Event: 8.379 GC heap before
{Heap before GC invocations=10 (full 0):
 garbage-first heap   total 236544K, used 151599K [0x0000000741600000, 0x0000000800000000)
  region size 1024K, 138 young (141312K), 16 survivors (16384K)
 Metaspace       used 46584K, capacity 47858K, committed 48048K, reserved 1091584K
  class space    used 5564K, capacity 6054K, committed 6144K, reserved 1048576K
}
Event: 8.400 GC heap after
{Heap after GC invocations=11 (full 0):
 garbage-first heap   total 236544K, used 30450K [0x0000000741600000, 0x0000000800000000)
  region size 1024K, 11 young (11264K), 11 survivors (11264K)
 Metaspace       used 46584K, capacity 47858K, committed 48048K, reserved 1091584K
  class space    used 5564K, capacity 6054K, committed 6144K, reserved 1048576K
}
Event: 10.017 GC heap before
{Heap before GC invocations=11 (full 0):
 garbage-first heap   total 236544K, used 158450K [0x0000000741600000, 0x0000000800000000)
  region size 1024K, 137 young (140288K), 11 survivors (11264K)
 Metaspace       used 58216K, capacity 59655K, committed 59696K, reserved 1101824K
  class space    used 7205K, capacity 7768K, committed 7808K, reserved 1048576K
}
Event: 10.034 GC heap after
{Heap after GC invocations=12 (full 0):
 garbage-first heap   total 284672K, used 34709K [0x0000000741600000, 0x0000000800000000)
  region size 1024K, 8 young (8192K), 8 survivors (8192K)
 Metaspace       used 58216K, capacity 59655K, committed 59696K, reserved 1101824K
  class space    used 7205K, capacity 7768K, committed 7808K, reserved 1048576K
}

