# JRE version: OpenJDK Runtime Environment Temurin-17.0.7+7 (17.0.7+7) (build 17.0.7+7)
# Java VM: OpenJDK 64-Bit Server VM Temurin-17.0.7+7 (17.0.7+7, mixed mode, emulated-client, tiered, compressed oops, compressed class ptrs, g1 gc, windows-amd64)
GC Precious Log:
 CPUs: 4 total, 4 available
 Memory: 12199M
 Large Page Support: Disabled
 NUMA Support: Disabled
 Compressed Oops: Enabled (32-bit)
 Heap Region Size: 1M
 Heap Min Capacity: 8M
 Heap Initial Capacity: 192M
 Heap Max Capacity: 1G
 Pre-touch: Disabled
 Parallel Workers: 4
 Concurrent Workers: 1
 Concurrent Refinement Workers: 4
 Periodic GC: Disabled
Heap:
 garbage-first heap   total 51200K, used 14831K [0x00000000c0000000, 0x0000000100000000)
  region size 1024K, 1 young (1024K), 0 survivors (0K)
 Metaspace       used 34526K, committed 35072K, reserved 1114112K
  class space    used 4475K, committed 4672K, reserved 1048576K
GC Heap History (20 events):
Event: 48064.346 GC heap before
{Heap before GC invocations=347 (full 338):
 garbage-first heap   total 51200K, used 14831K [0x00000000c0000000, 0x0000000100000000)
  region size 1024K, 1 young (1024K), 0 survivors (0K)
 Metaspace       used 34526K, committed 35072K, reserved 1114112K
  class space    used 4475K, committed 4672K, reserved 1048576K
}
Event: 48064.368 GC heap after
{Heap after GC invocations=348 (full 339):
 garbage-first heap   total 51200K, used 14831K [0x00000000c0000000, 0x0000000100000000)
  region size 1024K, 0 young (0K), 0 survivors (0K)
 Metaspace       used 34526K, committed 35072K, reserved 1114112K
  class space    used 4475K, committed 4672K, reserved 1048576K
}
Event: 48074.545 GC heap before
{Heap before GC invocations=348 (full 339):
 garbage-first heap   total 51200K, used 14831K [0x00000000c0000000, 0x0000000100000000)
  region size 1024K, 1 young (1024K), 0 survivors (0K)
 Metaspace       used 34526K, committed 35072K, reserved 1114112K
  class space    used 4475K, committed 4672K, reserved 1048576K
}
Event: 48074.570 GC heap after
{Heap after GC invocations=349 (full 340):
 garbage-first heap   total 51200K, used 14831K [0x00000000c0000000, 0x0000000100000000)
  region size 1024K, 0 young (0K), 0 survivors (0K)
 Metaspace       used 34526K, committed 35072K, reserved 1114112K
  class space    used 4475K, committed 4672K, reserved 1048576K
}
Event: 48084.723 GC heap before
{Heap before GC invocations=349 (full 340):
 garbage-first heap   total 51200K, used 14831K [0x00000000c0000000, 0x0000000100000000)
  region size 1024K, 1 young (1024K), 0 survivors (0K)
 Metaspace       used 34526K, committed 35072K, reserved 1114112K
  class space    used 4475K, committed 4672K, reserved 1048576K
}
Event: 48084.746 GC heap after
{Heap after GC invocations=350 (full 341):
 garbage-first heap   total 51200K, used 14831K [0x00000000c0000000, 0x0000000100000000)
  region size 1024K, 0 young (0K), 0 survivors (0K)
 Metaspace       used 34526K, committed 35072K, reserved 1114112K
  class space    used 4475K, committed 4672K, reserved 1048576K
}
Event: 48094.916 GC heap before
{Heap before GC invocations=350 (full 341):
 garbage-first heap   total 51200K, used 14831K [0x00000000c0000000, 0x0000000100000000)
  region size 1024K, 1 young (1024K), 0 survivors (0K)
 Metaspace       used 34526K, committed 35072K, reserved 1114112K
  class space    used 4475K, committed 4672K, reserved 1048576K
}
Event: 48094.934 GC heap after
{Heap after GC invocations=351 (full 342):
 garbage-first heap   total 51200K, used 14831K [0x00000000c0000000, 0x0000000100000000)
  region size 1024K, 0 young (0K), 0 survivors (0K)
 Metaspace       used 34526K, committed 35072K, reserved 1114112K
  class space    used 4475K, committed 4672K, reserved 1048576K
}
Event: 48105.111 GC heap before
{Heap before GC invocations=351 (full 342):
 garbage-first heap   total 51200K, used 14831K [0x00000000c0000000, 0x0000000100000000)
  region size 1024K, 1 young (1024K), 0 survivors (0K)
 Metaspace       used 34526K, committed 35072K, reserved 1114112K
  class space    used 4475K, committed 4672K, reserved 1048576K
}
Event: 48105.130 GC heap after
{Heap after GC invocations=352 (full 343):
 garbage-first heap   total 51200K, used 14831K [0x00000000c0000000, 0x0000000100000000)
  region size 1024K, 0 young (0K), 0 survivors (0K)
 Metaspace       used 34526K, committed 35072K, reserved 1114112K
  class space    used 4475K, committed 4672K, reserved 1048576K
}
Event: 48115.287 GC heap before
{Heap before GC invocations=352 (full 343):
 garbage-first heap   total 51200K, used 14831K [0x00000000c0000000, 0x0000000100000000)
  region size 1024K, 1 young (1024K), 0 survivors (0K)
 Metaspace       used 34526K, committed 35072K, reserved 1114112K
  class space    used 4475K, committed 4672K, reserved 1048576K
}
Event: 48115.311 GC heap after
{Heap after GC invocations=353 (full 344):
 garbage-first heap   total 51200K, used 14831K [0x00000000c0000000, 0x0000000100000000)
  region size 1024K, 0 young (0K), 0 survivors (0K)
 Metaspace       used 34526K, committed 35072K, reserved 1114112K
  class space    used 4475K, committed 4672K, reserved 1048576K
}
Event: 48125.885 GC heap before
{Heap before GC invocations=353 (full 344):
 garbage-first heap   total 51200K, used 14831K [0x00000000c0000000, 0x0000000100000000)
  region size 1024K, 1 young (1024K), 0 survivors (0K)
 Metaspace       used 34526K, committed 35072K, reserved 1114112K
  class space    used 4475K, committed 4672K, reserved 1048576K
}
Event: 48125.910 GC heap after
{Heap after GC invocations=354 (full 345):
 garbage-first heap   total 51200K, used 14831K [0x00000000c0000000, 0x0000000100000000)
  region size 1024K, 0 young (0K), 0 survivors (0K)
 Metaspace       used 34526K, committed 35072K, reserved 1114112K
  class space    used 4475K, committed 4672K, reserved 1048576K
}
Event: 48136.386 GC heap before
{Heap before GC invocations=354 (full 345):
 garbage-first heap   total 51200K, used 14831K [0x00000000c0000000, 0x0000000100000000)
  region size 1024K, 1 young (1024K), 0 survivors (0K)
 Metaspace       used 34526K, committed 35072K, reserved 1114112K
  class space    used 4475K, committed 4672K, reserved 1048576K
}
Event: 48136.408 GC heap after
{Heap after GC invocations=355 (full 346):
 garbage-first heap   total 51200K, used 14831K [0x00000000c0000000, 0x0000000100000000)
  region size 1024K, 0 young (0K), 0 survivors (0K)
 Metaspace       used 34526K, committed 35072K, reserved 1114112K
  class space    used 4475K, committed 4672K, reserved 1048576K
}
Event: 48147.534 GC heap before
{Heap before GC invocations=355 (full 346):
 garbage-first heap   total 51200K, used 14831K [0x00000000c0000000, 0x0000000100000000)
  region size 1024K, 1 young (1024K), 0 survivors (0K)
 Metaspace       used 34526K, committed 35072K, reserved 1114112K
  class space    used 4475K, committed 4672K, reserved 1048576K
}
Event: 48147.562 GC heap after
{Heap after GC invocations=356 (full 347):
 garbage-first heap   total 51200K, used 14831K [0x00000000c0000000, 0x0000000100000000)
  region size 1024K, 0 young (0K), 0 survivors (0K)
 Metaspace       used 34526K, committed 35072K, reserved 1114112K
  class space    used 4475K, committed 4672K, reserved 1048576K
}
Event: 48157.810 GC heap before
{Heap before GC invocations=356 (full 347):
 garbage-first heap   total 51200K, used 14831K [0x00000000c0000000, 0x0000000100000000)
  region size 1024K, 1 young (1024K), 0 survivors (0K)
 Metaspace       used 34526K, committed 35072K, reserved 1114112K
  class space    used 4475K, committed 4672K, reserved 1048576K
}
Event: 48157.834 GC heap after
{Heap after GC invocations=357 (full 348):
 garbage-first heap   total 51200K, used 14831K [0x00000000c0000000, 0x0000000100000000)
  region size 1024K, 0 young (0K), 0 survivors (0K)
 Metaspace       used 34526K, committed 35072K, reserved 1114112K
  class space    used 4475K, committed 4672K, reserved 1048576K
}

