# JRE version: OpenJDK Runtime Environment Temurin-17.0.7+7 (17.0.7+7) (build 17.0.7+7)
# Java VM: OpenJDK 64-Bit Server VM Temurin-17.0.7+7 (17.0.7+7, mixed mode, emulated-client, tiered, compressed oops, compressed class ptrs, g1 gc, windows-amd64)
GC Precious Log:
 CPUs: 4 total, 4 available
 Memory: 12199M
 Large Page Support: Disabled
 NUMA Support: Disabled
 Compressed Oops: Enabled (32-bit)
 Heap Region Size: 1M
 Heap Min Capacity: 8M
 Heap Initial Capacity: 192M
 Heap Max Capacity: 1G
 Pre-touch: Disabled
 Parallel Workers: 4
 Concurrent Workers: 1
 Concurrent Refinement Workers: 4
 Periodic GC: Disabled
Heap:
 garbage-first heap   total 521216K, used 259808K [0x00000000c0000000, 0x0000000100000000)
  region size 1024K, 11 young (11264K), 11 survivors (11264K)
 Metaspace       used 56097K, committed 56576K, reserved 1114112K
  class space    used 7061K, committed 7296K, reserved 1048576K
GC Heap History (20 events):
Event: 58.328 GC heap after
{Heap after GC invocations=40 (full 0):
 garbage-first heap   total 474112K, used 228543K [0x00000000c0000000, 0x0000000100000000)
  region size 1024K, 9 young (9216K), 9 survivors (9216K)
 Metaspace       used 56097K, committed 56576K, reserved 1114112K
  class space    used 7061K, committed 7296K, reserved 1048576K
}
Event: 58.522 GC heap before
{Heap before GC invocations=40 (full 0):
 garbage-first heap   total 474112K, used 452799K [0x00000000c0000000, 0x0000000100000000)
  region size 1024K, 119 young (121856K), 9 survivors (9216K)
 Metaspace       used 56097K, committed 56576K, reserved 1114112K
  class space    used 7061K, committed 7296K, reserved 1048576K
}
Event: 58.531 GC heap after
{Heap after GC invocations=41 (full 0):
 garbage-first heap   total 474112K, used 233122K [0x00000000c0000000, 0x0000000100000000)
  region size 1024K, 12 young (12288K), 12 survivors (12288K)
 Metaspace       used 56097K, committed 56576K, reserved 1114112K
  class space    used 7061K, committed 7296K, reserved 1048576K
}
Event: 59.464 GC heap before
{Heap before GC invocations=42 (full 0):
 garbage-first heap   total 474112K, used 407202K [0x00000000c0000000, 0x0000000100000000)
  region size 1024K, 177 young (181248K), 12 survivors (12288K)
 Metaspace       used 56097K, committed 56576K, reserved 1114112K
  class space    used 7061K, committed 7296K, reserved 1048576K
}
Event: 59.474 GC heap after
{Heap after GC invocations=43 (full 0):
 garbage-first heap   total 474112K, used 232639K [0x00000000c0000000, 0x0000000100000000)
  region size 1024K, 19 young (19456K), 19 survivors (19456K)
 Metaspace       used 56097K, committed 56576K, reserved 1114112K
  class space    used 7061K, committed 7296K, reserved 1048576K
}
Event: 59.482 GC heap before
{Heap before GC invocations=43 (full 0):
 garbage-first heap   total 474112K, used 235711K [0x00000000c0000000, 0x0000000100000000)
  region size 1024K, 23 young (23552K), 19 survivors (19456K)
 Metaspace       used 56097K, committed 56576K, reserved 1114112K
  class space    used 7061K, committed 7296K, reserved 1048576K
}
Event: 59.494 GC heap after
{Heap after GC invocations=44 (full 0):
 garbage-first heap   total 474112K, used 227382K [0x00000000c0000000, 0x0000000100000000)
  region size 1024K, 2 young (2048K), 2 survivors (2048K)
 Metaspace       used 56097K, committed 56576K, reserved 1114112K
  class space    used 7061K, committed 7296K, reserved 1048576K
}
Event: 60.565 GC heap before
{Heap before GC invocations=44 (full 0):
 garbage-first heap   total 474112K, used 401462K [0x00000000c0000000, 0x0000000100000000)
  region size 1024K, 173 young (177152K), 2 survivors (2048K)
 Metaspace       used 56097K, committed 56576K, reserved 1114112K
  class space    used 7061K, committed 7296K, reserved 1048576K
}
Event: 60.572 GC heap after
{Heap after GC invocations=45 (full 0):
 garbage-first heap   total 474112K, used 234364K [0x00000000c0000000, 0x0000000100000000)
  region size 1024K, 9 young (9216K), 9 survivors (9216K)
 Metaspace       used 56097K, committed 56576K, reserved 1114112K
  class space    used 7061K, committed 7296K, reserved 1048576K
}
Event: 61.278 GC heap before
{Heap before GC invocations=46 (full 0):
 garbage-first heap   total 508928K, used 398204K [0x00000000c0000000, 0x0000000100000000)
  region size 1024K, 171 young (175104K), 9 survivors (9216K)
 Metaspace       used 56097K, committed 56576K, reserved 1114112K
  class space    used 7061K, committed 7296K, reserved 1048576K
}
Event: 61.290 GC heap after
{Heap after GC invocations=47 (full 0):
 garbage-first heap   total 508928K, used 240038K [0x00000000c0000000, 0x0000000100000000)
  region size 1024K, 16 young (16384K), 16 survivors (16384K)
 Metaspace       used 56097K, committed 56576K, reserved 1114112K
  class space    used 7061K, committed 7296K, reserved 1048576K
}
Event: 61.379 GC heap before
{Heap before GC invocations=47 (full 0):
 garbage-first heap   total 508928K, used 247206K [0x00000000c0000000, 0x0000000100000000)
  region size 1024K, 24 young (24576K), 16 survivors (16384K)
 Metaspace       used 56097K, committed 56576K, reserved 1114112K
  class space    used 7061K, committed 7296K, reserved 1048576K
}
Event: 61.392 GC heap after
{Heap after GC invocations=48 (full 0):
 garbage-first heap   total 508928K, used 235406K [0x00000000c0000000, 0x0000000100000000)
  region size 1024K, 2 young (2048K), 2 survivors (2048K)
 Metaspace       used 56097K, committed 56576K, reserved 1114112K
  class space    used 7061K, committed 7296K, reserved 1048576K
}
Event: 62.071 GC heap before
{Heap before GC invocations=48 (full 0):
 garbage-first heap   total 508928K, used 433038K [0x00000000c0000000, 0x0000000100000000)
  region size 1024K, 194 young (198656K), 2 survivors (2048K)
 Metaspace       used 56097K, committed 56576K, reserved 1114112K
  class space    used 7061K, committed 7296K, reserved 1048576K
}
Event: 62.084 GC heap after
{Heap after GC invocations=49 (full 0):
 garbage-first heap   total 508928K, used 246574K [0x00000000c0000000, 0x0000000100000000)
  region size 1024K, 11 young (11264K), 11 survivors (11264K)
 Metaspace       used 56097K, committed 56576K, reserved 1114112K
  class space    used 7061K, committed 7296K, reserved 1048576K
}
Event: 63.340 GC heap before
{Heap before GC invocations=50 (full 0):
 garbage-first heap   total 521216K, used 429870K [0x00000000c0000000, 0x0000000100000000)
  region size 1024K, 192 young (196608K), 11 survivors (11264K)
 Metaspace       used 56097K, committed 56576K, reserved 1114112K
  class space    used 7061K, committed 7296K, reserved 1048576K
}
Event: 63.350 GC heap after
{Heap after GC invocations=51 (full 0):
 garbage-first heap   total 521216K, used 255307K [0x00000000c0000000, 0x0000000100000000)
  region size 1024K, 21 young (21504K), 21 survivors (21504K)
 Metaspace       used 56097K, committed 56576K, reserved 1114112K
  class space    used 7061K, committed 7296K, reserved 1048576K
}
Event: 63.393 GC heap before
{Heap before GC invocations=51 (full 0):
 garbage-first heap   total 521216K, used 258379K [0x00000000c0000000, 0x0000000100000000)
  region size 1024K, 25 young (25600K), 21 survivors (21504K)
 Metaspace       used 56097K, committed 56576K, reserved 1114112K
  class space    used 7061K, committed 7296K, reserved 1048576K
}
Event: 63.403 GC heap after
{Heap after GC invocations=52 (full 0):
 garbage-first heap   total 521216K, used 251395K [0x00000000c0000000, 0x0000000100000000)
  region size 1024K, 2 young (2048K), 2 survivors (2048K)
 Metaspace       used 56097K, committed 56576K, reserved 1114112K
  class space    used 7061K, committed 7296K, reserved 1048576K
}
Event: 64.552 GC heap before
{Heap before GC invocations=52 (full 0):
 garbage-first heap   total 521216K, used 442883K [0x00000000c0000000, 0x0000000100000000)
  region size 1024K, 190 young (194560K), 2 survivors (2048K)
 Metaspace       used 56097K, committed 56576K, reserved 1114112K
  class space    used 7061K, committed 7296K, reserved 1048576K
}

