# JRE version: OpenJDK Runtime Environment Temurin-17.0.7+7 (17.0.7+7) (build 17.0.7+7)
# Java VM: OpenJDK 64-Bit Server VM Temurin-17.0.7+7 (17.0.7+7, mixed mode, tiered, compressed oops, compressed class ptrs, parallel gc, windows-amd64)
GC Precious Log:
 CPUs: 4 total, 4 available
 Memory: 12199M
 Large Page Support: Disabled
 NUMA Support: Disabled
 Compressed Oops: Enabled (32-bit)
 Alignments: Space 512K, Generation 512K, Heap 2M
 Heap Min Capacity: 100M
 Heap Initial Capacity: 100M
 Heap Max Capacity: 1G
 Pre-touch: Disabled
 Parallel Workers: 4
Heap:
 PSYoungGen      total 33792K, used 14695K [0x00000000eab00000, 0x00000000ed100000, 0x0000000100000000)
  eden space 27136K, 42% used [0x00000000eab00000,0x00000000eb62df38,0x00000000ec580000)
  from space 6656K, 48% used [0x00000000ec580000,0x00000000ec8ac070,0x00000000ecc00000)
  to   space 4608K, 0% used [0x00000000ecc80000,0x00000000ecc80000,0x00000000ed100000)
 ParOldGen       total 179712K, used 138567K [0x00000000c0000000, 0x00000000caf80000, 0x00000000eab00000)
  object space 179712K, 77% used [0x00000000c0000000,0x00000000c8751c08,0x00000000caf80000)
 Metaspace       used 76514K, committed 77632K, reserved 1179648K
  class space    used 7635K, committed 8128K, reserved 1048576K
GC Heap History (20 events):
Event: 137.810 GC heap before
{Heap before GC invocations=298 (full 16):
 PSYoungGen      total 35840K, used 32999K [0x00000000eab00000, 0x00000000edb80000, 0x0000000100000000)
  eden space 20480K, 100% used [0x00000000eab00000,0x00000000ebf00000,0x00000000ebf00000)
  from space 15360K, 81% used [0x00000000ebf00000,0x00000000ecb39e20,0x00000000ece00000)
  to   space 13824K, 0% used [0x00000000ece00000,0x00000000ece00000,0x00000000edb80000)
 ParOldGen       total 203776K, used 160065K [0x00000000c0000000, 0x00000000cc700000, 0x00000000eab00000)
  object space 203776K, 78% used [0x00000000c0000000,0x00000000c9c50608,0x00000000cc700000)
 Metaspace       used 75511K, committed 76672K, reserved 1179648K
  class space    used 7549K, committed 8064K, reserved 1048576K
}
Event: 137.824 GC heap after
{Heap after GC invocations=298 (full 16):
 PSYoungGen      total 34304K, used 13815K [0x00000000eab00000, 0x00000000edf00000, 0x0000000100000000)
  eden space 20480K, 0% used [0x00000000eab00000,0x00000000eab00000,0x00000000ebf00000)
  from space 13824K, 99% used [0x00000000ece00000,0x00000000edb7de70,0x00000000edb80000)
  to   space 15360K, 0% used [0x00000000ebf00000,0x00000000ebf00000,0x00000000ece00000)
 ParOldGen       total 203776K, used 160777K [0x00000000c0000000, 0x00000000cc700000, 0x00000000eab00000)
  object space 203776K, 78% used [0x00000000c0000000,0x00000000c9d02648,0x00000000cc700000)
 Metaspace       used 75511K, committed 76672K, reserved 1179648K
  class space    used 7549K, committed 8064K, reserved 1048576K
}
Event: 137.913 GC heap before
{Heap before GC invocations=299 (full 16):
 PSYoungGen      total 34304K, used 34295K [0x00000000eab00000, 0x00000000edf00000, 0x0000000100000000)
  eden space 20480K, 100% used [0x00000000eab00000,0x00000000ebf00000,0x00000000ebf00000)
  from space 13824K, 99% used [0x00000000ece00000,0x00000000edb7de70,0x00000000edb80000)
  to   space 15360K, 0% used [0x00000000ebf00000,0x00000000ebf00000,0x00000000ece00000)
 ParOldGen       total 203776K, used 160777K [0x00000000c0000000, 0x00000000cc700000, 0x00000000eab00000)
  object space 203776K, 78% used [0x00000000c0000000,0x00000000c9d02648,0x00000000cc700000)
 Metaspace       used 75511K, committed 76672K, reserved 1179648K
  class space    used 7549K, committed 8064K, reserved 1048576K
}
Event: 137.928 GC heap after
{Heap after GC invocations=299 (full 16):
 PSYoungGen      total 29184K, used 8368K [0x00000000eab00000, 0x00000000ed600000, 0x0000000100000000)
  eden space 20480K, 0% used [0x00000000eab00000,0x00000000eab00000,0x00000000ebf00000)
  from space 8704K, 96% used [0x00000000ebf00000,0x00000000ec72c0f0,0x00000000ec780000)
  to   space 10752K, 0% used [0x00000000ecb80000,0x00000000ecb80000,0x00000000ed600000)
 ParOldGen       total 203776K, used 168648K [0x00000000c0000000, 0x00000000cc700000, 0x00000000eab00000)
  object space 203776K, 82% used [0x00000000c0000000,0x00000000ca4b2210,0x00000000cc700000)
 Metaspace       used 75511K, committed 76672K, reserved 1179648K
  class space    used 7549K, committed 8064K, reserved 1048576K
}
Event: 138.037 GC heap before
{Heap before GC invocations=300 (full 16):
 PSYoungGen      total 29184K, used 28848K [0x00000000eab00000, 0x00000000ed600000, 0x0000000100000000)
  eden space 20480K, 100% used [0x00000000eab00000,0x00000000ebf00000,0x00000000ebf00000)
  from space 8704K, 96% used [0x00000000ebf00000,0x00000000ec72c0f0,0x00000000ec780000)
  to   space 10752K, 0% used [0x00000000ecb80000,0x00000000ecb80000,0x00000000ed600000)
 ParOldGen       total 203776K, used 168648K [0x00000000c0000000, 0x00000000cc700000, 0x00000000eab00000)
  object space 203776K, 82% used [0x00000000c0000000,0x00000000ca4b2210,0x00000000cc700000)
 Metaspace       used 75511K, committed 76672K, reserved 1179648K
  class space    used 7549K, committed 8064K, reserved 1048576K
}
Event: 138.049 GC heap after
{Heap after GC invocations=300 (full 16):
 PSYoungGen      total 32768K, used 10576K [0x00000000eab00000, 0x00000000ed700000, 0x0000000100000000)
  eden space 22016K, 0% used [0x00000000eab00000,0x00000000eab00000,0x00000000ec080000)
  from space 10752K, 98% used [0x00000000ecb80000,0x00000000ed5d4110,0x00000000ed600000)
  to   space 11264K, 0% used [0x00000000ec080000,0x00000000ec080000,0x00000000ecb80000)
 ParOldGen       total 203776K, used 168648K [0x00000000c0000000, 0x00000000cc700000, 0x00000000eab00000)
  object space 203776K, 82% used [0x00000000c0000000,0x00000000ca4b2210,0x00000000cc700000)
 Metaspace       used 75511K, committed 76672K, reserved 1179648K
  class space    used 7549K, committed 8064K, reserved 1048576K
}
Event: 138.303 GC heap before
{Heap before GC invocations=301 (full 16):
 PSYoungGen      total 32768K, used 32592K [0x00000000eab00000, 0x00000000ed700000, 0x0000000100000000)
  eden space 22016K, 100% used [0x00000000eab00000,0x00000000ec080000,0x00000000ec080000)
  from space 10752K, 98% used [0x00000000ecb80000,0x00000000ed5d4110,0x00000000ed600000)
  to   space 11264K, 0% used [0x00000000ec080000,0x00000000ec080000,0x00000000ecb80000)
 ParOldGen       total 203776K, used 168648K [0x00000000c0000000, 0x00000000cc700000, 0x00000000eab00000)
  object space 203776K, 82% used [0x00000000c0000000,0x00000000ca4b2210,0x00000000cc700000)
 Metaspace       used 75522K, committed 76672K, reserved 1179648K
  class space    used 7549K, committed 8064K, reserved 1048576K
}
Event: 138.320 GC heap after
{Heap after GC invocations=301 (full 16):
 PSYoungGen      total 33280K, used 11232K [0x00000000eab00000, 0x00000000ede80000, 0x0000000100000000)
  eden space 22016K, 0% used [0x00000000eab00000,0x00000000eab00000,0x00000000ec080000)
  from space 11264K, 99% used [0x00000000ec080000,0x00000000ecb78100,0x00000000ecb80000)
  to   space 14336K, 0% used [0x00000000ed080000,0x00000000ed080000,0x00000000ede80000)
 ParOldGen       total 203776K, used 170852K [0x00000000c0000000, 0x00000000cc700000, 0x00000000eab00000)
  object space 203776K, 83% used [0x00000000c0000000,0x00000000ca6d90a8,0x00000000cc700000)
 Metaspace       used 75522K, committed 76672K, reserved 1179648K
  class space    used 7549K, committed 8064K, reserved 1048576K
}
Event: 138.471 GC heap before
{Heap before GC invocations=302 (full 16):
 PSYoungGen      total 33280K, used 33248K [0x00000000eab00000, 0x00000000ede80000, 0x0000000100000000)
  eden space 22016K, 100% used [0x00000000eab00000,0x00000000ec080000,0x00000000ec080000)
  from space 11264K, 99% used [0x00000000ec080000,0x00000000ecb78100,0x00000000ecb80000)
  to   space 14336K, 0% used [0x00000000ed080000,0x00000000ed080000,0x00000000ede80000)
 ParOldGen       total 203776K, used 170852K [0x00000000c0000000, 0x00000000cc700000, 0x00000000eab00000)
  object space 203776K, 83% used [0x00000000c0000000,0x00000000ca6d90a8,0x00000000cc700000)
 Metaspace       used 75542K, committed 76672K, reserved 1179648K
  class space    used 7550K, committed 8064K, reserved 1048576K
}
Event: 138.491 GC heap after
{Heap after GC invocations=302 (full 16):
 PSYoungGen      total 35328K, used 10982K [0x00000000eab00000, 0x00000000edb80000, 0x0000000100000000)
  eden space 24064K, 0% used [0x00000000eab00000,0x00000000eab00000,0x00000000ec280000)
  from space 11264K, 97% used [0x00000000ed080000,0x00000000edb39aa0,0x00000000edb80000)
  to   space 12288K, 0% used [0x00000000ec380000,0x00000000ec380000,0x00000000ecf80000)
 ParOldGen       total 203776K, used 174423K [0x00000000c0000000, 0x00000000cc700000, 0x00000000eab00000)
  object space 203776K, 85% used [0x00000000c0000000,0x00000000caa55d00,0x00000000cc700000)
 Metaspace       used 75542K, committed 76672K, reserved 1179648K
  class space    used 7550K, committed 8064K, reserved 1048576K
}
Event: 138.639 GC heap before
{Heap before GC invocations=303 (full 16):
 PSYoungGen      total 35328K, used 35046K [0x00000000eab00000, 0x00000000edb80000, 0x0000000100000000)
  eden space 24064K, 100% used [0x00000000eab00000,0x00000000ec280000,0x00000000ec280000)
  from space 11264K, 97% used [0x00000000ed080000,0x00000000edb39aa0,0x00000000edb80000)
  to   space 12288K, 0% used [0x00000000ec380000,0x00000000ec380000,0x00000000ecf80000)
 ParOldGen       total 203776K, used 174423K [0x00000000c0000000, 0x00000000cc700000, 0x00000000eab00000)
  object space 203776K, 85% used [0x00000000c0000000,0x00000000caa55d00,0x00000000cc700000)
 Metaspace       used 75582K, committed 76672K, reserved 1179648K
  class space    used 7555K, committed 8064K, reserved 1048576K
}
Event: 138.660 GC heap after
{Heap after GC invocations=303 (full 16):
 PSYoungGen      total 37376K, used 12287K [0x00000000eab00000, 0x00000000ee200000, 0x0000000100000000)
  eden space 25088K, 0% used [0x00000000eab00000,0x00000000eab00000,0x00000000ec380000)
  from space 12288K, 99% used [0x00000000ec380000,0x00000000ecf7fd70,0x00000000ecf80000)
  to   space 14848K, 0% used [0x00000000ed380000,0x00000000ed380000,0x00000000ee200000)
 ParOldGen       total 203776K, used 176154K [0x00000000c0000000, 0x00000000cc700000, 0x00000000eab00000)
  object space 203776K, 86% used [0x00000000c0000000,0x00000000cac06af8,0x00000000cc700000)
 Metaspace       used 75582K, committed 76672K, reserved 1179648K
  class space    used 7555K, committed 8064K, reserved 1048576K
}
Event: 138.834 GC heap before
{Heap before GC invocations=304 (full 16):
 PSYoungGen      total 37376K, used 37375K [0x00000000eab00000, 0x00000000ee200000, 0x0000000100000000)
  eden space 25088K, 100% used [0x00000000eab00000,0x00000000ec380000,0x00000000ec380000)
  from space 12288K, 99% used [0x00000000ec380000,0x00000000ecf7fd70,0x00000000ecf80000)
  to   space 14848K, 0% used [0x00000000ed380000,0x00000000ed380000,0x00000000ee200000)
 ParOldGen       total 203776K, used 176154K [0x00000000c0000000, 0x00000000cc700000, 0x00000000eab00000)
  object space 203776K, 86% used [0x00000000c0000000,0x00000000cac06af8,0x00000000cc700000)
 Metaspace       used 75582K, committed 76672K, reserved 1179648K
  class space    used 7555K, committed 8064K, reserved 1048576K
}
Event: 138.854 GC heap after
{Heap after GC invocations=304 (full 16):
 PSYoungGen      total 39936K, used 11816K [0x00000000eab00000, 0x00000000edf80000, 0x0000000100000000)
  eden space 27648K, 0% used [0x00000000eab00000,0x00000000eab00000,0x00000000ec600000)
  from space 12288K, 96% used [0x00000000ed380000,0x00000000edf0a0f8,0x00000000edf80000)
  to   space 12800K, 0% used [0x00000000ec680000,0x00000000ec680000,0x00000000ed300000)
 ParOldGen       total 203776K, used 179680K [0x00000000c0000000, 0x00000000cc700000, 0x00000000eab00000)
  object space 203776K, 88% used [0x00000000c0000000,0x00000000caf782f0,0x00000000cc700000)
 Metaspace       used 75582K, committed 76672K, reserved 1179648K
  class space    used 7555K, committed 8064K, reserved 1048576K
}
Event: 139.055 GC heap before
{Heap before GC invocations=305 (full 16):
 PSYoungGen      total 39936K, used 39464K [0x00000000eab00000, 0x00000000edf80000, 0x0000000100000000)
  eden space 27648K, 100% used [0x00000000eab00000,0x00000000ec600000,0x00000000ec600000)
  from space 12288K, 96% used [0x00000000ed380000,0x00000000edf0a0f8,0x00000000edf80000)
  to   space 12800K, 0% used [0x00000000ec680000,0x00000000ec680000,0x00000000ed300000)
 ParOldGen       total 203776K, used 179680K [0x00000000c0000000, 0x00000000cc700000, 0x00000000eab00000)
  object space 203776K, 88% used [0x00000000c0000000,0x00000000caf782f0,0x00000000cc700000)
 Metaspace       used 75591K, committed 76736K, reserved 1179648K
  class space    used 7555K, committed 8064K, reserved 1048576K
}
Event: 139.069 GC heap after
{Heap after GC invocations=305 (full 16):
 PSYoungGen      total 40960K, used 10200K [0x00000000eab00000, 0x00000000ede80000, 0x0000000100000000)
  eden space 28160K, 0% used [0x00000000eab00000,0x00000000eab00000,0x00000000ec680000)
  from space 12800K, 79% used [0x00000000ec680000,0x00000000ed0760a8,0x00000000ed300000)
  to   space 11264K, 0% used [0x00000000ed380000,0x00000000ed380000,0x00000000ede80000)
 ParOldGen       total 203776K, used 179680K [0x00000000c0000000, 0x00000000cc700000, 0x00000000eab00000)
  object space 203776K, 88% used [0x00000000c0000000,0x00000000caf782f0,0x00000000cc700000)
 Metaspace       used 75591K, committed 76736K, reserved 1179648K
  class space    used 7555K, committed 8064K, reserved 1048576K
}
Event: 139.193 GC heap before
{Heap before GC invocations=306 (full 16):
 PSYoungGen      total 40960K, used 38360K [0x00000000eab00000, 0x00000000ede80000, 0x0000000100000000)
  eden space 28160K, 100% used [0x00000000eab00000,0x00000000ec680000,0x00000000ec680000)
  from space 12800K, 79% used [0x00000000ec680000,0x00000000ed0760a8,0x00000000ed300000)
  to   space 11264K, 0% used [0x00000000ed380000,0x00000000ed380000,0x00000000ede80000)
 ParOldGen       total 203776K, used 179680K [0x00000000c0000000, 0x00000000cc700000, 0x00000000eab00000)
  object space 203776K, 88% used [0x00000000c0000000,0x00000000caf782f0,0x00000000cc700000)
 Metaspace       used 75591K, committed 76736K, reserved 1179648K
  class space    used 7555K, committed 8064K, reserved 1048576K
}
Event: 139.210 GC heap after
{Heap after GC invocations=306 (full 16):
 PSYoungGen      total 39424K, used 11263K [0x00000000eab00000, 0x00000000ee300000, 0x0000000100000000)
  eden space 28160K, 0% used [0x00000000eab00000,0x00000000eab00000,0x00000000ec680000)
  from space 11264K, 99% used [0x00000000ed380000,0x00000000ede7fd30,0x00000000ede80000)
  to   space 13312K, 0% used [0x00000000ec680000,0x00000000ec680000,0x00000000ed380000)
 ParOldGen       total 203776K, used 181228K [0x00000000c0000000, 0x00000000cc700000, 0x00000000eab00000)
  object space 203776K, 88% used [0x00000000c0000000,0x00000000cb0fb140,0x00000000cc700000)
 Metaspace       used 75591K, committed 76736K, reserved 1179648K
  class space    used 7555K, committed 8064K, reserved 1048576K
}
Event: 139.520 GC heap before
{Heap before GC invocations=307 (full 16):
 PSYoungGen      total 39424K, used 39423K [0x00000000eab00000, 0x00000000ee300000, 0x0000000100000000)
  eden space 28160K, 100% used [0x00000000eab00000,0x00000000ec680000,0x00000000ec680000)
  from space 11264K, 99% used [0x00000000ed380000,0x00000000ede7fd30,0x00000000ede80000)
  to   space 13312K, 0% used [0x00000000ec680000,0x00000000ec680000,0x00000000ed380000)
 ParOldGen       total 203776K, used 181228K [0x00000000c0000000, 0x00000000cc700000, 0x00000000eab00000)
  object space 203776K, 88% used [0x00000000c0000000,0x00000000cb0fb140,0x00000000cc700000)
 Metaspace       used 75594K, committed 76736K, reserved 1179648K
  class space    used 7555K, committed 8064K, reserved 1048576K
}
Event: 139.541 GC heap after
{Heap after GC invocations=307 (full 16):
 PSYoungGen      total 41472K, used 12450K [0x00000000eab00000, 0x00000000ee200000, 0x0000000100000000)
  eden space 28160K, 0% used [0x00000000eab00000,0x00000000eab00000,0x00000000ec680000)
  from space 13312K, 93% used [0x00000000ec680000,0x00000000ed2a8a18,0x00000000ed380000)
  to   space 12800K, 0% used [0x00000000ed580000,0x00000000ed580000,0x00000000ee200000)
 ParOldGen       total 203776K, used 185329K [0x00000000c0000000, 0x00000000cc700000, 0x00000000eab00000)
  object space 203776K, 90% used [0x00000000c0000000,0x00000000cb4fc530,0x00000000cc700000)
 Metaspace       used 75594K, committed 76736K, reserved 1179648K
  class space    used 7555K, committed 8064K, reserved 1048576K
}

