# JRE version: OpenJDK Runtime Environment Temurin-17.0.7+7 (17.0.7+7) (build 17.0.7+7)
# Java VM: OpenJDK 64-Bit Server VM Temurin-17.0.7+7 (17.0.7+7, mixed mode, tiered, compressed oops, compressed class ptrs, parallel gc, windows-amd64)
GC Precious Log:
 CPUs: 4 total, 4 available
 Memory: 12199M
 Large Page Support: Disabled
 NUMA Support: Disabled
 Compressed Oops: Enabled (32-bit)
 Alignments: Space 512K, Generation 512K, Heap 2M
 Heap Min Capacity: 100M
 Heap Initial Capacity: 100M
 Heap Max Capacity: 1G
 Pre-touch: Disabled
 Parallel Workers: 4
Heap:
 PSYoungGen      total 12800K, used 508K [0x00000000eab00000, 0x00000000eba00000, 0x0000000100000000)
  eden space 12288K, 0% used [0x00000000eab00000,0x00000000eab00000,0x00000000eb700000)
  from space 512K, 99% used [0x00000000eb900000,0x00000000eb97f218,0x00000000eb980000)
  to   space 512K, 0% used [0x00000000eb980000,0x00000000eb980000,0x00000000eba00000)
 ParOldGen       total 243200K, used 240707K [0x00000000c0000000, 0x00000000ced80000, 0x00000000eab00000)
  object space 243200K, 98% used [0x00000000c0000000,0x00000000ceb10cc0,0x00000000ced80000)
 Metaspace       used 92359K, committed 93568K, reserved 1179648K
  class space    used 9154K, committed 9728K, reserved 1048576K
GC Heap History (20 events):
Event: 1415.373 GC heap after
{Heap after GC invocations=3877 (full 117):
 PSYoungGen      total 15872K, used 3264K [0x00000000eab00000, 0x00000000ebe00000, 0x0000000100000000)
  eden space 12288K, 0% used [0x00000000eab00000,0x00000000eab00000,0x00000000eb700000)
  from space 3584K, 91% used [0x00000000eba80000,0x00000000ebdb02c0,0x00000000ebe00000)
  to   space 3584K, 0% used [0x00000000eb700000,0x00000000eb700000,0x00000000eba80000)
 ParOldGen       total 243200K, used 219308K [0x00000000c0000000, 0x00000000ced80000, 0x00000000eab00000)
  object space 243200K, 90% used [0x00000000c0000000,0x00000000cd62b070,0x00000000ced80000)
 Metaspace       used 92358K, committed 93568K, reserved 1179648K
  class space    used 9154K, committed 9728K, reserved 1048576K
}
Event: 1415.390 GC heap before
{Heap before GC invocations=3878 (full 117):
 PSYoungGen      total 15872K, used 15552K [0x00000000eab00000, 0x00000000ebe00000, 0x0000000100000000)
  eden space 12288K, 100% used [0x00000000eab00000,0x00000000eb700000,0x00000000eb700000)
  from space 3584K, 91% used [0x00000000eba80000,0x00000000ebdb02c0,0x00000000ebe00000)
  to   space 3584K, 0% used [0x00000000eb700000,0x00000000eb700000,0x00000000eba80000)
 ParOldGen       total 243200K, used 219308K [0x00000000c0000000, 0x00000000ced80000, 0x00000000eab00000)
  object space 243200K, 90% used [0x00000000c0000000,0x00000000cd62b070,0x00000000ced80000)
 Metaspace       used 92358K, committed 93568K, reserved 1179648K
  class space    used 9154K, committed 9728K, reserved 1048576K
}
Event: 1415.394 GC heap after
{Heap after GC invocations=3878 (full 117):
 PSYoungGen      total 13312K, used 518K [0x00000000eab00000, 0x00000000ebb00000, 0x0000000100000000)
  eden space 12288K, 0% used [0x00000000eab00000,0x00000000eab00000,0x00000000eb700000)
  from space 1024K, 50% used [0x00000000eb700000,0x00000000eb781a68,0x00000000eb800000)
  to   space 1536K, 0% used [0x00000000eb980000,0x00000000eb980000,0x00000000ebb00000)
 ParOldGen       total 243200K, used 222482K [0x00000000c0000000, 0x00000000ced80000, 0x00000000eab00000)
  object space 243200K, 91% used [0x00000000c0000000,0x00000000cd944b70,0x00000000ced80000)
 Metaspace       used 92358K, committed 93568K, reserved 1179648K
  class space    used 9154K, committed 9728K, reserved 1048576K
}
Event: 1415.420 GC heap before
{Heap before GC invocations=3879 (full 117):
 PSYoungGen      total 13312K, used 12806K [0x00000000eab00000, 0x00000000ebb00000, 0x0000000100000000)
  eden space 12288K, 100% used [0x00000000eab00000,0x00000000eb700000,0x00000000eb700000)
  from space 1024K, 50% used [0x00000000eb700000,0x00000000eb781a68,0x00000000eb800000)
  to   space 1536K, 0% used [0x00000000eb980000,0x00000000eb980000,0x00000000ebb00000)
 ParOldGen       total 243200K, used 222482K [0x00000000c0000000, 0x00000000ced80000, 0x00000000eab00000)
  object space 243200K, 91% used [0x00000000c0000000,0x00000000cd944b70,0x00000000ced80000)
 Metaspace       used 92358K, committed 93568K, reserved 1179648K
  class space    used 9154K, committed 9728K, reserved 1048576K
}
Event: 1415.422 GC heap after
{Heap after GC invocations=3879 (full 117):
 PSYoungGen      total 12800K, used 128K [0x00000000eab00000, 0x00000000eba00000, 0x0000000100000000)
  eden space 12288K, 0% used [0x00000000eab00000,0x00000000eab00000,0x00000000eb700000)
  from space 512K, 25% used [0x00000000eb980000,0x00000000eb9a0000,0x00000000eba00000)
  to   space 512K, 0% used [0x00000000eb900000,0x00000000eb900000,0x00000000eb980000)
 ParOldGen       total 243200K, used 222927K [0x00000000c0000000, 0x00000000ced80000, 0x00000000eab00000)
  object space 243200K, 91% used [0x00000000c0000000,0x00000000cd9b3dc0,0x00000000ced80000)
 Metaspace       used 92358K, committed 93568K, reserved 1179648K
  class space    used 9154K, committed 9728K, reserved 1048576K
}
Event: 1417.059 GC heap before
{Heap before GC invocations=3880 (full 117):
 PSYoungGen      total 12800K, used 12416K [0x00000000eab00000, 0x00000000eba00000, 0x0000000100000000)
  eden space 12288K, 100% used [0x00000000eab00000,0x00000000eb700000,0x00000000eb700000)
  from space 512K, 25% used [0x00000000eb980000,0x00000000eb9a0000,0x00000000eba00000)
  to   space 512K, 0% used [0x00000000eb900000,0x00000000eb900000,0x00000000eb980000)
 ParOldGen       total 243200K, used 222927K [0x00000000c0000000, 0x00000000ced80000, 0x00000000eab00000)
  object space 243200K, 91% used [0x00000000c0000000,0x00000000cd9b3dc0,0x00000000ced80000)
 Metaspace       used 92358K, committed 93568K, reserved 1179648K
  class space    used 9154K, committed 9728K, reserved 1048576K
}
Event: 1417.061 GC heap after
{Heap after GC invocations=3880 (full 117):
 PSYoungGen      total 12800K, used 506K [0x00000000eab00000, 0x00000000eba00000, 0x0000000100000000)
  eden space 12288K, 0% used [0x00000000eab00000,0x00000000eab00000,0x00000000eb700000)
  from space 512K, 98% used [0x00000000eb900000,0x00000000eb97e900,0x00000000eb980000)
  to   space 512K, 0% used [0x00000000eb980000,0x00000000eb980000,0x00000000eba00000)
 ParOldGen       total 243200K, used 224289K [0x00000000c0000000, 0x00000000ced80000, 0x00000000eab00000)
  object space 243200K, 92% used [0x00000000c0000000,0x00000000cdb08748,0x00000000ced80000)
 Metaspace       used 92358K, committed 93568K, reserved 1179648K
  class space    used 9154K, committed 9728K, reserved 1048576K
}
Event: 1417.092 GC heap before
{Heap before GC invocations=3881 (full 117):
 PSYoungGen      total 12800K, used 12794K [0x00000000eab00000, 0x00000000eba00000, 0x0000000100000000)
  eden space 12288K, 100% used [0x00000000eab00000,0x00000000eb700000,0x00000000eb700000)
  from space 512K, 98% used [0x00000000eb900000,0x00000000eb97e900,0x00000000eb980000)
  to   space 512K, 0% used [0x00000000eb980000,0x00000000eb980000,0x00000000eba00000)
 ParOldGen       total 243200K, used 224289K [0x00000000c0000000, 0x00000000ced80000, 0x00000000eab00000)
  object space 243200K, 92% used [0x00000000c0000000,0x00000000cdb08748,0x00000000ced80000)
 Metaspace       used 92358K, committed 93568K, reserved 1179648K
  class space    used 9154K, committed 9728K, reserved 1048576K
}
Event: 1417.095 GC heap after
{Heap after GC invocations=3881 (full 117):
 PSYoungGen      total 12800K, used 512K [0x00000000eab00000, 0x00000000eba00000, 0x0000000100000000)
  eden space 12288K, 0% used [0x00000000eab00000,0x00000000eab00000,0x00000000eb700000)
  from space 512K, 100% used [0x00000000eb980000,0x00000000eba00000,0x00000000eba00000)
  to   space 512K, 0% used [0x00000000eb900000,0x00000000eb900000,0x00000000eb980000)
 ParOldGen       total 243200K, used 225456K [0x00000000c0000000, 0x00000000ced80000, 0x00000000eab00000)
  object space 243200K, 92% used [0x00000000c0000000,0x00000000cdc2c338,0x00000000ced80000)
 Metaspace       used 92358K, committed 93568K, reserved 1179648K
  class space    used 9154K, committed 9728K, reserved 1048576K
}
Event: 1417.137 GC heap before
{Heap before GC invocations=3882 (full 117):
 PSYoungGen      total 12800K, used 12800K [0x00000000eab00000, 0x00000000eba00000, 0x0000000100000000)
  eden space 12288K, 100% used [0x00000000eab00000,0x00000000eb700000,0x00000000eb700000)
  from space 512K, 100% used [0x00000000eb980000,0x00000000eba00000,0x00000000eba00000)
  to   space 512K, 0% used [0x00000000eb900000,0x00000000eb900000,0x00000000eb980000)
 ParOldGen       total 243200K, used 225456K [0x00000000c0000000, 0x00000000ced80000, 0x00000000eab00000)
  object space 243200K, 92% used [0x00000000c0000000,0x00000000cdc2c338,0x00000000ced80000)
 Metaspace       used 92358K, committed 93568K, reserved 1179648K
  class space    used 9154K, committed 9728K, reserved 1048576K
}
Event: 1417.139 GC heap after
{Heap after GC invocations=3882 (full 117):
 PSYoungGen      total 12800K, used 512K [0x00000000eab00000, 0x00000000eba00000, 0x0000000100000000)
  eden space 12288K, 0% used [0x00000000eab00000,0x00000000eab00000,0x00000000eb700000)
  from space 512K, 100% used [0x00000000eb900000,0x00000000eb980000,0x00000000eb980000)
  to   space 512K, 0% used [0x00000000eb980000,0x00000000eb980000,0x00000000eba00000)
 ParOldGen       total 243200K, used 226728K [0x00000000c0000000, 0x00000000ced80000, 0x00000000eab00000)
  object space 243200K, 93% used [0x00000000c0000000,0x00000000cdd6a388,0x00000000ced80000)
 Metaspace       used 92358K, committed 93568K, reserved 1179648K
  class space    used 9154K, committed 9728K, reserved 1048576K
}
Event: 1417.150 GC heap before
{Heap before GC invocations=3883 (full 117):
 PSYoungGen      total 12800K, used 12800K [0x00000000eab00000, 0x00000000eba00000, 0x0000000100000000)
  eden space 12288K, 100% used [0x00000000eab00000,0x00000000eb700000,0x00000000eb700000)
  from space 512K, 100% used [0x00000000eb900000,0x00000000eb980000,0x00000000eb980000)
  to   space 512K, 0% used [0x00000000eb980000,0x00000000eb980000,0x00000000eba00000)
 ParOldGen       total 243200K, used 226728K [0x00000000c0000000, 0x00000000ced80000, 0x00000000eab00000)
  object space 243200K, 93% used [0x00000000c0000000,0x00000000cdd6a388,0x00000000ced80000)
 Metaspace       used 92358K, committed 93568K, reserved 1179648K
  class space    used 9154K, committed 9728K, reserved 1048576K
}
Event: 1417.153 GC heap after
{Heap after GC invocations=3883 (full 117):
 PSYoungGen      total 12800K, used 512K [0x00000000eab00000, 0x00000000eba00000, 0x0000000100000000)
  eden space 12288K, 0% used [0x00000000eab00000,0x00000000eab00000,0x00000000eb700000)
  from space 512K, 100% used [0x00000000eb980000,0x00000000eba00000,0x00000000eba00000)
  to   space 512K, 0% used [0x00000000eb900000,0x00000000eb900000,0x00000000eb980000)
 ParOldGen       total 243200K, used 227993K [0x00000000c0000000, 0x00000000ced80000, 0x00000000eab00000)
  object space 243200K, 93% used [0x00000000c0000000,0x00000000cdea6448,0x00000000ced80000)
 Metaspace       used 92358K, committed 93568K, reserved 1179648K
  class space    used 9154K, committed 9728K, reserved 1048576K
}
Event: 1417.164 GC heap before
{Heap before GC invocations=3884 (full 117):
 PSYoungGen      total 12800K, used 12800K [0x00000000eab00000, 0x00000000eba00000, 0x0000000100000000)
  eden space 12288K, 100% used [0x00000000eab00000,0x00000000eb700000,0x00000000eb700000)
  from space 512K, 100% used [0x00000000eb980000,0x00000000eba00000,0x00000000eba00000)
  to   space 512K, 0% used [0x00000000eb900000,0x00000000eb900000,0x00000000eb980000)
 ParOldGen       total 243200K, used 227993K [0x00000000c0000000, 0x00000000ced80000, 0x00000000eab00000)
  object space 243200K, 93% used [0x00000000c0000000,0x00000000cdea6448,0x00000000ced80000)
 Metaspace       used 92358K, committed 93568K, reserved 1179648K
  class space    used 9154K, committed 9728K, reserved 1048576K
}
Event: 1417.167 GC heap after
{Heap after GC invocations=3884 (full 117):
 PSYoungGen      total 12800K, used 512K [0x00000000eab00000, 0x00000000eba00000, 0x0000000100000000)
  eden space 12288K, 0% used [0x00000000eab00000,0x00000000eab00000,0x00000000eb700000)
  from space 512K, 100% used [0x00000000eb900000,0x00000000eb980000,0x00000000eb980000)
  to   space 512K, 0% used [0x00000000eb980000,0x00000000eb980000,0x00000000eba00000)
 ParOldGen       total 243200K, used 229265K [0x00000000c0000000, 0x00000000ced80000, 0x00000000eab00000)
  object space 243200K, 94% used [0x00000000c0000000,0x00000000cdfe44e8,0x00000000ced80000)
 Metaspace       used 92358K, committed 93568K, reserved 1179648K
  class space    used 9154K, committed 9728K, reserved 1048576K
}
Event: 1417.205 GC heap before
{Heap before GC invocations=3885 (full 117):
 PSYoungGen      total 12800K, used 12800K [0x00000000eab00000, 0x00000000eba00000, 0x0000000100000000)
  eden space 12288K, 100% used [0x00000000eab00000,0x00000000eb700000,0x00000000eb700000)
  from space 512K, 100% used [0x00000000eb900000,0x00000000eb980000,0x00000000eb980000)
  to   space 512K, 0% used [0x00000000eb980000,0x00000000eb980000,0x00000000eba00000)
 ParOldGen       total 243200K, used 229265K [0x00000000c0000000, 0x00000000ced80000, 0x00000000eab00000)
  object space 243200K, 94% used [0x00000000c0000000,0x00000000cdfe44e8,0x00000000ced80000)
 Metaspace       used 92358K, committed 93568K, reserved 1179648K
  class space    used 9154K, committed 9728K, reserved 1048576K
}
Event: 1417.211 GC heap after
{Heap after GC invocations=3885 (full 117):
 PSYoungGen      total 12800K, used 501K [0x00000000eab00000, 0x00000000eba00000, 0x0000000100000000)
  eden space 12288K, 0% used [0x00000000eab00000,0x00000000eab00000,0x00000000eb700000)
  from space 512K, 97% used [0x00000000eb980000,0x00000000eb9fd4b0,0x00000000eba00000)
  to   space 512K, 0% used [0x00000000eb900000,0x00000000eb900000,0x00000000eb980000)
 ParOldGen       total 243200K, used 234449K [0x00000000c0000000, 0x00000000ced80000, 0x00000000eab00000)
  object space 243200K, 96% used [0x00000000c0000000,0x00000000ce4f4650,0x00000000ced80000)
 Metaspace       used 92358K, committed 93568K, reserved 1179648K
  class space    used 9154K, committed 9728K, reserved 1048576K
}
Event: 1417.262 GC heap before
{Heap before GC invocations=3886 (full 117):
 PSYoungGen      total 12800K, used 12789K [0x00000000eab00000, 0x00000000eba00000, 0x0000000100000000)
  eden space 12288K, 100% used [0x00000000eab00000,0x00000000eb700000,0x00000000eb700000)
  from space 512K, 97% used [0x00000000eb980000,0x00000000eb9fd4b0,0x00000000eba00000)
  to   space 512K, 0% used [0x00000000eb900000,0x00000000eb900000,0x00000000eb980000)
 ParOldGen       total 243200K, used 234449K [0x00000000c0000000, 0x00000000ced80000, 0x00000000eab00000)
  object space 243200K, 96% used [0x00000000c0000000,0x00000000ce4f4650,0x00000000ced80000)
 Metaspace       used 92359K, committed 93568K, reserved 1179648K
  class space    used 9154K, committed 9728K, reserved 1048576K
}
Event: 1417.267 GC heap after
{Heap after GC invocations=3886 (full 117):
 PSYoungGen      total 12800K, used 508K [0x00000000eab00000, 0x00000000eba00000, 0x0000000100000000)
  eden space 12288K, 0% used [0x00000000eab00000,0x00000000eab00000,0x00000000eb700000)
  from space 512K, 99% used [0x00000000eb900000,0x00000000eb97f218,0x00000000eb980000)
  to   space 512K, 0% used [0x00000000eb980000,0x00000000eb980000,0x00000000eba00000)
 ParOldGen       total 243200K, used 240707K [0x00000000c0000000, 0x00000000ced80000, 0x00000000eab00000)
  object space 243200K, 98% used [0x00000000c0000000,0x00000000ceb10cc0,0x00000000ced80000)
 Metaspace       used 92359K, committed 93568K, reserved 1179648K
  class space    used 9154K, committed 9728K, reserved 1048576K
}
Event: 1417.267 GC heap before
{Heap before GC invocations=3887 (full 118):
 PSYoungGen      total 12800K, used 508K [0x00000000eab00000, 0x00000000eba00000, 0x0000000100000000)
  eden space 12288K, 0% used [0x00000000eab00000,0x00000000eab00000,0x00000000eb700000)
  from space 512K, 99% used [0x00000000eb900000,0x00000000eb97f218,0x00000000eb980000)
  to   space 512K, 0% used [0x00000000eb980000,0x00000000eb980000,0x00000000eba00000)
 ParOldGen       total 243200K, used 240707K [0x00000000c0000000, 0x00000000ced80000, 0x00000000eab00000)
  object space 243200K, 98% used [0x00000000c0000000,0x00000000ceb10cc0,0x00000000ced80000)
 Metaspace       used 92359K, committed 93568K, reserved 1179648K
  class space    used 9154K, committed 9728K, reserved 1048576K
}

