# JRE version: OpenJDK Runtime Environment Temurin-17.0.7+7 (17.0.7+7) (build 17.0.7+7)
# Java VM: OpenJDK 64-Bit Server VM Temurin-17.0.7+7 (17.0.7+7, mixed mode, emulated-client, tiered, compressed oops, compressed class ptrs, g1 gc, windows-amd64)
GC Precious Log:
 CPUs: 4 total, 4 available
 Memory: 12199M
 Large Page Support: Disabled
 NUMA Support: Disabled
 Compressed Oops: Enabled (32-bit)
 Heap Region Size: 1M
 Heap Min Capacity: 8M
 Heap Initial Capacity: 192M
 Heap Max Capacity: 1G
 Pre-touch: Disabled
 Parallel Workers: 4
 Concurrent Workers: 1
 Concurrent Refinement Workers: 4
 Periodic GC: Disabled
Heap:
 garbage-first heap   total 117760K, used 88574K [0x00000000c0000000, 0x0000000100000000)
  region size 1024K, 15 young (15360K), 2 survivors (2048K)
 Metaspace       used 39178K, committed 39552K, reserved 1114112K
  class space    used 5140K, committed 5312K, reserved 1048576K
GC Heap History (20 events):
Event: 30.976 GC heap before
{Heap before GC invocations=13 (full 0):
 garbage-first heap   total 58368K, used 43154K [0x00000000c0000000, 0x0000000100000000)
  region size 1024K, 17 young (17408K), 3 survivors (3072K)
 Metaspace       used 38889K, committed 39232K, reserved 1114112K
  class space    used 5099K, committed 5248K, reserved 1048576K
}
Event: 30.982 GC heap after
{Heap after GC invocations=14 (full 0):
 garbage-first heap   total 58368K, used 31724K [0x00000000c0000000, 0x0000000100000000)
  region size 1024K, 3 young (3072K), 3 survivors (3072K)
 Metaspace       used 38889K, committed 39232K, reserved 1114112K
  class space    used 5099K, committed 5248K, reserved 1048576K
}
Event: 31.220 GC heap before
{Heap before GC invocations=15 (full 0):
 garbage-first heap   total 61440K, used 42988K [0x00000000c0000000, 0x0000000100000000)
  region size 1024K, 15 young (15360K), 3 survivors (3072K)
 Metaspace       used 38889K, committed 39232K, reserved 1114112K
  class space    used 5099K, committed 5248K, reserved 1048576K
}
Event: 31.224 GC heap after
{Heap after GC invocations=16 (full 0):
 garbage-first heap   total 61440K, used 34339K [0x00000000c0000000, 0x0000000100000000)
  region size 1024K, 2 young (2048K), 2 survivors (2048K)
 Metaspace       used 38889K, committed 39232K, reserved 1114112K
  class space    used 5099K, committed 5248K, reserved 1048576K
}
Event: 31.759 GC heap before
{Heap before GC invocations=16 (full 0):
 garbage-first heap   total 61440K, used 45603K [0x00000000c0000000, 0x0000000100000000)
  region size 1024K, 14 young (14336K), 2 survivors (2048K)
 Metaspace       used 38964K, committed 39296K, reserved 1114112K
  class space    used 5114K, committed 5248K, reserved 1048576K
}
Event: 31.766 GC heap after
{Heap after GC invocations=17 (full 0):
 garbage-first heap   total 61440K, used 37003K [0x00000000c0000000, 0x0000000100000000)
  region size 1024K, 2 young (2048K), 2 survivors (2048K)
 Metaspace       used 38964K, committed 39296K, reserved 1114112K
  class space    used 5114K, committed 5248K, reserved 1048576K
}
Event: 31.888 GC heap before
{Heap before GC invocations=17 (full 0):
 garbage-first heap   total 76800K, used 47243K [0x00000000c0000000, 0x0000000100000000)
  region size 1024K, 12 young (12288K), 2 survivors (2048K)
 Metaspace       used 38964K, committed 39296K, reserved 1114112K
  class space    used 5114K, committed 5248K, reserved 1048576K
}
Event: 31.893 GC heap after
{Heap after GC invocations=18 (full 0):
 garbage-first heap   total 76800K, used 39003K [0x00000000c0000000, 0x0000000100000000)
  region size 1024K, 2 young (2048K), 2 survivors (2048K)
 Metaspace       used 38964K, committed 39296K, reserved 1114112K
  class space    used 5114K, committed 5248K, reserved 1048576K
}
Event: 32.006 GC heap before
{Heap before GC invocations=19 (full 0):
 garbage-first heap   total 76800K, used 57435K [0x00000000c0000000, 0x0000000100000000)
  region size 1024K, 20 young (20480K), 2 survivors (2048K)
 Metaspace       used 38970K, committed 39360K, reserved 1114112K
  class space    used 5115K, committed 5248K, reserved 1048576K
}
Event: 32.017 GC heap after
{Heap after GC invocations=20 (full 0):
 garbage-first heap   total 76800K, used 41811K [0x00000000c0000000, 0x0000000100000000)
  region size 1024K, 3 young (3072K), 3 survivors (3072K)
 Metaspace       used 38970K, committed 39360K, reserved 1114112K
  class space    used 5115K, committed 5248K, reserved 1048576K
}
Event: 32.120 GC heap before
{Heap before GC invocations=20 (full 0):
 garbage-first heap   total 76800K, used 59219K [0x00000000c0000000, 0x0000000100000000)
  region size 1024K, 20 young (20480K), 3 survivors (3072K)
 Metaspace       used 38970K, committed 39360K, reserved 1114112K
  class space    used 5115K, committed 5248K, reserved 1048576K
}
Event: 32.127 GC heap after
{Heap after GC invocations=21 (full 0):
 garbage-first heap   total 117760K, used 44976K [0x00000000c0000000, 0x0000000100000000)
  region size 1024K, 3 young (3072K), 3 survivors (3072K)
 Metaspace       used 38970K, committed 39360K, reserved 1114112K
  class space    used 5115K, committed 5248K, reserved 1048576K
}
Event: 33.166 GC heap before
{Heap before GC invocations=22 (full 0):
 garbage-first heap   total 117760K, used 84912K [0x00000000c0000000, 0x0000000100000000)
  region size 1024K, 43 young (44032K), 3 survivors (3072K)
 Metaspace       used 38974K, committed 39360K, reserved 1114112K
  class space    used 5115K, committed 5248K, reserved 1048576K
}
Event: 33.184 GC heap after
{Heap after GC invocations=23 (full 0):
 garbage-first heap   total 117760K, used 57858K [0x00000000c0000000, 0x0000000100000000)
  region size 1024K, 6 young (6144K), 6 survivors (6144K)
 Metaspace       used 38974K, committed 39360K, reserved 1114112K
  class space    used 5115K, committed 5248K, reserved 1048576K
}
Event: 34.439 GC heap before
{Heap before GC invocations=23 (full 0):
 garbage-first heap   total 117760K, used 82434K [0x00000000c0000000, 0x0000000100000000)
  region size 1024K, 31 young (31744K), 6 survivors (6144K)
 Metaspace       used 38976K, committed 39360K, reserved 1114112K
  class space    used 5116K, committed 5248K, reserved 1048576K
}
Event: 34.459 GC heap after
{Heap after GC invocations=24 (full 0):
 garbage-first heap   total 117760K, used 69612K [0x00000000c0000000, 0x0000000100000000)
  region size 1024K, 5 young (5120K), 5 survivors (5120K)
 Metaspace       used 38976K, committed 39360K, reserved 1114112K
  class space    used 5116K, committed 5248K, reserved 1048576K
}
Event: 34.817 GC heap before
{Heap before GC invocations=25 (full 0):
 garbage-first heap   total 117760K, used 87020K [0x00000000c0000000, 0x0000000100000000)
  region size 1024K, 23 young (23552K), 5 survivors (5120K)
 Metaspace       used 39067K, committed 39488K, reserved 1114112K
  class space    used 5127K, committed 5312K, reserved 1048576K
}
Event: 34.840 GC heap after
{Heap after GC invocations=26 (full 0):
 garbage-first heap   total 117760K, used 75233K [0x00000000c0000000, 0x0000000100000000)
  region size 1024K, 3 young (3072K), 3 survivors (3072K)
 Metaspace       used 39067K, committed 39488K, reserved 1114112K
  class space    used 5127K, committed 5312K, reserved 1048576K
}
Event: 34.903 GC heap before
{Heap before GC invocations=26 (full 0):
 garbage-first heap   total 117760K, used 88545K [0x00000000c0000000, 0x0000000100000000)
  region size 1024K, 17 young (17408K), 3 survivors (3072K)
 Metaspace       used 39067K, committed 39488K, reserved 1114112K
  class space    used 5127K, committed 5312K, reserved 1048576K
}
Event: 34.908 GC heap after
{Heap after GC invocations=27 (full 0):
 garbage-first heap   total 117760K, used 77310K [0x00000000c0000000, 0x0000000100000000)
  region size 1024K, 2 young (2048K), 2 survivors (2048K)
 Metaspace       used 39067K, committed 39488K, reserved 1114112K
  class space    used 5127K, committed 5312K, reserved 1048576K
}

