# JRE version: OpenJDK Runtime Environment Temurin-17.0.7+7 (17.0.7+7) (build 17.0.7+7)
# Java VM: OpenJDK 64-Bit Server VM Temurin-17.0.7+7 (17.0.7+7, mixed mode, emulated-client, tiered, compressed oops, compressed class ptrs, g1 gc, windows-amd64)
GC Precious Log:
 CPUs: 4 total, 4 available
 Memory: 12199M
 Large Page Support: Disabled
 NUMA Support: Disabled
 Compressed Oops: Enabled (32-bit)
 Heap Region Size: 1M
 Heap Min Capacity: 8M
 Heap Initial Capacity: 192M
 Heap Max Capacity: 1G
 Pre-touch: Disabled
 Parallel Workers: 4
 Concurrent Workers: 1
 Concurrent Refinement Workers: 4
 Periodic GC: Disabled
Heap:
 garbage-first heap   total 356352K, used 130432K [0x00000000c0000000, 0x0000000100000000)
  region size 1024K, 14 young (14336K), 14 survivors (14336K)
 Metaspace       used 52311K, committed 52864K, reserved 1114112K
  class space    used 6648K, committed 6912K, reserved 1048576K
GC Heap History (20 events):
Event: 22.106 GC heap after
{Heap after GC invocations=25 (full 0):
 garbage-first heap   total 182272K, used 80678K [0x00000000c0000000, 0x0000000100000000)
  region size 1024K, 7 young (7168K), 7 survivors (7168K)
 Metaspace       used 51090K, committed 51584K, reserved 1114112K
  class space    used 6509K, committed 6720K, reserved 1048576K
}
Event: 22.230 GC heap before
{Heap before GC invocations=25 (full 0):
 garbage-first heap   total 182272K, used 127782K [0x00000000c0000000, 0x0000000100000000)
  region size 1024K, 53 young (54272K), 7 survivors (7168K)
 Metaspace       used 51380K, committed 51904K, reserved 1114112K
  class space    used 6553K, committed 6784K, reserved 1048576K
}
Event: 22.242 GC heap after
{Heap after GC invocations=26 (full 0):
 garbage-first heap   total 182272K, used 87946K [0x00000000c0000000, 0x0000000100000000)
  region size 1024K, 7 young (7168K), 7 survivors (7168K)
 Metaspace       used 51380K, committed 51904K, reserved 1114112K
  class space    used 6553K, committed 6784K, reserved 1048576K
}
Event: 22.390 GC heap before
{Heap before GC invocations=26 (full 0):
 garbage-first heap   total 182272K, used 134026K [0x00000000c0000000, 0x0000000100000000)
  region size 1024K, 52 young (53248K), 7 survivors (7168K)
 Metaspace       used 51794K, committed 52288K, reserved 1114112K
  class space    used 6601K, committed 6848K, reserved 1048576K
}
Event: 22.421 GC heap after
{Heap after GC invocations=27 (full 0):
 garbage-first heap   total 182272K, used 99664K [0x00000000c0000000, 0x0000000100000000)
  region size 1024K, 7 young (7168K), 7 survivors (7168K)
 Metaspace       used 51794K, committed 52288K, reserved 1114112K
  class space    used 6601K, committed 6848K, reserved 1048576K
}
Event: 22.460 GC heap before
{Heap before GC invocations=27 (full 0):
 garbage-first heap   total 182272K, used 138576K [0x00000000c0000000, 0x0000000100000000)
  region size 1024K, 46 young (47104K), 7 survivors (7168K)
 Metaspace       used 51850K, committed 52352K, reserved 1114112K
  class space    used 6610K, committed 6848K, reserved 1048576K
}
Event: 22.470 GC heap after
{Heap after GC invocations=28 (full 0):
 garbage-first heap   total 182272K, used 103064K [0x00000000c0000000, 0x0000000100000000)
  region size 1024K, 3 young (3072K), 3 survivors (3072K)
 Metaspace       used 51850K, committed 52352K, reserved 1114112K
  class space    used 6610K, committed 6848K, reserved 1048576K
}
Event: 22.501 GC heap before
{Heap before GC invocations=28 (full 0):
 garbage-first heap   total 182272K, used 141976K [0x00000000c0000000, 0x0000000100000000)
  region size 1024K, 42 young (43008K), 3 survivors (3072K)
 Metaspace       used 51868K, committed 52352K, reserved 1114112K
  class space    used 6613K, committed 6848K, reserved 1048576K
}
Event: 22.504 GC heap after
{Heap after GC invocations=29 (full 0):
 garbage-first heap   total 182272K, used 104062K [0x00000000c0000000, 0x0000000100000000)
  region size 1024K, 4 young (4096K), 4 survivors (4096K)
 Metaspace       used 51868K, committed 52352K, reserved 1114112K
  class space    used 6613K, committed 6848K, reserved 1048576K
}
Event: 22.542 GC heap before
{Heap before GC invocations=29 (full 0):
 garbage-first heap   total 182272K, used 143998K [0x00000000c0000000, 0x0000000100000000)
  region size 1024K, 44 young (45056K), 4 survivors (4096K)
 Metaspace       used 51889K, committed 52416K, reserved 1114112K
  class space    used 6614K, committed 6848K, reserved 1048576K
}
Event: 22.548 GC heap after
{Heap after GC invocations=30 (full 0):
 garbage-first heap   total 356352K, used 105943K [0x00000000c0000000, 0x0000000100000000)
  region size 1024K, 4 young (4096K), 4 survivors (4096K)
 Metaspace       used 51889K, committed 52416K, reserved 1114112K
  class space    used 6614K, committed 6848K, reserved 1048576K
}
Event: 22.800 GC heap before
{Heap before GC invocations=31 (full 0):
 garbage-first heap   total 356352K, used 232919K [0x00000000c0000000, 0x0000000100000000)
  region size 1024K, 130 young (133120K), 4 survivors (4096K)
 Metaspace       used 51906K, committed 52416K, reserved 1114112K
  class space    used 6616K, committed 6848K, reserved 1048576K
}
Event: 22.808 GC heap after
{Heap after GC invocations=32 (full 0):
 garbage-first heap   total 356352K, used 109858K [0x00000000c0000000, 0x0000000100000000)
  region size 1024K, 9 young (9216K), 9 survivors (9216K)
 Metaspace       used 51906K, committed 52416K, reserved 1114112K
  class space    used 6616K, committed 6848K, reserved 1048576K
}
Event: 22.818 GC heap before
{Heap before GC invocations=32 (full 0):
 garbage-first heap   total 356352K, used 117026K [0x00000000c0000000, 0x0000000100000000)
  region size 1024K, 17 young (17408K), 9 survivors (9216K)
 Metaspace       used 51908K, committed 52416K, reserved 1114112K
  class space    used 6616K, committed 6848K, reserved 1048576K
}
Event: 22.824 GC heap after
{Heap after GC invocations=33 (full 0):
 garbage-first heap   total 356352K, used 109205K [0x00000000c0000000, 0x0000000100000000)
  region size 1024K, 2 young (2048K), 2 survivors (2048K)
 Metaspace       used 51908K, committed 52416K, reserved 1114112K
  class space    used 6616K, committed 6848K, reserved 1048576K
}
Event: 22.953 GC heap before
{Heap before GC invocations=33 (full 0):
 garbage-first heap   total 356352K, used 266901K [0x00000000c0000000, 0x0000000100000000)
  region size 1024K, 157 young (160768K), 2 survivors (2048K)
 Metaspace       used 51948K, committed 52416K, reserved 1114112K
  class space    used 6619K, committed 6848K, reserved 1048576K
}
Event: 22.962 GC heap after
{Heap after GC invocations=34 (full 0):
 garbage-first heap   total 356352K, used 116336K [0x00000000c0000000, 0x0000000100000000)
  region size 1024K, 9 young (9216K), 9 survivors (9216K)
 Metaspace       used 51948K, committed 52416K, reserved 1114112K
  class space    used 6619K, committed 6848K, reserved 1048576K
}
Event: 23.070 GC heap before
{Heap before GC invocations=34 (full 0):
 garbage-first heap   total 356352K, used 270960K [0x00000000c0000000, 0x0000000100000000)
  region size 1024K, 161 young (164864K), 9 survivors (9216K)
 Metaspace       used 51991K, committed 52480K, reserved 1114112K
  class space    used 6627K, committed 6848K, reserved 1048576K
}
Event: 23.078 GC heap after
{Heap after GC invocations=35 (full 0):
 garbage-first heap   total 356352K, used 122494K [0x00000000c0000000, 0x0000000100000000)
  region size 1024K, 15 young (15360K), 15 survivors (15360K)
 Metaspace       used 51991K, committed 52480K, reserved 1114112K
  class space    used 6627K, committed 6848K, reserved 1048576K
}
Event: 23.238 GC heap before
{Heap before GC invocations=35 (full 0):
 garbage-first heap   total 356352K, used 279166K [0x00000000c0000000, 0x0000000100000000)
  region size 1024K, 169 young (173056K), 15 survivors (15360K)
 Metaspace       used 52311K, committed 52864K, reserved 1114112K
  class space    used 6648K, committed 6912K, reserved 1048576K
}

