# JRE version: OpenJDK Runtime Environment Temurin-17.0.7+7 (17.0.7+7) (build 17.0.7+7)
# Java VM: OpenJDK 64-Bit Server VM Temurin-17.0.7+7 (17.0.7+7, mixed mode, tiered, compressed oops, compressed class ptrs, parallel gc, windows-amd64)
GC Precious Log:
 CPUs: 4 total, 4 available
 Memory: 12199M
 Large Page Support: Disabled
 NUMA Support: Disabled
 Compressed Oops: Enabled (32-bit)
 Alignments: Space 512K, Generation 512K, Heap 2M
 Heap Min Capacity: 100M
 Heap Initial Capacity: 100M
 Heap Max Capacity: 1G
 Pre-touch: Disabled
 Parallel Workers: 4
Heap:
 PSYoungGen      total 27648K, used 10548K [0x00000000eab00000, 0x00000000ecb80000, 0x0000000100000000)
  eden space 23040K, 26% used [0x00000000eab00000,0x00000000eb0f50e8,0x00000000ec180000)
  from space 4608K, 96% used [0x00000000ec180000,0x00000000ec5d82e0,0x00000000ec600000)
  to   space 5120K, 0% used [0x00000000ec680000,0x00000000ec680000,0x00000000ecb80000)
 ParOldGen       total 182272K, used 150138K [0x00000000c0000000, 0x00000000cb200000, 0x00000000eab00000)
  object space 182272K, 82% used [0x00000000c0000000,0x00000000c929ebc0,0x00000000cb200000)
 Metaspace       used 75388K, committed 76544K, reserved 1179648K
  class space    used 7490K, committed 8000K, reserved 1048576K
GC Heap History (20 events):
Event: 61.491 GC heap before
{Heap before GC invocations=401 (full 18):
 PSYoungGen      total 26112K, used 25440K [0x00000000eab00000, 0x00000000ec800000, 0x0000000100000000)
  eden space 23040K, 100% used [0x00000000eab00000,0x00000000ec180000,0x00000000ec180000)
  from space 3072K, 78% used [0x00000000ec180000,0x00000000ec3d8020,0x00000000ec480000)
  to   space 2560K, 0% used [0x00000000ec580000,0x00000000ec580000,0x00000000ec800000)
 ParOldGen       total 155136K, used 144228K [0x00000000c0000000, 0x00000000c9780000, 0x00000000eab00000)
  object space 155136K, 92% used [0x00000000c0000000,0x00000000c8cd92a0,0x00000000c9780000)
 Metaspace       used 75363K, committed 76544K, reserved 1179648K
  class space    used 7490K, committed 8000K, reserved 1048576K
}
Event: 61.497 GC heap after
{Heap after GC invocations=401 (full 18):
 PSYoungGen      total 24064K, used 2560K [0x00000000eab00000, 0x00000000ecf00000, 0x0000000100000000)
  eden space 21504K, 0% used [0x00000000eab00000,0x00000000eab00000,0x00000000ec000000)
  from space 2560K, 100% used [0x00000000ec580000,0x00000000ec800000,0x00000000ec800000)
  to   space 5632K, 0% used [0x00000000ec000000,0x00000000ec000000,0x00000000ec580000)
 ParOldGen       total 155136K, used 146813K [0x00000000c0000000, 0x00000000c9780000, 0x00000000eab00000)
  object space 155136K, 94% used [0x00000000c0000000,0x00000000c8f5f678,0x00000000c9780000)
 Metaspace       used 75363K, committed 76544K, reserved 1179648K
  class space    used 7490K, committed 8000K, reserved 1048576K
}
Event: 61.536 GC heap before
{Heap before GC invocations=402 (full 18):
 PSYoungGen      total 24064K, used 24064K [0x00000000eab00000, 0x00000000ecf00000, 0x0000000100000000)
  eden space 21504K, 100% used [0x00000000eab00000,0x00000000ec000000,0x00000000ec000000)
  from space 2560K, 100% used [0x00000000ec580000,0x00000000ec800000,0x00000000ec800000)
  to   space 5632K, 0% used [0x00000000ec000000,0x00000000ec000000,0x00000000ec580000)
 ParOldGen       total 155136K, used 146813K [0x00000000c0000000, 0x00000000c9780000, 0x00000000eab00000)
  object space 155136K, 94% used [0x00000000c0000000,0x00000000c8f5f678,0x00000000c9780000)
 Metaspace       used 75363K, committed 76544K, reserved 1179648K
  class space    used 7490K, committed 8000K, reserved 1048576K
}
Event: 61.543 GC heap after
{Heap after GC invocations=402 (full 18):
 PSYoungGen      total 27136K, used 2320K [0x00000000eab00000, 0x00000000ec980000, 0x0000000100000000)
  eden space 21504K, 0% used [0x00000000eab00000,0x00000000eab00000,0x00000000ec000000)
  from space 5632K, 41% used [0x00000000ec000000,0x00000000ec244050,0x00000000ec580000)
  to   space 3584K, 0% used [0x00000000ec600000,0x00000000ec600000,0x00000000ec980000)
 ParOldGen       total 155136K, used 149362K [0x00000000c0000000, 0x00000000c9780000, 0x00000000eab00000)
  object space 155136K, 96% used [0x00000000c0000000,0x00000000c91dc918,0x00000000c9780000)
 Metaspace       used 75363K, committed 76544K, reserved 1179648K
  class space    used 7490K, committed 8000K, reserved 1048576K
}
Event: 61.619 GC heap before
{Heap before GC invocations=403 (full 18):
 PSYoungGen      total 27136K, used 23775K [0x00000000eab00000, 0x00000000ec980000, 0x0000000100000000)
  eden space 21504K, 99% used [0x00000000eab00000,0x00000000ebff3c98,0x00000000ec000000)
  from space 5632K, 41% used [0x00000000ec000000,0x00000000ec244050,0x00000000ec580000)
  to   space 3584K, 0% used [0x00000000ec600000,0x00000000ec600000,0x00000000ec980000)
 ParOldGen       total 155136K, used 149362K [0x00000000c0000000, 0x00000000c9780000, 0x00000000eab00000)
  object space 155136K, 96% used [0x00000000c0000000,0x00000000c91dc918,0x00000000c9780000)
 Metaspace       used 75363K, committed 76544K, reserved 1179648K
  class space    used 7490K, committed 8000K, reserved 1048576K
}
Event: 61.625 GC heap after
{Heap after GC invocations=403 (full 18):
 PSYoungGen      total 27136K, used 2880K [0x00000000eab00000, 0x00000000ec900000, 0x0000000100000000)
  eden space 24064K, 0% used [0x00000000eab00000,0x00000000eab00000,0x00000000ec280000)
  from space 3072K, 93% used [0x00000000ec600000,0x00000000ec8d0000,0x00000000ec900000)
  to   space 3072K, 0% used [0x00000000ec300000,0x00000000ec300000,0x00000000ec600000)
 ParOldGen       total 155136K, used 151642K [0x00000000c0000000, 0x00000000c9780000, 0x00000000eab00000)
  object space 155136K, 97% used [0x00000000c0000000,0x00000000c94169f8,0x00000000c9780000)
 Metaspace       used 75363K, committed 76544K, reserved 1179648K
  class space    used 7490K, committed 8000K, reserved 1048576K
}
Event: 61.708 GC heap before
{Heap before GC invocations=404 (full 18):
 PSYoungGen      total 27136K, used 26944K [0x00000000eab00000, 0x00000000ec900000, 0x0000000100000000)
  eden space 24064K, 100% used [0x00000000eab00000,0x00000000ec280000,0x00000000ec280000)
  from space 3072K, 93% used [0x00000000ec600000,0x00000000ec8d0000,0x00000000ec900000)
  to   space 3072K, 0% used [0x00000000ec300000,0x00000000ec300000,0x00000000ec600000)
 ParOldGen       total 155136K, used 151642K [0x00000000c0000000, 0x00000000c9780000, 0x00000000eab00000)
  object space 155136K, 97% used [0x00000000c0000000,0x00000000c94169f8,0x00000000c9780000)
 Metaspace       used 75366K, committed 76544K, reserved 1179648K
  class space    used 7490K, committed 8000K, reserved 1048576K
}
Event: 61.718 GC heap after
{Heap after GC invocations=404 (full 18):
 PSYoungGen      total 27648K, used 3041K [0x00000000eab00000, 0x00000000ed680000, 0x0000000100000000)
  eden space 24576K, 0% used [0x00000000eab00000,0x00000000eab00000,0x00000000ec300000)
  from space 3072K, 99% used [0x00000000ec300000,0x00000000ec5f8560,0x00000000ec600000)
  to   space 8704K, 0% used [0x00000000ece00000,0x00000000ece00000,0x00000000ed680000)
 ParOldGen       total 156160K, used 156153K [0x00000000c0000000, 0x00000000c9880000, 0x00000000eab00000)
  object space 156160K, 99% used [0x00000000c0000000,0x00000000c987e688,0x00000000c9880000)
 Metaspace       used 75366K, committed 76544K, reserved 1179648K
  class space    used 7490K, committed 8000K, reserved 1048576K
}
Event: 61.718 GC heap before
{Heap before GC invocations=405 (full 19):
 PSYoungGen      total 27648K, used 3041K [0x00000000eab00000, 0x00000000ed680000, 0x0000000100000000)
  eden space 24576K, 0% used [0x00000000eab00000,0x00000000eab00000,0x00000000ec300000)
  from space 3072K, 99% used [0x00000000ec300000,0x00000000ec5f8560,0x00000000ec600000)
  to   space 8704K, 0% used [0x00000000ece00000,0x00000000ece00000,0x00000000ed680000)
 ParOldGen       total 156160K, used 156153K [0x00000000c0000000, 0x00000000c9880000, 0x00000000eab00000)
  object space 156160K, 99% used [0x00000000c0000000,0x00000000c987e688,0x00000000c9880000)
 Metaspace       used 75366K, committed 76544K, reserved 1179648K
  class space    used 7490K, committed 8000K, reserved 1048576K
}
Event: 61.956 GC heap after
{Heap after GC invocations=405 (full 19):
 PSYoungGen      total 35840K, used 0K [0x00000000eab00000, 0x00000000ed680000, 0x0000000100000000)
  eden space 27136K, 0% used [0x00000000eab00000,0x00000000eab00000,0x00000000ec580000)
  from space 8704K, 0% used [0x00000000ece00000,0x00000000ece00000,0x00000000ed680000)
  to   space 8704K, 0% used [0x00000000ec580000,0x00000000ec580000,0x00000000ece00000)
 ParOldGen       total 182272K, used 138044K [0x00000000c0000000, 0x00000000cb200000, 0x00000000eab00000)
  object space 182272K, 75% used [0x00000000c0000000,0x00000000c86cf1d0,0x00000000cb200000)
 Metaspace       used 75366K, committed 76544K, reserved 1179648K
  class space    used 7490K, committed 8000K, reserved 1048576K
}
Event: 62.013 GC heap before
{Heap before GC invocations=406 (full 19):
 PSYoungGen      total 35840K, used 27109K [0x00000000eab00000, 0x00000000ed680000, 0x0000000100000000)
  eden space 27136K, 99% used [0x00000000eab00000,0x00000000ec5794c0,0x00000000ec580000)
  from space 8704K, 0% used [0x00000000ece00000,0x00000000ece00000,0x00000000ed680000)
  to   space 8704K, 0% used [0x00000000ec580000,0x00000000ec580000,0x00000000ece00000)
 ParOldGen       total 182272K, used 138044K [0x00000000c0000000, 0x00000000cb200000, 0x00000000eab00000)
  object space 182272K, 75% used [0x00000000c0000000,0x00000000c86cf1d0,0x00000000cb200000)
 Metaspace       used 75385K, committed 76544K, reserved 1179648K
  class space    used 7490K, committed 8000K, reserved 1048576K
}
Event: 62.017 GC heap after
{Heap after GC invocations=406 (full 19):
 PSYoungGen      total 30720K, used 4000K [0x00000000eab00000, 0x00000000ed000000, 0x0000000100000000)
  eden space 26624K, 0% used [0x00000000eab00000,0x00000000eab00000,0x00000000ec500000)
  from space 4096K, 97% used [0x00000000ec580000,0x00000000ec968060,0x00000000ec980000)
  to   space 5632K, 0% used [0x00000000eca80000,0x00000000eca80000,0x00000000ed000000)
 ParOldGen       total 182272K, used 138044K [0x00000000c0000000, 0x00000000cb200000, 0x00000000eab00000)
  object space 182272K, 75% used [0x00000000c0000000,0x00000000c86cf1d0,0x00000000cb200000)
 Metaspace       used 75385K, committed 76544K, reserved 1179648K
  class space    used 7490K, committed 8000K, reserved 1048576K
}
Event: 62.082 GC heap before
{Heap before GC invocations=407 (full 19):
 PSYoungGen      total 30720K, used 30624K [0x00000000eab00000, 0x00000000ed000000, 0x0000000100000000)
  eden space 26624K, 100% used [0x00000000eab00000,0x00000000ec500000,0x00000000ec500000)
  from space 4096K, 97% used [0x00000000ec580000,0x00000000ec968060,0x00000000ec980000)
  to   space 5632K, 0% used [0x00000000eca80000,0x00000000eca80000,0x00000000ed000000)
 ParOldGen       total 182272K, used 138044K [0x00000000c0000000, 0x00000000cb200000, 0x00000000eab00000)
  object space 182272K, 75% used [0x00000000c0000000,0x00000000c86cf1d0,0x00000000cb200000)
 Metaspace       used 75386K, committed 76544K, reserved 1179648K
  class space    used 7490K, committed 8000K, reserved 1048576K
}
Event: 62.090 GC heap after
{Heap after GC invocations=407 (full 19):
 PSYoungGen      total 30720K, used 5616K [0x00000000eab00000, 0x00000000ed280000, 0x0000000100000000)
  eden space 25088K, 0% used [0x00000000eab00000,0x00000000eab00000,0x00000000ec380000)
  from space 5632K, 99% used [0x00000000eca80000,0x00000000ecffc100,0x00000000ed000000)
  to   space 7168K, 0% used [0x00000000ec380000,0x00000000ec380000,0x00000000eca80000)
 ParOldGen       total 182272K, used 139028K [0x00000000c0000000, 0x00000000cb200000, 0x00000000eab00000)
  object space 182272K, 76% used [0x00000000c0000000,0x00000000c87c52b8,0x00000000cb200000)
 Metaspace       used 75386K, committed 76544K, reserved 1179648K
  class space    used 7490K, committed 8000K, reserved 1048576K
}
Event: 62.221 GC heap before
{Heap before GC invocations=408 (full 19):
 PSYoungGen      total 30720K, used 30704K [0x00000000eab00000, 0x00000000ed280000, 0x0000000100000000)
  eden space 25088K, 100% used [0x00000000eab00000,0x00000000ec380000,0x00000000ec380000)
  from space 5632K, 99% used [0x00000000eca80000,0x00000000ecffc100,0x00000000ed000000)
  to   space 7168K, 0% used [0x00000000ec380000,0x00000000ec380000,0x00000000eca80000)
 ParOldGen       total 182272K, used 139028K [0x00000000c0000000, 0x00000000cb200000, 0x00000000eab00000)
  object space 182272K, 76% used [0x00000000c0000000,0x00000000c87c52b8,0x00000000cb200000)
 Metaspace       used 75387K, committed 76544K, reserved 1179648K
  class space    used 7490K, committed 8000K, reserved 1048576K
}
Event: 62.232 GC heap after
{Heap after GC invocations=408 (full 19):
 PSYoungGen      total 28160K, used 2944K [0x00000000eab00000, 0x00000000ecc80000, 0x0000000100000000)
  eden space 25088K, 0% used [0x00000000eab00000,0x00000000eab00000,0x00000000ec380000)
  from space 3072K, 95% used [0x00000000ec380000,0x00000000ec660040,0x00000000ec680000)
  to   space 4608K, 0% used [0x00000000ec800000,0x00000000ec800000,0x00000000ecc80000)
 ParOldGen       total 182272K, used 144629K [0x00000000c0000000, 0x00000000cb200000, 0x00000000eab00000)
  object space 182272K, 79% used [0x00000000c0000000,0x00000000c8d3d7b0,0x00000000cb200000)
 Metaspace       used 75387K, committed 76544K, reserved 1179648K
  class space    used 7490K, committed 8000K, reserved 1048576K
}
Event: 62.365 GC heap before
{Heap before GC invocations=409 (full 19):
 PSYoungGen      total 28160K, used 28032K [0x00000000eab00000, 0x00000000ecc80000, 0x0000000100000000)
  eden space 25088K, 100% used [0x00000000eab00000,0x00000000ec380000,0x00000000ec380000)
  from space 3072K, 95% used [0x00000000ec380000,0x00000000ec660040,0x00000000ec680000)
  to   space 4608K, 0% used [0x00000000ec800000,0x00000000ec800000,0x00000000ecc80000)
 ParOldGen       total 182272K, used 144629K [0x00000000c0000000, 0x00000000cb200000, 0x00000000eab00000)
  object space 182272K, 79% used [0x00000000c0000000,0x00000000c8d3d7b0,0x00000000cb200000)
 Metaspace       used 75387K, committed 76544K, reserved 1179648K
  class space    used 7490K, committed 8000K, reserved 1048576K
}
Event: 62.370 GC heap after
{Heap after GC invocations=409 (full 19):
 PSYoungGen      total 27648K, used 4576K [0x00000000eab00000, 0x00000000ed080000, 0x0000000100000000)
  eden space 23040K, 0% used [0x00000000eab00000,0x00000000eab00000,0x00000000ec180000)
  from space 4608K, 99% used [0x00000000ec800000,0x00000000ecc78070,0x00000000ecc80000)
  to   space 6656K, 0% used [0x00000000ec180000,0x00000000ec180000,0x00000000ec800000)
 ParOldGen       total 182272K, used 145710K [0x00000000c0000000, 0x00000000cb200000, 0x00000000eab00000)
  object space 182272K, 79% used [0x00000000c0000000,0x00000000c8e4b840,0x00000000cb200000)
 Metaspace       used 75387K, committed 76544K, reserved 1179648K
  class space    used 7490K, committed 8000K, reserved 1048576K
}
Event: 62.474 GC heap before
{Heap before GC invocations=410 (full 19):
 PSYoungGen      total 27648K, used 27616K [0x00000000eab00000, 0x00000000ed080000, 0x0000000100000000)
  eden space 23040K, 100% used [0x00000000eab00000,0x00000000ec180000,0x00000000ec180000)
  from space 4608K, 99% used [0x00000000ec800000,0x00000000ecc78070,0x00000000ecc80000)
  to   space 6656K, 0% used [0x00000000ec180000,0x00000000ec180000,0x00000000ec800000)
 ParOldGen       total 182272K, used 145710K [0x00000000c0000000, 0x00000000cb200000, 0x00000000eab00000)
  object space 182272K, 79% used [0x00000000c0000000,0x00000000c8e4b840,0x00000000cb200000)
 Metaspace       used 75387K, committed 76544K, reserved 1179648K
  class space    used 7490K, committed 8000K, reserved 1048576K
}
Event: 62.485 GC heap after
{Heap after GC invocations=410 (full 19):
 PSYoungGen      total 27648K, used 4448K [0x00000000eab00000, 0x00000000ecb80000, 0x0000000100000000)
  eden space 23040K, 0% used [0x00000000eab00000,0x00000000eab00000,0x00000000ec180000)
  from space 4608K, 96% used [0x00000000ec180000,0x00000000ec5d82e0,0x00000000ec600000)
  to   space 5120K, 0% used [0x00000000ec680000,0x00000000ec680000,0x00000000ecb80000)
 ParOldGen       total 182272K, used 150138K [0x00000000c0000000, 0x00000000cb200000, 0x00000000eab00000)
  object space 182272K, 82% used [0x00000000c0000000,0x00000000c929ebc0,0x00000000cb200000)
 Metaspace       used 75387K, committed 76544K, reserved 1179648K
  class space    used 7490K, committed 8000K, reserved 1048576K
}

