# JRE version: OpenJDK Runtime Environment Temurin-17.0.7+7 (17.0.7+7) (build 17.0.7+7)
# Java VM: OpenJDK 64-Bit Server VM Temurin-17.0.7+7 (17.0.7+7, mixed mode, tiered, compressed oops, compressed class ptrs, parallel gc, windows-amd64)
GC Precious Log:
 CPUs: 4 total, 4 available
 Memory: 12199M
 Large Page Support: Disabled
 NUMA Support: Disabled
 Compressed Oops: Enabled (32-bit)
 Alignments: Space 512K, Generation 512K, Heap 2M
 Heap Min Capacity: 100M
 Heap Initial Capacity: 100M
 Heap Max Capacity: 1G
 Pre-touch: Disabled
 Parallel Workers: 4
Heap:
 PSYoungGen      total 6656K, used 6528K [0x00000000eab00000, 0x00000000eb380000, 0x0000000100000000)
  eden space 5632K, 100% used [0x00000000eab00000,0x00000000eb080000,0x00000000eb080000)
  from space 1024K, 87% used [0x00000000eb280000,0x00000000eb360000,0x00000000eb380000)
  to   space 1024K, 46% used [0x00000000eb180000,0x00000000eb1f8000,0x00000000eb280000)
 ParOldGen       total 123392K, used 113061K [0x00000000c0000000, 0x00000000c7880000, 0x00000000eab00000)
  object space 123392K, 91% used [0x00000000c0000000,0x00000000c6e69530,0x00000000c7880000)
 Metaspace       used 73865K, committed 75072K, reserved 1179648K
  class space    used 7503K, committed 8064K, reserved 1048576K
GC Heap History (20 events):
Event: 54.453 GC heap before
{Heap before GC invocations=230 (full 8):
 PSYoungGen      total 4096K, used 3872K [0x00000000eab00000, 0x00000000eb280000, 0x0000000100000000)
  eden space 3584K, 100% used [0x00000000eab00000,0x00000000eae80000,0x00000000eae80000)
  from space 512K, 56% used [0x00000000eb200000,0x00000000eb248000,0x00000000eb280000)
  to   space 512K, 0% used [0x00000000eb180000,0x00000000eb180000,0x00000000eb200000)
 ParOldGen       total 123392K, used 106041K [0x00000000c0000000, 0x00000000c7880000, 0x00000000eab00000)
  object space 123392K, 85% used [0x00000000c0000000,0x00000000c678e6e0,0x00000000c7880000)
 Metaspace       used 73603K, committed 74880K, reserved 1179648K
  class space    used 7502K, committed 8064K, reserved 1048576K
}
Event: 54.455 GC heap after
{Heap after GC invocations=230 (full 8):
 PSYoungGen      total 4096K, used 496K [0x00000000eab00000, 0x00000000eb280000, 0x0000000100000000)
  eden space 3584K, 0% used [0x00000000eab00000,0x00000000eab00000,0x00000000eae80000)
  from space 512K, 96% used [0x00000000eb180000,0x00000000eb1fc030,0x00000000eb200000)
  to   space 512K, 0% used [0x00000000eb200000,0x00000000eb200000,0x00000000eb280000)
 ParOldGen       total 123392K, used 106353K [0x00000000c0000000, 0x00000000c7880000, 0x00000000eab00000)
  object space 123392K, 86% used [0x00000000c0000000,0x00000000c67dc710,0x00000000c7880000)
 Metaspace       used 73603K, committed 74880K, reserved 1179648K
  class space    used 7502K, committed 8064K, reserved 1048576K
}
Event: 54.459 GC heap before
{Heap before GC invocations=231 (full 8):
 PSYoungGen      total 4096K, used 4080K [0x00000000eab00000, 0x00000000eb280000, 0x0000000100000000)
  eden space 3584K, 100% used [0x00000000eab00000,0x00000000eae80000,0x00000000eae80000)
  from space 512K, 96% used [0x00000000eb180000,0x00000000eb1fc030,0x00000000eb200000)
  to   space 512K, 0% used [0x00000000eb200000,0x00000000eb200000,0x00000000eb280000)
 ParOldGen       total 123392K, used 106353K [0x00000000c0000000, 0x00000000c7880000, 0x00000000eab00000)
  object space 123392K, 86% used [0x00000000c0000000,0x00000000c67dc710,0x00000000c7880000)
 Metaspace       used 73609K, committed 74880K, reserved 1179648K
  class space    used 7502K, committed 8064K, reserved 1048576K
}
Event: 54.461 GC heap after
{Heap after GC invocations=231 (full 8):
 PSYoungGen      total 5120K, used 336K [0x00000000eab00000, 0x00000000eb280000, 0x0000000100000000)
  eden space 4608K, 0% used [0x00000000eab00000,0x00000000eab00000,0x00000000eaf80000)
  from space 512K, 65% used [0x00000000eb200000,0x00000000eb254030,0x00000000eb280000)
  to   space 512K, 0% used [0x00000000eb180000,0x00000000eb180000,0x00000000eb200000)
 ParOldGen       total 123392K, used 106833K [0x00000000c0000000, 0x00000000c7880000, 0x00000000eab00000)
  object space 123392K, 86% used [0x00000000c0000000,0x00000000c6854730,0x00000000c7880000)
 Metaspace       used 73609K, committed 74880K, reserved 1179648K
  class space    used 7502K, committed 8064K, reserved 1048576K
}
Event: 54.473 GC heap before
{Heap before GC invocations=232 (full 8):
 PSYoungGen      total 5120K, used 4944K [0x00000000eab00000, 0x00000000eb280000, 0x0000000100000000)
  eden space 4608K, 100% used [0x00000000eab00000,0x00000000eaf80000,0x00000000eaf80000)
  from space 512K, 65% used [0x00000000eb200000,0x00000000eb254030,0x00000000eb280000)
  to   space 512K, 0% used [0x00000000eb180000,0x00000000eb180000,0x00000000eb200000)
 ParOldGen       total 123392K, used 106833K [0x00000000c0000000, 0x00000000c7880000, 0x00000000eab00000)
  object space 123392K, 86% used [0x00000000c0000000,0x00000000c6854730,0x00000000c7880000)
 Metaspace       used 73609K, committed 74880K, reserved 1179648K
  class space    used 7502K, committed 8064K, reserved 1048576K
}
Event: 54.475 GC heap after
{Heap after GC invocations=232 (full 8):
 PSYoungGen      total 6144K, used 512K [0x00000000eab00000, 0x00000000eb280000, 0x0000000100000000)
  eden space 5632K, 0% used [0x00000000eab00000,0x00000000eab00000,0x00000000eb080000)
  from space 512K, 100% used [0x00000000eb180000,0x00000000eb200000,0x00000000eb200000)
  to   space 512K, 0% used [0x00000000eb200000,0x00000000eb200000,0x00000000eb280000)
 ParOldGen       total 123392K, used 107137K [0x00000000c0000000, 0x00000000c7880000, 0x00000000eab00000)
  object space 123392K, 86% used [0x00000000c0000000,0x00000000c68a0790,0x00000000c7880000)
 Metaspace       used 73609K, committed 74880K, reserved 1179648K
  class space    used 7502K, committed 8064K, reserved 1048576K
}
Event: 54.507 GC heap before
{Heap before GC invocations=233 (full 8):
 PSYoungGen      total 6144K, used 6144K [0x00000000eab00000, 0x00000000eb280000, 0x0000000100000000)
  eden space 5632K, 100% used [0x00000000eab00000,0x00000000eb080000,0x00000000eb080000)
  from space 512K, 100% used [0x00000000eb180000,0x00000000eb200000,0x00000000eb200000)
  to   space 512K, 0% used [0x00000000eb200000,0x00000000eb200000,0x00000000eb280000)
 ParOldGen       total 123392K, used 107137K [0x00000000c0000000, 0x00000000c7880000, 0x00000000eab00000)
  object space 123392K, 86% used [0x00000000c0000000,0x00000000c68a0790,0x00000000c7880000)
 Metaspace       used 73610K, committed 74880K, reserved 1179648K
  class space    used 7502K, committed 8064K, reserved 1048576K
}
Event: 54.510 GC heap after
{Heap after GC invocations=233 (full 8):
 PSYoungGen      total 6144K, used 480K [0x00000000eab00000, 0x00000000eb380000, 0x0000000100000000)
  eden space 5632K, 0% used [0x00000000eab00000,0x00000000eab00000,0x00000000eb080000)
  from space 512K, 93% used [0x00000000eb200000,0x00000000eb278020,0x00000000eb280000)
  to   space 1536K, 0% used [0x00000000eb080000,0x00000000eb080000,0x00000000eb200000)
 ParOldGen       total 123392K, used 107705K [0x00000000c0000000, 0x00000000c7880000, 0x00000000eab00000)
  object space 123392K, 87% used [0x00000000c0000000,0x00000000c692e790,0x00000000c7880000)
 Metaspace       used 73610K, committed 74880K, reserved 1179648K
  class space    used 7502K, committed 8064K, reserved 1048576K
}
Event: 54.583 GC heap before
{Heap before GC invocations=234 (full 8):
 PSYoungGen      total 6144K, used 6112K [0x00000000eab00000, 0x00000000eb380000, 0x0000000100000000)
  eden space 5632K, 100% used [0x00000000eab00000,0x00000000eb080000,0x00000000eb080000)
  from space 512K, 93% used [0x00000000eb200000,0x00000000eb278020,0x00000000eb280000)
  to   space 1536K, 0% used [0x00000000eb080000,0x00000000eb080000,0x00000000eb200000)
 ParOldGen       total 123392K, used 107705K [0x00000000c0000000, 0x00000000c7880000, 0x00000000eab00000)
  object space 123392K, 87% used [0x00000000c0000000,0x00000000c692e790,0x00000000c7880000)
 Metaspace       used 73634K, committed 74880K, reserved 1179648K
  class space    used 7502K, committed 8064K, reserved 1048576K
}
Event: 54.586 GC heap after
{Heap after GC invocations=234 (full 8):
 PSYoungGen      total 6656K, used 832K [0x00000000eab00000, 0x00000000eb280000, 0x0000000100000000)
  eden space 5632K, 0% used [0x00000000eab00000,0x00000000eab00000,0x00000000eb080000)
  from space 1024K, 81% used [0x00000000eb080000,0x00000000eb150000,0x00000000eb180000)
  to   space 1024K, 0% used [0x00000000eb180000,0x00000000eb180000,0x00000000eb280000)
 ParOldGen       total 123392K, used 108154K [0x00000000c0000000, 0x00000000c7880000, 0x00000000eab00000)
  object space 123392K, 87% used [0x00000000c0000000,0x00000000c699e810,0x00000000c7880000)
 Metaspace       used 73634K, committed 74880K, reserved 1179648K
  class space    used 7502K, committed 8064K, reserved 1048576K
}
Event: 54.672 GC heap before
{Heap before GC invocations=235 (full 8):
 PSYoungGen      total 6656K, used 6464K [0x00000000eab00000, 0x00000000eb280000, 0x0000000100000000)
  eden space 5632K, 100% used [0x00000000eab00000,0x00000000eb080000,0x00000000eb080000)
  from space 1024K, 81% used [0x00000000eb080000,0x00000000eb150000,0x00000000eb180000)
  to   space 1024K, 0% used [0x00000000eb180000,0x00000000eb180000,0x00000000eb280000)
 ParOldGen       total 123392K, used 108154K [0x00000000c0000000, 0x00000000c7880000, 0x00000000eab00000)
  object space 123392K, 87% used [0x00000000c0000000,0x00000000c699e810,0x00000000c7880000)
 Metaspace       used 73691K, committed 74944K, reserved 1179648K
  class space    used 7502K, committed 8064K, reserved 1048576K
}
Event: 54.677 GC heap after
{Heap after GC invocations=235 (full 8):
 PSYoungGen      total 6656K, used 794K [0x00000000eab00000, 0x00000000eb280000, 0x0000000100000000)
  eden space 5632K, 0% used [0x00000000eab00000,0x00000000eab00000,0x00000000eb080000)
  from space 1024K, 77% used [0x00000000eb180000,0x00000000eb246900,0x00000000eb280000)
  to   space 1024K, 0% used [0x00000000eb080000,0x00000000eb080000,0x00000000eb180000)
 ParOldGen       total 123392K, used 108947K [0x00000000c0000000, 0x00000000c7880000, 0x00000000eab00000)
  object space 123392K, 88% used [0x00000000c0000000,0x00000000c6a64ee0,0x00000000c7880000)
 Metaspace       used 73691K, committed 74944K, reserved 1179648K
  class space    used 7502K, committed 8064K, reserved 1048576K
}
Event: 54.841 GC heap before
{Heap before GC invocations=236 (full 8):
 PSYoungGen      total 6656K, used 6426K [0x00000000eab00000, 0x00000000eb280000, 0x0000000100000000)
  eden space 5632K, 100% used [0x00000000eab00000,0x00000000eb080000,0x00000000eb080000)
  from space 1024K, 77% used [0x00000000eb180000,0x00000000eb246900,0x00000000eb280000)
  to   space 1024K, 0% used [0x00000000eb080000,0x00000000eb080000,0x00000000eb180000)
 ParOldGen       total 123392K, used 108947K [0x00000000c0000000, 0x00000000c7880000, 0x00000000eab00000)
  object space 123392K, 88% used [0x00000000c0000000,0x00000000c6a64ee0,0x00000000c7880000)
 Metaspace       used 73763K, committed 75008K, reserved 1179648K
  class space    used 7502K, committed 8064K, reserved 1048576K
}
Event: 54.845 GC heap after
{Heap after GC invocations=236 (full 8):
 PSYoungGen      total 6656K, used 1012K [0x00000000eab00000, 0x00000000eb580000, 0x0000000100000000)
  eden space 5632K, 0% used [0x00000000eab00000,0x00000000eab00000,0x00000000eb080000)
  from space 1024K, 98% used [0x00000000eb080000,0x00000000eb17d220,0x00000000eb180000)
  to   space 2560K, 0% used [0x00000000eb300000,0x00000000eb300000,0x00000000eb580000)
 ParOldGen       total 123392K, used 109851K [0x00000000c0000000, 0x00000000c7880000, 0x00000000eab00000)
  object space 123392K, 89% used [0x00000000c0000000,0x00000000c6b46fc0,0x00000000c7880000)
 Metaspace       used 73763K, committed 75008K, reserved 1179648K
  class space    used 7502K, committed 8064K, reserved 1048576K
}
Event: 54.900 GC heap before
{Heap before GC invocations=237 (full 8):
 PSYoungGen      total 6656K, used 6644K [0x00000000eab00000, 0x00000000eb580000, 0x0000000100000000)
  eden space 5632K, 100% used [0x00000000eab00000,0x00000000eb080000,0x00000000eb080000)
  from space 1024K, 98% used [0x00000000eb080000,0x00000000eb17d220,0x00000000eb180000)
  to   space 2560K, 0% used [0x00000000eb300000,0x00000000eb300000,0x00000000eb580000)
 ParOldGen       total 123392K, used 109851K [0x00000000c0000000, 0x00000000c7880000, 0x00000000eab00000)
  object space 123392K, 89% used [0x00000000c0000000,0x00000000c6b46fc0,0x00000000c7880000)
 Metaspace       used 73793K, committed 75008K, reserved 1179648K
  class space    used 7502K, committed 8064K, reserved 1048576K
}
Event: 54.907 GC heap after
{Heap after GC invocations=237 (full 8):
 PSYoungGen      total 7168K, used 1040K [0x00000000eab00000, 0x00000000eb480000, 0x0000000100000000)
  eden space 5632K, 0% used [0x00000000eab00000,0x00000000eab00000,0x00000000eb080000)
  from space 1536K, 67% used [0x00000000eb300000,0x00000000eb404030,0x00000000eb480000)
  to   space 1536K, 0% used [0x00000000eb180000,0x00000000eb180000,0x00000000eb300000)
 ParOldGen       total 123392K, used 110788K [0x00000000c0000000, 0x00000000c7880000, 0x00000000eab00000)
  object space 123392K, 89% used [0x00000000c0000000,0x00000000c6c31200,0x00000000c7880000)
 Metaspace       used 73793K, committed 75008K, reserved 1179648K
  class space    used 7502K, committed 8064K, reserved 1048576K
}
Event: 55.127 GC heap before
{Heap before GC invocations=238 (full 8):
 PSYoungGen      total 7168K, used 6672K [0x00000000eab00000, 0x00000000eb480000, 0x0000000100000000)
  eden space 5632K, 100% used [0x00000000eab00000,0x00000000eb080000,0x00000000eb080000)
  from space 1536K, 67% used [0x00000000eb300000,0x00000000eb404030,0x00000000eb480000)
  to   space 1536K, 0% used [0x00000000eb180000,0x00000000eb180000,0x00000000eb300000)
 ParOldGen       total 123392K, used 110788K [0x00000000c0000000, 0x00000000c7880000, 0x00000000eab00000)
  object space 123392K, 89% used [0x00000000c0000000,0x00000000c6c31200,0x00000000c7880000)
 Metaspace       used 73815K, committed 75072K, reserved 1179648K
  class space    used 7502K, committed 8064K, reserved 1048576K
}
Event: 55.130 GC heap after
{Heap after GC invocations=238 (full 8):
 PSYoungGen      total 6144K, used 496K [0x00000000eab00000, 0x00000000eb380000, 0x0000000100000000)
  eden space 5632K, 0% used [0x00000000eab00000,0x00000000eab00000,0x00000000eb080000)
  from space 512K, 96% used [0x00000000eb180000,0x00000000eb1fc010,0x00000000eb200000)
  to   space 1024K, 0% used [0x00000000eb280000,0x00000000eb280000,0x00000000eb380000)
 ParOldGen       total 123392K, used 111793K [0x00000000c0000000, 0x00000000c7880000, 0x00000000eab00000)
  object space 123392K, 90% used [0x00000000c0000000,0x00000000c6d2c4a0,0x00000000c7880000)
 Metaspace       used 73815K, committed 75072K, reserved 1179648K
  class space    used 7502K, committed 8064K, reserved 1048576K
}
Event: 55.388 GC heap before
{Heap before GC invocations=239 (full 8):
 PSYoungGen      total 6144K, used 6128K [0x00000000eab00000, 0x00000000eb380000, 0x0000000100000000)
  eden space 5632K, 100% used [0x00000000eab00000,0x00000000eb080000,0x00000000eb080000)
  from space 512K, 96% used [0x00000000eb180000,0x00000000eb1fc010,0x00000000eb200000)
  to   space 1024K, 0% used [0x00000000eb280000,0x00000000eb280000,0x00000000eb380000)
 ParOldGen       total 123392K, used 111793K [0x00000000c0000000, 0x00000000c7880000, 0x00000000eab00000)
  object space 123392K, 90% used [0x00000000c0000000,0x00000000c6d2c4a0,0x00000000c7880000)
 Metaspace       used 73837K, committed 75072K, reserved 1179648K
  class space    used 7503K, committed 8064K, reserved 1048576K
}
Event: 55.391 GC heap after
{Heap after GC invocations=239 (full 8):
 PSYoungGen      total 6656K, used 896K [0x00000000eab00000, 0x00000000eb380000, 0x0000000100000000)
  eden space 5632K, 0% used [0x00000000eab00000,0x00000000eab00000,0x00000000eb080000)
  from space 1024K, 87% used [0x00000000eb280000,0x00000000eb360000,0x00000000eb380000)
  to   space 1024K, 0% used [0x00000000eb180000,0x00000000eb180000,0x00000000eb280000)
 ParOldGen       total 123392K, used 112233K [0x00000000c0000000, 0x00000000c7880000, 0x00000000eab00000)
  object space 123392K, 90% used [0x00000000c0000000,0x00000000c6d9a4c0,0x00000000c7880000)
 Metaspace       used 73837K, committed 75072K, reserved 1179648K
  class space    used 7503K, committed 8064K, reserved 1048576K
}

