# JRE version: OpenJDK Runtime Environment Temurin-17.0.7+7 (17.0.7+7) (build 17.0.7+7)
# Java VM: OpenJDK 64-Bit Server VM Temurin-17.0.7+7 (17.0.7+7, mixed mode, emulated-client, tiered, compressed oops, compressed class ptrs, g1 gc, windows-amd64)
GC Precious Log:
 CPUs: 4 total, 4 available
 Memory: 12199M
 Large Page Support: Disabled
 NUMA Support: Disabled
 Compressed Oops: Enabled (32-bit)
 Heap Region Size: 1M
 Heap Min Capacity: 8M
 Heap Initial Capacity: 192M
 Heap Max Capacity: 1G
 Pre-touch: Disabled
 Parallel Workers: 4
 Concurrent Workers: 1
 Concurrent Refinement Workers: 4
 Periodic GC: Disabled
Heap:
 garbage-first heap   total 65536K, used 18884K [0x00000000c0000000, 0x0000000100000000)
  region size 1024K, 1 young (1024K), 0 survivors (0K)
 Metaspace       used 37349K, committed 37632K, reserved 1114112K
  class space    used 4861K, committed 4992K, reserved 1048576K
GC Heap History (20 events):
Event: 10147.124 GC heap before
{Heap before GC invocations=882 (full 871):
 garbage-first heap   total 65536K, used 18884K [0x00000000c0000000, 0x0000000100000000)
  region size 1024K, 1 young (1024K), 0 survivors (0K)
 Metaspace       used 37349K, committed 37632K, reserved 1114112K
  class space    used 4861K, committed 4992K, reserved 1048576K
}
Event: 10147.146 GC heap after
{Heap after GC invocations=883 (full 872):
 garbage-first heap   total 65536K, used 18884K [0x00000000c0000000, 0x0000000100000000)
  region size 1024K, 0 young (0K), 0 survivors (0K)
 Metaspace       used 37349K, committed 37632K, reserved 1114112K
  class space    used 4861K, committed 4992K, reserved 1048576K
}
Event: 10157.355 GC heap before
{Heap before GC invocations=883 (full 872):
 garbage-first heap   total 65536K, used 18884K [0x00000000c0000000, 0x0000000100000000)
  region size 1024K, 1 young (1024K), 0 survivors (0K)
 Metaspace       used 37349K, committed 37632K, reserved 1114112K
  class space    used 4861K, committed 4992K, reserved 1048576K
}
Event: 10157.375 GC heap after
{Heap after GC invocations=884 (full 873):
 garbage-first heap   total 65536K, used 18884K [0x00000000c0000000, 0x0000000100000000)
  region size 1024K, 0 young (0K), 0 survivors (0K)
 Metaspace       used 37349K, committed 37632K, reserved 1114112K
  class space    used 4861K, committed 4992K, reserved 1048576K
}
Event: 10167.614 GC heap before
{Heap before GC invocations=884 (full 873):
 garbage-first heap   total 65536K, used 18884K [0x00000000c0000000, 0x0000000100000000)
  region size 1024K, 1 young (1024K), 0 survivors (0K)
 Metaspace       used 37349K, committed 37632K, reserved 1114112K
  class space    used 4861K, committed 4992K, reserved 1048576K
}
Event: 10167.641 GC heap after
{Heap after GC invocations=885 (full 874):
 garbage-first heap   total 65536K, used 18884K [0x00000000c0000000, 0x0000000100000000)
  region size 1024K, 0 young (0K), 0 survivors (0K)
 Metaspace       used 37349K, committed 37632K, reserved 1114112K
  class space    used 4861K, committed 4992K, reserved 1048576K
}
Event: 10177.974 GC heap before
{Heap before GC invocations=885 (full 874):
 garbage-first heap   total 65536K, used 18884K [0x00000000c0000000, 0x0000000100000000)
  region size 1024K, 1 young (1024K), 0 survivors (0K)
 Metaspace       used 37349K, committed 37632K, reserved 1114112K
  class space    used 4861K, committed 4992K, reserved 1048576K
}
Event: 10178.005 GC heap after
{Heap after GC invocations=886 (full 875):
 garbage-first heap   total 65536K, used 18884K [0x00000000c0000000, 0x0000000100000000)
  region size 1024K, 0 young (0K), 0 survivors (0K)
 Metaspace       used 37349K, committed 37632K, reserved 1114112K
  class space    used 4861K, committed 4992K, reserved 1048576K
}
Event: 10188.212 GC heap before
{Heap before GC invocations=886 (full 875):
 garbage-first heap   total 65536K, used 18884K [0x00000000c0000000, 0x0000000100000000)
  region size 1024K, 1 young (1024K), 0 survivors (0K)
 Metaspace       used 37349K, committed 37632K, reserved 1114112K
  class space    used 4861K, committed 4992K, reserved 1048576K
}
Event: 10188.236 GC heap after
{Heap after GC invocations=887 (full 876):
 garbage-first heap   total 65536K, used 18884K [0x00000000c0000000, 0x0000000100000000)
  region size 1024K, 0 young (0K), 0 survivors (0K)
 Metaspace       used 37349K, committed 37632K, reserved 1114112K
  class space    used 4861K, committed 4992K, reserved 1048576K
}
Event: 10198.405 GC heap before
{Heap before GC invocations=887 (full 876):
 garbage-first heap   total 65536K, used 18884K [0x00000000c0000000, 0x0000000100000000)
  region size 1024K, 1 young (1024K), 0 survivors (0K)
 Metaspace       used 37349K, committed 37632K, reserved 1114112K
  class space    used 4861K, committed 4992K, reserved 1048576K
}
Event: 10198.427 GC heap after
{Heap after GC invocations=888 (full 877):
 garbage-first heap   total 65536K, used 18884K [0x00000000c0000000, 0x0000000100000000)
  region size 1024K, 0 young (0K), 0 survivors (0K)
 Metaspace       used 37349K, committed 37632K, reserved 1114112K
  class space    used 4861K, committed 4992K, reserved 1048576K
}
Event: 10208.641 GC heap before
{Heap before GC invocations=888 (full 877):
 garbage-first heap   total 65536K, used 18884K [0x00000000c0000000, 0x0000000100000000)
  region size 1024K, 1 young (1024K), 0 survivors (0K)
 Metaspace       used 37349K, committed 37632K, reserved 1114112K
  class space    used 4861K, committed 4992K, reserved 1048576K
}
Event: 10208.665 GC heap after
{Heap after GC invocations=889 (full 878):
 garbage-first heap   total 65536K, used 18884K [0x00000000c0000000, 0x0000000100000000)
  region size 1024K, 0 young (0K), 0 survivors (0K)
 Metaspace       used 37349K, committed 37632K, reserved 1114112K
  class space    used 4861K, committed 4992K, reserved 1048576K
}
Event: 10218.854 GC heap before
{Heap before GC invocations=889 (full 878):
 garbage-first heap   total 65536K, used 18884K [0x00000000c0000000, 0x0000000100000000)
  region size 1024K, 1 young (1024K), 0 survivors (0K)
 Metaspace       used 37349K, committed 37632K, reserved 1114112K
  class space    used 4861K, committed 4992K, reserved 1048576K
}
Event: 10218.879 GC heap after
{Heap after GC invocations=890 (full 879):
 garbage-first heap   total 65536K, used 18884K [0x00000000c0000000, 0x0000000100000000)
  region size 1024K, 0 young (0K), 0 survivors (0K)
 Metaspace       used 37349K, committed 37632K, reserved 1114112K
  class space    used 4861K, committed 4992K, reserved 1048576K
}
Event: 10229.077 GC heap before
{Heap before GC invocations=890 (full 879):
 garbage-first heap   total 65536K, used 18884K [0x00000000c0000000, 0x0000000100000000)
  region size 1024K, 1 young (1024K), 0 survivors (0K)
 Metaspace       used 37349K, committed 37632K, reserved 1114112K
  class space    used 4861K, committed 4992K, reserved 1048576K
}
Event: 10229.102 GC heap after
{Heap after GC invocations=891 (full 880):
 garbage-first heap   total 65536K, used 18884K [0x00000000c0000000, 0x0000000100000000)
  region size 1024K, 0 young (0K), 0 survivors (0K)
 Metaspace       used 37349K, committed 37632K, reserved 1114112K
  class space    used 4861K, committed 4992K, reserved 1048576K
}
Event: 10239.309 GC heap before
{Heap before GC invocations=891 (full 880):
 garbage-first heap   total 65536K, used 18884K [0x00000000c0000000, 0x0000000100000000)
  region size 1024K, 1 young (1024K), 0 survivors (0K)
 Metaspace       used 37349K, committed 37632K, reserved 1114112K
  class space    used 4861K, committed 4992K, reserved 1048576K
}
Event: 10239.334 GC heap after
{Heap after GC invocations=892 (full 881):
 garbage-first heap   total 65536K, used 18884K [0x00000000c0000000, 0x0000000100000000)
  region size 1024K, 0 young (0K), 0 survivors (0K)
 Metaspace       used 37349K, committed 37632K, reserved 1114112K
  class space    used 4861K, committed 4992K, reserved 1048576K
}

