# JRE version: Java(TM) SE Runtime Environment 18.9 (11.0.9+7) (build 11.0.9+7-LTS)
# Java VM: Java HotSpot(TM) 64-Bit Server VM 18.9 (11.0.9+7-LTS, mixed mode, tiered, compressed oops, g1 gc, windows-amd64)
Heap:
 garbage-first heap   total 236544K, used 13365K [0x0000000741600000, 0x0000000800000000)
  region size 1024K, 3 young (3072K), 3 survivors (3072K)
 Metaspace       used 20687K, capacity 21170K, committed 21296K, reserved 1069056K
  class space    used 2233K, capacity 2417K, committed 2432K, reserved 1048576K
GC Heap History (9 events):
Event: 0.429 GC heap before
{Heap before GC invocations=0 (full 0):
 garbage-first heap   total 196608K, used 14336K [0x0000000741600000, 0x0000000800000000)
  region size 1024K, 14 young (14336K), 0 survivors (0K)
 Metaspace       used 5280K, capacity 5346K, committed 5632K, reserved 1056768K
  class space    used 457K, capacity 462K, committed 512K, reserved 1048576K
}
Event: 0.434 GC heap after
{Heap after GC invocations=1 (full 0):
 garbage-first heap   total 196608K, used 6872K [0x0000000741600000, 0x0000000800000000)
  region size 1024K, 2 young (2048K), 2 survivors (2048K)
 Metaspace       used 5280K, capacity 5346K, committed 5632K, reserved 1056768K
  class space    used 457K, capacity 462K, committed 512K, reserved 1048576K
}
Event: 0.789 GC heap before
{Heap before GC invocations=1 (full 0):
 garbage-first heap   total 196608K, used 18136K [0x0000000741600000, 0x0000000800000000)
  region size 1024K, 13 young (13312K), 2 survivors (2048K)
 Metaspace       used 9109K, capacity 9211K, committed 9344K, reserved 1058816K
  class space    used 807K, capacity 835K, committed 896K, reserved 1048576K
}
Event: 0.793 GC heap after
{Heap after GC invocations=2 (full 0):
 garbage-first heap   total 196608K, used 10311K [0x0000000741600000, 0x0000000800000000)
  region size 1024K, 2 young (2048K), 2 survivors (2048K)
 Metaspace       used 9109K, capacity 9211K, committed 9344K, reserved 1058816K
  class space    used 807K, capacity 835K, committed 896K, reserved 1048576K
}
Event: 1.182 GC heap before
{Heap before GC invocations=2 (full 0):
 garbage-first heap   total 196608K, used 33863K [0x0000000741600000, 0x0000000800000000)
  region size 1024K, 26 young (26624K), 2 survivors (2048K)
 Metaspace       used 11266K, capacity 11416K, committed 11648K, reserved 1060864K
  class space    used 1076K, capacity 1148K, committed 1152K, reserved 1048576K
}
Event: 1.186 GC heap after
{Heap after GC invocations=3 (full 0):
 garbage-first heap   total 196608K, used 12613K [0x0000000741600000, 0x0000000800000000)
  region size 1024K, 4 young (4096K), 4 survivors (4096K)
 Metaspace       used 11266K, capacity 11416K, committed 11648K, reserved 1060864K
  class space    used 1076K, capacity 1148K, committed 1152K, reserved 1048576K
}
Event: 1.279 GC heap before
{Heap before GC invocations=3 (full 0):
 garbage-first heap   total 196608K, used 48453K [0x0000000741600000, 0x0000000800000000)
  region size 1024K, 40 young (40960K), 4 survivors (4096K)
 Metaspace       used 11296K, capacity 11480K, committed 11648K, reserved 1060864K
  class space    used 1076K, capacity 1148K, committed 1152K, reserved 1048576K
}
Event: 1.282 GC heap after
{Heap after GC invocations=4 (full 0):
 garbage-first heap   total 196608K, used 11546K [0x0000000741600000, 0x0000000800000000)
  region size 1024K, 1 young (1024K), 1 survivors (1024K)
 Metaspace       used 11296K, capacity 11480K, committed 11648K, reserved 1060864K
  class space    used 1076K, capacity 1148K, committed 1152K, reserved 1048576K
}
Event: 2.970 GC heap before
{Heap before GC invocations=4 (full 0):
 garbage-first heap   total 196608K, used 71962K [0x0000000741600000, 0x0000000800000000)
  region size 1024K, 62 young (63488K), 1 survivors (1024K)
 Metaspace       used 20687K, capacity 21170K, committed 21296K, reserved 1069056K
  class space    used 2233K, capacity 2417K, committed 2432K, reserved 1048576K
}

