# JRE version: OpenJDK Runtime Environment Temurin-17.0.7+7 (17.0.7+7) (build 17.0.7+7)
# Java VM: OpenJDK 64-Bit Server VM Temurin-17.0.7+7 (17.0.7+7, mixed mode, emulated-client, tiered, compressed oops, compressed class ptrs, g1 gc, windows-amd64)
GC Precious Log:
 CPUs: 4 total, 4 available
 Memory: 12199M
 Large Page Support: Disabled
 NUMA Support: Disabled
 Compressed Oops: Enabled (32-bit)
 Heap Region Size: 1M
 Heap Min Capacity: 8M
 Heap Initial Capacity: 192M
 Heap Max Capacity: 1G
 Pre-touch: Disabled
 Parallel Workers: 4
 Concurrent Workers: 1
 Concurrent Refinement Workers: 4
 Periodic GC: Disabled
Heap:
 garbage-first heap   total 583680K, used 453366K [0x00000000c0000000, 0x0000000100000000)
  region size 1024K, 210 young (215040K), 22 survivors (22528K)
 Metaspace       used 63086K, committed 63616K, reserved 1114112K
  class space    used 8023K, committed 8256K, reserved 1048576K
GC Heap History (20 events):
Event: 35.974 GC heap before
{Heap before GC invocations=37 (full 0):
 garbage-first heap   total 583680K, used 427196K [0x00000000c0000000, 0x0000000100000000)
  region size 1024K, 305 young (312320K), 16 survivors (16384K)
 Metaspace       used 49736K, committed 50176K, reserved 1114112K
  class space    used 6289K, committed 6464K, reserved 1048576K
}
Event: 35.985 GC heap after
{Heap after GC invocations=38 (full 0):
 garbage-first heap   total 583680K, used 145596K [0x00000000c0000000, 0x0000000100000000)
  region size 1024K, 29 young (29696K), 29 survivors (29696K)
 Metaspace       used 49736K, committed 50176K, reserved 1114112K
  class space    used 6289K, committed 6464K, reserved 1048576K
}
Event: 39.480 GC heap before
{Heap before GC invocations=39 (full 0):
 garbage-first heap   total 583680K, used 465084K [0x00000000c0000000, 0x0000000100000000)
  region size 1024K, 342 young (350208K), 29 survivors (29696K)
 Metaspace       used 54492K, committed 54976K, reserved 1114112K
  class space    used 6842K, committed 7040K, reserved 1048576K
}
Event: 39.503 GC heap after
{Heap after GC invocations=40 (full 0):
 garbage-first heap   total 583680K, used 166594K [0x00000000c0000000, 0x0000000100000000)
  region size 1024K, 42 young (43008K), 42 survivors (43008K)
 Metaspace       used 54492K, committed 54976K, reserved 1114112K
  class space    used 6842K, committed 7040K, reserved 1048576K
}
Event: 39.509 GC heap before
{Heap before GC invocations=40 (full 0):
 garbage-first heap   total 583680K, used 167618K [0x00000000c0000000, 0x0000000100000000)
  region size 1024K, 44 young (45056K), 42 survivors (43008K)
 Metaspace       used 54508K, committed 54976K, reserved 1114112K
  class space    used 6844K, committed 7040K, reserved 1048576K
}
Event: 39.526 GC heap after
{Heap after GC invocations=41 (full 0):
 garbage-first heap   total 583680K, used 166827K [0x00000000c0000000, 0x0000000100000000)
  region size 1024K, 2 young (2048K), 2 survivors (2048K)
 Metaspace       used 54508K, committed 54976K, reserved 1114112K
  class space    used 6844K, committed 7040K, reserved 1048576K
}
Event: 40.100 GC heap before
{Heap before GC invocations=41 (full 0):
 garbage-first heap   total 583680K, used 470955K [0x00000000c0000000, 0x0000000100000000)
  region size 1024K, 299 young (306176K), 2 survivors (2048K)
 Metaspace       used 59449K, committed 59904K, reserved 1114112K
  class space    used 7556K, committed 7744K, reserved 1048576K
}
Event: 40.112 GC heap after
{Heap after GC invocations=42 (full 0):
 garbage-first heap   total 583680K, used 182655K [0x00000000c0000000, 0x0000000100000000)
  region size 1024K, 17 young (17408K), 17 survivors (17408K)
 Metaspace       used 59449K, committed 59904K, reserved 1114112K
  class space    used 7556K, committed 7744K, reserved 1048576K
}
Event: 40.946 GC heap before
{Heap before GC invocations=42 (full 0):
 garbage-first heap   total 583680K, used 476543K [0x00000000c0000000, 0x0000000100000000)
  region size 1024K, 305 young (312320K), 17 survivors (17408K)
 Metaspace       used 60714K, committed 61184K, reserved 1114112K
  class space    used 7726K, committed 7936K, reserved 1048576K
}
Event: 40.965 GC heap after
{Heap after GC invocations=43 (full 0):
 garbage-first heap   total 583680K, used 201131K [0x00000000c0000000, 0x0000000100000000)
  region size 1024K, 35 young (35840K), 35 survivors (35840K)
 Metaspace       used 60714K, committed 61184K, reserved 1114112K
  class space    used 7726K, committed 7936K, reserved 1048576K
}
Event: 41.814 GC heap before
{Heap before GC invocations=43 (full 0):
 garbage-first heap   total 583680K, used 478635K [0x00000000c0000000, 0x0000000100000000)
  region size 1024K, 307 young (314368K), 35 survivors (35840K)
 Metaspace       used 60912K, committed 61376K, reserved 1114112K
  class space    used 7741K, committed 7936K, reserved 1048576K
}
Event: 41.842 GC heap after
{Heap after GC invocations=44 (full 0):
 garbage-first heap   total 583680K, used 220451K [0x00000000c0000000, 0x0000000100000000)
  region size 1024K, 38 young (38912K), 38 survivors (38912K)
 Metaspace       used 60912K, committed 61376K, reserved 1114112K
  class space    used 7741K, committed 7936K, reserved 1048576K
}
Event: 42.367 GC heap before
{Heap before GC invocations=45 (full 0):
 garbage-first heap   total 583680K, used 518435K [0x00000000c0000000, 0x0000000100000000)
  region size 1024K, 281 young (287744K), 38 survivors (38912K)
 Metaspace       used 60994K, committed 61440K, reserved 1114112K
  class space    used 7751K, committed 7936K, reserved 1048576K
}
Event: 42.395 GC heap after
{Heap after GC invocations=46 (full 0):
 garbage-first heap   total 583680K, used 242666K [0x00000000c0000000, 0x0000000100000000)
  region size 1024K, 20 young (20480K), 20 survivors (20480K)
 Metaspace       used 60994K, committed 61440K, reserved 1114112K
  class space    used 7751K, committed 7936K, reserved 1048576K
}
Event: 42.415 GC heap before
{Heap before GC invocations=46 (full 0):
 garbage-first heap   total 583680K, used 325610K [0x00000000c0000000, 0x0000000100000000)
  region size 1024K, 28 young (28672K), 20 survivors (20480K)
 Metaspace       used 61057K, committed 61568K, reserved 1114112K
  class space    used 7762K, committed 8000K, reserved 1048576K
}
Event: 42.435 GC heap after
{Heap after GC invocations=47 (full 0):
 garbage-first heap   total 583680K, used 240618K [0x00000000c0000000, 0x0000000100000000)
  region size 1024K, 2 young (2048K), 2 survivors (2048K)
 Metaspace       used 61057K, committed 61568K, reserved 1114112K
  class space    used 7762K, committed 8000K, reserved 1048576K
}
Event: 43.113 GC heap before
{Heap before GC invocations=47 (full 0):
 garbage-first heap   total 583680K, used 478186K [0x00000000c0000000, 0x0000000100000000)
  region size 1024K, 235 young (240640K), 2 survivors (2048K)
 Metaspace       used 62832K, committed 63360K, reserved 1114112K
  class space    used 7991K, committed 8192K, reserved 1048576K
}
Event: 43.126 GC heap after
{Heap after GC invocations=48 (full 0):
 garbage-first heap   total 583680K, used 254527K [0x00000000c0000000, 0x0000000100000000)
  region size 1024K, 16 young (16384K), 16 survivors (16384K)
 Metaspace       used 62832K, committed 63360K, reserved 1114112K
  class space    used 7991K, committed 8192K, reserved 1048576K
}
Event: 43.313 GC heap before
{Heap before GC invocations=48 (full 0):
 garbage-first heap   total 583680K, used 335423K [0x00000000c0000000, 0x0000000100000000)
  region size 1024K, 97 young (99328K), 16 survivors (16384K)
 Metaspace       used 63011K, committed 63552K, reserved 1114112K
  class space    used 8007K, committed 8256K, reserved 1048576K
}
Event: 43.329 GC heap after
{Heap after GC invocations=49 (full 0):
 garbage-first heap   total 583680K, used 261878K [0x00000000c0000000, 0x0000000100000000)
  region size 1024K, 22 young (22528K), 22 survivors (22528K)
 Metaspace       used 63011K, committed 63552K, reserved 1114112K
  class space    used 8007K, committed 8256K, reserved 1048576K
}

