# JRE version: OpenJDK Runtime Environment Temurin-17.0.7+7 (17.0.7+7) (build 17.0.7+7)
# Java VM: OpenJDK 64-Bit Server VM Temurin-17.0.7+7 (17.0.7+7, mixed mode, tiered, compressed oops, compressed class ptrs, parallel gc, windows-amd64)
GC Precious Log:
 CPUs: 4 total, 4 available
 Memory: 12199M
 Large Page Support: Disabled
 NUMA Support: Disabled
 Compressed Oops: Enabled (32-bit)
 Alignments: Space 512K, Generation 512K, Heap 2M
 Heap Min Capacity: 100M
 Heap Initial Capacity: 100M
 Heap Max Capacity: 1G
 Pre-touch: Disabled
 Parallel Workers: 4
Heap:
 PSYoungGen      total 68608K, used 53703K [0x00000000eab00000, 0x00000000ef700000, 0x0000000100000000)
  eden space 59904K, 75% used [0x00000000eab00000,0x00000000ed75e138,0x00000000ee580000)
  from space 8704K, 95% used [0x00000000eee80000,0x00000000ef693c38,0x00000000ef700000)
  to   space 8704K, 0% used [0x00000000ee600000,0x00000000ee600000,0x00000000eee80000)
 ParOldGen       total 264704K, used 186637K [0x00000000c0000000, 0x00000000d0280000, 0x00000000eab00000)
  object space 264704K, 70% used [0x00000000c0000000,0x00000000cb643478,0x00000000d0280000)
 Metaspace       used 83738K, committed 84928K, reserved 1179648K
  class space    used 8365K, committed 8896K, reserved 1048576K
GC Heap History (20 events):
Event: 380.541 GC heap before
{Heap before GC invocations=949 (full 27):
 PSYoungGen      total 39936K, used 39916K [0x00000000eab00000, 0x00000000ee280000, 0x0000000100000000)
  eden space 32256K, 100% used [0x00000000eab00000,0x00000000eca80000,0x00000000eca80000)
  from space 7680K, 99% used [0x00000000eca80000,0x00000000ed1fb398,0x00000000ed200000)
  to   space 10752K, 0% used [0x00000000ed800000,0x00000000ed800000,0x00000000ee280000)
 ParOldGen       total 242176K, used 172146K [0x00000000c0000000, 0x00000000cec80000, 0x00000000eab00000)
  object space 242176K, 71% used [0x00000000c0000000,0x00000000ca81cbc8,0x00000000cec80000)
 Metaspace       used 83718K, committed 84928K, reserved 1179648K
  class space    used 8365K, committed 8896K, reserved 1048576K
}
Event: 380.557 GC heap after
{Heap after GC invocations=949 (full 27):
 PSYoungGen      total 39936K, used 3760K [0x00000000eab00000, 0x00000000edc00000, 0x0000000100000000)
  eden space 35840K, 0% used [0x00000000eab00000,0x00000000eab00000,0x00000000ece00000)
  from space 4096K, 91% used [0x00000000ed800000,0x00000000edbac030,0x00000000edc00000)
  to   space 6144K, 0% used [0x00000000ed000000,0x00000000ed000000,0x00000000ed600000)
 ParOldGen       total 242176K, used 179767K [0x00000000c0000000, 0x00000000cec80000, 0x00000000eab00000)
  object space 242176K, 74% used [0x00000000c0000000,0x00000000caf8dda8,0x00000000cec80000)
 Metaspace       used 83718K, committed 84928K, reserved 1179648K
  class space    used 8365K, committed 8896K, reserved 1048576K
}
Event: 380.649 GC heap before
{Heap before GC invocations=950 (full 27):
 PSYoungGen      total 39936K, used 39600K [0x00000000eab00000, 0x00000000edc00000, 0x0000000100000000)
  eden space 35840K, 99% used [0x00000000eab00000,0x00000000ecdffff0,0x00000000ece00000)
  from space 4096K, 91% used [0x00000000ed800000,0x00000000edbac030,0x00000000edc00000)
  to   space 6144K, 0% used [0x00000000ed000000,0x00000000ed000000,0x00000000ed600000)
 ParOldGen       total 242176K, used 179767K [0x00000000c0000000, 0x00000000cec80000, 0x00000000eab00000)
  object space 242176K, 74% used [0x00000000c0000000,0x00000000caf8dda8,0x00000000cec80000)
 Metaspace       used 83718K, committed 84928K, reserved 1179648K
  class space    used 8365K, committed 8896K, reserved 1048576K
}
Event: 380.662 GC heap after
{Heap after GC invocations=950 (full 27):
 PSYoungGen      total 44032K, used 6127K [0x00000000eab00000, 0x00000000ee280000, 0x0000000100000000)
  eden space 37888K, 0% used [0x00000000eab00000,0x00000000eab00000,0x00000000ed000000)
  from space 6144K, 99% used [0x00000000ed000000,0x00000000ed5fbc10,0x00000000ed600000)
  to   space 8704K, 0% used [0x00000000eda00000,0x00000000eda00000,0x00000000ee280000)
 ParOldGen       total 242176K, used 181348K [0x00000000c0000000, 0x00000000cec80000, 0x00000000eab00000)
  object space 242176K, 74% used [0x00000000c0000000,0x00000000cb119040,0x00000000cec80000)
 Metaspace       used 83718K, committed 84928K, reserved 1179648K
  class space    used 8365K, committed 8896K, reserved 1048576K
}
Event: 380.829 GC heap before
{Heap before GC invocations=951 (full 27):
 PSYoungGen      total 44032K, used 44015K [0x00000000eab00000, 0x00000000ee280000, 0x0000000100000000)
  eden space 37888K, 100% used [0x00000000eab00000,0x00000000ed000000,0x00000000ed000000)
  from space 6144K, 99% used [0x00000000ed000000,0x00000000ed5fbc10,0x00000000ed600000)
  to   space 8704K, 0% used [0x00000000eda00000,0x00000000eda00000,0x00000000ee280000)
 ParOldGen       total 242176K, used 181348K [0x00000000c0000000, 0x00000000cec80000, 0x00000000eab00000)
  object space 242176K, 74% used [0x00000000c0000000,0x00000000cb119040,0x00000000cec80000)
 Metaspace       used 83721K, committed 84928K, reserved 1179648K
  class space    used 8365K, committed 8896K, reserved 1048576K
}
Event: 380.846 GC heap after
{Heap after GC invocations=951 (full 27):
 PSYoungGen      total 48640K, used 6107K [0x00000000eab00000, 0x00000000ee180000, 0x0000000100000000)
  eden space 40960K, 0% used [0x00000000eab00000,0x00000000eab00000,0x00000000ed300000)
  from space 7680K, 79% used [0x00000000eda00000,0x00000000edff6c40,0x00000000ee180000)
  to   space 7168K, 0% used [0x00000000ed300000,0x00000000ed300000,0x00000000eda00000)
 ParOldGen       total 242176K, used 187031K [0x00000000c0000000, 0x00000000cec80000, 0x00000000eab00000)
  object space 242176K, 77% used [0x00000000c0000000,0x00000000cb6a5c70,0x00000000cec80000)
 Metaspace       used 83721K, committed 84928K, reserved 1179648K
  class space    used 8365K, committed 8896K, reserved 1048576K
}
Event: 380.987 GC heap before
{Heap before GC invocations=952 (full 27):
 PSYoungGen      total 48640K, used 47067K [0x00000000eab00000, 0x00000000ee180000, 0x0000000100000000)
  eden space 40960K, 100% used [0x00000000eab00000,0x00000000ed300000,0x00000000ed300000)
  from space 7680K, 79% used [0x00000000eda00000,0x00000000edff6c40,0x00000000ee180000)
  to   space 7168K, 0% used [0x00000000ed300000,0x00000000ed300000,0x00000000eda00000)
 ParOldGen       total 242176K, used 187031K [0x00000000c0000000, 0x00000000cec80000, 0x00000000eab00000)
  object space 242176K, 77% used [0x00000000c0000000,0x00000000cb6a5c70,0x00000000cec80000)
 Metaspace       used 83722K, committed 84928K, reserved 1179648K
  class space    used 8365K, committed 8896K, reserved 1048576K
}
Event: 381.016 GC heap after
{Heap after GC invocations=952 (full 27):
 PSYoungGen      total 48128K, used 7153K [0x00000000eab00000, 0x00000000f0500000, 0x0000000100000000)
  eden space 40960K, 0% used [0x00000000eab00000,0x00000000eab00000,0x00000000ed300000)
  from space 7168K, 99% used [0x00000000ed300000,0x00000000ed9fc5c0,0x00000000eda00000)
  to   space 23552K, 0% used [0x00000000eee00000,0x00000000eee00000,0x00000000f0500000)
 ParOldGen       total 242176K, used 200559K [0x00000000c0000000, 0x00000000cec80000, 0x00000000eab00000)
  object space 242176K, 82% used [0x00000000c0000000,0x00000000cc3dbee0,0x00000000cec80000)
 Metaspace       used 83722K, committed 84928K, reserved 1179648K
  class space    used 8365K, committed 8896K, reserved 1048576K
}
Event: 381.091 GC heap before
{Heap before GC invocations=953 (full 27):
 PSYoungGen      total 48128K, used 48113K [0x00000000eab00000, 0x00000000f0500000, 0x0000000100000000)
  eden space 40960K, 100% used [0x00000000eab00000,0x00000000ed300000,0x00000000ed300000)
  from space 7168K, 99% used [0x00000000ed300000,0x00000000ed9fc5c0,0x00000000eda00000)
  to   space 23552K, 0% used [0x00000000eee00000,0x00000000eee00000,0x00000000f0500000)
 ParOldGen       total 242176K, used 200559K [0x00000000c0000000, 0x00000000cec80000, 0x00000000eab00000)
  object space 242176K, 82% used [0x00000000c0000000,0x00000000cc3dbee0,0x00000000cec80000)
 Metaspace       used 83722K, committed 84928K, reserved 1179648K
  class space    used 8365K, committed 8896K, reserved 1048576K
}
Event: 381.120 GC heap after
{Heap after GC invocations=953 (full 27):
 PSYoungGen      total 55296K, used 9632K [0x00000000eab00000, 0x00000000ef780000, 0x0000000100000000)
  eden space 45568K, 0% used [0x00000000eab00000,0x00000000eab00000,0x00000000ed780000)
  from space 9728K, 99% used [0x00000000eee00000,0x00000000ef7680a0,0x00000000ef780000)
  to   space 13824K, 0% used [0x00000000edc80000,0x00000000edc80000,0x00000000eea00000)
 ParOldGen       total 242176K, used 207712K [0x00000000c0000000, 0x00000000cec80000, 0x00000000eab00000)
  object space 242176K, 85% used [0x00000000c0000000,0x00000000ccad8040,0x00000000cec80000)
 Metaspace       used 83722K, committed 84928K, reserved 1179648K
  class space    used 8365K, committed 8896K, reserved 1048576K
}
Event: 381.268 GC heap before
{Heap before GC invocations=954 (full 27):
 PSYoungGen      total 55296K, used 55200K [0x00000000eab00000, 0x00000000ef780000, 0x0000000100000000)
  eden space 45568K, 100% used [0x00000000eab00000,0x00000000ed780000,0x00000000ed780000)
  from space 9728K, 99% used [0x00000000eee00000,0x00000000ef7680a0,0x00000000ef780000)
  to   space 13824K, 0% used [0x00000000edc80000,0x00000000edc80000,0x00000000eea00000)
 ParOldGen       total 242176K, used 207712K [0x00000000c0000000, 0x00000000cec80000, 0x00000000eab00000)
  object space 242176K, 85% used [0x00000000c0000000,0x00000000ccad8040,0x00000000cec80000)
 Metaspace       used 83723K, committed 84928K, reserved 1179648K
  class space    used 8365K, committed 8896K, reserved 1048576K
}
Event: 381.287 GC heap after
{Heap after GC invocations=954 (full 27):
 PSYoungGen      total 58368K, used 7536K [0x00000000eab00000, 0x00000000eee80000, 0x0000000100000000)
  eden space 50688K, 0% used [0x00000000eab00000,0x00000000eab00000,0x00000000edc80000)
  from space 7680K, 98% used [0x00000000edc80000,0x00000000ee3dc2a0,0x00000000ee400000)
  to   space 9216K, 0% used [0x00000000ee580000,0x00000000ee580000,0x00000000eee80000)
 ParOldGen       total 242176K, used 217280K [0x00000000c0000000, 0x00000000cec80000, 0x00000000eab00000)
  object space 242176K, 89% used [0x00000000c0000000,0x00000000cd430030,0x00000000cec80000)
 Metaspace       used 83723K, committed 84928K, reserved 1179648K
  class space    used 8365K, committed 8896K, reserved 1048576K
}
Event: 381.519 GC heap before
{Heap before GC invocations=955 (full 27):
 PSYoungGen      total 58368K, used 58224K [0x00000000eab00000, 0x00000000eee80000, 0x0000000100000000)
  eden space 50688K, 100% used [0x00000000eab00000,0x00000000edc80000,0x00000000edc80000)
  from space 7680K, 98% used [0x00000000edc80000,0x00000000ee3dc2a0,0x00000000ee400000)
  to   space 9216K, 0% used [0x00000000ee580000,0x00000000ee580000,0x00000000eee80000)
 ParOldGen       total 242176K, used 217280K [0x00000000c0000000, 0x00000000cec80000, 0x00000000eab00000)
  object space 242176K, 89% used [0x00000000c0000000,0x00000000cd430030,0x00000000cec80000)
 Metaspace       used 83732K, committed 84928K, reserved 1179648K
  class space    used 8365K, committed 8896K, reserved 1048576K
}
Event: 381.542 GC heap after
{Heap after GC invocations=955 (full 27):
 PSYoungGen      total 59904K, used 8908K [0x00000000eab00000, 0x00000000ef400000, 0x0000000100000000)
  eden space 50688K, 0% used [0x00000000eab00000,0x00000000eab00000,0x00000000edc80000)
  from space 9216K, 96% used [0x00000000ee580000,0x00000000eee330f8,0x00000000eee80000)
  to   space 9216K, 0% used [0x00000000edc80000,0x00000000edc80000,0x00000000ee580000)
 ParOldGen       total 242176K, used 224298K [0x00000000c0000000, 0x00000000cec80000, 0x00000000eab00000)
  object space 242176K, 92% used [0x00000000c0000000,0x00000000cdb0aac0,0x00000000cec80000)
 Metaspace       used 83732K, committed 84928K, reserved 1179648K
  class space    used 8365K, committed 8896K, reserved 1048576K
}
Event: 381.740 GC heap before
{Heap before GC invocations=956 (full 27):
 PSYoungGen      total 59904K, used 59596K [0x00000000eab00000, 0x00000000ef400000, 0x0000000100000000)
  eden space 50688K, 100% used [0x00000000eab00000,0x00000000edc80000,0x00000000edc80000)
  from space 9216K, 96% used [0x00000000ee580000,0x00000000eee330f8,0x00000000eee80000)
  to   space 9216K, 0% used [0x00000000edc80000,0x00000000edc80000,0x00000000ee580000)
 ParOldGen       total 242176K, used 224298K [0x00000000c0000000, 0x00000000cec80000, 0x00000000eab00000)
  object space 242176K, 92% used [0x00000000c0000000,0x00000000cdb0aac0,0x00000000cec80000)
 Metaspace       used 83732K, committed 84928K, reserved 1179648K
  class space    used 8365K, committed 8896K, reserved 1048576K
}
Event: 381.762 GC heap after
{Heap after GC invocations=956 (full 27):
 PSYoungGen      total 59904K, used 5328K [0x00000000eab00000, 0x00000000eee80000, 0x0000000100000000)
  eden space 50688K, 0% used [0x00000000eab00000,0x00000000eab00000,0x00000000edc80000)
  from space 9216K, 57% used [0x00000000edc80000,0x00000000ee1b4070,0x00000000ee580000)
  to   space 6656K, 0% used [0x00000000ee800000,0x00000000ee800000,0x00000000eee80000)
 ParOldGen       total 242176K, used 233089K [0x00000000c0000000, 0x00000000cec80000, 0x00000000eab00000)
  object space 242176K, 96% used [0x00000000c0000000,0x00000000ce3a04a8,0x00000000cec80000)
 Metaspace       used 83732K, committed 84928K, reserved 1179648K
  class space    used 8365K, committed 8896K, reserved 1048576K
}
Event: 381.762 GC heap before
{Heap before GC invocations=957 (full 28):
 PSYoungGen      total 59904K, used 5328K [0x00000000eab00000, 0x00000000eee80000, 0x0000000100000000)
  eden space 50688K, 0% used [0x00000000eab00000,0x00000000eab00000,0x00000000edc80000)
  from space 9216K, 57% used [0x00000000edc80000,0x00000000ee1b4070,0x00000000ee580000)
  to   space 6656K, 0% used [0x00000000ee800000,0x00000000ee800000,0x00000000eee80000)
 ParOldGen       total 242176K, used 233089K [0x00000000c0000000, 0x00000000cec80000, 0x00000000eab00000)
  object space 242176K, 96% used [0x00000000c0000000,0x00000000ce3a04a8,0x00000000cec80000)
 Metaspace       used 83732K, committed 84928K, reserved 1179648K
  class space    used 8365K, committed 8896K, reserved 1048576K
}
Event: 382.262 GC heap after
{Heap after GC invocations=957 (full 28):
 PSYoungGen      total 61440K, used 0K [0x00000000eab00000, 0x00000000eee00000, 0x0000000100000000)
  eden space 55296K, 0% used [0x00000000eab00000,0x00000000eab00000,0x00000000ee100000)
  from space 6144K, 0% used [0x00000000ee800000,0x00000000ee800000,0x00000000eee00000)
  to   space 6656K, 0% used [0x00000000ee100000,0x00000000ee100000,0x00000000ee780000)
 ParOldGen       total 264704K, used 178378K [0x00000000c0000000, 0x00000000d0280000, 0x00000000eab00000)
  object space 264704K, 67% used [0x00000000c0000000,0x00000000cae328d8,0x00000000d0280000)
 Metaspace       used 83732K, committed 84928K, reserved 1179648K
  class space    used 8365K, committed 8896K, reserved 1048576K
}
Event: 382.427 GC heap before
{Heap before GC invocations=958 (full 28):
 PSYoungGen      total 61440K, used 55296K [0x00000000eab00000, 0x00000000eee00000, 0x0000000100000000)
  eden space 55296K, 100% used [0x00000000eab00000,0x00000000ee100000,0x00000000ee100000)
  from space 6144K, 0% used [0x00000000ee800000,0x00000000ee800000,0x00000000eee00000)
  to   space 6656K, 0% used [0x00000000ee100000,0x00000000ee100000,0x00000000ee780000)
 ParOldGen       total 264704K, used 178378K [0x00000000c0000000, 0x00000000d0280000, 0x00000000eab00000)
  object space 264704K, 67% used [0x00000000c0000000,0x00000000cae328d8,0x00000000d0280000)
 Metaspace       used 83735K, committed 84928K, reserved 1179648K
  class space    used 8365K, committed 8896K, reserved 1048576K
}
Event: 382.435 GC heap after
{Heap after GC invocations=958 (full 28):
 PSYoungGen      total 61952K, used 6652K [0x00000000eab00000, 0x00000000ef780000, 0x0000000100000000)
  eden space 55296K, 0% used [0x00000000eab00000,0x00000000eab00000,0x00000000ee100000)
  from space 6656K, 99% used [0x00000000ee100000,0x00000000ee77f3f8,0x00000000ee780000)
  to   space 9216K, 0% used [0x00000000eee80000,0x00000000eee80000,0x00000000ef780000)
 ParOldGen       total 264704K, used 179999K [0x00000000c0000000, 0x00000000d0280000, 0x00000000eab00000)
  object space 264704K, 68% used [0x00000000c0000000,0x00000000cafc7d68,0x00000000d0280000)
 Metaspace       used 83735K, committed 84928K, reserved 1179648K
  class space    used 8365K, committed 8896K, reserved 1048576K
}

