# JRE version: OpenJDK Runtime Environment Temurin-17.0.7+7 (17.0.7+7) (build 17.0.7+7)
# Java VM: OpenJDK 64-Bit Server VM Temurin-17.0.7+7 (17.0.7+7, mixed mode, tiered, compressed oops, compressed class ptrs, parallel gc, windows-amd64)
GC Precious Log:
 CPUs: 4 total, 4 available
 Memory: 12199M
 Large Page Support: Disabled
 NUMA Support: Disabled
 Compressed Oops: Enabled (32-bit)
 Alignments: Space 512K, Generation 512K, Heap 2M
 Heap Min Capacity: 100M
 Heap Initial Capacity: 100M
 Heap Max Capacity: 1G
 Pre-touch: Disabled
 Parallel Workers: 4
Heap:
 PSYoungGen      total 14848K, used 14390K [0x00000000eab00000, 0x00000000ebd80000, 0x0000000100000000)
  eden space 12800K, 100% used [0x00000000eab00000,0x00000000eb780000,0x00000000eb780000)
  from space 2048K, 77% used [0x00000000ebb80000,0x00000000ebd0d980,0x00000000ebd80000)
  to   space 2560K, 0% used [0x00000000eb880000,0x00000000eb880000,0x00000000ebb00000)
 ParOldGen       total 79872K, used 67246K [0x00000000c0000000, 0x00000000c4e00000, 0x00000000eab00000)
  object space 79872K, 84% used [0x00000000c0000000,0x00000000c41abbb0,0x00000000c4e00000)
 Metaspace       used 66289K, committed 67392K, reserved 1114112K
  class space    used 6863K, committed 7360K, reserved 1048576K
GC Heap History (20 events):
Event: 47.145 GC heap before
{Heap before GC invocations=54 (full 4):
 PSYoungGen      total 22016K, used 16384K [0x00000000eab00000, 0x00000000ec600000, 0x0000000100000000)
  eden space 16384K, 100% used [0x00000000eab00000,0x00000000ebb00000,0x00000000ebb00000)
  from space 5632K, 0% used [0x00000000ec080000,0x00000000ec080000,0x00000000ec600000)
  to   space 5632K, 0% used [0x00000000ebb00000,0x00000000ebb00000,0x00000000ec080000)
 ParOldGen       total 79872K, used 51046K [0x00000000c0000000, 0x00000000c4e00000, 0x00000000eab00000)
  object space 79872K, 63% used [0x00000000c0000000,0x00000000c31d9880,0x00000000c4e00000)
 Metaspace       used 63362K, committed 64448K, reserved 1114112K
  class space    used 6656K, committed 7104K, reserved 1048576K
}
Event: 47.146 GC heap after
{Heap after GC invocations=54 (full 4):
 PSYoungGen      total 20992K, used 4337K [0x00000000eab00000, 0x00000000ec400000, 0x0000000100000000)
  eden space 16384K, 0% used [0x00000000eab00000,0x00000000eab00000,0x00000000ebb00000)
  from space 4608K, 94% used [0x00000000ebb00000,0x00000000ebf3c428,0x00000000ebf80000)
  to   space 4608K, 0% used [0x00000000ebf80000,0x00000000ebf80000,0x00000000ec400000)
 ParOldGen       total 79872K, used 51046K [0x00000000c0000000, 0x00000000c4e00000, 0x00000000eab00000)
  object space 79872K, 63% used [0x00000000c0000000,0x00000000c31d9880,0x00000000c4e00000)
 Metaspace       used 63362K, committed 64448K, reserved 1114112K
  class space    used 6656K, committed 7104K, reserved 1048576K
}
Event: 47.737 GC heap before
{Heap before GC invocations=55 (full 4):
 PSYoungGen      total 20992K, used 20721K [0x00000000eab00000, 0x00000000ec400000, 0x0000000100000000)
  eden space 16384K, 100% used [0x00000000eab00000,0x00000000ebb00000,0x00000000ebb00000)
  from space 4608K, 94% used [0x00000000ebb00000,0x00000000ebf3c428,0x00000000ebf80000)
  to   space 4608K, 0% used [0x00000000ebf80000,0x00000000ebf80000,0x00000000ec400000)
 ParOldGen       total 79872K, used 51046K [0x00000000c0000000, 0x00000000c4e00000, 0x00000000eab00000)
  object space 79872K, 63% used [0x00000000c0000000,0x00000000c31d9880,0x00000000c4e00000)
 Metaspace       used 63727K, committed 64832K, reserved 1114112K
  class space    used 6695K, committed 7168K, reserved 1048576K
}
Event: 47.743 GC heap after
{Heap after GC invocations=55 (full 4):
 PSYoungGen      total 17408K, used 4604K [0x00000000eab00000, 0x00000000ecb00000, 0x0000000100000000)
  eden space 12800K, 0% used [0x00000000eab00000,0x00000000eab00000,0x00000000eb780000)
  from space 4608K, 99% used [0x00000000ebf80000,0x00000000ec3ff3f8,0x00000000ec400000)
  to   space 8192K, 0% used [0x00000000eb780000,0x00000000eb780000,0x00000000ebf80000)
 ParOldGen       total 79872K, used 53715K [0x00000000c0000000, 0x00000000c4e00000, 0x00000000eab00000)
  object space 79872K, 67% used [0x00000000c0000000,0x00000000c3474eb8,0x00000000c4e00000)
 Metaspace       used 63727K, committed 64832K, reserved 1114112K
  class space    used 6695K, committed 7168K, reserved 1048576K
}
Event: 48.458 GC heap before
{Heap before GC invocations=56 (full 4):
 PSYoungGen      total 17408K, used 17404K [0x00000000eab00000, 0x00000000ecb00000, 0x0000000100000000)
  eden space 12800K, 100% used [0x00000000eab00000,0x00000000eb780000,0x00000000eb780000)
  from space 4608K, 99% used [0x00000000ebf80000,0x00000000ec3ff3f8,0x00000000ec400000)
  to   space 8192K, 0% used [0x00000000eb780000,0x00000000eb780000,0x00000000ebf80000)
 ParOldGen       total 79872K, used 53715K [0x00000000c0000000, 0x00000000c4e00000, 0x00000000eab00000)
  object space 79872K, 67% used [0x00000000c0000000,0x00000000c3474eb8,0x00000000c4e00000)
 Metaspace       used 64655K, committed 65792K, reserved 1114112K
  class space    used 6756K, committed 7232K, reserved 1048576K
}
Event: 48.464 GC heap after
{Heap after GC invocations=56 (full 4):
 PSYoungGen      total 14848K, used 1568K [0x00000000eab00000, 0x00000000ec000000, 0x0000000100000000)
  eden space 12800K, 0% used [0x00000000eab00000,0x00000000eab00000,0x00000000eb780000)
  from space 2048K, 76% used [0x00000000eb780000,0x00000000eb908020,0x00000000eb980000)
  to   space 4096K, 0% used [0x00000000ebc00000,0x00000000ebc00000,0x00000000ec000000)
 ParOldGen       total 79872K, used 58260K [0x00000000c0000000, 0x00000000c4e00000, 0x00000000eab00000)
  object space 79872K, 72% used [0x00000000c0000000,0x00000000c38e5330,0x00000000c4e00000)
 Metaspace       used 64655K, committed 65792K, reserved 1114112K
  class space    used 6756K, committed 7232K, reserved 1048576K
}
Event: 48.940 GC heap before
{Heap before GC invocations=57 (full 4):
 PSYoungGen      total 14848K, used 14368K [0x00000000eab00000, 0x00000000ec000000, 0x0000000100000000)
  eden space 12800K, 100% used [0x00000000eab00000,0x00000000eb780000,0x00000000eb780000)
  from space 2048K, 76% used [0x00000000eb780000,0x00000000eb908020,0x00000000eb980000)
  to   space 4096K, 0% used [0x00000000ebc00000,0x00000000ebc00000,0x00000000ec000000)
 ParOldGen       total 79872K, used 58260K [0x00000000c0000000, 0x00000000c4e00000, 0x00000000eab00000)
  object space 79872K, 72% used [0x00000000c0000000,0x00000000c38e5330,0x00000000c4e00000)
 Metaspace       used 65158K, committed 66304K, reserved 1114112K
  class space    used 6801K, committed 7296K, reserved 1048576K
}
Event: 48.943 GC heap after
{Heap after GC invocations=57 (full 4):
 PSYoungGen      total 15360K, used 2278K [0x00000000eab00000, 0x00000000ebe80000, 0x0000000100000000)
  eden space 12800K, 0% used [0x00000000eab00000,0x00000000eab00000,0x00000000eb780000)
  from space 2560K, 89% used [0x00000000ebc00000,0x00000000ebe39a00,0x00000000ebe80000)
  to   space 2560K, 0% used [0x00000000eb980000,0x00000000eb980000,0x00000000ebc00000)
 ParOldGen       total 79872K, used 58268K [0x00000000c0000000, 0x00000000c4e00000, 0x00000000eab00000)
  object space 79872K, 72% used [0x00000000c0000000,0x00000000c38e7330,0x00000000c4e00000)
 Metaspace       used 65158K, committed 66304K, reserved 1114112K
  class space    used 6801K, committed 7296K, reserved 1048576K
}
Event: 49.215 GC heap before
{Heap before GC invocations=58 (full 4):
 PSYoungGen      total 15360K, used 15078K [0x00000000eab00000, 0x00000000ebe80000, 0x0000000100000000)
  eden space 12800K, 100% used [0x00000000eab00000,0x00000000eb780000,0x00000000eb780000)
  from space 2560K, 89% used [0x00000000ebc00000,0x00000000ebe39a00,0x00000000ebe80000)
  to   space 2560K, 0% used [0x00000000eb980000,0x00000000eb980000,0x00000000ebc00000)
 ParOldGen       total 79872K, used 58268K [0x00000000c0000000, 0x00000000c4e00000, 0x00000000eab00000)
  object space 79872K, 72% used [0x00000000c0000000,0x00000000c38e7330,0x00000000c4e00000)
 Metaspace       used 65195K, committed 66368K, reserved 1114112K
  class space    used 6801K, committed 7296K, reserved 1048576K
}
Event: 49.221 GC heap after
{Heap after GC invocations=58 (full 4):
 PSYoungGen      total 15360K, used 2528K [0x00000000eab00000, 0x00000000ebd80000, 0x0000000100000000)
  eden space 12800K, 0% used [0x00000000eab00000,0x00000000eab00000,0x00000000eb780000)
  from space 2560K, 98% used [0x00000000eb980000,0x00000000ebbf8050,0x00000000ebc00000)
  to   space 1536K, 0% used [0x00000000ebc00000,0x00000000ebc00000,0x00000000ebd80000)
 ParOldGen       total 79872K, used 58666K [0x00000000c0000000, 0x00000000c4e00000, 0x00000000eab00000)
  object space 79872K, 73% used [0x00000000c0000000,0x00000000c394aa48,0x00000000c4e00000)
 Metaspace       used 65195K, committed 66368K, reserved 1114112K
  class space    used 6801K, committed 7296K, reserved 1048576K
}
Event: 49.462 GC heap before
{Heap before GC invocations=59 (full 4):
 PSYoungGen      total 15360K, used 15328K [0x00000000eab00000, 0x00000000ebd80000, 0x0000000100000000)
  eden space 12800K, 100% used [0x00000000eab00000,0x00000000eb780000,0x00000000eb780000)
  from space 2560K, 98% used [0x00000000eb980000,0x00000000ebbf8050,0x00000000ebc00000)
  to   space 1536K, 0% used [0x00000000ebc00000,0x00000000ebc00000,0x00000000ebd80000)
 ParOldGen       total 79872K, used 58666K [0x00000000c0000000, 0x00000000c4e00000, 0x00000000eab00000)
  object space 79872K, 73% used [0x00000000c0000000,0x00000000c394aa48,0x00000000c4e00000)
 Metaspace       used 65223K, committed 66368K, reserved 1114112K
  class space    used 6801K, committed 7296K, reserved 1048576K
}
Event: 49.467 GC heap after
{Heap after GC invocations=59 (full 4):
 PSYoungGen      total 14336K, used 1344K [0x00000000eab00000, 0x00000000ebd80000, 0x0000000100000000)
  eden space 12800K, 0% used [0x00000000eab00000,0x00000000eab00000,0x00000000eb780000)
  from space 1536K, 87% used [0x00000000ebc00000,0x00000000ebd50050,0x00000000ebd80000)
  to   space 2048K, 0% used [0x00000000eb980000,0x00000000eb980000,0x00000000ebb80000)
 ParOldGen       total 79872K, used 60744K [0x00000000c0000000, 0x00000000c4e00000, 0x00000000eab00000)
  object space 79872K, 76% used [0x00000000c0000000,0x00000000c3b520b0,0x00000000c4e00000)
 Metaspace       used 65223K, committed 66368K, reserved 1114112K
  class space    used 6801K, committed 7296K, reserved 1048576K
}
Event: 50.229 GC heap before
{Heap before GC invocations=60 (full 4):
 PSYoungGen      total 14336K, used 14144K [0x00000000eab00000, 0x00000000ebd80000, 0x0000000100000000)
  eden space 12800K, 100% used [0x00000000eab00000,0x00000000eb780000,0x00000000eb780000)
  from space 1536K, 87% used [0x00000000ebc00000,0x00000000ebd50050,0x00000000ebd80000)
  to   space 2048K, 0% used [0x00000000eb980000,0x00000000eb980000,0x00000000ebb80000)
 ParOldGen       total 79872K, used 60744K [0x00000000c0000000, 0x00000000c4e00000, 0x00000000eab00000)
  object space 79872K, 76% used [0x00000000c0000000,0x00000000c3b520b0,0x00000000c4e00000)
 Metaspace       used 65548K, committed 66688K, reserved 1114112K
  class space    used 6819K, committed 7360K, reserved 1048576K
}
Event: 50.234 GC heap after
{Heap after GC invocations=60 (full 4):
 PSYoungGen      total 14848K, used 2032K [0x00000000eab00000, 0x00000000ebf80000, 0x0000000100000000)
  eden space 12800K, 0% used [0x00000000eab00000,0x00000000eab00000,0x00000000eb780000)
  from space 2048K, 99% used [0x00000000eb980000,0x00000000ebb7c090,0x00000000ebb80000)
  to   space 4096K, 0% used [0x00000000ebb80000,0x00000000ebb80000,0x00000000ebf80000)
 ParOldGen       total 79872K, used 61985K [0x00000000c0000000, 0x00000000c4e00000, 0x00000000eab00000)
  object space 79872K, 77% used [0x00000000c0000000,0x00000000c3c88538,0x00000000c4e00000)
 Metaspace       used 65548K, committed 66688K, reserved 1114112K
  class space    used 6819K, committed 7360K, reserved 1048576K
}
Event: 52.071 GC heap before
{Heap before GC invocations=61 (full 4):
 PSYoungGen      total 14848K, used 14743K [0x00000000eab00000, 0x00000000ebf80000, 0x0000000100000000)
  eden space 12800K, 99% used [0x00000000eab00000,0x00000000eb769f50,0x00000000eb780000)
  from space 2048K, 99% used [0x00000000eb980000,0x00000000ebb7c090,0x00000000ebb80000)
  to   space 4096K, 0% used [0x00000000ebb80000,0x00000000ebb80000,0x00000000ebf80000)
 ParOldGen       total 79872K, used 61985K [0x00000000c0000000, 0x00000000c4e00000, 0x00000000eab00000)
  object space 79872K, 77% used [0x00000000c0000000,0x00000000c3c88538,0x00000000c4e00000)
 Metaspace       used 65962K, committed 67136K, reserved 1114112K
  class space    used 6852K, committed 7360K, reserved 1048576K
}
Event: 52.075 GC heap after
{Heap after GC invocations=61 (full 4):
 PSYoungGen      total 14848K, used 1855K [0x00000000eab00000, 0x00000000ebd80000, 0x0000000100000000)
  eden space 12800K, 0% used [0x00000000eab00000,0x00000000eab00000,0x00000000eb780000)
  from space 2048K, 90% used [0x00000000ebb80000,0x00000000ebd4fcb0,0x00000000ebd80000)
  to   space 2560K, 0% used [0x00000000eb880000,0x00000000eb880000,0x00000000ebb00000)
 ParOldGen       total 79872K, used 63804K [0x00000000c0000000, 0x00000000c4e00000, 0x00000000eab00000)
  object space 79872K, 79% used [0x00000000c0000000,0x00000000c3e4f280,0x00000000c4e00000)
 Metaspace       used 65962K, committed 67136K, reserved 1114112K
  class space    used 6852K, committed 7360K, reserved 1048576K
}
Event: 52.432 GC heap before
{Heap before GC invocations=62 (full 4):
 PSYoungGen      total 14848K, used 14655K [0x00000000eab00000, 0x00000000ebd80000, 0x0000000100000000)
  eden space 12800K, 100% used [0x00000000eab00000,0x00000000eb780000,0x00000000eb780000)
  from space 2048K, 90% used [0x00000000ebb80000,0x00000000ebd4fcb0,0x00000000ebd80000)
  to   space 2560K, 0% used [0x00000000eb880000,0x00000000eb880000,0x00000000ebb00000)
 ParOldGen       total 79872K, used 63804K [0x00000000c0000000, 0x00000000c4e00000, 0x00000000eab00000)
  object space 79872K, 79% used [0x00000000c0000000,0x00000000c3e4f280,0x00000000c4e00000)
 Metaspace       used 66087K, committed 67264K, reserved 1114112K
  class space    used 6862K, committed 7360K, reserved 1048576K
}
Event: 52.436 GC heap after
{Heap after GC invocations=62 (full 4):
 PSYoungGen      total 15360K, used 2533K [0x00000000eab00000, 0x00000000ebf80000, 0x0000000100000000)
  eden space 12800K, 0% used [0x00000000eab00000,0x00000000eab00000,0x00000000eb780000)
  from space 2560K, 98% used [0x00000000eb880000,0x00000000ebaf9410,0x00000000ebb00000)
  to   space 4096K, 0% used [0x00000000ebb80000,0x00000000ebb80000,0x00000000ebf80000)
 ParOldGen       total 79872K, used 64729K [0x00000000c0000000, 0x00000000c4e00000, 0x00000000eab00000)
  object space 79872K, 81% used [0x00000000c0000000,0x00000000c3f36418,0x00000000c4e00000)
 Metaspace       used 66087K, committed 67264K, reserved 1114112K
  class space    used 6862K, committed 7360K, reserved 1048576K
}
Event: 52.774 GC heap before
{Heap before GC invocations=63 (full 4):
 PSYoungGen      total 15360K, used 15333K [0x00000000eab00000, 0x00000000ebf80000, 0x0000000100000000)
  eden space 12800K, 100% used [0x00000000eab00000,0x00000000eb780000,0x00000000eb780000)
  from space 2560K, 98% used [0x00000000eb880000,0x00000000ebaf9410,0x00000000ebb00000)
  to   space 4096K, 0% used [0x00000000ebb80000,0x00000000ebb80000,0x00000000ebf80000)
 ParOldGen       total 79872K, used 64729K [0x00000000c0000000, 0x00000000c4e00000, 0x00000000eab00000)
  object space 79872K, 81% used [0x00000000c0000000,0x00000000c3f36418,0x00000000c4e00000)
 Metaspace       used 66235K, committed 67392K, reserved 1114112K
  class space    used 6862K, committed 7360K, reserved 1048576K
}
Event: 52.779 GC heap after
{Heap after GC invocations=63 (full 4):
 PSYoungGen      total 14848K, used 1590K [0x00000000eab00000, 0x00000000ebd80000, 0x0000000100000000)
  eden space 12800K, 0% used [0x00000000eab00000,0x00000000eab00000,0x00000000eb780000)
  from space 2048K, 77% used [0x00000000ebb80000,0x00000000ebd0d980,0x00000000ebd80000)
  to   space 2560K, 0% used [0x00000000eb880000,0x00000000eb880000,0x00000000ebb00000)
 ParOldGen       total 79872K, used 67246K [0x00000000c0000000, 0x00000000c4e00000, 0x00000000eab00000)
  object space 79872K, 84% used [0x00000000c0000000,0x00000000c41abbb0,0x00000000c4e00000)
 Metaspace       used 66235K, committed 67392K, reserved 1114112K
  class space    used 6862K, committed 7360K, reserved 1048576K
}

