# JRE version: OpenJDK Runtime Environment Temurin-17.0.7+7 (17.0.7+7) (build 17.0.7+7)
# Java VM: OpenJDK 64-Bit Server VM Temurin-17.0.7+7 (17.0.7+7, mixed mode, emulated-client, tiered, compressed oops, compressed class ptrs, g1 gc, windows-amd64)
GC Precious Log:
 CPUs: 4 total, 4 available
 Memory: 12199M
 Large Page Support: Disabled
 NUMA Support: Disabled
 Compressed Oops: Enabled (32-bit)
 Heap Region Size: 1M
 Heap Min Capacity: 8M
 Heap Initial Capacity: 192M
 Heap Max Capacity: 1G
 Pre-touch: Disabled
 Parallel Workers: 4
 Concurrent Workers: 1
 Concurrent Refinement Workers: 4
 Periodic GC: Disabled
Heap:
 garbage-first heap   total 196608K, used 94861K [0x00000000c0000000, 0x0000000100000000)
  region size 1024K, 2 young (2048K), 2 survivors (2048K)
 Metaspace       used 51101K, committed 51648K, reserved 1114112K
  class space    used 6509K, committed 6784K, reserved 1048576K
GC Heap History (20 events):
Event: 60.079 GC heap after
{Heap after GC invocations=18 (full 0):
 garbage-first heap   total 68608K, used 38858K [0x00000000c0000000, 0x0000000100000000)
  region size 1024K, 3 young (3072K), 3 survivors (3072K)
 Metaspace       used 42117K, committed 42624K, reserved 1114112K
  class space    used 5461K, committed 5696K, reserved 1048576K
}
Event: 60.296 GC heap before
{Heap before GC invocations=19 (full 0):
 garbage-first heap   total 73728K, used 52170K [0x00000000c0000000, 0x0000000100000000)
  region size 1024K, 17 young (17408K), 3 survivors (3072K)
 Metaspace       used 43141K, committed 43584K, reserved 1114112K
  class space    used 5564K, committed 5760K, reserved 1048576K
}
Event: 60.301 GC heap after
{Heap after GC invocations=20 (full 0):
 garbage-first heap   total 73728K, used 41911K [0x00000000c0000000, 0x0000000100000000)
  region size 1024K, 3 young (3072K), 3 survivors (3072K)
 Metaspace       used 43141K, committed 43584K, reserved 1114112K
  class space    used 5564K, committed 5760K, reserved 1048576K
}
Event: 60.306 GC heap before
{Heap before GC invocations=20 (full 0):
 garbage-first heap   total 73728K, used 42935K [0x00000000c0000000, 0x0000000100000000)
  region size 1024K, 4 young (4096K), 3 survivors (3072K)
 Metaspace       used 43141K, committed 43584K, reserved 1114112K
  class space    used 5564K, committed 5760K, reserved 1048576K
}
Event: 60.311 GC heap after
{Heap after GC invocations=21 (full 0):
 garbage-first heap   total 73728K, used 41962K [0x00000000c0000000, 0x0000000100000000)
  region size 1024K, 1 young (1024K), 1 survivors (1024K)
 Metaspace       used 43141K, committed 43584K, reserved 1114112K
  class space    used 5564K, committed 5760K, reserved 1048576K
}
Event: 60.486 GC heap before
{Heap before GC invocations=21 (full 0):
 garbage-first heap   total 73728K, used 56298K [0x00000000c0000000, 0x0000000100000000)
  region size 1024K, 15 young (15360K), 1 survivors (1024K)
 Metaspace       used 43356K, committed 43840K, reserved 1114112K
  class space    used 5590K, committed 5824K, reserved 1048576K
}
Event: 60.492 GC heap after
{Heap after GC invocations=22 (full 0):
 garbage-first heap   total 177152K, used 44159K [0x00000000c0000000, 0x0000000100000000)
  region size 1024K, 2 young (2048K), 2 survivors (2048K)
 Metaspace       used 43356K, committed 43840K, reserved 1114112K
  class space    used 5590K, committed 5824K, reserved 1048576K
}
Event: 61.512 GC heap before
{Heap before GC invocations=23 (full 0):
 garbage-first heap   total 157696K, used 124031K [0x00000000c0000000, 0x0000000100000000)
  region size 1024K, 81 young (82944K), 2 survivors (2048K)
 Metaspace       used 44496K, committed 44928K, reserved 1114112K
  class space    used 5751K, committed 5952K, reserved 1048576K
}
Event: 61.536 GC heap after
{Heap after GC invocations=24 (full 0):
 garbage-first heap   total 157696K, used 62408K [0x00000000c0000000, 0x0000000100000000)
  region size 1024K, 11 young (11264K), 11 survivors (11264K)
 Metaspace       used 44496K, committed 44928K, reserved 1114112K
  class space    used 5751K, committed 5952K, reserved 1048576K
}
Event: 61.550 GC heap before
{Heap before GC invocations=24 (full 0):
 garbage-first heap   total 157696K, used 63432K [0x00000000c0000000, 0x0000000100000000)
  region size 1024K, 12 young (12288K), 11 survivors (11264K)
 Metaspace       used 44764K, committed 45184K, reserved 1114112K
  class space    used 5758K, committed 5952K, reserved 1048576K
}
Event: 61.562 GC heap after
{Heap after GC invocations=25 (full 0):
 garbage-first heap   total 157696K, used 64476K [0x00000000c0000000, 0x0000000100000000)
  region size 1024K, 2 young (2048K), 2 survivors (2048K)
 Metaspace       used 44764K, committed 45184K, reserved 1114112K
  class space    used 5758K, committed 5952K, reserved 1048576K
}
Event: 62.983 GC heap before
{Heap before GC invocations=25 (full 0):
 garbage-first heap   total 157696K, used 110556K [0x00000000c0000000, 0x0000000100000000)
  region size 1024K, 46 young (47104K), 2 survivors (2048K)
 Metaspace       used 49838K, committed 50304K, reserved 1114112K
  class space    used 6357K, committed 6528K, reserved 1048576K
}
Event: 62.987 GC heap after
{Heap after GC invocations=26 (full 0):
 garbage-first heap   total 157696K, used 73195K [0x00000000c0000000, 0x0000000100000000)
  region size 1024K, 6 young (6144K), 6 survivors (6144K)
 Metaspace       used 49838K, committed 50304K, reserved 1114112K
  class space    used 6357K, committed 6528K, reserved 1048576K
}
Event: 63.130 GC heap before
{Heap before GC invocations=26 (full 0):
 garbage-first heap   total 157696K, used 79339K [0x00000000c0000000, 0x0000000100000000)
  region size 1024K, 13 young (13312K), 6 survivors (6144K)
 Metaspace       used 50155K, committed 50624K, reserved 1114112K
  class space    used 6395K, committed 6592K, reserved 1048576K
}
Event: 63.135 GC heap after
{Heap after GC invocations=27 (full 0):
 garbage-first heap   total 157696K, used 75861K [0x00000000c0000000, 0x0000000100000000)
  region size 1024K, 3 young (3072K), 3 survivors (3072K)
 Metaspace       used 50155K, committed 50624K, reserved 1114112K
  class space    used 6395K, committed 6592K, reserved 1048576K
}
Event: 63.931 GC heap before
{Heap before GC invocations=28 (full 0):
 garbage-first heap   total 157696K, used 118869K [0x00000000c0000000, 0x0000000100000000)
  region size 1024K, 44 young (45056K), 3 survivors (3072K)
 Metaspace       used 51078K, committed 51648K, reserved 1114112K
  class space    used 6502K, committed 6784K, reserved 1048576K
}
Event: 63.963 GC heap after
{Heap after GC invocations=29 (full 0):
 garbage-first heap   total 157696K, used 93534K [0x00000000c0000000, 0x0000000100000000)
  region size 1024K, 6 young (6144K), 6 survivors (6144K)
 Metaspace       used 51078K, committed 51648K, reserved 1114112K
  class space    used 6502K, committed 6784K, reserved 1048576K
}
Event: 63.974 GC heap before
{Heap before GC invocations=29 (full 0):
 garbage-first heap   total 157696K, used 94558K [0x00000000c0000000, 0x0000000100000000)
  region size 1024K, 7 young (7168K), 6 survivors (6144K)
 Metaspace       used 51078K, committed 51648K, reserved 1114112K
  class space    used 6502K, committed 6784K, reserved 1048576K
}
Event: 63.987 GC heap after
{Heap after GC invocations=30 (full 0):
 garbage-first heap   total 157696K, used 94661K [0x00000000c0000000, 0x0000000100000000)
  region size 1024K, 1 young (1024K), 1 survivors (1024K)
 Metaspace       used 51078K, committed 51648K, reserved 1114112K
  class space    used 6502K, committed 6784K, reserved 1048576K
}
Event: 64.031 GC heap before
{Heap before GC invocations=30 (full 0):
 garbage-first heap   total 157696K, used 119237K [0x00000000c0000000, 0x0000000100000000)
  region size 1024K, 26 young (26624K), 1 survivors (1024K)
 Metaspace       used 51101K, committed 51648K, reserved 1114112K
  class space    used 6509K, committed 6784K, reserved 1048576K
}

