# JRE version: Java(TM) SE Runtime Environment 18.9 (11.0.9+7) (build 11.0.9+7-LTS)
# Java VM: Java HotSpot(TM) 64-Bit Server VM 18.9 (11.0.9+7-LTS, mixed mode, tiered, compressed oops, g1 gc, windows-amd64)
Heap:
 garbage-first heap   total 196608K, used 65448K [0x0000000741600000, 0x0000000800000000)
  region size 1024K, 57 young (58368K), 7 survivors (7168K)
 Metaspace       used 31526K, capacity 32501K, committed 32768K, reserved 1077248K
  class space    used 3623K, capacity 4039K, committed 4096K, reserved 1048576K
GC Heap History (10 events):
Event: 1.174 GC heap before
{Heap before GC invocations=1 (full 0):
 garbage-first heap   total 196608K, used 25218K [0x0000000741600000, 0x0000000800000000)
  region size 1024K, 20 young (20480K), 2 survivors (2048K)
 Metaspace       used 9230K, capacity 9495K, committed 9728K, reserved 1058816K
  class space    used 874K, capacity 961K, committed 1024K, reserved 1048576K
}
Event: 1.178 GC heap after
{Heap after GC invocations=2 (full 0):
 garbage-first heap   total 196608K, used 9907K [0x0000000741600000, 0x0000000800000000)
  region size 1024K, 3 young (3072K), 3 survivors (3072K)
 Metaspace       used 9230K, capacity 9495K, committed 9728K, reserved 1058816K
  class space    used 874K, capacity 961K, committed 1024K, reserved 1048576K
}
Event: 1.542 GC heap before
{Heap before GC invocations=2 (full 0):
 garbage-first heap   total 196608K, used 32435K [0x0000000741600000, 0x0000000800000000)
  region size 1024K, 25 young (25600K), 3 survivors (3072K)
 Metaspace       used 13046K, capacity 13501K, committed 13696K, reserved 1060864K
  class space    used 1361K, capacity 1554K, committed 1664K, reserved 1048576K
}
Event: 1.545 GC heap after
{Heap after GC invocations=3 (full 0):
 garbage-first heap   total 196608K, used 11082K [0x0000000741600000, 0x0000000800000000)
  region size 1024K, 2 young (2048K), 2 survivors (2048K)
 Metaspace       used 13046K, capacity 13501K, committed 13696K, reserved 1060864K
  class space    used 1361K, capacity 1554K, committed 1664K, reserved 1048576K
}
Event: 2.048 GC heap before
{Heap before GC invocations=3 (full 0):
 garbage-first heap   total 196608K, used 45898K [0x0000000741600000, 0x0000000800000000)
  region size 1024K, 36 young (36864K), 2 survivors (2048K)
 Metaspace       used 17436K, capacity 18023K, committed 18304K, reserved 1064960K
  class space    used 1841K, capacity 2083K, committed 2176K, reserved 1048576K
}
Event: 2.051 GC heap after
{Heap after GC invocations=4 (full 0):
 garbage-first heap   total 196608K, used 12247K [0x0000000741600000, 0x0000000800000000)
  region size 1024K, 3 young (3072K), 3 survivors (3072K)
 Metaspace       used 17436K, capacity 18023K, committed 18304K, reserved 1064960K
  class space    used 1841K, capacity 2083K, committed 2176K, reserved 1048576K
}
Event: 2.411 GC heap before
{Heap before GC invocations=4 (full 0):
 garbage-first heap   total 196608K, used 36823K [0x0000000741600000, 0x0000000800000000)
  region size 1024K, 28 young (28672K), 3 survivors (3072K)
 Metaspace       used 20508K, capacity 21194K, committed 21248K, reserved 1069056K
  class space    used 2262K, capacity 2530K, committed 2560K, reserved 1048576K
}
Event: 2.416 GC heap after
{Heap after GC invocations=5 (full 0):
 garbage-first heap   total 196608K, used 13273K [0x0000000741600000, 0x0000000800000000)
  region size 1024K, 4 young (4096K), 4 survivors (4096K)
 Metaspace       used 20508K, capacity 21194K, committed 21248K, reserved 1069056K
  class space    used 2262K, capacity 2530K, committed 2560K, reserved 1048576K
}
Event: 3.499 GC heap before
{Heap before GC invocations=6 (full 0):
 garbage-first heap   total 196608K, used 125913K [0x0000000741600000, 0x0000000800000000)
  region size 1024K, 115 young (117760K), 4 survivors (4096K)
 Metaspace       used 28956K, capacity 29916K, committed 30208K, reserved 1075200K
  class space    used 3331K, capacity 3717K, committed 3840K, reserved 1048576K
}
Event: 3.510 GC heap after
{Heap after GC invocations=7 (full 0):
 garbage-first heap   total 196608K, used 16296K [0x0000000741600000, 0x0000000800000000)
  region size 1024K, 7 young (7168K), 7 survivors (7168K)
 Metaspace       used 28956K, capacity 29916K, committed 30208K, reserved 1075200K
  class space    used 3331K, capacity 3717K, committed 3840K, reserved 1048576K
}

