# JRE version: OpenJDK Runtime Environment Temurin-17.0.7+7 (17.0.7+7) (build 17.0.7+7)
# Java VM: OpenJDK 64-Bit Server VM Temurin-17.0.7+7 (17.0.7+7, mixed mode, tiered, compressed oops, compressed class ptrs, parallel gc, windows-amd64)
GC Precious Log:
 CPUs: 4 total, 4 available
 Memory: 12199M
 Large Page Support: Disabled
 NUMA Support: Disabled
 Compressed Oops: Enabled (32-bit)
 Alignments: Space 512K, Generation 512K, Heap 2M
 Heap Min Capacity: 100M
 Heap Initial Capacity: 100M
 Heap Max Capacity: 1G
 Pre-touch: Disabled
 Parallel Workers: 4
Heap:
 PSYoungGen      total 10752K, used 5505K [0x00000000eab00000, 0x00000000eb980000, 0x0000000100000000)
  eden space 10240K, 49% used [0x00000000eab00000,0x00000000eafe7310,0x00000000eb500000)
  from space 512K, 94% used [0x00000000eb500000,0x00000000eb579388,0x00000000eb580000)
  to   space 512K, 0% used [0x00000000eb900000,0x00000000eb900000,0x00000000eb980000)
 ParOldGen       total 156160K, used 139141K [0x00000000c0000000, 0x00000000c9880000, 0x00000000eab00000)
  object space 156160K, 89% used [0x00000000c0000000,0x00000000c87e1408,0x00000000c9880000)
 Metaspace       used 78749K, committed 80000K, reserved 1179648K
  class space    used 7923K, committed 8512K, reserved 1048576K
GC Heap History (20 events):
Event: 736.341 GC heap before
{Heap before GC invocations=446 (full 17):
 PSYoungGen      total 14336K, used 14288K [0x00000000eab00000, 0x00000000ebc80000, 0x0000000100000000)
  eden space 11776K, 100% used [0x00000000eab00000,0x00000000eb680000,0x00000000eb680000)
  from space 2560K, 98% used [0x00000000eb980000,0x00000000ebbf4010,0x00000000ebc00000)
  to   space 3072K, 0% used [0x00000000eb680000,0x00000000eb680000,0x00000000eb980000)
 ParOldGen       total 156160K, used 121159K [0x00000000c0000000, 0x00000000c9880000, 0x00000000eab00000)
  object space 156160K, 77% used [0x00000000c0000000,0x00000000c7651f00,0x00000000c9880000)
 Metaspace       used 78619K, committed 79872K, reserved 1179648K
  class space    used 7920K, committed 8512K, reserved 1048576K
}
Event: 736.345 GC heap after
{Heap after GC invocations=446 (full 17):
 PSYoungGen      total 14848K, used 3056K [0x00000000eab00000, 0x00000000ebe80000, 0x0000000100000000)
  eden space 11776K, 0% used [0x00000000eab00000,0x00000000eab00000,0x00000000eb680000)
  from space 3072K, 99% used [0x00000000eb680000,0x00000000eb97c030,0x00000000eb980000)
  to   space 4096K, 0% used [0x00000000eba80000,0x00000000eba80000,0x00000000ebe80000)
 ParOldGen       total 156160K, used 121636K [0x00000000c0000000, 0x00000000c9880000, 0x00000000eab00000)
  object space 156160K, 77% used [0x00000000c0000000,0x00000000c76c9178,0x00000000c9880000)
 Metaspace       used 78619K, committed 79872K, reserved 1179648K
  class space    used 7920K, committed 8512K, reserved 1048576K
}
Event: 736.358 GC heap before
{Heap before GC invocations=447 (full 17):
 PSYoungGen      total 14848K, used 14832K [0x00000000eab00000, 0x00000000ebe80000, 0x0000000100000000)
  eden space 11776K, 100% used [0x00000000eab00000,0x00000000eb680000,0x00000000eb680000)
  from space 3072K, 99% used [0x00000000eb680000,0x00000000eb97c030,0x00000000eb980000)
  to   space 4096K, 0% used [0x00000000eba80000,0x00000000eba80000,0x00000000ebe80000)
 ParOldGen       total 156160K, used 121636K [0x00000000c0000000, 0x00000000c9880000, 0x00000000eab00000)
  object space 156160K, 77% used [0x00000000c0000000,0x00000000c76c9178,0x00000000c9880000)
 Metaspace       used 78619K, committed 79872K, reserved 1179648K
  class space    used 7920K, committed 8512K, reserved 1048576K
}
Event: 736.362 GC heap after
{Heap after GC invocations=447 (full 17):
 PSYoungGen      total 15872K, used 1984K [0x00000000eab00000, 0x00000000ebd00000, 0x0000000100000000)
  eden space 13312K, 0% used [0x00000000eab00000,0x00000000eab00000,0x00000000eb800000)
  from space 2560K, 77% used [0x00000000eba80000,0x00000000ebc70080,0x00000000ebd00000)
  to   space 2560K, 0% used [0x00000000eb800000,0x00000000eb800000,0x00000000eba80000)
 ParOldGen       total 156160K, used 123972K [0x00000000c0000000, 0x00000000c9880000, 0x00000000eab00000)
  object space 156160K, 79% used [0x00000000c0000000,0x00000000c7911268,0x00000000c9880000)
 Metaspace       used 78619K, committed 79872K, reserved 1179648K
  class space    used 7920K, committed 8512K, reserved 1048576K
}
Event: 736.409 GC heap before
{Heap before GC invocations=448 (full 17):
 PSYoungGen      total 15872K, used 15296K [0x00000000eab00000, 0x00000000ebd00000, 0x0000000100000000)
  eden space 13312K, 100% used [0x00000000eab00000,0x00000000eb800000,0x00000000eb800000)
  from space 2560K, 77% used [0x00000000eba80000,0x00000000ebc70080,0x00000000ebd00000)
  to   space 2560K, 0% used [0x00000000eb800000,0x00000000eb800000,0x00000000eba80000)
 ParOldGen       total 156160K, used 123972K [0x00000000c0000000, 0x00000000c9880000, 0x00000000eab00000)
  object space 156160K, 79% used [0x00000000c0000000,0x00000000c7911268,0x00000000c9880000)
 Metaspace       used 78620K, committed 79872K, reserved 1179648K
  class space    used 7920K, committed 8512K, reserved 1048576K
}
Event: 736.413 GC heap after
{Heap after GC invocations=448 (full 17):
 PSYoungGen      total 15872K, used 1504K [0x00000000eab00000, 0x00000000ebe00000, 0x0000000100000000)
  eden space 13312K, 0% used [0x00000000eab00000,0x00000000eab00000,0x00000000eb800000)
  from space 2560K, 58% used [0x00000000eb800000,0x00000000eb978040,0x00000000eba80000)
  to   space 2048K, 0% used [0x00000000ebc00000,0x00000000ebc00000,0x00000000ebe00000)
 ParOldGen       total 156160K, used 125948K [0x00000000c0000000, 0x00000000c9880000, 0x00000000eab00000)
  object space 156160K, 80% used [0x00000000c0000000,0x00000000c7aff2e8,0x00000000c9880000)
 Metaspace       used 78620K, committed 79872K, reserved 1179648K
  class space    used 7920K, committed 8512K, reserved 1048576K
}
Event: 736.453 GC heap before
{Heap before GC invocations=449 (full 17):
 PSYoungGen      total 15872K, used 14816K [0x00000000eab00000, 0x00000000ebe00000, 0x0000000100000000)
  eden space 13312K, 100% used [0x00000000eab00000,0x00000000eb800000,0x00000000eb800000)
  from space 2560K, 58% used [0x00000000eb800000,0x00000000eb978040,0x00000000eba80000)
  to   space 2048K, 0% used [0x00000000ebc00000,0x00000000ebc00000,0x00000000ebe00000)
 ParOldGen       total 156160K, used 125948K [0x00000000c0000000, 0x00000000c9880000, 0x00000000eab00000)
  object space 156160K, 80% used [0x00000000c0000000,0x00000000c7aff2e8,0x00000000c9880000)
 Metaspace       used 78620K, committed 79872K, reserved 1179648K
  class space    used 7920K, committed 8512K, reserved 1048576K
}
Event: 736.457 GC heap after
{Heap after GC invocations=449 (full 17):
 PSYoungGen      total 15360K, used 1664K [0x00000000eab00000, 0x00000000ebe00000, 0x0000000100000000)
  eden space 13312K, 0% used [0x00000000eab00000,0x00000000eab00000,0x00000000eb800000)
  from space 2048K, 81% used [0x00000000ebc00000,0x00000000ebda0020,0x00000000ebe00000)
  to   space 2048K, 0% used [0x00000000eba00000,0x00000000eba00000,0x00000000ebc00000)
 ParOldGen       total 156160K, used 127404K [0x00000000c0000000, 0x00000000c9880000, 0x00000000eab00000)
  object space 156160K, 81% used [0x00000000c0000000,0x00000000c7c6b378,0x00000000c9880000)
 Metaspace       used 78620K, committed 79872K, reserved 1179648K
  class space    used 7920K, committed 8512K, reserved 1048576K
}
Event: 736.506 GC heap before
{Heap before GC invocations=450 (full 17):
 PSYoungGen      total 15360K, used 14976K [0x00000000eab00000, 0x00000000ebe00000, 0x0000000100000000)
  eden space 13312K, 100% used [0x00000000eab00000,0x00000000eb800000,0x00000000eb800000)
  from space 2048K, 81% used [0x00000000ebc00000,0x00000000ebda0020,0x00000000ebe00000)
  to   space 2048K, 0% used [0x00000000eba00000,0x00000000eba00000,0x00000000ebc00000)
 ParOldGen       total 156160K, used 127404K [0x00000000c0000000, 0x00000000c9880000, 0x00000000eab00000)
  object space 156160K, 81% used [0x00000000c0000000,0x00000000c7c6b378,0x00000000c9880000)
 Metaspace       used 78620K, committed 79872K, reserved 1179648K
  class space    used 7920K, committed 8512K, reserved 1048576K
}
Event: 736.510 GC heap after
{Heap after GC invocations=450 (full 17):
 PSYoungGen      total 14848K, used 1488K [0x00000000eab00000, 0x00000000ebc80000, 0x0000000100000000)
  eden space 13312K, 0% used [0x00000000eab00000,0x00000000eab00000,0x00000000eb800000)
  from space 1536K, 96% used [0x00000000eba00000,0x00000000ebb74010,0x00000000ebb80000)
  to   space 1024K, 0% used [0x00000000ebb80000,0x00000000ebb80000,0x00000000ebc80000)
 ParOldGen       total 156160K, used 129017K [0x00000000c0000000, 0x00000000c9880000, 0x00000000eab00000)
  object space 156160K, 82% used [0x00000000c0000000,0x00000000c7dfe458,0x00000000c9880000)
 Metaspace       used 78620K, committed 79872K, reserved 1179648K
  class space    used 7920K, committed 8512K, reserved 1048576K
}
Event: 736.568 GC heap before
{Heap before GC invocations=451 (full 17):
 PSYoungGen      total 14848K, used 14800K [0x00000000eab00000, 0x00000000ebc80000, 0x0000000100000000)
  eden space 13312K, 100% used [0x00000000eab00000,0x00000000eb800000,0x00000000eb800000)
  from space 1536K, 96% used [0x00000000eba00000,0x00000000ebb74010,0x00000000ebb80000)
  to   space 1024K, 0% used [0x00000000ebb80000,0x00000000ebb80000,0x00000000ebc80000)
 ParOldGen       total 156160K, used 129017K [0x00000000c0000000, 0x00000000c9880000, 0x00000000eab00000)
  object space 156160K, 82% used [0x00000000c0000000,0x00000000c7dfe458,0x00000000c9880000)
 Metaspace       used 78620K, committed 79872K, reserved 1179648K
  class space    used 7920K, committed 8512K, reserved 1048576K
}
Event: 736.572 GC heap after
{Heap after GC invocations=451 (full 17):
 PSYoungGen      total 14336K, used 1024K [0x00000000eab00000, 0x00000000ebf00000, 0x0000000100000000)
  eden space 13312K, 0% used [0x00000000eab00000,0x00000000eab00000,0x00000000eb800000)
  from space 1024K, 100% used [0x00000000ebb80000,0x00000000ebc80000,0x00000000ebc80000)
  to   space 3584K, 0% used [0x00000000eb800000,0x00000000eb800000,0x00000000ebb80000)
 ParOldGen       total 156160K, used 131037K [0x00000000c0000000, 0x00000000c9880000, 0x00000000eab00000)
  object space 156160K, 83% used [0x00000000c0000000,0x00000000c7ff7618,0x00000000c9880000)
 Metaspace       used 78620K, committed 79872K, reserved 1179648K
  class space    used 7920K, committed 8512K, reserved 1048576K
}
Event: 736.646 GC heap before
{Heap before GC invocations=452 (full 17):
 PSYoungGen      total 14336K, used 14336K [0x00000000eab00000, 0x00000000ebf00000, 0x0000000100000000)
  eden space 13312K, 100% used [0x00000000eab00000,0x00000000eb800000,0x00000000eb800000)
  from space 1024K, 100% used [0x00000000ebb80000,0x00000000ebc80000,0x00000000ebc80000)
  to   space 3584K, 0% used [0x00000000eb800000,0x00000000eb800000,0x00000000ebb80000)
 ParOldGen       total 156160K, used 131037K [0x00000000c0000000, 0x00000000c9880000, 0x00000000eab00000)
  object space 156160K, 83% used [0x00000000c0000000,0x00000000c7ff7618,0x00000000c9880000)
 Metaspace       used 78620K, committed 79872K, reserved 1179648K
  class space    used 7920K, committed 8512K, reserved 1048576K
}
Event: 736.650 GC heap after
{Heap after GC invocations=452 (full 17):
 PSYoungGen      total 15360K, used 1696K [0x00000000eab00000, 0x00000000ebd00000, 0x0000000100000000)
  eden space 13312K, 0% used [0x00000000eab00000,0x00000000eab00000,0x00000000eb800000)
  from space 2048K, 82% used [0x00000000eb800000,0x00000000eb9a8020,0x00000000eba00000)
  to   space 2560K, 0% used [0x00000000eba80000,0x00000000eba80000,0x00000000ebd00000)
 ParOldGen       total 156160K, used 132069K [0x00000000c0000000, 0x00000000c9880000, 0x00000000eab00000)
  object space 156160K, 84% used [0x00000000c0000000,0x00000000c80f9758,0x00000000c9880000)
 Metaspace       used 78620K, committed 79872K, reserved 1179648K
  class space    used 7920K, committed 8512K, reserved 1048576K
}
Event: 736.756 GC heap before
{Heap before GC invocations=453 (full 17):
 PSYoungGen      total 15360K, used 15008K [0x00000000eab00000, 0x00000000ebd00000, 0x0000000100000000)
  eden space 13312K, 100% used [0x00000000eab00000,0x00000000eb800000,0x00000000eb800000)
  from space 2048K, 82% used [0x00000000eb800000,0x00000000eb9a8020,0x00000000eba00000)
  to   space 2560K, 0% used [0x00000000eba80000,0x00000000eba80000,0x00000000ebd00000)
 ParOldGen       total 156160K, used 132069K [0x00000000c0000000, 0x00000000c9880000, 0x00000000eab00000)
  object space 156160K, 84% used [0x00000000c0000000,0x00000000c80f9758,0x00000000c9880000)
 Metaspace       used 78652K, committed 79872K, reserved 1179648K
  class space    used 7920K, committed 8512K, reserved 1048576K
}
Event: 736.762 GC heap after
{Heap after GC invocations=453 (full 17):
 PSYoungGen      total 12800K, used 2528K [0x00000000eab00000, 0x00000000ec300000, 0x0000000100000000)
  eden space 10240K, 0% used [0x00000000eab00000,0x00000000eab00000,0x00000000eb500000)
  from space 2560K, 98% used [0x00000000eba80000,0x00000000ebcf82c0,0x00000000ebd00000)
  to   space 5632K, 0% used [0x00000000eb500000,0x00000000eb500000,0x00000000eba80000)
 ParOldGen       total 156160K, used 134186K [0x00000000c0000000, 0x00000000c9880000, 0x00000000eab00000)
  object space 156160K, 85% used [0x00000000c0000000,0x00000000c830a918,0x00000000c9880000)
 Metaspace       used 78652K, committed 79872K, reserved 1179648K
  class space    used 7920K, committed 8512K, reserved 1048576K
}
Event: 736.809 GC heap before
{Heap before GC invocations=454 (full 17):
 PSYoungGen      total 12800K, used 12768K [0x00000000eab00000, 0x00000000ec300000, 0x0000000100000000)
  eden space 10240K, 100% used [0x00000000eab00000,0x00000000eb500000,0x00000000eb500000)
  from space 2560K, 98% used [0x00000000eba80000,0x00000000ebcf82c0,0x00000000ebd00000)
  to   space 5632K, 0% used [0x00000000eb500000,0x00000000eb500000,0x00000000eba80000)
 ParOldGen       total 156160K, used 134186K [0x00000000c0000000, 0x00000000c9880000, 0x00000000eab00000)
  object space 156160K, 85% used [0x00000000c0000000,0x00000000c830a918,0x00000000c9880000)
 Metaspace       used 78664K, committed 79872K, reserved 1179648K
  class space    used 7920K, committed 8512K, reserved 1048576K
}
Event: 736.812 GC heap after
{Heap after GC invocations=454 (full 17):
 PSYoungGen      total 10752K, used 96K [0x00000000eab00000, 0x00000000ebb00000, 0x0000000100000000)
  eden space 10240K, 0% used [0x00000000eab00000,0x00000000eab00000,0x00000000eb500000)
  from space 512K, 18% used [0x00000000eb500000,0x00000000eb518000,0x00000000eb580000)
  to   space 2048K, 0% used [0x00000000eb900000,0x00000000eb900000,0x00000000ebb00000)
 ParOldGen       total 156160K, used 136707K [0x00000000c0000000, 0x00000000c9880000, 0x00000000eab00000)
  object space 156160K, 87% used [0x00000000c0000000,0x00000000c8580d40,0x00000000c9880000)
 Metaspace       used 78664K, committed 79872K, reserved 1179648K
  class space    used 7920K, committed 8512K, reserved 1048576K
}
Event: 1014.026 GC heap before
{Heap before GC invocations=455 (full 17):
 PSYoungGen      total 10752K, used 10335K [0x00000000eab00000, 0x00000000ebb00000, 0x0000000100000000)
  eden space 10240K, 99% used [0x00000000eab00000,0x00000000eb4ffff8,0x00000000eb500000)
  from space 512K, 18% used [0x00000000eb500000,0x00000000eb518000,0x00000000eb580000)
  to   space 2048K, 0% used [0x00000000eb900000,0x00000000eb900000,0x00000000ebb00000)
 ParOldGen       total 156160K, used 136707K [0x00000000c0000000, 0x00000000c9880000, 0x00000000eab00000)
  object space 156160K, 87% used [0x00000000c0000000,0x00000000c8580d40,0x00000000c9880000)
 Metaspace       used 78734K, committed 80000K, reserved 1179648K
  class space    used 7923K, committed 8512K, reserved 1048576K
}
Event: 1014.029 GC heap after
{Heap after GC invocations=455 (full 17):
 PSYoungGen      total 10752K, used 192K [0x00000000eab00000, 0x00000000eb980000, 0x0000000100000000)
  eden space 10240K, 0% used [0x00000000eab00000,0x00000000eab00000,0x00000000eb500000)
  from space 512K, 37% used [0x00000000eb900000,0x00000000eb930000,0x00000000eb980000)
  to   space 512K, 0% used [0x00000000eb500000,0x00000000eb500000,0x00000000eb580000)
 ParOldGen       total 156160K, used 136707K [0x00000000c0000000, 0x00000000c9880000, 0x00000000eab00000)
  object space 156160K, 87% used [0x00000000c0000000,0x00000000c8580d40,0x00000000c9880000)
 Metaspace       used 78734K, committed 80000K, reserved 1179648K
  class space    used 7923K, committed 8512K, reserved 1048576K
}

