# JRE version: OpenJDK Runtime Environment Temurin-17.0.7+7 (17.0.7+7) (build 17.0.7+7)
# Java VM: OpenJDK 64-Bit Server VM Temurin-17.0.7+7 (17.0.7+7, mixed mode, tiered, compressed oops, compressed class ptrs, parallel gc, windows-amd64)
GC Precious Log:
 CPUs: 4 total, 4 available
 Memory: 12199M
 Large Page Support: Disabled
 NUMA Support: Disabled
 Compressed Oops: Enabled (32-bit)
 Alignments: Space 512K, Generation 512K, Heap 2M
 Heap Min Capacity: 100M
 Heap Initial Capacity: 100M
 Heap Max Capacity: 1G
 Pre-touch: Disabled
 Parallel Workers: 4
Heap:
 PSYoungGen      total 7680K, used 4300K [0x00000000eab00000, 0x00000000eb600000, 0x0000000100000000)
  eden space 7168K, 58% used [0x00000000eab00000,0x00000000eaf13138,0x00000000eb200000)
  from space 512K, 25% used [0x00000000eb200000,0x00000000eb220000,0x00000000eb280000)
  to   space 512K, 0% used [0x00000000eb580000,0x00000000eb580000,0x00000000eb600000)
 ParOldGen       total 189952K, used 156666K [0x00000000c0000000, 0x00000000cb980000, 0x00000000eab00000)
  object space 189952K, 82% used [0x00000000c0000000,0x00000000c98fe900,0x00000000cb980000)
 Metaspace       used 91821K, committed 93120K, reserved 1179648K
  class space    used 9444K, committed 10048K, reserved 1048576K
GC Heap History (20 events):
Event: 371.907 GC heap before
{Heap before GC invocations=1437 (full 41):
 PSYoungGen      total 11264K, used 10752K [0x00000000eab00000, 0x00000000eb900000, 0x0000000100000000)
  eden space 10752K, 100% used [0x00000000eab00000,0x00000000eb580000,0x00000000eb580000)
  from space 512K, 0% used [0x00000000eb880000,0x00000000eb880000,0x00000000eb900000)
  to   space 1536K, 0% used [0x00000000eb600000,0x00000000eb600000,0x00000000eb780000)
 ParOldGen       total 189952K, used 143262K [0x00000000c0000000, 0x00000000cb980000, 0x00000000eab00000)
  object space 189952K, 75% used [0x00000000c0000000,0x00000000c8be7b58,0x00000000cb980000)
 Metaspace       used 91794K, committed 93120K, reserved 1179648K
  class space    used 9444K, committed 10048K, reserved 1048576K
}
Event: 371.909 GC heap after
{Heap after GC invocations=1437 (full 41):
 PSYoungGen      total 12288K, used 1056K [0x00000000eab00000, 0x00000000eb900000, 0x0000000100000000)
  eden space 10752K, 0% used [0x00000000eab00000,0x00000000eab00000,0x00000000eb580000)
  from space 1536K, 68% used [0x00000000eb600000,0x00000000eb708040,0x00000000eb780000)
  to   space 1536K, 0% used [0x00000000eb780000,0x00000000eb780000,0x00000000eb900000)
 ParOldGen       total 189952K, used 143262K [0x00000000c0000000, 0x00000000cb980000, 0x00000000eab00000)
  object space 189952K, 75% used [0x00000000c0000000,0x00000000c8be7b58,0x00000000cb980000)
 Metaspace       used 91794K, committed 93120K, reserved 1179648K
  class space    used 9444K, committed 10048K, reserved 1048576K
}
Event: 371.943 GC heap before
{Heap before GC invocations=1438 (full 41):
 PSYoungGen      total 12288K, used 11808K [0x00000000eab00000, 0x00000000eb900000, 0x0000000100000000)
  eden space 10752K, 100% used [0x00000000eab00000,0x00000000eb580000,0x00000000eb580000)
  from space 1536K, 68% used [0x00000000eb600000,0x00000000eb708040,0x00000000eb780000)
  to   space 1536K, 0% used [0x00000000eb780000,0x00000000eb780000,0x00000000eb900000)
 ParOldGen       total 189952K, used 143262K [0x00000000c0000000, 0x00000000cb980000, 0x00000000eab00000)
  object space 189952K, 75% used [0x00000000c0000000,0x00000000c8be7b58,0x00000000cb980000)
 Metaspace       used 91794K, committed 93120K, reserved 1179648K
  class space    used 9444K, committed 10048K, reserved 1048576K
}
Event: 371.947 GC heap after
{Heap after GC invocations=1438 (full 41):
 PSYoungGen      total 11776K, used 1520K [0x00000000eab00000, 0x00000000eba80000, 0x0000000100000000)
  eden space 10240K, 0% used [0x00000000eab00000,0x00000000eab00000,0x00000000eb500000)
  from space 1536K, 98% used [0x00000000eb780000,0x00000000eb8fc050,0x00000000eb900000)
  to   space 2560K, 0% used [0x00000000eb500000,0x00000000eb500000,0x00000000eb780000)
 ParOldGen       total 189952K, used 143790K [0x00000000c0000000, 0x00000000cb980000, 0x00000000eab00000)
  object space 189952K, 75% used [0x00000000c0000000,0x00000000c8c6bba8,0x00000000cb980000)
 Metaspace       used 91794K, committed 93120K, reserved 1179648K
  class space    used 9444K, committed 10048K, reserved 1048576K
}
Event: 371.980 GC heap before
{Heap before GC invocations=1439 (full 41):
 PSYoungGen      total 11776K, used 11760K [0x00000000eab00000, 0x00000000eba80000, 0x0000000100000000)
  eden space 10240K, 100% used [0x00000000eab00000,0x00000000eb500000,0x00000000eb500000)
  from space 1536K, 98% used [0x00000000eb780000,0x00000000eb8fc050,0x00000000eb900000)
  to   space 2560K, 0% used [0x00000000eb500000,0x00000000eb500000,0x00000000eb780000)
 ParOldGen       total 189952K, used 143790K [0x00000000c0000000, 0x00000000cb980000, 0x00000000eab00000)
  object space 189952K, 75% used [0x00000000c0000000,0x00000000c8c6bba8,0x00000000cb980000)
 Metaspace       used 91794K, committed 93120K, reserved 1179648K
  class space    used 9444K, committed 10048K, reserved 1048576K
}
Event: 371.986 GC heap after
{Heap after GC invocations=1439 (full 41):
 PSYoungGen      total 11776K, used 1184K [0x00000000eab00000, 0x00000000eb800000, 0x0000000100000000)
  eden space 10240K, 0% used [0x00000000eab00000,0x00000000eab00000,0x00000000eb500000)
  from space 1536K, 77% used [0x00000000eb500000,0x00000000eb628040,0x00000000eb680000)
  to   space 1536K, 0% used [0x00000000eb680000,0x00000000eb680000,0x00000000eb800000)
 ParOldGen       total 189952K, used 145310K [0x00000000c0000000, 0x00000000cb980000, 0x00000000eab00000)
  object space 189952K, 76% used [0x00000000c0000000,0x00000000c8de7be8,0x00000000cb980000)
 Metaspace       used 91794K, committed 93120K, reserved 1179648K
  class space    used 9444K, committed 10048K, reserved 1048576K
}
Event: 372.016 GC heap before
{Heap before GC invocations=1440 (full 41):
 PSYoungGen      total 11776K, used 11424K [0x00000000eab00000, 0x00000000eb800000, 0x0000000100000000)
  eden space 10240K, 100% used [0x00000000eab00000,0x00000000eb500000,0x00000000eb500000)
  from space 1536K, 77% used [0x00000000eb500000,0x00000000eb628040,0x00000000eb680000)
  to   space 1536K, 0% used [0x00000000eb680000,0x00000000eb680000,0x00000000eb800000)
 ParOldGen       total 189952K, used 145310K [0x00000000c0000000, 0x00000000cb980000, 0x00000000eab00000)
  object space 189952K, 76% used [0x00000000c0000000,0x00000000c8de7be8,0x00000000cb980000)
 Metaspace       used 91794K, committed 93120K, reserved 1179648K
  class space    used 9444K, committed 10048K, reserved 1048576K
}
Event: 372.019 GC heap after
{Heap after GC invocations=1440 (full 41):
 PSYoungGen      total 11776K, used 912K [0x00000000eab00000, 0x00000000eb800000, 0x0000000100000000)
  eden space 10240K, 0% used [0x00000000eab00000,0x00000000eab00000,0x00000000eb500000)
  from space 1536K, 59% used [0x00000000eb680000,0x00000000eb764030,0x00000000eb800000)
  to   space 1536K, 0% used [0x00000000eb500000,0x00000000eb500000,0x00000000eb680000)
 ParOldGen       total 189952K, used 146415K [0x00000000c0000000, 0x00000000cb980000, 0x00000000eab00000)
  object space 189952K, 77% used [0x00000000c0000000,0x00000000c8efbc58,0x00000000cb980000)
 Metaspace       used 91794K, committed 93120K, reserved 1179648K
  class space    used 9444K, committed 10048K, reserved 1048576K
}
Event: 372.066 GC heap before
{Heap before GC invocations=1441 (full 41):
 PSYoungGen      total 11776K, used 11152K [0x00000000eab00000, 0x00000000eb800000, 0x0000000100000000)
  eden space 10240K, 100% used [0x00000000eab00000,0x00000000eb500000,0x00000000eb500000)
  from space 1536K, 59% used [0x00000000eb680000,0x00000000eb764030,0x00000000eb800000)
  to   space 1536K, 0% used [0x00000000eb500000,0x00000000eb500000,0x00000000eb680000)
 ParOldGen       total 189952K, used 146415K [0x00000000c0000000, 0x00000000cb980000, 0x00000000eab00000)
  object space 189952K, 77% used [0x00000000c0000000,0x00000000c8efbc58,0x00000000cb980000)
 Metaspace       used 91794K, committed 93120K, reserved 1179648K
  class space    used 9444K, committed 10048K, reserved 1048576K
}
Event: 372.071 GC heap after
{Heap after GC invocations=1441 (full 41):
 PSYoungGen      total 11776K, used 1440K [0x00000000eab00000, 0x00000000eb800000, 0x0000000100000000)
  eden space 10240K, 0% used [0x00000000eab00000,0x00000000eab00000,0x00000000eb500000)
  from space 1536K, 93% used [0x00000000eb500000,0x00000000eb668020,0x00000000eb680000)
  to   space 1536K, 0% used [0x00000000eb680000,0x00000000eb680000,0x00000000eb800000)
 ParOldGen       total 189952K, used 147243K [0x00000000c0000000, 0x00000000cb980000, 0x00000000eab00000)
  object space 189952K, 77% used [0x00000000c0000000,0x00000000c8fcac88,0x00000000cb980000)
 Metaspace       used 91794K, committed 93120K, reserved 1179648K
  class space    used 9444K, committed 10048K, reserved 1048576K
}
Event: 372.115 GC heap before
{Heap before GC invocations=1442 (full 41):
 PSYoungGen      total 11776K, used 11680K [0x00000000eab00000, 0x00000000eb800000, 0x0000000100000000)
  eden space 10240K, 100% used [0x00000000eab00000,0x00000000eb500000,0x00000000eb500000)
  from space 1536K, 93% used [0x00000000eb500000,0x00000000eb668020,0x00000000eb680000)
  to   space 1536K, 0% used [0x00000000eb680000,0x00000000eb680000,0x00000000eb800000)
 ParOldGen       total 189952K, used 147243K [0x00000000c0000000, 0x00000000cb980000, 0x00000000eab00000)
  object space 189952K, 77% used [0x00000000c0000000,0x00000000c8fcac88,0x00000000cb980000)
 Metaspace       used 91794K, committed 93120K, reserved 1179648K
  class space    used 9444K, committed 10048K, reserved 1048576K
}
Event: 372.118 GC heap after
{Heap after GC invocations=1442 (full 41):
 PSYoungGen      total 11776K, used 1056K [0x00000000eab00000, 0x00000000eb800000, 0x0000000100000000)
  eden space 10240K, 0% used [0x00000000eab00000,0x00000000eab00000,0x00000000eb500000)
  from space 1536K, 68% used [0x00000000eb680000,0x00000000eb788000,0x00000000eb800000)
  to   space 1536K, 0% used [0x00000000eb500000,0x00000000eb500000,0x00000000eb680000)
 ParOldGen       total 189952K, used 148615K [0x00000000c0000000, 0x00000000cb980000, 0x00000000eab00000)
  object space 189952K, 78% used [0x00000000c0000000,0x00000000c9121d88,0x00000000cb980000)
 Metaspace       used 91794K, committed 93120K, reserved 1179648K
  class space    used 9444K, committed 10048K, reserved 1048576K
}
Event: 372.155 GC heap before
{Heap before GC invocations=1443 (full 41):
 PSYoungGen      total 11776K, used 11296K [0x00000000eab00000, 0x00000000eb800000, 0x0000000100000000)
  eden space 10240K, 100% used [0x00000000eab00000,0x00000000eb500000,0x00000000eb500000)
  from space 1536K, 68% used [0x00000000eb680000,0x00000000eb788000,0x00000000eb800000)
  to   space 1536K, 0% used [0x00000000eb500000,0x00000000eb500000,0x00000000eb680000)
 ParOldGen       total 189952K, used 148615K [0x00000000c0000000, 0x00000000cb980000, 0x00000000eab00000)
  object space 189952K, 78% used [0x00000000c0000000,0x00000000c9121d88,0x00000000cb980000)
 Metaspace       used 91794K, committed 93120K, reserved 1179648K
  class space    used 9444K, committed 10048K, reserved 1048576K
}
Event: 372.157 GC heap after
{Heap after GC invocations=1443 (full 41):
 PSYoungGen      total 11776K, used 1120K [0x00000000eab00000, 0x00000000eb800000, 0x0000000100000000)
  eden space 10240K, 0% used [0x00000000eab00000,0x00000000eab00000,0x00000000eb500000)
  from space 1536K, 72% used [0x00000000eb500000,0x00000000eb618020,0x00000000eb680000)
  to   space 1536K, 0% used [0x00000000eb680000,0x00000000eb680000,0x00000000eb800000)
 ParOldGen       total 189952K, used 149603K [0x00000000c0000000, 0x00000000cb980000, 0x00000000eab00000)
  object space 189952K, 78% used [0x00000000c0000000,0x00000000c9218eb8,0x00000000cb980000)
 Metaspace       used 91794K, committed 93120K, reserved 1179648K
  class space    used 9444K, committed 10048K, reserved 1048576K
}
Event: 372.186 GC heap before
{Heap before GC invocations=1444 (full 41):
 PSYoungGen      total 11776K, used 11360K [0x00000000eab00000, 0x00000000eb800000, 0x0000000100000000)
  eden space 10240K, 100% used [0x00000000eab00000,0x00000000eb500000,0x00000000eb500000)
  from space 1536K, 72% used [0x00000000eb500000,0x00000000eb618020,0x00000000eb680000)
  to   space 1536K, 0% used [0x00000000eb680000,0x00000000eb680000,0x00000000eb800000)
 ParOldGen       total 189952K, used 149603K [0x00000000c0000000, 0x00000000cb980000, 0x00000000eab00000)
  object space 189952K, 78% used [0x00000000c0000000,0x00000000c9218eb8,0x00000000cb980000)
 Metaspace       used 91794K, committed 93120K, reserved 1179648K
  class space    used 9444K, committed 10048K, reserved 1048576K
}
Event: 372.190 GC heap after
{Heap after GC invocations=1444 (full 41):
 PSYoungGen      total 11776K, used 1520K [0x00000000eab00000, 0x00000000eb800000, 0x0000000100000000)
  eden space 10240K, 0% used [0x00000000eab00000,0x00000000eab00000,0x00000000eb500000)
  from space 1536K, 98% used [0x00000000eb680000,0x00000000eb7fc010,0x00000000eb800000)
  to   space 1536K, 0% used [0x00000000eb500000,0x00000000eb500000,0x00000000eb680000)
 ParOldGen       total 189952K, used 150363K [0x00000000c0000000, 0x00000000cb980000, 0x00000000eab00000)
  object space 189952K, 79% used [0x00000000c0000000,0x00000000c92d6f08,0x00000000cb980000)
 Metaspace       used 91794K, committed 93120K, reserved 1179648K
  class space    used 9444K, committed 10048K, reserved 1048576K
}
Event: 372.232 GC heap before
{Heap before GC invocations=1445 (full 41):
 PSYoungGen      total 11776K, used 11760K [0x00000000eab00000, 0x00000000eb800000, 0x0000000100000000)
  eden space 10240K, 100% used [0x00000000eab00000,0x00000000eb500000,0x00000000eb500000)
  from space 1536K, 98% used [0x00000000eb680000,0x00000000eb7fc010,0x00000000eb800000)
  to   space 1536K, 0% used [0x00000000eb500000,0x00000000eb500000,0x00000000eb680000)
 ParOldGen       total 189952K, used 150363K [0x00000000c0000000, 0x00000000cb980000, 0x00000000eab00000)
  object space 189952K, 79% used [0x00000000c0000000,0x00000000c92d6f08,0x00000000cb980000)
 Metaspace       used 91794K, committed 93120K, reserved 1179648K
  class space    used 9444K, committed 10048K, reserved 1048576K
}
Event: 372.235 GC heap after
{Heap after GC invocations=1445 (full 41):
 PSYoungGen      total 11776K, used 1440K [0x00000000eab00000, 0x00000000eb900000, 0x0000000100000000)
  eden space 10240K, 0% used [0x00000000eab00000,0x00000000eab00000,0x00000000eb500000)
  from space 1536K, 93% used [0x00000000eb500000,0x00000000eb668020,0x00000000eb680000)
  to   space 2048K, 0% used [0x00000000eb700000,0x00000000eb700000,0x00000000eb900000)
 ParOldGen       total 189952K, used 151892K [0x00000000c0000000, 0x00000000cb980000, 0x00000000eab00000)
  object space 189952K, 79% used [0x00000000c0000000,0x00000000c9455068,0x00000000cb980000)
 Metaspace       used 91794K, committed 93120K, reserved 1179648K
  class space    used 9444K, committed 10048K, reserved 1048576K
}
Event: 372.267 GC heap before
{Heap before GC invocations=1446 (full 41):
 PSYoungGen      total 11776K, used 11680K [0x00000000eab00000, 0x00000000eb900000, 0x0000000100000000)
  eden space 10240K, 100% used [0x00000000eab00000,0x00000000eb500000,0x00000000eb500000)
  from space 1536K, 93% used [0x00000000eb500000,0x00000000eb668020,0x00000000eb680000)
  to   space 2048K, 0% used [0x00000000eb700000,0x00000000eb700000,0x00000000eb900000)
 ParOldGen       total 189952K, used 151892K [0x00000000c0000000, 0x00000000cb980000, 0x00000000eab00000)
  object space 189952K, 79% used [0x00000000c0000000,0x00000000c9455068,0x00000000cb980000)
 Metaspace       used 91814K, committed 93120K, reserved 1179648K
  class space    used 9444K, committed 10048K, reserved 1048576K
}
Event: 372.271 GC heap after
{Heap after GC invocations=1446 (full 41):
 PSYoungGen      total 9216K, used 2028K [0x00000000eab00000, 0x00000000ebf00000, 0x0000000100000000)
  eden space 7168K, 0% used [0x00000000eab00000,0x00000000eab00000,0x00000000eb200000)
  from space 2048K, 99% used [0x00000000eb700000,0x00000000eb8fb2b0,0x00000000eb900000)
  to   space 5120K, 0% used [0x00000000eb200000,0x00000000eb200000,0x00000000eb700000)
 ParOldGen       total 189952K, used 154218K [0x00000000c0000000, 0x00000000cb980000, 0x00000000eab00000)
  object space 189952K, 81% used [0x00000000c0000000,0x00000000c969ab28,0x00000000cb980000)
 Metaspace       used 91814K, committed 93120K, reserved 1179648K
  class space    used 9444K, committed 10048K, reserved 1048576K
}

