# JRE version: OpenJDK Runtime Environment Temurin-17.0.7+7 (17.0.7+7) (build 17.0.7+7)
# Java VM: OpenJDK 64-Bit Server VM Temurin-17.0.7+7 (17.0.7+7, mixed mode, emulated-client, tiered, compressed oops, compressed class ptrs, g1 gc, windows-amd64)
GC Precious Log:
 CPUs: 4 total, 4 available
 Memory: 12199M
 Large Page Support: Disabled
 NUMA Support: Disabled
 Compressed Oops: Enabled (32-bit)
 Heap Region Size: 1M
 Heap Min Capacity: 8M
 Heap Initial Capacity: 192M
 Heap Max Capacity: 1G
 Pre-touch: Disabled
 Parallel Workers: 4
 Concurrent Workers: 1
 Concurrent Refinement Workers: 4
 Periodic GC: Disabled
Heap:
 garbage-first heap   total 523264K, used 329357K [0x00000000c0000000, 0x0000000100000000)
  region size 1024K, 156 young (159744K), 25 survivors (25600K)
 Metaspace       used 58331K, committed 58816K, reserved 1114112K
  class space    used 7453K, committed 7680K, reserved 1048576K
GC Heap History (20 events):
Event: 33.623 GC heap before
{Heap before GC invocations=28 (full 0):
 garbage-first heap   total 235520K, used 157182K [0x00000000c0000000, 0x0000000100000000)
  region size 1024K, 63 young (64512K), 2 survivors (2048K)
 Metaspace       used 45969K, committed 46400K, reserved 1114112K
  class space    used 5776K, committed 5952K, reserved 1048576K
}
Event: 33.627 GC heap after
{Heap after GC invocations=29 (full 0):
 garbage-first heap   total 235520K, used 97348K [0x00000000c0000000, 0x0000000100000000)
  region size 1024K, 3 young (3072K), 3 survivors (3072K)
 Metaspace       used 45969K, committed 46400K, reserved 1114112K
  class space    used 5776K, committed 5952K, reserved 1048576K
}
Event: 33.682 GC heap before
{Heap before GC invocations=29 (full 0):
 garbage-first heap   total 235520K, used 163908K [0x00000000c0000000, 0x0000000100000000)
  region size 1024K, 69 young (70656K), 3 survivors (3072K)
 Metaspace       used 46118K, committed 46528K, reserved 1114112K
  class space    used 5797K, committed 5952K, reserved 1048576K
}
Event: 33.687 GC heap after
{Heap after GC invocations=30 (full 0):
 garbage-first heap   total 235520K, used 99845K [0x00000000c0000000, 0x0000000100000000)
  region size 1024K, 6 young (6144K), 6 survivors (6144K)
 Metaspace       used 46118K, committed 46528K, reserved 1114112K
  class space    used 5797K, committed 5952K, reserved 1048576K
}
Event: 33.742 GC heap before
{Heap before GC invocations=30 (full 0):
 garbage-first heap   total 235520K, used 172549K [0x00000000c0000000, 0x0000000100000000)
  region size 1024K, 78 young (79872K), 6 survivors (6144K)
 Metaspace       used 46390K, committed 46848K, reserved 1114112K
  class space    used 5836K, committed 6016K, reserved 1048576K
}
Event: 33.753 GC heap after
{Heap after GC invocations=31 (full 0):
 garbage-first heap   total 523264K, used 103139K [0x00000000c0000000, 0x0000000100000000)
  region size 1024K, 6 young (6144K), 6 survivors (6144K)
 Metaspace       used 46390K, committed 46848K, reserved 1114112K
  class space    used 5836K, committed 6016K, reserved 1048576K
}
Event: 34.177 GC heap before
{Heap before GC invocations=31 (full 0):
 garbage-first heap   total 523264K, used 376547K [0x00000000c0000000, 0x0000000100000000)
  region size 1024K, 274 young (280576K), 6 survivors (6144K)
 Metaspace       used 46539K, committed 46976K, reserved 1114112K
  class space    used 5856K, committed 6016K, reserved 1048576K
}
Event: 34.198 GC heap after
{Heap after GC invocations=32 (full 0):
 garbage-first heap   total 523264K, used 113260K [0x00000000c0000000, 0x0000000100000000)
  region size 1024K, 16 young (16384K), 16 survivors (16384K)
 Metaspace       used 46539K, committed 46976K, reserved 1114112K
  class space    used 5856K, committed 6016K, reserved 1048576K
}
Event: 34.579 GC heap before
{Heap before GC invocations=32 (full 0):
 garbage-first heap   total 523264K, used 396908K [0x00000000c0000000, 0x0000000100000000)
  region size 1024K, 294 young (301056K), 16 survivors (16384K)
 Metaspace       used 47107K, committed 47552K, reserved 1114112K
  class space    used 5944K, committed 6144K, reserved 1048576K
}
Event: 34.611 GC heap after
{Heap after GC invocations=33 (full 0):
 garbage-first heap   total 523264K, used 126803K [0x00000000c0000000, 0x0000000100000000)
  region size 1024K, 29 young (29696K), 29 survivors (29696K)
 Metaspace       used 47107K, committed 47552K, reserved 1114112K
  class space    used 5944K, committed 6144K, reserved 1048576K
}
Event: 35.021 GC heap before
{Heap before GC invocations=33 (full 0):
 garbage-first heap   total 523264K, used 406355K [0x00000000c0000000, 0x0000000100000000)
  region size 1024K, 303 young (310272K), 29 survivors (29696K)
 Metaspace       used 47328K, committed 47808K, reserved 1114112K
  class space    used 5973K, committed 6208K, reserved 1048576K
}
Event: 35.059 GC heap after
{Heap after GC invocations=34 (full 0):
 garbage-first heap   total 523264K, used 137847K [0x00000000c0000000, 0x0000000100000000)
  region size 1024K, 25 young (25600K), 25 survivors (25600K)
 Metaspace       used 47328K, committed 47808K, reserved 1114112K
  class space    used 5973K, committed 6208K, reserved 1048576K
}
Event: 35.463 GC heap before
{Heap before GC invocations=34 (full 0):
 garbage-first heap   total 523264K, used 416375K [0x00000000c0000000, 0x0000000100000000)
  region size 1024K, 298 young (305152K), 25 survivors (25600K)
 Metaspace       used 48107K, committed 48576K, reserved 1114112K
  class space    used 6037K, committed 6272K, reserved 1048576K
}
Event: 35.483 GC heap after
{Heap after GC invocations=35 (full 0):
 garbage-first heap   total 523264K, used 151139K [0x00000000c0000000, 0x0000000100000000)
  region size 1024K, 24 young (24576K), 24 survivors (24576K)
 Metaspace       used 48107K, committed 48576K, reserved 1114112K
  class space    used 6037K, committed 6272K, reserved 1048576K
}
Event: 35.949 GC heap before
{Heap before GC invocations=35 (full 0):
 garbage-first heap   total 523264K, used 423523K [0x00000000c0000000, 0x0000000100000000)
  region size 1024K, 291 young (297984K), 24 survivors (24576K)
 Metaspace       used 48525K, committed 48960K, reserved 1114112K
  class space    used 6074K, committed 6272K, reserved 1048576K
}
Event: 35.966 GC heap after
{Heap after GC invocations=36 (full 0):
 garbage-first heap   total 523264K, used 169613K [0x00000000c0000000, 0x0000000100000000)
  region size 1024K, 30 young (30720K), 30 survivors (30720K)
 Metaspace       used 48525K, committed 48960K, reserved 1114112K
  class space    used 6074K, committed 6272K, reserved 1048576K
}
Event: 36.500 GC heap before
{Heap before GC invocations=36 (full 0):
 garbage-first heap   total 523264K, used 426637K [0x00000000c0000000, 0x0000000100000000)
  region size 1024K, 281 young (287744K), 30 survivors (30720K)
 Metaspace       used 50102K, committed 50624K, reserved 1114112K
  class space    used 6278K, committed 6528K, reserved 1048576K
}
Event: 36.519 GC heap after
{Heap after GC invocations=37 (full 0):
 garbage-first heap   total 523264K, used 182925K [0x00000000c0000000, 0x0000000100000000)
  region size 1024K, 29 young (29696K), 29 survivors (29696K)
 Metaspace       used 50102K, committed 50624K, reserved 1114112K
  class space    used 6278K, committed 6528K, reserved 1048576K
}
Event: 37.208 GC heap before
{Heap before GC invocations=37 (full 0):
 garbage-first heap   total 523264K, used 430733K [0x00000000c0000000, 0x0000000100000000)
  region size 1024K, 272 young (278528K), 29 survivors (29696K)
 Metaspace       used 57571K, committed 58048K, reserved 1114112K
  class space    used 7322K, committed 7552K, reserved 1048576K
}
Event: 37.227 GC heap after
{Heap after GC invocations=38 (full 0):
 garbage-first heap   total 523264K, used 197261K [0x00000000c0000000, 0x0000000100000000)
  region size 1024K, 25 young (25600K), 25 survivors (25600K)
 Metaspace       used 57571K, committed 58048K, reserved 1114112K
  class space    used 7322K, committed 7552K, reserved 1048576K
}

