# JRE version: Java(TM) SE Runtime Environment 18.9 (11.0.9+7) (build 11.0.9+7-LTS)
# Java VM: Java HotSpot(TM) 64-Bit Server VM 18.9 (11.0.9+7-LTS, mixed mode, tiered, compressed oops, g1 gc, windows-amd64)
Heap:
 garbage-first heap   total 236544K, used 55521K [0x0000000741600000, 0x0000000800000000)
  region size 1024K, 30 young (30720K), 8 survivors (8192K)
 Metaspace       used 59651K, capacity 61096K, committed 61232K, reserved 1101824K
  class space    used 7370K, capacity 7945K, committed 8064K, reserved 1048576K
GC Heap History (10 events):
Event: 8.648 GC heap before
{Heap before GC invocations=7 (full 0):
 garbage-first heap   total 236544K, used 124429K [0x0000000741600000, 0x0000000800000000)
  region size 1024K, 114 young (116736K), 7 survivors (7168K)
 Metaspace       used 32231K, capacity 32983K, committed 33200K, reserved 1079296K
  class space    used 3721K, capacity 4058K, committed 4096K, reserved 1048576K
}
Event: 8.660 GC heap after
{Heap after GC invocations=8 (full 0):
 garbage-first heap   total 236544K, used 18459K [0x0000000741600000, 0x0000000800000000)
  region size 1024K, 10 young (10240K), 10 survivors (10240K)
 Metaspace       used 32231K, capacity 32983K, committed 33200K, reserved 1079296K
  class space    used 3721K, capacity 4058K, committed 4096K, reserved 1048576K
}
Event: 9.808 GC heap before
{Heap before GC invocations=8 (full 0):
 garbage-first heap   total 236544K, used 69659K [0x0000000741600000, 0x0000000800000000)
  region size 1024K, 61 young (62464K), 10 survivors (10240K)
 Metaspace       used 34705K, capacity 35540K, committed 35632K, reserved 1081344K
  class space    used 4060K, capacity 4397K, committed 4480K, reserved 1048576K
}
Event: 9.824 GC heap after
{Heap after GC invocations=9 (full 0):
 garbage-first heap   total 236544K, used 19871K [0x0000000741600000, 0x0000000800000000)
  region size 1024K, 9 young (9216K), 9 survivors (9216K)
 Metaspace       used 34705K, capacity 35540K, committed 35632K, reserved 1081344K
  class space    used 4060K, capacity 4397K, committed 4480K, reserved 1048576K
}
Event: 15.275 GC heap before
{Heap before GC invocations=10 (full 0):
 garbage-first heap   total 236544K, used 150943K [0x0000000741600000, 0x0000000800000000)
  region size 1024K, 138 young (141312K), 9 survivors (9216K)
 Metaspace       used 43159K, capacity 44271K, committed 44464K, reserved 1087488K
  class space    used 5148K, capacity 5612K, committed 5632K, reserved 1048576K
}
Event: 15.297 GC heap after
{Heap after GC invocations=11 (full 0):
 garbage-first heap   total 236544K, used 26443K [0x0000000741600000, 0x0000000800000000)
  region size 1024K, 16 young (16384K), 16 survivors (16384K)
 Metaspace       used 43159K, capacity 44271K, committed 44464K, reserved 1087488K
  class space    used 5148K, capacity 5612K, committed 5632K, reserved 1048576K
}
Event: 18.740 GC heap before
{Heap before GC invocations=11 (full 0):
 garbage-first heap   total 236544K, used 151371K [0x0000000741600000, 0x0000000800000000)
  region size 1024K, 138 young (141312K), 16 survivors (16384K)
 Metaspace       used 46703K, capacity 47923K, committed 48048K, reserved 1091584K
  class space    used 5579K, capacity 6055K, committed 6144K, reserved 1048576K
}
Event: 18.761 GC heap after
{Heap after GC invocations=12 (full 0):
 garbage-first heap   total 236544K, used 29433K [0x0000000741600000, 0x0000000800000000)
  region size 1024K, 12 young (12288K), 12 survivors (12288K)
 Metaspace       used 46703K, capacity 47923K, committed 48048K, reserved 1091584K
  class space    used 5579K, capacity 6055K, committed 6144K, reserved 1048576K
}
Event: 23.214 GC heap before
{Heap before GC invocations=12 (full 0):
 garbage-first heap   total 236544K, used 157433K [0x0000000741600000, 0x0000000800000000)
  region size 1024K, 138 young (141312K), 12 survivors (12288K)
 Metaspace       used 58260K, capacity 59650K, committed 59696K, reserved 1101824K
  class space    used 7213K, capacity 7767K, committed 7808K, reserved 1048576K
}
Event: 23.231 GC heap after
{Heap after GC invocations=13 (full 0):
 garbage-first heap   total 236544K, used 34017K [0x0000000741600000, 0x0000000800000000)
  region size 1024K, 8 young (8192K), 8 survivors (8192K)
 Metaspace       used 58260K, capacity 59650K, committed 59696K, reserved 1101824K
  class space    used 7213K, capacity 7767K, committed 7808K, reserved 1048576K
}

