# JRE version: OpenJDK Runtime Environment Temurin-17.0.7+7 (17.0.7+7) (build 17.0.7+7)
# Java VM: OpenJDK 64-Bit Server VM Temurin-17.0.7+7 (17.0.7+7, mixed mode, emulated-client, tiered, compressed oops, compressed class ptrs, g1 gc, windows-amd64)
GC Precious Log:
 CPUs: 4 total, 4 available
 Memory: 12199M
 Large Page Support: Disabled
 NUMA Support: Disabled
 Compressed Oops: Enabled (32-bit)
 Heap Region Size: 1M
 Heap Min Capacity: 8M
 Heap Initial Capacity: 192M
 Heap Max Capacity: 1G
 Pre-touch: Disabled
 Parallel Workers: 4
 Concurrent Workers: 1
 Concurrent Refinement Workers: 4
 Periodic GC: Disabled
Heap:
 garbage-first heap   total 506880K, used 148280K [0x00000000c0000000, 0x0000000100000000)
  region size 1024K, 2 young (2048K), 2 survivors (2048K)
 Metaspace       used 76079K, committed 77056K, reserved 1179648K
  class space    used 10410K, committed 10816K, reserved 1048576K
GC Heap History (20 events):
Event: 316.490 GC heap after
{Heap after GC invocations=148 (full 9):
 garbage-first heap   total 427008K, used 136693K [0x00000000c0000000, 0x0000000100000000)
  region size 1024K, 2 young (2048K), 2 survivors (2048K)
 Metaspace       used 76054K, committed 76672K, reserved 1179648K
  class space    used 10411K, committed 10688K, reserved 1048576K
}
Event: 364.705 GC heap before
{Heap before GC invocations=148 (full 9):
 garbage-first heap   total 427008K, used 335349K [0x00000000c0000000, 0x0000000100000000)
  region size 1024K, 196 young (200704K), 2 survivors (2048K)
 Metaspace       used 76167K, committed 76864K, reserved 1179648K
  class space    used 10425K, committed 10752K, reserved 1048576K
}
Event: 364.725 GC heap after
{Heap after GC invocations=149 (full 9):
 garbage-first heap   total 427008K, used 152897K [0x00000000c0000000, 0x0000000100000000)
  region size 1024K, 18 young (18432K), 18 survivors (18432K)
 Metaspace       used 76167K, committed 76864K, reserved 1179648K
  class space    used 10425K, committed 10752K, reserved 1048576K
}
Event: 367.332 GC heap before
{Heap before GC invocations=149 (full 9):
 garbage-first heap   total 427008K, used 334145K [0x00000000c0000000, 0x0000000100000000)
  region size 1024K, 196 young (200704K), 18 survivors (18432K)
 Metaspace       used 76167K, committed 76864K, reserved 1179648K
  class space    used 10425K, committed 10752K, reserved 1048576K
}
Event: 367.367 GC heap after
{Heap after GC invocations=150 (full 9):
 garbage-first heap   total 427008K, used 158804K [0x00000000c0000000, 0x0000000100000000)
  region size 1024K, 14 young (14336K), 14 survivors (14336K)
 Metaspace       used 76167K, committed 76864K, reserved 1179648K
  class space    used 10425K, committed 10752K, reserved 1048576K
}
Event: 375.872 GC heap before
{Heap before GC invocations=150 (full 9):
 garbage-first heap   total 427008K, used 335956K [0x00000000c0000000, 0x0000000100000000)
  region size 1024K, 188 young (192512K), 14 survivors (14336K)
 Metaspace       used 76343K, committed 77056K, reserved 1179648K
  class space    used 10467K, committed 10816K, reserved 1048576K
}
Event: 375.884 GC heap after
{Heap after GC invocations=151 (full 9):
 garbage-first heap   total 427008K, used 154535K [0x00000000c0000000, 0x0000000100000000)
  region size 1024K, 6 young (6144K), 6 survivors (6144K)
 Metaspace       used 76343K, committed 77056K, reserved 1179648K
  class space    used 10467K, committed 10816K, reserved 1048576K
}
Event: 376.829 GC heap before
{Heap before GC invocations=152 (full 9):
 garbage-first heap   total 427008K, used 335783K [0x00000000c0000000, 0x0000000100000000)
  region size 1024K, 189 young (193536K), 6 survivors (6144K)
 Metaspace       used 76079K, committed 77056K, reserved 1179648K
  class space    used 10410K, committed 10816K, reserved 1048576K
}
Event: 376.855 GC heap after
{Heap after GC invocations=153 (full 9):
 garbage-first heap   total 427008K, used 175428K [0x00000000c0000000, 0x0000000100000000)
  region size 1024K, 24 young (24576K), 24 survivors (24576K)
 Metaspace       used 76079K, committed 77056K, reserved 1179648K
  class space    used 10410K, committed 10816K, reserved 1048576K
}
Event: 376.857 GC heap before
{Heap before GC invocations=153 (full 9):
 garbage-first heap   total 427008K, used 175428K [0x00000000c0000000, 0x0000000100000000)
  region size 1024K, 25 young (25600K), 24 survivors (24576K)
 Metaspace       used 76079K, committed 77056K, reserved 1179648K
  class space    used 10410K, committed 10816K, reserved 1048576K
}
Event: 376.878 GC heap after
{Heap after GC invocations=154 (full 9):
 garbage-first heap   total 427008K, used 164724K [0x00000000c0000000, 0x0000000100000000)
  region size 1024K, 2 young (2048K), 2 survivors (2048K)
 Metaspace       used 76079K, committed 77056K, reserved 1179648K
  class space    used 10410K, committed 10816K, reserved 1048576K
}
Event: 377.395 GC heap before
{Heap before GC invocations=154 (full 9):
 garbage-first heap   total 427008K, used 332660K [0x00000000c0000000, 0x0000000100000000)
  region size 1024K, 166 young (169984K), 2 survivors (2048K)
 Metaspace       used 76079K, committed 77056K, reserved 1179648K
  class space    used 10410K, committed 10816K, reserved 1048576K
}
Event: 377.408 GC heap after
{Heap after GC invocations=155 (full 9):
 garbage-first heap   total 427008K, used 179026K [0x00000000c0000000, 0x0000000100000000)
  region size 1024K, 15 young (15360K), 15 survivors (15360K)
 Metaspace       used 76079K, committed 77056K, reserved 1179648K
  class space    used 10410K, committed 10816K, reserved 1048576K
}
Event: 377.677 GC heap before
{Heap before GC invocations=155 (full 9):
 garbage-first heap   total 427008K, used 218962K [0x00000000c0000000, 0x0000000100000000)
  region size 1024K, 56 young (57344K), 15 survivors (15360K)
 Metaspace       used 76079K, committed 77056K, reserved 1179648K
  class space    used 10410K, committed 10816K, reserved 1048576K
}
Event: 377.701 GC heap after
{Heap after GC invocations=156 (full 9):
 garbage-first heap   total 427008K, used 193122K [0x00000000c0000000, 0x0000000100000000)
  region size 1024K, 15 young (15360K), 15 survivors (15360K)
 Metaspace       used 76079K, committed 77056K, reserved 1179648K
  class space    used 10410K, committed 10816K, reserved 1048576K
}
Event: 378.332 GC heap before
{Heap before GC invocations=157 (full 9):
 garbage-first heap   total 427008K, used 310882K [0x00000000c0000000, 0x0000000100000000)
  region size 1024K, 142 young (145408K), 15 survivors (15360K)
 Metaspace       used 76079K, committed 77056K, reserved 1179648K
  class space    used 10410K, committed 10816K, reserved 1048576K
}
Event: 378.377 GC heap after
{Heap after GC invocations=158 (full 9):
 garbage-first heap   total 427008K, used 198516K [0x00000000c0000000, 0x0000000100000000)
  region size 1024K, 18 young (18432K), 18 survivors (18432K)
 Metaspace       used 76079K, committed 77056K, reserved 1179648K
  class space    used 10410K, committed 10816K, reserved 1048576K
}
Event: 378.378 GC heap before
{Heap before GC invocations=158 (full 9):
 garbage-first heap   total 427008K, used 199540K [0x00000000c0000000, 0x0000000100000000)
  region size 1024K, 20 young (20480K), 18 survivors (18432K)
 Metaspace       used 76079K, committed 77056K, reserved 1179648K
  class space    used 10410K, committed 10816K, reserved 1048576K
}
Event: 378.414 GC heap after
{Heap after GC invocations=159 (full 9):
 garbage-first heap   total 427008K, used 159641K [0x00000000c0000000, 0x0000000100000000)
  region size 1024K, 2 young (2048K), 2 survivors (2048K)
 Metaspace       used 76079K, committed 77056K, reserved 1179648K
  class space    used 10410K, committed 10816K, reserved 1048576K
}
Event: 378.427 GC heap before
{Heap before GC invocations=159 (full 9):
 garbage-first heap   total 427008K, used 177049K [0x00000000c0000000, 0x0000000100000000)
  region size 1024K, 20 young (20480K), 2 survivors (2048K)
 Metaspace       used 76079K, committed 77056K, reserved 1179648K
  class space    used 10410K, committed 10816K, reserved 1048576K
}

