# JRE version: Java(TM) SE Runtime Environment 18.9 (11.0.9+7) (build 11.0.9+7-LTS)
# Java VM: Java HotSpot(TM) 64-Bit Server VM 18.9 (11.0.9+7-LTS, mixed mode, tiered, compressed oops, g1 gc, windows-amd64)
Heap:
 garbage-first heap   total 342016K, used 187811K [0x0000000741600000, 0x0000000800000000)
  region size 1024K, 127 young (130048K), 17 survivors (17408K)
 Metaspace       used 87855K, capacity 90197K, committed 90416K, reserved 1128448K
  class space    used 10701K, capacity 11583K, committed 11648K, reserved 1048576K
GC Heap History (10 events):
Event: 15.790 GC heap before
{Heap before GC invocations=14 (full 0):
 garbage-first heap   total 284672K, used 195455K [0x0000000741600000, 0x0000000800000000)
  region size 1024K, 166 young (169984K), 12 survivors (12288K)
 Metaspace       used 69802K, capacity 71449K, committed 71728K, reserved 1112064K
  class space    used 8637K, capacity 9245K, committed 9344K, reserved 1048576K
}
Event: 15.808 GC heap after
{Heap after GC invocations=15 (full 0):
 garbage-first heap   total 284672K, used 44415K [0x0000000741600000, 0x0000000800000000)
  region size 1024K, 18 young (18432K), 18 survivors (18432K)
 Metaspace       used 69802K, capacity 71449K, committed 71728K, reserved 1112064K
  class space    used 8637K, capacity 9245K, committed 9344K, reserved 1048576K
}
Event: 17.637 GC heap before
{Heap before GC invocations=15 (full 0):
 garbage-first heap   total 284672K, used 195967K [0x0000000741600000, 0x0000000800000000)
  region size 1024K, 166 young (169984K), 18 survivors (18432K)
 Metaspace       used 76302K, capacity 78225K, committed 78384K, reserved 1118208K
  class space    used 9378K, capacity 10099K, committed 10112K, reserved 1048576K
}
Event: 17.679 GC heap after
{Heap after GC invocations=16 (full 0):
 garbage-first heap   total 284672K, used 51672K [0x0000000741600000, 0x0000000800000000)
  region size 1024K, 18 young (18432K), 18 survivors (18432K)
 Metaspace       used 76302K, capacity 78225K, committed 78384K, reserved 1118208K
  class space    used 9378K, capacity 10099K, committed 10112K, reserved 1048576K
}
Event: 18.868 GC heap before
{Heap before GC invocations=16 (full 0):
 garbage-first heap   total 284672K, used 203224K [0x0000000741600000, 0x0000000800000000)
  region size 1024K, 166 young (169984K), 18 survivors (18432K)
 Metaspace       used 77408K, capacity 79307K, committed 79536K, reserved 1118208K
  class space    used 9437K, capacity 10159K, committed 10240K, reserved 1048576K
}
Event: 18.908 GC heap after
{Heap after GC invocations=17 (full 0):
 garbage-first heap   total 342016K, used 55043K [0x0000000741600000, 0x0000000800000000)
  region size 1024K, 12 young (12288K), 12 survivors (12288K)
 Metaspace       used 77408K, capacity 79307K, committed 79536K, reserved 1118208K
  class space    used 9437K, capacity 10159K, committed 10240K, reserved 1048576K
}
Event: 21.341 GC heap before
{Heap before GC invocations=17 (full 0):
 garbage-first heap   total 342016K, used 248579K [0x0000000741600000, 0x0000000800000000)
  region size 1024K, 200 young (204800K), 12 survivors (12288K)
 Metaspace       used 82375K, capacity 84533K, committed 84784K, reserved 1124352K
  class space    used 9973K, capacity 10789K, committed 10880K, reserved 1048576K
}
Event: 21.379 GC heap after
{Heap after GC invocations=18 (full 0):
 garbage-first heap   total 342016K, used 69891K [0x0000000741600000, 0x0000000800000000)
  region size 1024K, 25 young (25600K), 25 survivors (25600K)
 Metaspace       used 82375K, capacity 84533K, committed 84784K, reserved 1124352K
  class space    used 9973K, capacity 10789K, committed 10880K, reserved 1048576K
}
Event: 22.626 GC heap before
{Heap before GC invocations=18 (full 0):
 garbage-first heap   total 342016K, used 250115K [0x0000000741600000, 0x0000000800000000)
  region size 1024K, 200 young (204800K), 25 survivors (25600K)
 Metaspace       used 82656K, capacity 84802K, committed 85040K, reserved 1124352K
  class space    used 9986K, capacity 10793K, committed 10880K, reserved 1048576K
}
Event: 22.665 GC heap after
{Heap after GC invocations=19 (full 0):
 garbage-first heap   total 342016K, used 76195K [0x0000000741600000, 0x0000000800000000)
  region size 1024K, 17 young (17408K), 17 survivors (17408K)
 Metaspace       used 82656K, capacity 84802K, committed 85040K, reserved 1124352K
  class space    used 9986K, capacity 10793K, committed 10880K, reserved 1048576K
}

