# JRE version: OpenJDK Runtime Environment Temurin-17.0.7+7 (17.0.7+7) (build 17.0.7+7)
# Java VM: OpenJDK 64-Bit Server VM Temurin-17.0.7+7 (17.0.7+7, mixed mode, emulated-client, tiered, compressed oops, compressed class ptrs, g1 gc, windows-amd64)
GC Precious Log:
 CPUs: 4 total, 4 available
 Memory: 12199M
 Large Page Support: Disabled
 NUMA Support: Disabled
 Compressed Oops: Enabled (32-bit)
 Heap Region Size: 1M
 Heap Min Capacity: 8M
 Heap Initial Capacity: 192M
 Heap Max Capacity: 1G
 Pre-touch: Disabled
 Parallel Workers: 4
 Concurrent Workers: 1
 Concurrent Refinement Workers: 4
 Periodic GC: Disabled
Heap:
 garbage-first heap   total 58368K, used 18888K [0x00000000c0000000, 0x0000000100000000)
  region size 1024K, 1 young (1024K), 0 survivors (0K)
 Metaspace       used 37081K, committed 37568K, reserved 1114112K
  class space    used 4799K, committed 4992K, reserved 1048576K
GC Heap History (20 events):
Event: 3579.333 GC heap before
{Heap before GC invocations=340 (full 329):
 garbage-first heap   total 58368K, used 18888K [0x00000000c0000000, 0x0000000100000000)
  region size 1024K, 1 young (1024K), 0 survivors (0K)
 Metaspace       used 37081K, committed 37568K, reserved 1114112K
  class space    used 4799K, committed 4992K, reserved 1048576K
}
Event: 3579.360 GC heap after
{Heap after GC invocations=341 (full 330):
 garbage-first heap   total 58368K, used 18888K [0x00000000c0000000, 0x0000000100000000)
  region size 1024K, 0 young (0K), 0 survivors (0K)
 Metaspace       used 37081K, committed 37568K, reserved 1114112K
  class space    used 4799K, committed 4992K, reserved 1048576K
}
Event: 3590.135 GC heap before
{Heap before GC invocations=341 (full 330):
 garbage-first heap   total 58368K, used 18888K [0x00000000c0000000, 0x0000000100000000)
  region size 1024K, 1 young (1024K), 0 survivors (0K)
 Metaspace       used 37081K, committed 37568K, reserved 1114112K
  class space    used 4799K, committed 4992K, reserved 1048576K
}
Event: 3590.167 GC heap after
{Heap after GC invocations=342 (full 331):
 garbage-first heap   total 58368K, used 18888K [0x00000000c0000000, 0x0000000100000000)
  region size 1024K, 0 young (0K), 0 survivors (0K)
 Metaspace       used 37081K, committed 37568K, reserved 1114112K
  class space    used 4799K, committed 4992K, reserved 1048576K
}
Event: 3601.981 GC heap before
{Heap before GC invocations=342 (full 331):
 garbage-first heap   total 58368K, used 18888K [0x00000000c0000000, 0x0000000100000000)
  region size 1024K, 1 young (1024K), 0 survivors (0K)
 Metaspace       used 37081K, committed 37568K, reserved 1114112K
  class space    used 4799K, committed 4992K, reserved 1048576K
}
Event: 3602.005 GC heap after
{Heap after GC invocations=343 (full 332):
 garbage-first heap   total 58368K, used 18888K [0x00000000c0000000, 0x0000000100000000)
  region size 1024K, 0 young (0K), 0 survivors (0K)
 Metaspace       used 37081K, committed 37568K, reserved 1114112K
  class space    used 4799K, committed 4992K, reserved 1048576K
}
Event: 3612.702 GC heap before
{Heap before GC invocations=343 (full 332):
 garbage-first heap   total 58368K, used 18888K [0x00000000c0000000, 0x0000000100000000)
  region size 1024K, 1 young (1024K), 0 survivors (0K)
 Metaspace       used 37081K, committed 37568K, reserved 1114112K
  class space    used 4799K, committed 4992K, reserved 1048576K
}
Event: 3612.723 GC heap after
{Heap after GC invocations=344 (full 333):
 garbage-first heap   total 58368K, used 18888K [0x00000000c0000000, 0x0000000100000000)
  region size 1024K, 0 young (0K), 0 survivors (0K)
 Metaspace       used 37081K, committed 37568K, reserved 1114112K
  class space    used 4799K, committed 4992K, reserved 1048576K
}
Event: 3623.255 GC heap before
{Heap before GC invocations=344 (full 333):
 garbage-first heap   total 58368K, used 18888K [0x00000000c0000000, 0x0000000100000000)
  region size 1024K, 1 young (1024K), 0 survivors (0K)
 Metaspace       used 37081K, committed 37568K, reserved 1114112K
  class space    used 4799K, committed 4992K, reserved 1048576K
}
Event: 3623.278 GC heap after
{Heap after GC invocations=345 (full 334):
 garbage-first heap   total 58368K, used 18888K [0x00000000c0000000, 0x0000000100000000)
  region size 1024K, 0 young (0K), 0 survivors (0K)
 Metaspace       used 37081K, committed 37568K, reserved 1114112K
  class space    used 4799K, committed 4992K, reserved 1048576K
}
Event: 3633.482 GC heap before
{Heap before GC invocations=345 (full 334):
 garbage-first heap   total 58368K, used 18888K [0x00000000c0000000, 0x0000000100000000)
  region size 1024K, 1 young (1024K), 0 survivors (0K)
 Metaspace       used 37081K, committed 37568K, reserved 1114112K
  class space    used 4799K, committed 4992K, reserved 1048576K
}
Event: 3633.506 GC heap after
{Heap after GC invocations=346 (full 335):
 garbage-first heap   total 58368K, used 18888K [0x00000000c0000000, 0x0000000100000000)
  region size 1024K, 0 young (0K), 0 survivors (0K)
 Metaspace       used 37081K, committed 37568K, reserved 1114112K
  class space    used 4799K, committed 4992K, reserved 1048576K
}
Event: 3643.965 GC heap before
{Heap before GC invocations=346 (full 335):
 garbage-first heap   total 58368K, used 18888K [0x00000000c0000000, 0x0000000100000000)
  region size 1024K, 1 young (1024K), 0 survivors (0K)
 Metaspace       used 37081K, committed 37568K, reserved 1114112K
  class space    used 4799K, committed 4992K, reserved 1048576K
}
Event: 3643.988 GC heap after
{Heap after GC invocations=347 (full 336):
 garbage-first heap   total 58368K, used 18888K [0x00000000c0000000, 0x0000000100000000)
  region size 1024K, 0 young (0K), 0 survivors (0K)
 Metaspace       used 37081K, committed 37568K, reserved 1114112K
  class space    used 4799K, committed 4992K, reserved 1048576K
}
Event: 3654.425 GC heap before
{Heap before GC invocations=347 (full 336):
 garbage-first heap   total 58368K, used 18888K [0x00000000c0000000, 0x0000000100000000)
  region size 1024K, 1 young (1024K), 0 survivors (0K)
 Metaspace       used 37081K, committed 37568K, reserved 1114112K
  class space    used 4799K, committed 4992K, reserved 1048576K
}
Event: 3654.450 GC heap after
{Heap after GC invocations=348 (full 337):
 garbage-first heap   total 58368K, used 18888K [0x00000000c0000000, 0x0000000100000000)
  region size 1024K, 0 young (0K), 0 survivors (0K)
 Metaspace       used 37081K, committed 37568K, reserved 1114112K
  class space    used 4799K, committed 4992K, reserved 1048576K
}
Event: 3664.850 GC heap before
{Heap before GC invocations=348 (full 337):
 garbage-first heap   total 58368K, used 18888K [0x00000000c0000000, 0x0000000100000000)
  region size 1024K, 1 young (1024K), 0 survivors (0K)
 Metaspace       used 37081K, committed 37568K, reserved 1114112K
  class space    used 4799K, committed 4992K, reserved 1048576K
}
Event: 3664.873 GC heap after
{Heap after GC invocations=349 (full 338):
 garbage-first heap   total 58368K, used 18888K [0x00000000c0000000, 0x0000000100000000)
  region size 1024K, 0 young (0K), 0 survivors (0K)
 Metaspace       used 37081K, committed 37568K, reserved 1114112K
  class space    used 4799K, committed 4992K, reserved 1048576K
}
Event: 3675.317 GC heap before
{Heap before GC invocations=349 (full 338):
 garbage-first heap   total 58368K, used 18888K [0x00000000c0000000, 0x0000000100000000)
  region size 1024K, 1 young (1024K), 0 survivors (0K)
 Metaspace       used 37081K, committed 37568K, reserved 1114112K
  class space    used 4799K, committed 4992K, reserved 1048576K
}
Event: 3675.339 GC heap after
{Heap after GC invocations=350 (full 339):
 garbage-first heap   total 58368K, used 18888K [0x00000000c0000000, 0x0000000100000000)
  region size 1024K, 0 young (0K), 0 survivors (0K)
 Metaspace       used 37081K, committed 37568K, reserved 1114112K
  class space    used 4799K, committed 4992K, reserved 1048576K
}

