# JRE version: Java(TM) SE Runtime Environment 18.9 (11.0.9+7) (build 11.0.9+7-LTS)
# Java VM: Java HotSpot(TM) 64-Bit Server VM 18.9 (11.0.9+7-LTS, mixed mode, tiered, compressed oops, g1 gc, windows-amd64)
Heap:
 garbage-first heap   total 284672K, used 30703K [0x0000000741600000, 0x0000000800000000)
  region size 1024K, 13 young (13312K), 13 survivors (13312K)
 Metaspace       used 58137K, capacity 59564K, committed 59692K, reserved 1101824K
  class space    used 7388K, capacity 7984K, committed 8064K, reserved 1048576K
GC Heap History (10 events):
Event: 3.453 GC heap after
{Heap after GC invocations=7 (full 0):
 garbage-first heap   total 196608K, used 15189K [0x0000000741600000, 0x0000000800000000)
  region size 1024K, 5 young (5120K), 5 survivors (5120K)
 Metaspace       used 28015K, capacity 28898K, committed 29056K, reserved 1075200K
  class space    used 3232K, capacity 3588K, committed 3712K, reserved 1048576K
}
Event: 5.821 GC heap before
{Heap before GC invocations=7 (full 0):
 garbage-first heap   total 196608K, used 126805K [0x0000000741600000, 0x0000000800000000)
  region size 1024K, 115 young (117760K), 5 survivors (5120K)
 Metaspace       used 33082K, capacity 34142K, committed 34304K, reserved 1079296K
  class space    used 3851K, capacity 4262K, committed 4352K, reserved 1048576K
}
Event: 5.832 GC heap after
{Heap after GC invocations=8 (full 0):
 garbage-first heap   total 236544K, used 18470K [0x0000000741600000, 0x0000000800000000)
  region size 1024K, 8 young (8192K), 8 survivors (8192K)
 Metaspace       used 33082K, capacity 34142K, committed 34304K, reserved 1079296K
  class space    used 3851K, capacity 4262K, committed 4352K, reserved 1048576K
}
Event: 6.478 GC heap before
{Heap before GC invocations=8 (full 0):
 garbage-first heap   total 236544K, used 38950K [0x0000000741600000, 0x0000000800000000)
  region size 1024K, 29 young (29696K), 8 survivors (8192K)
 Metaspace       used 34500K, capacity 35522K, committed 35628K, reserved 1081344K
  class space    used 4004K, capacity 4443K, committed 4480K, reserved 1048576K
}
Event: 6.493 GC heap after
{Heap after GC invocations=9 (full 0):
 garbage-first heap   total 236544K, used 19486K [0x0000000741600000, 0x0000000800000000)
  region size 1024K, 9 young (9216K), 9 survivors (9216K)
 Metaspace       used 34500K, capacity 35522K, committed 35628K, reserved 1081344K
  class space    used 4004K, capacity 4443K, committed 4480K, reserved 1048576K
}
Event: 9.708 GC heap before
{Heap before GC invocations=10 (full 0):
 garbage-first heap   total 236544K, used 134174K [0x0000000741600000, 0x0000000800000000)
  region size 1024K, 121 young (123904K), 9 survivors (9216K)
 Metaspace       used 40829K, capacity 42115K, committed 42412K, reserved 1085440K
  class space    used 4969K, capacity 5518K, committed 5632K, reserved 1048576K
}
Event: 9.722 GC heap after
{Heap after GC invocations=11 (full 0):
 garbage-first heap   total 236544K, used 23225K [0x0000000741600000, 0x0000000800000000)
  region size 1024K, 12 young (12288K), 12 survivors (12288K)
 Metaspace       used 40829K, capacity 42115K, committed 42412K, reserved 1085440K
  class space    used 4969K, capacity 5518K, committed 5632K, reserved 1048576K
}
Event: 12.702 GC heap before
{Heap before GC invocations=11 (full 0):
 garbage-first heap   total 236544K, used 149177K [0x0000000741600000, 0x0000000800000000)
  region size 1024K, 135 young (138240K), 12 survivors (12288K)
 Metaspace       used 51528K, capacity 52966K, committed 53164K, reserved 1095680K
  class space    used 6470K, capacity 7076K, committed 7168K, reserved 1048576K
}
Event: 12.719 GC heap after
{Heap after GC invocations=12 (full 0):
 garbage-first heap   total 236544K, used 27482K [0x0000000741600000, 0x0000000800000000)
  region size 1024K, 13 young (13312K), 13 survivors (13312K)
 Metaspace       used 51528K, capacity 52966K, committed 53164K, reserved 1095680K
  class space    used 6470K, capacity 7076K, committed 7168K, reserved 1048576K
}
Event: 14.340 GC heap before
{Heap before GC invocations=12 (full 0):
 garbage-first heap   total 236544K, used 112474K [0x0000000741600000, 0x0000000800000000)
  region size 1024K, 97 young (99328K), 13 survivors (13312K)
 Metaspace       used 58137K, capacity 59564K, committed 59692K, reserved 1101824K
  class space    used 7388K, capacity 7984K, committed 8064K, reserved 1048576K
}

