# JRE version: OpenJDK Runtime Environment Temurin-17.0.7+7 (17.0.7+7) (build 17.0.7+7)
# Java VM: OpenJDK 64-Bit Server VM Temurin-17.0.7+7 (17.0.7+7, mixed mode, emulated-client, tiered, compressed oops, compressed class ptrs, g1 gc, windows-amd64)
GC Precious Log:
 CPUs: 4 total, 4 available
 Memory: 12199M
 Large Page Support: Disabled
 NUMA Support: Disabled
 Compressed Oops: Enabled (32-bit)
 Heap Region Size: 1M
 Heap Min Capacity: 8M
 Heap Initial Capacity: 192M
 Heap Max Capacity: 1G
 Pre-touch: Disabled
 Parallel Workers: 4
 Concurrent Workers: 1
 Concurrent Refinement Workers: 4
 Periodic GC: Disabled
Heap:
 garbage-first heap   total 526336K, used 268004K [0x00000000c0000000, 0x0000000100000000)
  region size 1024K, 9 young (9216K), 9 survivors (9216K)
 Metaspace       used 61722K, committed 62208K, reserved 1114112K
  class space    used 7846K, committed 8064K, reserved 1048576K
GC Heap History (20 events):
Event: 23.021 GC heap after
{Heap after GC invocations=35 (full 0):
 garbage-first heap   total 519168K, used 187904K [0x00000000c0000000, 0x0000000100000000)
  region size 1024K, 25 young (25600K), 25 survivors (25600K)
 Metaspace       used 53047K, committed 53568K, reserved 1114112K
  class space    used 6763K, committed 6976K, reserved 1048576K
}
Event: 23.564 GC heap before
{Heap before GC invocations=35 (full 0):
 garbage-first heap   total 519168K, used 418304K [0x00000000c0000000, 0x0000000100000000)
  region size 1024K, 250 young (256000K), 25 survivors (25600K)
 Metaspace       used 54006K, committed 54464K, reserved 1114112K
  class space    used 6904K, committed 7104K, reserved 1048576K
}
Event: 23.587 GC heap after
{Heap after GC invocations=36 (full 0):
 garbage-first heap   total 519168K, used 202240K [0x00000000c0000000, 0x0000000100000000)
  region size 1024K, 13 young (13312K), 13 survivors (13312K)
 Metaspace       used 54006K, committed 54464K, reserved 1114112K
  class space    used 6904K, committed 7104K, reserved 1048576K
}
Event: 24.137 GC heap before
{Heap before GC invocations=36 (full 0):
 garbage-first heap   total 519168K, used 422400K [0x00000000c0000000, 0x0000000100000000)
  region size 1024K, 229 young (234496K), 13 survivors (13312K)
 Metaspace       used 56910K, committed 57408K, reserved 1114112K
  class space    used 7225K, committed 7488K, reserved 1048576K
}
Event: 24.154 GC heap after
{Heap after GC invocations=37 (full 0):
 garbage-first heap   total 519168K, used 214528K [0x00000000c0000000, 0x0000000100000000)
  region size 1024K, 25 young (25600K), 25 survivors (25600K)
 Metaspace       used 56910K, committed 57408K, reserved 1114112K
  class space    used 7225K, committed 7488K, reserved 1048576K
}
Event: 24.622 GC heap before
{Heap before GC invocations=37 (full 0):
 garbage-first heap   total 519168K, used 426496K [0x00000000c0000000, 0x0000000100000000)
  region size 1024K, 232 young (237568K), 25 survivors (25600K)
 Metaspace       used 59893K, committed 60352K, reserved 1114112K
  class space    used 7571K, committed 7808K, reserved 1048576K
}
Event: 24.649 GC heap after
{Heap after GC invocations=38 (full 0):
 garbage-first heap   total 519168K, used 228692K [0x00000000c0000000, 0x0000000100000000)
  region size 1024K, 26 young (26624K), 26 survivors (26624K)
 Metaspace       used 59893K, committed 60352K, reserved 1114112K
  class space    used 7571K, committed 7808K, reserved 1048576K
}
Event: 25.156 GC heap before
{Heap before GC invocations=38 (full 0):
 garbage-first heap   total 519168K, used 430420K [0x00000000c0000000, 0x0000000100000000)
  region size 1024K, 222 young (227328K), 26 survivors (26624K)
 Metaspace       used 59896K, committed 60352K, reserved 1114112K
  class space    used 7571K, committed 7808K, reserved 1048576K
}
Event: 25.187 GC heap after
{Heap after GC invocations=39 (full 0):
 garbage-first heap   total 519168K, used 243712K [0x00000000c0000000, 0x0000000100000000)
  region size 1024K, 26 young (26624K), 26 survivors (26624K)
 Metaspace       used 59896K, committed 60352K, reserved 1114112K
  class space    used 7571K, committed 7808K, reserved 1048576K
}
Event: 25.364 GC heap before
{Heap before GC invocations=39 (full 0):
 garbage-first heap   total 519168K, used 342016K [0x00000000c0000000, 0x0000000100000000)
  region size 1024K, 108 young (110592K), 26 survivors (26624K)
 Metaspace       used 59984K, committed 60480K, reserved 1114112K
  class space    used 7583K, committed 7808K, reserved 1048576K
}
Event: 25.392 GC heap after
{Heap after GC invocations=40 (full 0):
 garbage-first heap   total 519168K, used 249856K [0x00000000c0000000, 0x0000000100000000)
  region size 1024K, 18 young (18432K), 18 survivors (18432K)
 Metaspace       used 59984K, committed 60480K, reserved 1114112K
  class space    used 7583K, committed 7808K, reserved 1048576K
}
Event: 25.397 GC heap before
{Heap before GC invocations=40 (full 0):
 garbage-first heap   total 519168K, used 265216K [0x00000000c0000000, 0x0000000100000000)
  region size 1024K, 19 young (19456K), 18 survivors (18432K)
 Metaspace       used 59984K, committed 60480K, reserved 1114112K
  class space    used 7583K, committed 7808K, reserved 1048576K
}
Event: 25.417 GC heap after
{Heap after GC invocations=41 (full 0):
 garbage-first heap   total 519168K, used 251392K [0x00000000c0000000, 0x0000000100000000)
  region size 1024K, 6 young (6144K), 6 survivors (6144K)
 Metaspace       used 59984K, committed 60480K, reserved 1114112K
  class space    used 7583K, committed 7808K, reserved 1048576K
}
Event: 25.701 GC heap before
{Heap before GC invocations=41 (full 0):
 garbage-first heap   total 519168K, used 496128K [0x00000000c0000000, 0x0000000100000000)
  region size 1024K, 155 young (158720K), 6 survivors (6144K)
 Metaspace       used 60931K, committed 61376K, reserved 1114112K
  class space    used 7735K, committed 7936K, reserved 1048576K
}
Event: 25.721 GC heap after
{Heap after GC invocations=42 (full 0):
 garbage-first heap   total 519168K, used 256420K [0x00000000c0000000, 0x0000000100000000)
  region size 1024K, 12 young (12288K), 12 survivors (12288K)
 Metaspace       used 60931K, committed 61376K, reserved 1114112K
  class space    used 7735K, committed 7936K, reserved 1048576K
}
Event: 26.283 GC heap before
{Heap before GC invocations=43 (full 0):
 garbage-first heap   total 526336K, used 432548K [0x00000000c0000000, 0x0000000100000000)
  region size 1024K, 186 young (190464K), 12 survivors (12288K)
 Metaspace       used 61690K, committed 62208K, reserved 1114112K
  class space    used 7841K, committed 8064K, reserved 1048576K
}
Event: 26.302 GC heap after
{Heap after GC invocations=44 (full 0):
 garbage-first heap   total 526336K, used 263680K [0x00000000c0000000, 0x0000000100000000)
  region size 1024K, 20 young (20480K), 20 survivors (20480K)
 Metaspace       used 61690K, committed 62208K, reserved 1114112K
  class space    used 7841K, committed 8064K, reserved 1048576K
}
Event: 26.317 GC heap before
{Heap before GC invocations=44 (full 0):
 garbage-first heap   total 526336K, used 267776K [0x00000000c0000000, 0x0000000100000000)
  region size 1024K, 25 young (25600K), 20 survivors (20480K)
 Metaspace       used 61690K, committed 62208K, reserved 1114112K
  class space    used 7841K, committed 8064K, reserved 1048576K
}
Event: 26.332 GC heap after
{Heap after GC invocations=45 (full 0):
 garbage-first heap   total 526336K, used 260966K [0x00000000c0000000, 0x0000000100000000)
  region size 1024K, 2 young (2048K), 2 survivors (2048K)
 Metaspace       used 61690K, committed 62208K, reserved 1114112K
  class space    used 7841K, committed 8064K, reserved 1048576K
}
Event: 26.761 GC heap before
{Heap before GC invocations=45 (full 0):
 garbage-first heap   total 526336K, used 443238K [0x00000000c0000000, 0x0000000100000000)
  region size 1024K, 181 young (185344K), 2 survivors (2048K)
 Metaspace       used 61722K, committed 62208K, reserved 1114112K
  class space    used 7846K, committed 8064K, reserved 1048576K
}

