# JRE version: OpenJDK Runtime Environment Temurin-17.0.7+7 (17.0.7+7) (build 17.0.7+7)
# Java VM: OpenJDK 64-Bit Server VM Temurin-17.0.7+7 (17.0.7+7, mixed mode, tiered, compressed oops, compressed class ptrs, parallel gc, windows-amd64)
GC Precious Log:
 CPUs: 4 total, 4 available
 Memory: 12199M
 Large Page Support: Disabled
 NUMA Support: Disabled
 Compressed Oops: Enabled (32-bit)
 Alignments: Space 512K, Generation 512K, Heap 2M
 Heap Min Capacity: 100M
 Heap Initial Capacity: 100M
 Heap Max Capacity: 1G
 Pre-touch: Disabled
 Parallel Workers: 4
Heap:
 PSYoungGen      total 15360K, used 8445K [0x00000000eab00000, 0x00000000ebc00000, 0x0000000100000000)
  eden space 13312K, 51% used [0x00000000eab00000,0x00000000eb1bb6a8,0x00000000eb800000)
  from space 2048K, 75% used [0x00000000eb880000,0x00000000eba04050,0x00000000eba80000)
  to   space 1536K, 0% used [0x00000000eba80000,0x00000000eba80000,0x00000000ebc00000)
 ParOldGen       total 68608K, used 61300K [0x00000000c0000000, 0x00000000c4300000, 0x00000000eab00000)
  object space 68608K, 89% used [0x00000000c0000000,0x00000000c3bdd2c8,0x00000000c4300000)
 Metaspace       used 48797K, committed 49600K, reserved 1114112K
  class space    used 4823K, committed 5184K, reserved 1048576K
GC Heap History (20 events):
Event: 34.115 GC heap before
{Heap before GC invocations=30 (full 2):
 PSYoungGen      total 16384K, used 15904K [0x00000000eab00000, 0x00000000ebe00000, 0x0000000100000000)
  eden space 14336K, 100% used [0x00000000eab00000,0x00000000eb900000,0x00000000eb900000)
  from space 2048K, 76% used [0x00000000eba00000,0x00000000ebb88020,0x00000000ebc00000)
  to   space 2048K, 0% used [0x00000000ebc00000,0x00000000ebc00000,0x00000000ebe00000)
 ParOldGen       total 68608K, used 45531K [0x00000000c0000000, 0x00000000c4300000, 0x00000000eab00000)
  object space 68608K, 66% used [0x00000000c0000000,0x00000000c2c76d00,0x00000000c4300000)
 Metaspace       used 47026K, committed 47808K, reserved 1114112K
  class space    used 4714K, committed 5056K, reserved 1048576K
}
Event: 34.123 GC heap after
{Heap after GC invocations=30 (full 2):
 PSYoungGen      total 15872K, used 1160K [0x00000000eab00000, 0x00000000ebd80000, 0x0000000100000000)
  eden space 14336K, 0% used [0x00000000eab00000,0x00000000eab00000,0x00000000eb900000)
  from space 1536K, 75% used [0x00000000ebc00000,0x00000000ebd22078,0x00000000ebd80000)
  to   space 1536K, 0% used [0x00000000eba80000,0x00000000eba80000,0x00000000ebc00000)
 ParOldGen       total 68608K, used 46929K [0x00000000c0000000, 0x00000000c4300000, 0x00000000eab00000)
  object space 68608K, 68% used [0x00000000c0000000,0x00000000c2dd4660,0x00000000c4300000)
 Metaspace       used 47026K, committed 47808K, reserved 1114112K
  class space    used 4714K, committed 5056K, reserved 1048576K
}
Event: 34.826 GC heap before
{Heap before GC invocations=31 (full 2):
 PSYoungGen      total 15872K, used 15496K [0x00000000eab00000, 0x00000000ebd80000, 0x0000000100000000)
  eden space 14336K, 100% used [0x00000000eab00000,0x00000000eb900000,0x00000000eb900000)
  from space 1536K, 75% used [0x00000000ebc00000,0x00000000ebd22078,0x00000000ebd80000)
  to   space 1536K, 0% used [0x00000000eba80000,0x00000000eba80000,0x00000000ebc00000)
 ParOldGen       total 68608K, used 46929K [0x00000000c0000000, 0x00000000c4300000, 0x00000000eab00000)
  object space 68608K, 68% used [0x00000000c0000000,0x00000000c2dd4660,0x00000000c4300000)
 Metaspace       used 47597K, committed 48384K, reserved 1114112K
  class space    used 4747K, committed 5120K, reserved 1048576K
}
Event: 34.829 GC heap after
{Heap after GC invocations=31 (full 2):
 PSYoungGen      total 15872K, used 1504K [0x00000000eab00000, 0x00000000ebd00000, 0x0000000100000000)
  eden space 14336K, 0% used [0x00000000eab00000,0x00000000eab00000,0x00000000eb900000)
  from space 1536K, 97% used [0x00000000eba80000,0x00000000ebbf8030,0x00000000ebc00000)
  to   space 1024K, 0% used [0x00000000ebc00000,0x00000000ebc00000,0x00000000ebd00000)
 ParOldGen       total 68608K, used 48044K [0x00000000c0000000, 0x00000000c4300000, 0x00000000eab00000)
  object space 68608K, 70% used [0x00000000c0000000,0x00000000c2eeb288,0x00000000c4300000)
 Metaspace       used 47597K, committed 48384K, reserved 1114112K
  class space    used 4747K, committed 5120K, reserved 1048576K
}
Event: 35.328 GC heap before
{Heap before GC invocations=32 (full 2):
 PSYoungGen      total 15872K, used 15840K [0x00000000eab00000, 0x00000000ebd00000, 0x0000000100000000)
  eden space 14336K, 100% used [0x00000000eab00000,0x00000000eb900000,0x00000000eb900000)
  from space 1536K, 97% used [0x00000000eba80000,0x00000000ebbf8030,0x00000000ebc00000)
  to   space 1024K, 0% used [0x00000000ebc00000,0x00000000ebc00000,0x00000000ebd00000)
 ParOldGen       total 68608K, used 48044K [0x00000000c0000000, 0x00000000c4300000, 0x00000000eab00000)
  object space 68608K, 70% used [0x00000000c0000000,0x00000000c2eeb288,0x00000000c4300000)
 Metaspace       used 47763K, committed 48576K, reserved 1114112K
  class space    used 4752K, committed 5120K, reserved 1048576K
}
Event: 35.334 GC heap after
{Heap after GC invocations=32 (full 2):
 PSYoungGen      total 14336K, used 1024K [0x00000000eab00000, 0x00000000ec100000, 0x0000000100000000)
  eden space 13312K, 0% used [0x00000000eab00000,0x00000000eab00000,0x00000000eb800000)
  from space 1024K, 100% used [0x00000000ebc00000,0x00000000ebd00000,0x00000000ebd00000)
  to   space 4096K, 0% used [0x00000000eb800000,0x00000000eb800000,0x00000000ebc00000)
 ParOldGen       total 68608K, used 50506K [0x00000000c0000000, 0x00000000c4300000, 0x00000000eab00000)
  object space 68608K, 73% used [0x00000000c0000000,0x00000000c3152978,0x00000000c4300000)
 Metaspace       used 47763K, committed 48576K, reserved 1114112K
  class space    used 4752K, committed 5120K, reserved 1048576K
}
Event: 35.753 GC heap before
{Heap before GC invocations=33 (full 2):
 PSYoungGen      total 14336K, used 14336K [0x00000000eab00000, 0x00000000ec100000, 0x0000000100000000)
  eden space 13312K, 100% used [0x00000000eab00000,0x00000000eb800000,0x00000000eb800000)
  from space 1024K, 100% used [0x00000000ebc00000,0x00000000ebd00000,0x00000000ebd00000)
  to   space 4096K, 0% used [0x00000000eb800000,0x00000000eb800000,0x00000000ebc00000)
 ParOldGen       total 68608K, used 50506K [0x00000000c0000000, 0x00000000c4300000, 0x00000000eab00000)
  object space 68608K, 73% used [0x00000000c0000000,0x00000000c3152978,0x00000000c4300000)
 Metaspace       used 47792K, committed 48576K, reserved 1114112K
  class space    used 4752K, committed 5120K, reserved 1048576K
}
Event: 35.757 GC heap after
{Heap after GC invocations=33 (full 2):
 PSYoungGen      total 15360K, used 1632K [0x00000000eab00000, 0x00000000ebd00000, 0x0000000100000000)
  eden space 13312K, 0% used [0x00000000eab00000,0x00000000eab00000,0x00000000eb800000)
  from space 2048K, 79% used [0x00000000eb800000,0x00000000eb998020,0x00000000eba00000)
  to   space 2560K, 0% used [0x00000000eba80000,0x00000000eba80000,0x00000000ebd00000)
 ParOldGen       total 68608K, used 51538K [0x00000000c0000000, 0x00000000c4300000, 0x00000000eab00000)
  object space 68608K, 75% used [0x00000000c0000000,0x00000000c32549a8,0x00000000c4300000)
 Metaspace       used 47792K, committed 48576K, reserved 1114112K
  class space    used 4752K, committed 5120K, reserved 1048576K
}
Event: 36.320 GC heap before
{Heap before GC invocations=34 (full 2):
 PSYoungGen      total 15360K, used 14944K [0x00000000eab00000, 0x00000000ebd00000, 0x0000000100000000)
  eden space 13312K, 100% used [0x00000000eab00000,0x00000000eb800000,0x00000000eb800000)
  from space 2048K, 79% used [0x00000000eb800000,0x00000000eb998020,0x00000000eba00000)
  to   space 2560K, 0% used [0x00000000eba80000,0x00000000eba80000,0x00000000ebd00000)
 ParOldGen       total 68608K, used 51538K [0x00000000c0000000, 0x00000000c4300000, 0x00000000eab00000)
  object space 68608K, 75% used [0x00000000c0000000,0x00000000c32549a8,0x00000000c4300000)
 Metaspace       used 47926K, committed 48704K, reserved 1114112K
  class space    used 4758K, committed 5120K, reserved 1048576K
}
Event: 36.325 GC heap after
{Heap after GC invocations=34 (full 2):
 PSYoungGen      total 15872K, used 2265K [0x00000000eab00000, 0x00000000ebd00000, 0x0000000100000000)
  eden space 13312K, 0% used [0x00000000eab00000,0x00000000eab00000,0x00000000eb800000)
  from space 2560K, 88% used [0x00000000eba80000,0x00000000ebcb6418,0x00000000ebd00000)
  to   space 2560K, 0% used [0x00000000eb800000,0x00000000eb800000,0x00000000eba80000)
 ParOldGen       total 68608K, used 52982K [0x00000000c0000000, 0x00000000c4300000, 0x00000000eab00000)
  object space 68608K, 77% used [0x00000000c0000000,0x00000000c33bda78,0x00000000c4300000)
 Metaspace       used 47926K, committed 48704K, reserved 1114112K
  class space    used 4758K, committed 5120K, reserved 1048576K
}
Event: 36.573 GC heap before
{Heap before GC invocations=35 (full 2):
 PSYoungGen      total 15872K, used 15577K [0x00000000eab00000, 0x00000000ebd00000, 0x0000000100000000)
  eden space 13312K, 100% used [0x00000000eab00000,0x00000000eb800000,0x00000000eb800000)
  from space 2560K, 88% used [0x00000000eba80000,0x00000000ebcb6418,0x00000000ebd00000)
  to   space 2560K, 0% used [0x00000000eb800000,0x00000000eb800000,0x00000000eba80000)
 ParOldGen       total 68608K, used 52982K [0x00000000c0000000, 0x00000000c4300000, 0x00000000eab00000)
  object space 68608K, 77% used [0x00000000c0000000,0x00000000c33bda78,0x00000000c4300000)
 Metaspace       used 47980K, committed 48768K, reserved 1114112K
  class space    used 4761K, committed 5120K, reserved 1048576K
}
Event: 36.580 GC heap after
{Heap after GC invocations=35 (full 2):
 PSYoungGen      total 15872K, used 2080K [0x00000000eab00000, 0x00000000ebd00000, 0x0000000100000000)
  eden space 13312K, 0% used [0x00000000eab00000,0x00000000eab00000,0x00000000eb800000)
  from space 2560K, 81% used [0x00000000eb800000,0x00000000eba08020,0x00000000eba80000)
  to   space 2560K, 0% used [0x00000000eba80000,0x00000000eba80000,0x00000000ebd00000)
 ParOldGen       total 68608K, used 55125K [0x00000000c0000000, 0x00000000c4300000, 0x00000000eab00000)
  object space 68608K, 80% used [0x00000000c0000000,0x00000000c35d5708,0x00000000c4300000)
 Metaspace       used 47980K, committed 48768K, reserved 1114112K
  class space    used 4761K, committed 5120K, reserved 1048576K
}
Event: 36.715 GC heap before
{Heap before GC invocations=36 (full 2):
 PSYoungGen      total 15872K, used 15392K [0x00000000eab00000, 0x00000000ebd00000, 0x0000000100000000)
  eden space 13312K, 100% used [0x00000000eab00000,0x00000000eb800000,0x00000000eb800000)
  from space 2560K, 81% used [0x00000000eb800000,0x00000000eba08020,0x00000000eba80000)
  to   space 2560K, 0% used [0x00000000eba80000,0x00000000eba80000,0x00000000ebd00000)
 ParOldGen       total 68608K, used 55125K [0x00000000c0000000, 0x00000000c4300000, 0x00000000eab00000)
  object space 68608K, 80% used [0x00000000c0000000,0x00000000c35d5708,0x00000000c4300000)
 Metaspace       used 48088K, committed 48832K, reserved 1114112K
  class space    used 4772K, committed 5120K, reserved 1048576K
}
Event: 36.723 GC heap after
{Heap after GC invocations=36 (full 2):
 PSYoungGen      total 14848K, used 1184K [0x00000000eab00000, 0x00000000ebc00000, 0x0000000100000000)
  eden space 13312K, 0% used [0x00000000eab00000,0x00000000eab00000,0x00000000eb800000)
  from space 1536K, 77% used [0x00000000eba80000,0x00000000ebba8040,0x00000000ebc00000)
  to   space 1536K, 0% used [0x00000000eb900000,0x00000000eb900000,0x00000000eba80000)
 ParOldGen       total 68608K, used 57105K [0x00000000c0000000, 0x00000000c4300000, 0x00000000eab00000)
  object space 68608K, 83% used [0x00000000c0000000,0x00000000c37c4760,0x00000000c4300000)
 Metaspace       used 48088K, committed 48832K, reserved 1114112K
  class space    used 4772K, committed 5120K, reserved 1048576K
}
Event: 36.840 GC heap before
{Heap before GC invocations=37 (full 2):
 PSYoungGen      total 14848K, used 14496K [0x00000000eab00000, 0x00000000ebc00000, 0x0000000100000000)
  eden space 13312K, 100% used [0x00000000eab00000,0x00000000eb800000,0x00000000eb800000)
  from space 1536K, 77% used [0x00000000eba80000,0x00000000ebba8040,0x00000000ebc00000)
  to   space 1536K, 0% used [0x00000000eb900000,0x00000000eb900000,0x00000000eba80000)
 ParOldGen       total 68608K, used 57105K [0x00000000c0000000, 0x00000000c4300000, 0x00000000eab00000)
  object space 68608K, 83% used [0x00000000c0000000,0x00000000c37c4760,0x00000000c4300000)
 Metaspace       used 48155K, committed 48896K, reserved 1114112K
  class space    used 4773K, committed 5120K, reserved 1048576K
}
Event: 36.845 GC heap after
{Heap after GC invocations=37 (full 2):
 PSYoungGen      total 14848K, used 1520K [0x00000000eab00000, 0x00000000ebe00000, 0x0000000100000000)
  eden space 13312K, 0% used [0x00000000eab00000,0x00000000eab00000,0x00000000eb800000)
  from space 1536K, 98% used [0x00000000eb900000,0x00000000eba7c030,0x00000000eba80000)
  to   space 3072K, 0% used [0x00000000ebb00000,0x00000000ebb00000,0x00000000ebe00000)
 ParOldGen       total 68608K, used 58369K [0x00000000c0000000, 0x00000000c4300000, 0x00000000eab00000)
  object space 68608K, 85% used [0x00000000c0000000,0x00000000c39007e0,0x00000000c4300000)
 Metaspace       used 48155K, committed 48896K, reserved 1114112K
  class space    used 4773K, committed 5120K, reserved 1048576K
}
Event: 37.177 GC heap before
{Heap before GC invocations=38 (full 2):
 PSYoungGen      total 14848K, used 14832K [0x00000000eab00000, 0x00000000ebe00000, 0x0000000100000000)
  eden space 13312K, 100% used [0x00000000eab00000,0x00000000eb800000,0x00000000eb800000)
  from space 1536K, 98% used [0x00000000eb900000,0x00000000eba7c030,0x00000000eba80000)
  to   space 3072K, 0% used [0x00000000ebb00000,0x00000000ebb00000,0x00000000ebe00000)
 ParOldGen       total 68608K, used 58369K [0x00000000c0000000, 0x00000000c4300000, 0x00000000eab00000)
  object space 68608K, 85% used [0x00000000c0000000,0x00000000c39007e0,0x00000000c4300000)
 Metaspace       used 48337K, committed 49088K, reserved 1114112K
  class space    used 4784K, committed 5120K, reserved 1048576K
}
Event: 37.183 GC heap after
{Heap after GC invocations=38 (full 2):
 PSYoungGen      total 14848K, used 1504K [0x00000000eab00000, 0x00000000ebc80000, 0x0000000100000000)
  eden space 13312K, 0% used [0x00000000eab00000,0x00000000eab00000,0x00000000eb800000)
  from space 1536K, 97% used [0x00000000ebb00000,0x00000000ebc78040,0x00000000ebc80000)
  to   space 2048K, 0% used [0x00000000eb880000,0x00000000eb880000,0x00000000eba80000)
 ParOldGen       total 68608K, used 59878K [0x00000000c0000000, 0x00000000c4300000, 0x00000000eab00000)
  object space 68608K, 87% used [0x00000000c0000000,0x00000000c3a798a0,0x00000000c4300000)
 Metaspace       used 48337K, committed 49088K, reserved 1114112K
  class space    used 4784K, committed 5120K, reserved 1048576K
}
Event: 37.443 GC heap before
{Heap before GC invocations=39 (full 2):
 PSYoungGen      total 14848K, used 14816K [0x00000000eab00000, 0x00000000ebc80000, 0x0000000100000000)
  eden space 13312K, 99% used [0x00000000eab00000,0x00000000eb7ffff8,0x00000000eb800000)
  from space 1536K, 97% used [0x00000000ebb00000,0x00000000ebc78040,0x00000000ebc80000)
  to   space 2048K, 0% used [0x00000000eb880000,0x00000000eb880000,0x00000000eba80000)
 ParOldGen       total 68608K, used 59878K [0x00000000c0000000, 0x00000000c4300000, 0x00000000eab00000)
  object space 68608K, 87% used [0x00000000c0000000,0x00000000c3a798a0,0x00000000c4300000)
 Metaspace       used 48656K, committed 49472K, reserved 1114112K
  class space    used 4812K, committed 5184K, reserved 1048576K
}
Event: 37.449 GC heap after
{Heap after GC invocations=39 (full 2):
 PSYoungGen      total 15360K, used 1552K [0x00000000eab00000, 0x00000000ebc00000, 0x0000000100000000)
  eden space 13312K, 0% used [0x00000000eab00000,0x00000000eab00000,0x00000000eb800000)
  from space 2048K, 75% used [0x00000000eb880000,0x00000000eba04050,0x00000000eba80000)
  to   space 1536K, 0% used [0x00000000eba80000,0x00000000eba80000,0x00000000ebc00000)
 ParOldGen       total 68608K, used 61300K [0x00000000c0000000, 0x00000000c4300000, 0x00000000eab00000)
  object space 68608K, 89% used [0x00000000c0000000,0x00000000c3bdd2c8,0x00000000c4300000)
 Metaspace       used 48656K, committed 49472K, reserved 1114112K
  class space    used 4812K, committed 5184K, reserved 1048576K
}

