# JRE version: Java(TM) SE Runtime Environment 18.9 (11.0.9+7) (build 11.0.9+7-LTS)
# Java VM: Java HotSpot(TM) 64-Bit Server VM 18.9 (11.0.9+7-LTS, mixed mode, tiered, compressed oops, g1 gc, windows-amd64)
Heap:
 garbage-first heap   total 150528K, used 102975K [0x0000000741600000, 0x0000000800000000)
  region size 1024K, 59 young (60416K), 6 survivors (6144K)
 Metaspace       used 102734K, capacity 105441K, committed 105520K, reserved 1142784K
  class space    used 12139K, capacity 13155K, committed 13184K, reserved 1048576K
GC Heap History (10 events):
Event: 460.989 GC heap before
{Heap before GC invocations=38 (full 2):
 garbage-first heap   total 150528K, used 124437K [0x0000000741600000, 0x0000000800000000)
  region size 1024K, 80 young (81920K), 3 survivors (3072K)
 Metaspace       used 100728K, capacity 103244K, committed 103472K, reserved 1140736K
  class space    used 11915K, capacity 12876K, committed 12928K, reserved 1048576K
}
Event: 460.995 GC heap after
{Heap after GC invocations=39 (full 2):
 garbage-first heap   total 150528K, used 48276K [0x0000000741600000, 0x0000000800000000)
  region size 1024K, 5 young (5120K), 5 survivors (5120K)
 Metaspace       used 100728K, capacity 103244K, committed 103472K, reserved 1140736K
  class space    used 11915K, capacity 12876K, committed 12928K, reserved 1048576K
}
Event: 471.254 GC heap before
{Heap before GC invocations=39 (full 2):
 garbage-first heap   total 150528K, used 125076K [0x0000000741600000, 0x0000000800000000)
  region size 1024K, 81 young (82944K), 5 survivors (5120K)
 Metaspace       used 101462K, capacity 104073K, committed 104368K, reserved 1140736K
  class space    used 11994K, capacity 12980K, committed 13056K, reserved 1048576K
}
Event: 471.261 GC heap after
{Heap after GC invocations=40 (full 2):
 garbage-first heap   total 150528K, used 49229K [0x0000000741600000, 0x0000000800000000)
  region size 1024K, 6 young (6144K), 6 survivors (6144K)
 Metaspace       used 101462K, capacity 104073K, committed 104368K, reserved 1140736K
  class space    used 11994K, capacity 12980K, committed 13056K, reserved 1048576K
}
Event: 496.594 GC heap before
{Heap before GC invocations=40 (full 2):
 garbage-first heap   total 150528K, used 123981K [0x0000000741600000, 0x0000000800000000)
  region size 1024K, 80 young (81920K), 6 survivors (6144K)
 Metaspace       used 101489K, capacity 104087K, committed 104368K, reserved 1140736K
  class space    used 11995K, capacity 12984K, committed 13056K, reserved 1048576K
}
Event: 496.605 GC heap after
{Heap after GC invocations=41 (full 2):
 garbage-first heap   total 150528K, used 49105K [0x0000000741600000, 0x0000000800000000)
  region size 1024K, 5 young (5120K), 5 survivors (5120K)
 Metaspace       used 101489K, capacity 104087K, committed 104368K, reserved 1140736K
  class space    used 11995K, capacity 12984K, committed 13056K, reserved 1048576K
}
Event: 506.219 GC heap before
{Heap before GC invocations=41 (full 2):
 garbage-first heap   total 150528K, used 125905K [0x0000000741600000, 0x0000000800000000)
  region size 1024K, 80 young (81920K), 5 survivors (5120K)
 Metaspace       used 102311K, capacity 104981K, committed 105264K, reserved 1140736K
  class space    used 12094K, capacity 13089K, committed 13184K, reserved 1048576K
}
Event: 506.231 GC heap after
{Heap after GC invocations=42 (full 2):
 garbage-first heap   total 150528K, used 51447K [0x0000000741600000, 0x0000000800000000)
  region size 1024K, 7 young (7168K), 7 survivors (7168K)
 Metaspace       used 102311K, capacity 104981K, committed 105264K, reserved 1140736K
  class space    used 12094K, capacity 13089K, committed 13184K, reserved 1048576K
}
Event: 510.034 GC heap before
{Heap before GC invocations=42 (full 2):
 garbage-first heap   total 150528K, used 125175K [0x0000000741600000, 0x0000000800000000)
  region size 1024K, 80 young (81920K), 7 survivors (7168K)
 Metaspace       used 102622K, capacity 105334K, committed 105520K, reserved 1142784K
  class space    used 12128K, capacity 13121K, committed 13184K, reserved 1048576K
}
Event: 510.044 GC heap after
{Heap after GC invocations=43 (full 2):
 garbage-first heap   total 150528K, used 50751K [0x0000000741600000, 0x0000000800000000)
  region size 1024K, 6 young (6144K), 6 survivors (6144K)
 Metaspace       used 102622K, capacity 105334K, committed 105520K, reserved 1142784K
  class space    used 12128K, capacity 13121K, committed 13184K, reserved 1048576K
}

