# JRE version: OpenJDK Runtime Environment Temurin-17.0.7+7 (17.0.7+7) (build 17.0.7+7)
# Java VM: OpenJDK 64-Bit Server VM Temurin-17.0.7+7 (17.0.7+7, mixed mode, tiered, compressed oops, compressed class ptrs, parallel gc, windows-amd64)
GC Precious Log:
 CPUs: 4 total, 4 available
 Memory: 12199M
 Large Page Support: Disabled
 NUMA Support: Disabled
 Compressed Oops: Enabled (32-bit)
 Alignments: Space 512K, Generation 512K, Heap 2M
 Heap Min Capacity: 100M
 Heap Initial Capacity: 100M
 Heap Max Capacity: 1G
 Pre-touch: Disabled
 Parallel Workers: 4
Heap:
 PSYoungGen      total 133120K, used 88519K [0x00000000eab00000, 0x00000000f7000000, 0x0000000100000000)
  eden space 118784K, 62% used [0x00000000eab00000,0x00000000ef378700,0x00000000f1f00000)
  from space 14336K, 99% used [0x00000000f1f00000,0x00000000f2cf9620,0x00000000f2d00000)
  to   space 35328K, 0% used [0x00000000f4d80000,0x00000000f4d80000,0x00000000f7000000)
 ParOldGen       total 393728K, used 374725K [0x00000000c0000000, 0x00000000d8080000, 0x00000000eab00000)
  object space 393728K, 95% used [0x00000000c0000000,0x00000000d6df1460,0x00000000d8080000)
 Metaspace       used 83236K, committed 84544K, reserved 1179648K
  class space    used 8223K, committed 8832K, reserved 1048576K
GC Heap History (20 events):
Event: 395.226 GC heap before
{Heap before GC invocations=1320 (full 48):
 PSYoungGen      total 131072K, used 130795K [0x00000000eab00000, 0x00000000f4980000, 0x0000000100000000)
  eden space 112128K, 100% used [0x00000000eab00000,0x00000000f1880000,0x00000000f1880000)
  from space 18944K, 98% used [0x00000000f1a80000,0x00000000f2cbafa0,0x00000000f2d00000)
  to   space 22528K, 0% used [0x00000000f3380000,0x00000000f3380000,0x00000000f4980000)
 ParOldGen       total 393728K, used 230747K [0x00000000c0000000, 0x00000000d8080000, 0x00000000eab00000)
  object space 393728K, 58% used [0x00000000c0000000,0x00000000ce156c00,0x00000000d8080000)
 Metaspace       used 83216K, committed 84544K, reserved 1179648K
  class space    used 8222K, committed 8832K, reserved 1048576K
}
Event: 395.253 GC heap after
{Heap after GC invocations=1320 (full 48):
 PSYoungGen      total 123904K, used 13569K [0x00000000eab00000, 0x00000000f4100000, 0x0000000100000000)
  eden space 110080K, 0% used [0x00000000eab00000,0x00000000eab00000,0x00000000f1680000)
  from space 13824K, 98% used [0x00000000f3380000,0x00000000f40c0400,0x00000000f4100000)
  to   space 16384K, 0% used [0x00000000f2100000,0x00000000f2100000,0x00000000f3100000)
 ParOldGen       total 393728K, used 249149K [0x00000000c0000000, 0x00000000d8080000, 0x00000000eab00000)
  object space 393728K, 63% used [0x00000000c0000000,0x00000000cf34f598,0x00000000d8080000)
 Metaspace       used 83216K, committed 84544K, reserved 1179648K
  class space    used 8222K, committed 8832K, reserved 1048576K
}
Event: 395.363 GC heap before
{Heap before GC invocations=1321 (full 48):
 PSYoungGen      total 123904K, used 123649K [0x00000000eab00000, 0x00000000f4100000, 0x0000000100000000)
  eden space 110080K, 100% used [0x00000000eab00000,0x00000000f1680000,0x00000000f1680000)
  from space 13824K, 98% used [0x00000000f3380000,0x00000000f40c0400,0x00000000f4100000)
  to   space 16384K, 0% used [0x00000000f2100000,0x00000000f2100000,0x00000000f3100000)
 ParOldGen       total 393728K, used 249149K [0x00000000c0000000, 0x00000000d8080000, 0x00000000eab00000)
  object space 393728K, 63% used [0x00000000c0000000,0x00000000cf34f598,0x00000000d8080000)
 Metaspace       used 83216K, committed 84544K, reserved 1179648K
  class space    used 8222K, committed 8832K, reserved 1048576K
}
Event: 395.389 GC heap after
{Heap after GC invocations=1321 (full 48):
 PSYoungGen      total 121856K, used 13359K [0x00000000eab00000, 0x00000000f3400000, 0x0000000100000000)
  eden space 108032K, 0% used [0x00000000eab00000,0x00000000eab00000,0x00000000f1480000)
  from space 13824K, 96% used [0x00000000f2100000,0x00000000f2e0bd88,0x00000000f2e80000)
  to   space 5632K, 0% used [0x00000000f2e80000,0x00000000f2e80000,0x00000000f3400000)
 ParOldGen       total 393728K, used 262624K [0x00000000c0000000, 0x00000000d8080000, 0x00000000eab00000)
  object space 393728K, 66% used [0x00000000c0000000,0x00000000d0078308,0x00000000d8080000)
 Metaspace       used 83216K, committed 84544K, reserved 1179648K
  class space    used 8222K, committed 8832K, reserved 1048576K
}
Event: 395.593 GC heap before
{Heap before GC invocations=1322 (full 48):
 PSYoungGen      total 121856K, used 121391K [0x00000000eab00000, 0x00000000f3400000, 0x0000000100000000)
  eden space 108032K, 100% used [0x00000000eab00000,0x00000000f1480000,0x00000000f1480000)
  from space 13824K, 96% used [0x00000000f2100000,0x00000000f2e0bd88,0x00000000f2e80000)
  to   space 5632K, 0% used [0x00000000f2e80000,0x00000000f2e80000,0x00000000f3400000)
 ParOldGen       total 393728K, used 262624K [0x00000000c0000000, 0x00000000d8080000, 0x00000000eab00000)
  object space 393728K, 66% used [0x00000000c0000000,0x00000000d0078308,0x00000000d8080000)
 Metaspace       used 83218K, committed 84544K, reserved 1179648K
  class space    used 8222K, committed 8832K, reserved 1048576K
}
Event: 395.616 GC heap after
{Heap after GC invocations=1322 (full 48):
 PSYoungGen      total 111616K, used 5616K [0x00000000eab00000, 0x00000000f4880000, 0x0000000100000000)
  eden space 105984K, 0% used [0x00000000eab00000,0x00000000eab00000,0x00000000f1280000)
  from space 5632K, 99% used [0x00000000f2e80000,0x00000000f33fc070,0x00000000f3400000)
  to   space 27648K, 0% used [0x00000000f1280000,0x00000000f1280000,0x00000000f2d80000)
 ParOldGen       total 393728K, used 282327K [0x00000000c0000000, 0x00000000d8080000, 0x00000000eab00000)
  object space 393728K, 71% used [0x00000000c0000000,0x00000000d13b5fc0,0x00000000d8080000)
 Metaspace       used 83218K, committed 84544K, reserved 1179648K
  class space    used 8222K, committed 8832K, reserved 1048576K
}
Event: 395.756 GC heap before
{Heap before GC invocations=1323 (full 48):
 PSYoungGen      total 111616K, used 111600K [0x00000000eab00000, 0x00000000f4880000, 0x0000000100000000)
  eden space 105984K, 99% used [0x00000000eab00000,0x00000000f127fff8,0x00000000f1280000)
  from space 5632K, 99% used [0x00000000f2e80000,0x00000000f33fc070,0x00000000f3400000)
  to   space 27648K, 0% used [0x00000000f1280000,0x00000000f1280000,0x00000000f2d80000)
 ParOldGen       total 393728K, used 282327K [0x00000000c0000000, 0x00000000d8080000, 0x00000000eab00000)
  object space 393728K, 71% used [0x00000000c0000000,0x00000000d13b5fc0,0x00000000d8080000)
 Metaspace       used 83218K, committed 84544K, reserved 1179648K
  class space    used 8222K, committed 8832K, reserved 1048576K
}
Event: 395.774 GC heap after
{Heap after GC invocations=1323 (full 48):
 PSYoungGen      total 119808K, used 15600K [0x00000000eab00000, 0x00000000f3680000, 0x0000000100000000)
  eden space 103936K, 0% used [0x00000000eab00000,0x00000000eab00000,0x00000000f1080000)
  from space 15872K, 98% used [0x00000000f1280000,0x00000000f21bc258,0x00000000f2200000)
  to   space 19456K, 0% used [0x00000000f2380000,0x00000000f2380000,0x00000000f3680000)
 ParOldGen       total 393728K, used 287687K [0x00000000c0000000, 0x00000000d8080000, 0x00000000eab00000)
  object space 393728K, 73% used [0x00000000c0000000,0x00000000d18f1df8,0x00000000d8080000)
 Metaspace       used 83218K, committed 84544K, reserved 1179648K
  class space    used 8222K, committed 8832K, reserved 1048576K
}
Event: 395.905 GC heap before
{Heap before GC invocations=1324 (full 48):
 PSYoungGen      total 119808K, used 119536K [0x00000000eab00000, 0x00000000f3680000, 0x0000000100000000)
  eden space 103936K, 100% used [0x00000000eab00000,0x00000000f1080000,0x00000000f1080000)
  from space 15872K, 98% used [0x00000000f1280000,0x00000000f21bc258,0x00000000f2200000)
  to   space 19456K, 0% used [0x00000000f2380000,0x00000000f2380000,0x00000000f3680000)
 ParOldGen       total 393728K, used 287687K [0x00000000c0000000, 0x00000000d8080000, 0x00000000eab00000)
  object space 393728K, 73% used [0x00000000c0000000,0x00000000d18f1df8,0x00000000d8080000)
 Metaspace       used 83219K, committed 84544K, reserved 1179648K
  class space    used 8222K, committed 8832K, reserved 1048576K
}
Event: 395.931 GC heap after
{Heap after GC invocations=1324 (full 48):
 PSYoungGen      total 124416K, used 17612K [0x00000000eab00000, 0x00000000f4100000, 0x0000000100000000)
  eden space 104960K, 0% used [0x00000000eab00000,0x00000000eab00000,0x00000000f1180000)
  from space 19456K, 90% used [0x00000000f2380000,0x00000000f34b3040,0x00000000f3680000)
  to   space 18432K, 0% used [0x00000000f1180000,0x00000000f1180000,0x00000000f2380000)
 ParOldGen       total 393728K, used 302895K [0x00000000c0000000, 0x00000000d8080000, 0x00000000eab00000)
  object space 393728K, 76% used [0x00000000c0000000,0x00000000d27cbc90,0x00000000d8080000)
 Metaspace       used 83219K, committed 84544K, reserved 1179648K
  class space    used 8222K, committed 8832K, reserved 1048576K
}
Event: 396.153 GC heap before
{Heap before GC invocations=1325 (full 48):
 PSYoungGen      total 124416K, used 122572K [0x00000000eab00000, 0x00000000f4100000, 0x0000000100000000)
  eden space 104960K, 100% used [0x00000000eab00000,0x00000000f1180000,0x00000000f1180000)
  from space 19456K, 90% used [0x00000000f2380000,0x00000000f34b3040,0x00000000f3680000)
  to   space 18432K, 0% used [0x00000000f1180000,0x00000000f1180000,0x00000000f2380000)
 ParOldGen       total 393728K, used 302895K [0x00000000c0000000, 0x00000000d8080000, 0x00000000eab00000)
  object space 393728K, 76% used [0x00000000c0000000,0x00000000d27cbc90,0x00000000d8080000)
 Metaspace       used 83220K, committed 84544K, reserved 1179648K
  class space    used 8222K, committed 8832K, reserved 1048576K
}
Event: 396.192 GC heap after
{Heap after GC invocations=1325 (full 48):
 PSYoungGen      total 123392K, used 11760K [0x00000000eab00000, 0x00000000f3a80000, 0x0000000100000000)
  eden space 104960K, 0% used [0x00000000eab00000,0x00000000eab00000,0x00000000f1180000)
  from space 18432K, 63% used [0x00000000f1180000,0x00000000f1cfc0f0,0x00000000f2380000)
  to   space 14336K, 0% used [0x00000000f2c80000,0x00000000f2c80000,0x00000000f3a80000)
 ParOldGen       total 393728K, used 320334K [0x00000000c0000000, 0x00000000d8080000, 0x00000000eab00000)
  object space 393728K, 81% used [0x00000000c0000000,0x00000000d38d39e8,0x00000000d8080000)
 Metaspace       used 83220K, committed 84544K, reserved 1179648K
  class space    used 8222K, committed 8832K, reserved 1048576K
}
Event: 396.446 GC heap before
{Heap before GC invocations=1326 (full 48):
 PSYoungGen      total 123392K, used 116720K [0x00000000eab00000, 0x00000000f3a80000, 0x0000000100000000)
  eden space 104960K, 100% used [0x00000000eab00000,0x00000000f1180000,0x00000000f1180000)
  from space 18432K, 63% used [0x00000000f1180000,0x00000000f1cfc0f0,0x00000000f2380000)
  to   space 14336K, 0% used [0x00000000f2c80000,0x00000000f2c80000,0x00000000f3a80000)
 ParOldGen       total 393728K, used 320334K [0x00000000c0000000, 0x00000000d8080000, 0x00000000eab00000)
  object space 393728K, 81% used [0x00000000c0000000,0x00000000d38d39e8,0x00000000d8080000)
 Metaspace       used 83221K, committed 84544K, reserved 1179648K
  class space    used 8222K, committed 8832K, reserved 1048576K
}
Event: 396.479 GC heap after
{Heap after GC invocations=1326 (full 48):
 PSYoungGen      total 118272K, used 14319K [0x00000000eab00000, 0x00000000f5680000, 0x0000000100000000)
  eden space 103936K, 0% used [0x00000000eab00000,0x00000000eab00000,0x00000000f1080000)
  from space 14336K, 99% used [0x00000000f2c80000,0x00000000f3a7bfa8,0x00000000f3a80000)
  to   space 28672K, 0% used [0x00000000f1080000,0x00000000f1080000,0x00000000f2c80000)
 ParOldGen       total 393728K, used 331983K [0x00000000c0000000, 0x00000000d8080000, 0x00000000eab00000)
  object space 393728K, 84% used [0x00000000c0000000,0x00000000d4433d88,0x00000000d8080000)
 Metaspace       used 83221K, committed 84544K, reserved 1179648K
  class space    used 8222K, committed 8832K, reserved 1048576K
}
Event: 396.713 GC heap before
{Heap before GC invocations=1327 (full 48):
 PSYoungGen      total 118272K, used 118255K [0x00000000eab00000, 0x00000000f5680000, 0x0000000100000000)
  eden space 103936K, 100% used [0x00000000eab00000,0x00000000f1080000,0x00000000f1080000)
  from space 14336K, 99% used [0x00000000f2c80000,0x00000000f3a7bfa8,0x00000000f3a80000)
  to   space 28672K, 0% used [0x00000000f1080000,0x00000000f1080000,0x00000000f2c80000)
 ParOldGen       total 393728K, used 331983K [0x00000000c0000000, 0x00000000d8080000, 0x00000000eab00000)
  object space 393728K, 84% used [0x00000000c0000000,0x00000000d4433d88,0x00000000d8080000)
 Metaspace       used 83223K, committed 84544K, reserved 1179648K
  class space    used 8222K, committed 8832K, reserved 1048576K
}
Event: 396.745 GC heap after
{Heap after GC invocations=1327 (full 48):
 PSYoungGen      total 132608K, used 11232K [0x00000000eab00000, 0x00000000f3e00000, 0x0000000100000000)
  eden space 103936K, 0% used [0x00000000eab00000,0x00000000eab00000,0x00000000f1080000)
  from space 28672K, 39% used [0x00000000f1080000,0x00000000f1b78120,0x00000000f2c80000)
  to   space 16896K, 0% used [0x00000000f2d80000,0x00000000f2d80000,0x00000000f3e00000)
 ParOldGen       total 393728K, used 346260K [0x00000000c0000000, 0x00000000d8080000, 0x00000000eab00000)
  object space 393728K, 87% used [0x00000000c0000000,0x00000000d5225280,0x00000000d8080000)
 Metaspace       used 83223K, committed 84544K, reserved 1179648K
  class space    used 8222K, committed 8832K, reserved 1048576K
}
Event: 396.986 GC heap before
{Heap before GC invocations=1328 (full 48):
 PSYoungGen      total 132608K, used 115168K [0x00000000eab00000, 0x00000000f3e00000, 0x0000000100000000)
  eden space 103936K, 100% used [0x00000000eab00000,0x00000000f1080000,0x00000000f1080000)
  from space 28672K, 39% used [0x00000000f1080000,0x00000000f1b78120,0x00000000f2c80000)
  to   space 16896K, 0% used [0x00000000f2d80000,0x00000000f2d80000,0x00000000f3e00000)
 ParOldGen       total 393728K, used 346260K [0x00000000c0000000, 0x00000000d8080000, 0x00000000eab00000)
  object space 393728K, 87% used [0x00000000c0000000,0x00000000d5225280,0x00000000d8080000)
 Metaspace       used 83231K, committed 84544K, reserved 1179648K
  class space    used 8223K, committed 8832K, reserved 1048576K
}
Event: 397.017 GC heap after
{Heap after GC invocations=1328 (full 48):
 PSYoungGen      total 130560K, used 13424K [0x00000000eab00000, 0x00000000f3b00000, 0x0000000100000000)
  eden space 116736K, 0% used [0x00000000eab00000,0x00000000eab00000,0x00000000f1d00000)
  from space 13824K, 97% used [0x00000000f2d80000,0x00000000f3a9c3b0,0x00000000f3b00000)
  to   space 14336K, 0% used [0x00000000f1f00000,0x00000000f1f00000,0x00000000f2d00000)
 ParOldGen       total 393728K, used 357136K [0x00000000c0000000, 0x00000000d8080000, 0x00000000eab00000)
  object space 393728K, 90% used [0x00000000c0000000,0x00000000d5cc41c0,0x00000000d8080000)
 Metaspace       used 83231K, committed 84544K, reserved 1179648K
  class space    used 8223K, committed 8832K, reserved 1048576K
}
Event: 397.287 GC heap before
{Heap before GC invocations=1329 (full 48):
 PSYoungGen      total 130560K, used 130160K [0x00000000eab00000, 0x00000000f3b00000, 0x0000000100000000)
  eden space 116736K, 100% used [0x00000000eab00000,0x00000000f1d00000,0x00000000f1d00000)
  from space 13824K, 97% used [0x00000000f2d80000,0x00000000f3a9c3b0,0x00000000f3b00000)
  to   space 14336K, 0% used [0x00000000f1f00000,0x00000000f1f00000,0x00000000f2d00000)
 ParOldGen       total 393728K, used 357136K [0x00000000c0000000, 0x00000000d8080000, 0x00000000eab00000)
  object space 393728K, 90% used [0x00000000c0000000,0x00000000d5cc41c0,0x00000000d8080000)
 Metaspace       used 83235K, committed 84544K, reserved 1179648K
  class space    used 8223K, committed 8832K, reserved 1048576K
}
Event: 397.329 GC heap after
{Heap after GC invocations=1329 (full 48):
 PSYoungGen      total 133120K, used 14309K [0x00000000eab00000, 0x00000000f7000000, 0x0000000100000000)
  eden space 118784K, 0% used [0x00000000eab00000,0x00000000eab00000,0x00000000f1f00000)
  from space 14336K, 99% used [0x00000000f1f00000,0x00000000f2cf9620,0x00000000f2d00000)
  to   space 35328K, 0% used [0x00000000f4d80000,0x00000000f4d80000,0x00000000f7000000)
 ParOldGen       total 393728K, used 374725K [0x00000000c0000000, 0x00000000d8080000, 0x00000000eab00000)
  object space 393728K, 95% used [0x00000000c0000000,0x00000000d6df1460,0x00000000d8080000)
 Metaspace       used 83235K, committed 84544K, reserved 1179648K
  class space    used 8223K, committed 8832K, reserved 1048576K
}

