# JRE version: OpenJDK Runtime Environment Temurin-17.0.7+7 (17.0.7+7) (build 17.0.7+7)
# Java VM: OpenJDK 64-Bit Server VM Temurin-17.0.7+7 (17.0.7+7, mixed mode, emulated-client, tiered, compressed oops, compressed class ptrs, g1 gc, windows-amd64)
GC Precious Log:
 CPUs: 4 total, 4 available
 Memory: 12199M
 Large Page Support: Disabled
 NUMA Support: Disabled
 Compressed Oops: Enabled (32-bit)
 Heap Region Size: 1M
 Heap Min Capacity: 8M
 Heap Initial Capacity: 192M
 Heap Max Capacity: 1G
 Pre-touch: Disabled
 Parallel Workers: 4
 Concurrent Workers: 1
 Concurrent Refinement Workers: 4
 Periodic GC: Disabled
Heap:
 garbage-first heap   total 464896K, used 402432K [0x00000000c0000000, 0x0000000100000000)
  region size 1024K, 112 young (114688K), 13 survivors (13312K)
 Metaspace       used 56574K, committed 57024K, reserved 1114112K
  class space    used 7149K, committed 7360K, reserved 1048576K
GC Heap History (20 events):
Event: 22.548 GC heap before
{Heap before GC invocations=31 (full 0):
 garbage-first heap   total 464896K, used 364791K [0x00000000c0000000, 0x0000000100000000)
  region size 1024K, 261 young (267264K), 24 survivors (24576K)
 Metaspace       used 49826K, committed 50240K, reserved 1114112K
  class space    used 6302K, committed 6464K, reserved 1048576K
}
Event: 22.564 GC heap after
{Heap after GC invocations=32 (full 0):
 garbage-first heap   total 464896K, used 133101K [0x00000000c0000000, 0x0000000100000000)
  region size 1024K, 25 young (25600K), 25 survivors (25600K)
 Metaspace       used 49826K, committed 50240K, reserved 1114112K
  class space    used 6302K, committed 6464K, reserved 1048576K
}
Event: 22.802 GC heap before
{Heap before GC invocations=32 (full 0):
 garbage-first heap   total 464896K, used 372717K [0x00000000c0000000, 0x0000000100000000)
  region size 1024K, 260 young (266240K), 25 survivors (25600K)
 Metaspace       used 50710K, committed 51200K, reserved 1114112K
  class space    used 6418K, committed 6656K, reserved 1048576K
}
Event: 22.818 GC heap after
{Heap after GC invocations=33 (full 0):
 garbage-first heap   total 464896K, used 143872K [0x00000000c0000000, 0x0000000100000000)
  region size 1024K, 21 young (21504K), 21 survivors (21504K)
 Metaspace       used 50710K, committed 51200K, reserved 1114112K
  class space    used 6418K, committed 6656K, reserved 1048576K
}
Event: 22.975 GC heap before
{Heap before GC invocations=33 (full 0):
 garbage-first heap   total 464896K, used 377344K [0x00000000c0000000, 0x0000000100000000)
  region size 1024K, 250 young (256000K), 21 survivors (21504K)
 Metaspace       used 51193K, committed 51648K, reserved 1114112K
  class space    used 6490K, committed 6720K, reserved 1048576K
}
Event: 22.991 GC heap after
{Heap after GC invocations=34 (full 0):
 garbage-first heap   total 464896K, used 159744K [0x00000000c0000000, 0x0000000100000000)
  region size 1024K, 27 young (27648K), 27 survivors (27648K)
 Metaspace       used 51193K, committed 51648K, reserved 1114112K
  class space    used 6490K, committed 6720K, reserved 1048576K
}
Event: 25.644 GC heap before
{Heap before GC invocations=34 (full 0):
 garbage-first heap   total 464896K, used 378880K [0x00000000c0000000, 0x0000000100000000)
  region size 1024K, 242 young (247808K), 27 survivors (27648K)
 Metaspace       used 54042K, committed 54528K, reserved 1114112K
  class space    used 6819K, committed 7040K, reserved 1048576K
}
Event: 25.666 GC heap after
{Heap after GC invocations=35 (full 0):
 garbage-first heap   total 464896K, used 176089K [0x00000000c0000000, 0x0000000100000000)
  region size 1024K, 31 young (31744K), 31 survivors (31744K)
 Metaspace       used 54042K, committed 54528K, reserved 1114112K
  class space    used 6819K, committed 7040K, reserved 1048576K
}
Event: 27.181 GC heap before
{Heap before GC invocations=35 (full 0):
 garbage-first heap   total 464896K, used 379865K [0x00000000c0000000, 0x0000000100000000)
  region size 1024K, 231 young (236544K), 31 survivors (31744K)
 Metaspace       used 56416K, committed 56960K, reserved 1114112K
  class space    used 7112K, committed 7360K, reserved 1048576K
}
Event: 27.218 GC heap after
{Heap after GC invocations=36 (full 0):
 garbage-first heap   total 464896K, used 190464K [0x00000000c0000000, 0x0000000100000000)
  region size 1024K, 15 young (15360K), 15 survivors (15360K)
 Metaspace       used 56416K, committed 56960K, reserved 1114112K
  class space    used 7112K, committed 7360K, reserved 1048576K
}
Event: 27.831 GC heap before
{Heap before GC invocations=36 (full 0):
 garbage-first heap   total 464896K, used 380928K [0x00000000c0000000, 0x0000000100000000)
  region size 1024K, 202 young (206848K), 15 survivors (15360K)
 Metaspace       used 56419K, committed 56960K, reserved 1114112K
  class space    used 7113K, committed 7360K, reserved 1048576K
}
Event: 27.856 GC heap after
{Heap after GC invocations=37 (full 0):
 garbage-first heap   total 464896K, used 202752K [0x00000000c0000000, 0x0000000100000000)
  region size 1024K, 12 young (12288K), 12 survivors (12288K)
 Metaspace       used 56419K, committed 56960K, reserved 1114112K
  class space    used 7113K, committed 7360K, reserved 1048576K
}
Event: 28.467 GC heap before
{Heap before GC invocations=37 (full 0):
 garbage-first heap   total 464896K, used 381952K [0x00000000c0000000, 0x0000000100000000)
  region size 1024K, 188 young (192512K), 12 survivors (12288K)
 Metaspace       used 56432K, committed 56960K, reserved 1114112K
  class space    used 7113K, committed 7360K, reserved 1048576K
}
Event: 28.483 GC heap after
{Heap after GC invocations=38 (full 0):
 garbage-first heap   total 464896K, used 214016K [0x00000000c0000000, 0x0000000100000000)
  region size 1024K, 23 young (23552K), 23 survivors (23552K)
 Metaspace       used 56432K, committed 56960K, reserved 1114112K
  class space    used 7113K, committed 7360K, reserved 1048576K
}
Event: 28.941 GC heap before
{Heap before GC invocations=38 (full 0):
 garbage-first heap   total 464896K, used 385024K [0x00000000c0000000, 0x0000000100000000)
  region size 1024K, 191 young (195584K), 23 survivors (23552K)
 Metaspace       used 56437K, committed 56960K, reserved 1114112K
  class space    used 7113K, committed 7360K, reserved 1048576K
}
Event: 28.957 GC heap after
{Heap after GC invocations=39 (full 0):
 garbage-first heap   total 464896K, used 222823K [0x00000000c0000000, 0x0000000100000000)
  region size 1024K, 20 young (20480K), 20 survivors (20480K)
 Metaspace       used 56437K, committed 56960K, reserved 1114112K
  class space    used 7113K, committed 7360K, reserved 1048576K
}
Event: 29.416 GC heap before
{Heap before GC invocations=39 (full 0):
 garbage-first heap   total 464896K, used 388711K [0x00000000c0000000, 0x0000000100000000)
  region size 1024K, 183 young (187392K), 20 survivors (20480K)
 Metaspace       used 56438K, committed 56960K, reserved 1114112K
  class space    used 7113K, committed 7360K, reserved 1048576K
}
Event: 29.434 GC heap after
{Heap after GC invocations=40 (full 0):
 garbage-first heap   total 464896K, used 231936K [0x00000000c0000000, 0x0000000100000000)
  region size 1024K, 18 young (18432K), 18 survivors (18432K)
 Metaspace       used 56438K, committed 56960K, reserved 1114112K
  class space    used 7113K, committed 7360K, reserved 1048576K
}
Event: 29.633 GC heap before
{Heap before GC invocations=40 (full 0):
 garbage-first heap   total 464896K, used 312832K [0x00000000c0000000, 0x0000000100000000)
  region size 1024K, 99 young (101376K), 18 survivors (18432K)
 Metaspace       used 56504K, committed 56960K, reserved 1114112K
  class space    used 7128K, committed 7360K, reserved 1048576K
}
Event: 29.646 GC heap after
{Heap after GC invocations=41 (full 0):
 garbage-first heap   total 464896K, used 236544K [0x00000000c0000000, 0x0000000100000000)
  region size 1024K, 13 young (13312K), 13 survivors (13312K)
 Metaspace       used 56504K, committed 56960K, reserved 1114112K
  class space    used 7128K, committed 7360K, reserved 1048576K
}

