# JRE version: OpenJDK Runtime Environment Temurin-17.0.7+7 (17.0.7+7) (build 17.0.7+7)
# Java VM: OpenJDK 64-Bit Server VM Temurin-17.0.7+7 (17.0.7+7, mixed mode, emulated-client, tiered, compressed oops, compressed class ptrs, g1 gc, windows-amd64)
GC Precious Log:
 CPUs: 4 total, 4 available
 Memory: 12199M
 Large Page Support: Disabled
 NUMA Support: Disabled
 Compressed Oops: Enabled (32-bit)
 Heap Region Size: 1M
 Heap Min Capacity: 8M
 Heap Initial Capacity: 192M
 Heap Max Capacity: 1G
 Pre-touch: Disabled
 Parallel Workers: 4
 Concurrent Workers: 1
 Concurrent Refinement Workers: 4
 Periodic GC: Disabled
Heap:
 garbage-first heap   total 389120K, used 116484K [0x00000000c0000000, 0x0000000100000000)
  region size 1024K, 1 young (1024K), 0 survivors (0K)
 Metaspace       used 72989K, committed 73472K, reserved 1114112K
  class space    used 10039K, committed 10240K, reserved 1048576K
GC Heap History (20 events):
Event: 23765.783 GC heap before
{Heap before GC invocations=2310 (full 2190):
 garbage-first heap   total 389120K, used 116484K [0x00000000c0000000, 0x0000000100000000)
  region size 1024K, 1 young (1024K), 0 survivors (0K)
 Metaspace       used 72989K, committed 73472K, reserved 1114112K
  class space    used 10039K, committed 10240K, reserved 1048576K
}
Event: 23765.887 GC heap after
{Heap after GC invocations=2311 (full 2191):
 garbage-first heap   total 389120K, used 116484K [0x00000000c0000000, 0x0000000100000000)
  region size 1024K, 0 young (0K), 0 survivors (0K)
 Metaspace       used 72989K, committed 73472K, reserved 1114112K
  class space    used 10039K, committed 10240K, reserved 1048576K
}
Event: 23776.315 GC heap before
{Heap before GC invocations=2311 (full 2191):
 garbage-first heap   total 389120K, used 116484K [0x00000000c0000000, 0x0000000100000000)
  region size 1024K, 1 young (1024K), 0 survivors (0K)
 Metaspace       used 72989K, committed 73472K, reserved 1114112K
  class space    used 10039K, committed 10240K, reserved 1048576K
}
Event: 23776.429 GC heap after
{Heap after GC invocations=2312 (full 2192):
 garbage-first heap   total 389120K, used 116484K [0x00000000c0000000, 0x0000000100000000)
  region size 1024K, 0 young (0K), 0 survivors (0K)
 Metaspace       used 72989K, committed 73472K, reserved 1114112K
  class space    used 10039K, committed 10240K, reserved 1048576K
}
Event: 23786.819 GC heap before
{Heap before GC invocations=2312 (full 2192):
 garbage-first heap   total 389120K, used 116484K [0x00000000c0000000, 0x0000000100000000)
  region size 1024K, 1 young (1024K), 0 survivors (0K)
 Metaspace       used 72989K, committed 73472K, reserved 1114112K
  class space    used 10039K, committed 10240K, reserved 1048576K
}
Event: 23786.955 GC heap after
{Heap after GC invocations=2313 (full 2193):
 garbage-first heap   total 389120K, used 116484K [0x00000000c0000000, 0x0000000100000000)
  region size 1024K, 0 young (0K), 0 survivors (0K)
 Metaspace       used 72989K, committed 73472K, reserved 1114112K
  class space    used 10039K, committed 10240K, reserved 1048576K
}
Event: 23797.274 GC heap before
{Heap before GC invocations=2313 (full 2193):
 garbage-first heap   total 389120K, used 116484K [0x00000000c0000000, 0x0000000100000000)
  region size 1024K, 1 young (1024K), 0 survivors (0K)
 Metaspace       used 72989K, committed 73472K, reserved 1114112K
  class space    used 10039K, committed 10240K, reserved 1048576K
}
Event: 23797.408 GC heap after
{Heap after GC invocations=2314 (full 2194):
 garbage-first heap   total 389120K, used 116484K [0x00000000c0000000, 0x0000000100000000)
  region size 1024K, 0 young (0K), 0 survivors (0K)
 Metaspace       used 72989K, committed 73472K, reserved 1114112K
  class space    used 10039K, committed 10240K, reserved 1048576K
}
Event: 23807.731 GC heap before
{Heap before GC invocations=2314 (full 2194):
 garbage-first heap   total 389120K, used 116484K [0x00000000c0000000, 0x0000000100000000)
  region size 1024K, 1 young (1024K), 0 survivors (0K)
 Metaspace       used 72989K, committed 73472K, reserved 1114112K
  class space    used 10039K, committed 10240K, reserved 1048576K
}
Event: 23807.858 GC heap after
{Heap after GC invocations=2315 (full 2195):
 garbage-first heap   total 389120K, used 116484K [0x00000000c0000000, 0x0000000100000000)
  region size 1024K, 0 young (0K), 0 survivors (0K)
 Metaspace       used 72989K, committed 73472K, reserved 1114112K
  class space    used 10039K, committed 10240K, reserved 1048576K
}
Event: 23818.236 GC heap before
{Heap before GC invocations=2315 (full 2195):
 garbage-first heap   total 389120K, used 116484K [0x00000000c0000000, 0x0000000100000000)
  region size 1024K, 1 young (1024K), 0 survivors (0K)
 Metaspace       used 72989K, committed 73472K, reserved 1114112K
  class space    used 10039K, committed 10240K, reserved 1048576K
}
Event: 23818.385 GC heap after
{Heap after GC invocations=2316 (full 2196):
 garbage-first heap   total 389120K, used 116484K [0x00000000c0000000, 0x0000000100000000)
  region size 1024K, 0 young (0K), 0 survivors (0K)
 Metaspace       used 72989K, committed 73472K, reserved 1114112K
  class space    used 10039K, committed 10240K, reserved 1048576K
}
Event: 23828.675 GC heap before
{Heap before GC invocations=2316 (full 2196):
 garbage-first heap   total 389120K, used 116484K [0x00000000c0000000, 0x0000000100000000)
  region size 1024K, 1 young (1024K), 0 survivors (0K)
 Metaspace       used 72989K, committed 73472K, reserved 1114112K
  class space    used 10039K, committed 10240K, reserved 1048576K
}
Event: 23828.819 GC heap after
{Heap after GC invocations=2317 (full 2197):
 garbage-first heap   total 389120K, used 116484K [0x00000000c0000000, 0x0000000100000000)
  region size 1024K, 0 young (0K), 0 survivors (0K)
 Metaspace       used 72989K, committed 73472K, reserved 1114112K
  class space    used 10039K, committed 10240K, reserved 1048576K
}
Event: 23839.144 GC heap before
{Heap before GC invocations=2317 (full 2197):
 garbage-first heap   total 389120K, used 116484K [0x00000000c0000000, 0x0000000100000000)
  region size 1024K, 1 young (1024K), 0 survivors (0K)
 Metaspace       used 72989K, committed 73472K, reserved 1114112K
  class space    used 10039K, committed 10240K, reserved 1048576K
}
Event: 23839.259 GC heap after
{Heap after GC invocations=2318 (full 2198):
 garbage-first heap   total 389120K, used 116484K [0x00000000c0000000, 0x0000000100000000)
  region size 1024K, 0 young (0K), 0 survivors (0K)
 Metaspace       used 72989K, committed 73472K, reserved 1114112K
  class space    used 10039K, committed 10240K, reserved 1048576K
}
Event: 23849.996 GC heap before
{Heap before GC invocations=2318 (full 2198):
 garbage-first heap   total 389120K, used 116484K [0x00000000c0000000, 0x0000000100000000)
  region size 1024K, 1 young (1024K), 0 survivors (0K)
 Metaspace       used 72989K, committed 73472K, reserved 1114112K
  class space    used 10039K, committed 10240K, reserved 1048576K
}
Event: 23850.111 GC heap after
{Heap after GC invocations=2319 (full 2199):
 garbage-first heap   total 389120K, used 116484K [0x00000000c0000000, 0x0000000100000000)
  region size 1024K, 0 young (0K), 0 survivors (0K)
 Metaspace       used 72989K, committed 73472K, reserved 1114112K
  class space    used 10039K, committed 10240K, reserved 1048576K
}
Event: 23860.382 GC heap before
{Heap before GC invocations=2319 (full 2199):
 garbage-first heap   total 389120K, used 116484K [0x00000000c0000000, 0x0000000100000000)
  region size 1024K, 1 young (1024K), 0 survivors (0K)
 Metaspace       used 72989K, committed 73472K, reserved 1114112K
  class space    used 10039K, committed 10240K, reserved 1048576K
}
Event: 23860.504 GC heap after
{Heap after GC invocations=2320 (full 2200):
 garbage-first heap   total 389120K, used 116484K [0x00000000c0000000, 0x0000000100000000)
  region size 1024K, 0 young (0K), 0 survivors (0K)
 Metaspace       used 72989K, committed 73472K, reserved 1114112K
  class space    used 10039K, committed 10240K, reserved 1048576K
}

