# JRE version: OpenJDK Runtime Environment Temurin-17.0.7+7 (17.0.7+7) (build 17.0.7+7)
# Java VM: OpenJDK 64-Bit Server VM Temurin-17.0.7+7 (17.0.7+7, mixed mode, emulated-client, tiered, compressed oops, compressed class ptrs, g1 gc, windows-amd64)
GC Precious Log:
 CPUs: 4 total, 4 available
 Memory: 12199M
 Large Page Support: Disabled
 NUMA Support: Disabled
 Compressed Oops: Enabled (32-bit)
 Heap Region Size: 1M
 Heap Min Capacity: 8M
 Heap Initial Capacity: 192M
 Heap Max Capacity: 1G
 Pre-touch: Disabled
 Parallel Workers: 4
 Concurrent Workers: 1
 Concurrent Refinement Workers: 4
 Periodic GC: Disabled
Heap:
 garbage-first heap   total 45056K, used 14234K [0x00000000c0000000, 0x0000000100000000)
  region size 1024K, 1 young (1024K), 0 survivors (0K)
 Metaspace       used 34489K, committed 34944K, reserved 1114112K
  class space    used 4470K, committed 4672K, reserved 1048576K
GC Heap History (20 events):
Event: 1.742 GC heap before
{Heap before GC invocations=1 (full 0):
 garbage-first heap   total 196608K, used 15752K [0x00000000c0000000, 0x0000000100000000)
  region size 1024K, 11 young (11264K), 2 survivors (2048K)
 Metaspace       used 9460K, committed 9664K, reserved 1114112K
  class space    used 1145K, committed 1280K, reserved 1048576K
}
Event: 1.744 GC heap after
{Heap after GC invocations=2 (full 0):
 garbage-first heap   total 196608K, used 7384K [0x00000000c0000000, 0x0000000100000000)
  region size 1024K, 1 young (1024K), 1 survivors (1024K)
 Metaspace       used 9460K, committed 9664K, reserved 1114112K
  class space    used 1145K, committed 1280K, reserved 1048576K
}
Event: 2.958 GC heap before
{Heap before GC invocations=2 (full 0):
 garbage-first heap   total 196608K, used 30936K [0x00000000c0000000, 0x0000000100000000)
  region size 1024K, 24 young (24576K), 1 survivors (1024K)
 Metaspace       used 16437K, committed 16576K, reserved 1114112K
  class space    used 2049K, committed 2112K, reserved 1048576K
}
Event: 2.962 GC heap after
{Heap after GC invocations=3 (full 0):
 garbage-first heap   total 196608K, used 9981K [0x00000000c0000000, 0x0000000100000000)
  region size 1024K, 3 young (3072K), 3 survivors (3072K)
 Metaspace       used 16437K, committed 16576K, reserved 1114112K
  class space    used 2049K, committed 2112K, reserved 1048576K
}
Event: 3.592 GC heap before
{Heap before GC invocations=3 (full 0):
 garbage-first heap   total 196608K, used 30461K [0x00000000c0000000, 0x0000000100000000)
  region size 1024K, 24 young (24576K), 3 survivors (3072K)
 Metaspace       used 21369K, committed 21504K, reserved 1114112K
  class space    used 2629K, committed 2688K, reserved 1048576K
}
Event: 3.597 GC heap after
{Heap after GC invocations=4 (full 0):
 garbage-first heap   total 196608K, used 11711K [0x00000000c0000000, 0x0000000100000000)
  region size 1024K, 5 young (5120K), 5 survivors (5120K)
 Metaspace       used 21369K, committed 21504K, reserved 1114112K
  class space    used 2629K, committed 2688K, reserved 1048576K
}
Event: 5.360 GC heap before
{Heap before GC invocations=5 (full 0):
 garbage-first heap   total 45056K, used 33215K [0x00000000c0000000, 0x0000000100000000)
  region size 1024K, 26 young (26624K), 5 survivors (5120K)
 Metaspace       used 24824K, committed 25088K, reserved 1114112K
  class space    used 3081K, committed 3200K, reserved 1048576K
}
Event: 5.367 GC heap after
{Heap after GC invocations=6 (full 0):
 garbage-first heap   total 45056K, used 13182K [0x00000000c0000000, 0x0000000100000000)
  region size 1024K, 4 young (4096K), 4 survivors (4096K)
 Metaspace       used 24824K, committed 25088K, reserved 1114112K
  class space    used 3081K, committed 3200K, reserved 1048576K
}
Event: 5.408 GC heap before
{Heap before GC invocations=6 (full 0):
 garbage-first heap   total 45056K, used 14206K [0x00000000c0000000, 0x0000000100000000)
  region size 1024K, 5 young (5120K), 4 survivors (4096K)
 Metaspace       used 24897K, committed 25152K, reserved 1114112K
  class space    used 3096K, committed 3200K, reserved 1048576K
}
Event: 5.413 GC heap after
{Heap after GC invocations=7 (full 0):
 garbage-first heap   total 45056K, used 13871K [0x00000000c0000000, 0x0000000100000000)
  region size 1024K, 1 young (1024K), 1 survivors (1024K)
 Metaspace       used 24897K, committed 25152K, reserved 1114112K
  class space    used 3096K, committed 3200K, reserved 1048576K
}
Event: 6.792 GC heap before
{Heap before GC invocations=7 (full 0):
 garbage-first heap   total 45056K, used 30255K [0x00000000c0000000, 0x0000000100000000)
  region size 1024K, 17 young (17408K), 1 survivors (1024K)
 Metaspace       used 27999K, committed 28352K, reserved 1114112K
  class space    used 3541K, committed 3712K, reserved 1048576K
}
Event: 6.797 GC heap after
{Heap after GC invocations=8 (full 0):
 garbage-first heap   total 45056K, used 14432K [0x00000000c0000000, 0x0000000100000000)
  region size 1024K, 2 young (2048K), 2 survivors (2048K)
 Metaspace       used 27999K, committed 28352K, reserved 1114112K
  class space    used 3541K, committed 3712K, reserved 1048576K
}
Event: 9.210 GC heap before
{Heap before GC invocations=8 (full 0):
 garbage-first heap   total 45056K, used 29792K [0x00000000c0000000, 0x0000000100000000)
  region size 1024K, 18 young (18432K), 2 survivors (2048K)
 Metaspace       used 29887K, committed 30272K, reserved 1114112K
  class space    used 3803K, committed 3968K, reserved 1048576K
}
Event: 9.218 GC heap after
{Heap after GC invocations=9 (full 0):
 garbage-first heap   total 45056K, used 16540K [0x00000000c0000000, 0x0000000100000000)
  region size 1024K, 3 young (3072K), 3 survivors (3072K)
 Metaspace       used 29887K, committed 30272K, reserved 1114112K
  class space    used 3803K, committed 3968K, reserved 1048576K
}
Event: 19.776 GC heap before
{Heap before GC invocations=9 (full 0):
 garbage-first heap   total 45056K, used 31900K [0x00000000c0000000, 0x0000000100000000)
  region size 1024K, 18 young (18432K), 3 survivors (3072K)
 Metaspace       used 33152K, committed 33472K, reserved 1114112K
  class space    used 4284K, committed 4416K, reserved 1048576K
}
Event: 19.781 GC heap after
{Heap after GC invocations=10 (full 0):
 garbage-first heap   total 45056K, used 18124K [0x00000000c0000000, 0x0000000100000000)
  region size 1024K, 2 young (2048K), 2 survivors (2048K)
 Metaspace       used 33152K, committed 33472K, reserved 1114112K
  class space    used 4284K, committed 4416K, reserved 1048576K
}
Event: 61.220 GC heap before
{Heap before GC invocations=10 (full 0):
 garbage-first heap   total 45056K, used 26316K [0x00000000c0000000, 0x0000000100000000)
  region size 1024K, 12 young (12288K), 2 survivors (2048K)
 Metaspace       used 34617K, committed 34944K, reserved 1114112K
  class space    used 4503K, committed 4672K, reserved 1048576K
}
Event: 61.247 GC heap after
{Heap after GC invocations=11 (full 1):
 garbage-first heap   total 45056K, used 17398K [0x00000000c0000000, 0x0000000100000000)
  region size 1024K, 0 young (0K), 0 survivors (0K)
 Metaspace       used 34617K, committed 34944K, reserved 1114112K
  class space    used 4503K, committed 4672K, reserved 1048576K
}
Event: 95.605 GC heap before
{Heap before GC invocations=11 (full 1):
 garbage-first heap   total 45056K, used 17398K [0x00000000c0000000, 0x0000000100000000)
  region size 1024K, 1 young (1024K), 0 survivors (0K)
 Metaspace       used 34617K, committed 34944K, reserved 1114112K
  class space    used 4503K, committed 4672K, reserved 1048576K
}
Event: 95.642 GC heap after
{Heap after GC invocations=12 (full 2):
 garbage-first heap   total 45056K, used 14234K [0x00000000c0000000, 0x0000000100000000)
  region size 1024K, 0 young (0K), 0 survivors (0K)
 Metaspace       used 34489K, committed 34944K, reserved 1114112K
  class space    used 4470K, committed 4672K, reserved 1048576K
}

