# JRE version: OpenJDK Runtime Environment Temurin-17.0.7+7 (17.0.7+7) (build 17.0.7+7)
# Java VM: OpenJDK 64-Bit Server VM Temurin-17.0.7+7 (17.0.7+7, mixed mode, tiered, compressed oops, compressed class ptrs, parallel gc, windows-amd64)
GC Precious Log:
 CPUs: 4 total, 4 available
 Memory: 12199M
 Large Page Support: Disabled
 NUMA Support: Disabled
 Compressed Oops: Enabled (32-bit)
 Alignments: Space 512K, Generation 512K, Heap 2M
 Heap Min Capacity: 100M
 Heap Initial Capacity: 100M
 Heap Max Capacity: 1G
 Pre-touch: Disabled
 Parallel Workers: 4
Heap:
 PSYoungGen      total 21504K, used 10752K [0x00000000eab00000, 0x00000000ecb80000, 0x0000000100000000)
  eden space 10752K, 100% used [0x00000000eab00000,0x00000000eb580000,0x00000000eb580000)
  from space 10752K, 0% used [0x00000000ec100000,0x00000000ec100000,0x00000000ecb80000)
  to   space 11264K, 1% used [0x00000000eb580000,0x00000000eb5a8000,0x00000000ec080000)
 ParOldGen       total 155136K, used 118339K [0x00000000c0000000, 0x00000000c9780000, 0x00000000eab00000)
  object space 155136K, 76% used [0x00000000c0000000,0x00000000c7390c70,0x00000000c9780000)
 Metaspace       used 74040K, committed 75264K, reserved 1179648K
  class space    used 7376K, committed 7936K, reserved 1048576K
GC Heap History (20 events):
Event: 33.963 GC heap before
{Heap before GC invocations=348 (full 12):
 PSYoungGen      total 6656K, used 6304K [0x00000000eab00000, 0x00000000eb480000, 0x0000000100000000)
  eden space 4608K, 100% used [0x00000000eab00000,0x00000000eaf80000,0x00000000eaf80000)
  from space 2048K, 82% used [0x00000000eb280000,0x00000000eb428020,0x00000000eb480000)
  to   space 2048K, 0% used [0x00000000eb080000,0x00000000eb080000,0x00000000eb280000)
 ParOldGen       total 134144K, used 108985K [0x00000000c0000000, 0x00000000c8300000, 0x00000000eab00000)
  object space 134144K, 81% used [0x00000000c0000000,0x00000000c6a6e730,0x00000000c8300000)
 Metaspace       used 73849K, committed 75008K, reserved 1179648K
  class space    used 7356K, committed 7872K, reserved 1048576K
}
Event: 33.967 GC heap after
{Heap after GC invocations=348 (full 12):
 PSYoungGen      total 7168K, used 2016K [0x00000000eab00000, 0x00000000eb700000, 0x0000000100000000)
  eden space 5120K, 0% used [0x00000000eab00000,0x00000000eab00000,0x00000000eb000000)
  from space 2048K, 98% used [0x00000000eb080000,0x00000000eb278020,0x00000000eb280000)
  to   space 3584K, 0% used [0x00000000eb380000,0x00000000eb380000,0x00000000eb700000)
 ParOldGen       total 134144K, used 110184K [0x00000000c0000000, 0x00000000c8300000, 0x00000000eab00000)
  object space 134144K, 82% used [0x00000000c0000000,0x00000000c6b9a300,0x00000000c8300000)
 Metaspace       used 73849K, committed 75008K, reserved 1179648K
  class space    used 7356K, committed 7872K, reserved 1048576K
}
Event: 33.998 GC heap before
{Heap before GC invocations=349 (full 12):
 PSYoungGen      total 7168K, used 6984K [0x00000000eab00000, 0x00000000eb700000, 0x0000000100000000)
  eden space 5120K, 97% used [0x00000000eab00000,0x00000000eafda000,0x00000000eb000000)
  from space 2048K, 98% used [0x00000000eb080000,0x00000000eb278020,0x00000000eb280000)
  to   space 3584K, 0% used [0x00000000eb380000,0x00000000eb380000,0x00000000eb700000)
 ParOldGen       total 134144K, used 110184K [0x00000000c0000000, 0x00000000c8300000, 0x00000000eab00000)
  object space 134144K, 82% used [0x00000000c0000000,0x00000000c6b9a300,0x00000000c8300000)
 Metaspace       used 73855K, committed 75072K, reserved 1179648K
  class space    used 7356K, committed 7872K, reserved 1048576K
}
Event: 34.001 GC heap after
{Heap after GC invocations=349 (full 12):
 PSYoungGen      total 8192K, used 3561K [0x00000000eab00000, 0x00000000eb880000, 0x0000000100000000)
  eden space 4608K, 0% used [0x00000000eab00000,0x00000000eab00000,0x00000000eaf80000)
  from space 3584K, 99% used [0x00000000eb380000,0x00000000eb6fa4e0,0x00000000eb700000)
  to   space 4096K, 0% used [0x00000000eaf80000,0x00000000eaf80000,0x00000000eb380000)
 ParOldGen       total 134144K, used 112207K [0x00000000c0000000, 0x00000000c8300000, 0x00000000eab00000)
  object space 134144K, 83% used [0x00000000c0000000,0x00000000c6d93c90,0x00000000c8300000)
 Metaspace       used 73855K, committed 75072K, reserved 1179648K
  class space    used 7356K, committed 7872K, reserved 1048576K
}
Event: 34.013 GC heap before
{Heap before GC invocations=350 (full 12):
 PSYoungGen      total 8192K, used 8169K [0x00000000eab00000, 0x00000000eb880000, 0x0000000100000000)
  eden space 4608K, 100% used [0x00000000eab00000,0x00000000eaf80000,0x00000000eaf80000)
  from space 3584K, 99% used [0x00000000eb380000,0x00000000eb6fa4e0,0x00000000eb700000)
  to   space 4096K, 0% used [0x00000000eaf80000,0x00000000eaf80000,0x00000000eb380000)
 ParOldGen       total 134144K, used 112207K [0x00000000c0000000, 0x00000000c8300000, 0x00000000eab00000)
  object space 134144K, 83% used [0x00000000c0000000,0x00000000c6d93c90,0x00000000c8300000)
 Metaspace       used 73855K, committed 75072K, reserved 1179648K
  class space    used 7356K, committed 7872K, reserved 1048576K
}
Event: 34.017 GC heap after
{Heap after GC invocations=350 (full 12):
 PSYoungGen      total 8704K, used 3310K [0x00000000eab00000, 0x00000000eb780000, 0x0000000100000000)
  eden space 4608K, 0% used [0x00000000eab00000,0x00000000eab00000,0x00000000eaf80000)
  from space 4096K, 80% used [0x00000000eaf80000,0x00000000eb2bb838,0x00000000eb380000)
  to   space 3584K, 0% used [0x00000000eb400000,0x00000000eb400000,0x00000000eb780000)
 ParOldGen       total 134144K, used 115724K [0x00000000c0000000, 0x00000000c8300000, 0x00000000eab00000)
  object space 134144K, 86% used [0x00000000c0000000,0x00000000c7103050,0x00000000c8300000)
 Metaspace       used 73855K, committed 75072K, reserved 1179648K
  class space    used 7356K, committed 7872K, reserved 1048576K
}
Event: 34.050 GC heap before
{Heap before GC invocations=351 (full 12):
 PSYoungGen      total 8704K, used 7918K [0x00000000eab00000, 0x00000000eb780000, 0x0000000100000000)
  eden space 4608K, 100% used [0x00000000eab00000,0x00000000eaf80000,0x00000000eaf80000)
  from space 4096K, 80% used [0x00000000eaf80000,0x00000000eb2bb838,0x00000000eb380000)
  to   space 3584K, 0% used [0x00000000eb400000,0x00000000eb400000,0x00000000eb780000)
 ParOldGen       total 134144K, used 115724K [0x00000000c0000000, 0x00000000c8300000, 0x00000000eab00000)
  object space 134144K, 86% used [0x00000000c0000000,0x00000000c7103050,0x00000000c8300000)
 Metaspace       used 73862K, committed 75072K, reserved 1179648K
  class space    used 7356K, committed 7872K, reserved 1048576K
}
Event: 34.054 GC heap after
{Heap after GC invocations=351 (full 12):
 PSYoungGen      total 8704K, used 2711K [0x00000000eab00000, 0x00000000eb700000, 0x0000000100000000)
  eden space 5632K, 0% used [0x00000000eab00000,0x00000000eab00000,0x00000000eb080000)
  from space 3072K, 88% used [0x00000000eb400000,0x00000000eb6a5dd0,0x00000000eb700000)
  to   space 3072K, 0% used [0x00000000eb100000,0x00000000eb100000,0x00000000eb400000)
 ParOldGen       total 134144K, used 118954K [0x00000000c0000000, 0x00000000c8300000, 0x00000000eab00000)
  object space 134144K, 88% used [0x00000000c0000000,0x00000000c742a8a8,0x00000000c8300000)
 Metaspace       used 73862K, committed 75072K, reserved 1179648K
  class space    used 7356K, committed 7872K, reserved 1048576K
}
Event: 34.129 GC heap before
{Heap before GC invocations=352 (full 12):
 PSYoungGen      total 8704K, used 8250K [0x00000000eab00000, 0x00000000eb700000, 0x0000000100000000)
  eden space 5632K, 98% used [0x00000000eab00000,0x00000000eb068b18,0x00000000eb080000)
  from space 3072K, 88% used [0x00000000eb400000,0x00000000eb6a5dd0,0x00000000eb700000)
  to   space 3072K, 0% used [0x00000000eb100000,0x00000000eb100000,0x00000000eb400000)
 ParOldGen       total 134144K, used 118954K [0x00000000c0000000, 0x00000000c8300000, 0x00000000eab00000)
  object space 134144K, 88% used [0x00000000c0000000,0x00000000c742a8a8,0x00000000c8300000)
 Metaspace       used 73921K, committed 75136K, reserved 1179648K
  class space    used 7361K, committed 7936K, reserved 1048576K
}
Event: 34.135 GC heap after
{Heap after GC invocations=352 (full 12):
 PSYoungGen      total 9216K, used 3061K [0x00000000eab00000, 0x00000000ebe80000, 0x0000000100000000)
  eden space 6144K, 0% used [0x00000000eab00000,0x00000000eab00000,0x00000000eb100000)
  from space 3072K, 99% used [0x00000000eb100000,0x00000000eb3fd4c0,0x00000000eb400000)
  to   space 6656K, 0% used [0x00000000eb800000,0x00000000eb800000,0x00000000ebe80000)
 ParOldGen       total 134144K, used 121742K [0x00000000c0000000, 0x00000000c8300000, 0x00000000eab00000)
  object space 134144K, 90% used [0x00000000c0000000,0x00000000c76e38d8,0x00000000c8300000)
 Metaspace       used 73921K, committed 75136K, reserved 1179648K
  class space    used 7361K, committed 7936K, reserved 1048576K
}
Event: 34.169 GC heap before
{Heap before GC invocations=353 (full 12):
 PSYoungGen      total 9216K, used 9205K [0x00000000eab00000, 0x00000000ebe80000, 0x0000000100000000)
  eden space 6144K, 100% used [0x00000000eab00000,0x00000000eb100000,0x00000000eb100000)
  from space 3072K, 99% used [0x00000000eb100000,0x00000000eb3fd4c0,0x00000000eb400000)
  to   space 6656K, 0% used [0x00000000eb800000,0x00000000eb800000,0x00000000ebe80000)
 ParOldGen       total 134144K, used 121742K [0x00000000c0000000, 0x00000000c8300000, 0x00000000eab00000)
  object space 134144K, 90% used [0x00000000c0000000,0x00000000c76e38d8,0x00000000c8300000)
 Metaspace       used 73953K, committed 75200K, reserved 1179648K
  class space    used 7361K, committed 7936K, reserved 1048576K
}
Event: 34.174 GC heap after
{Heap after GC invocations=353 (full 12):
 PSYoungGen      total 10240K, used 2848K [0x00000000eab00000, 0x00000000ebb00000, 0x0000000100000000)
  eden space 7168K, 0% used [0x00000000eab00000,0x00000000eab00000,0x00000000eb200000)
  from space 3072K, 92% used [0x00000000eb800000,0x00000000ebac8138,0x00000000ebb00000)
  to   space 4096K, 0% used [0x00000000eb300000,0x00000000eb300000,0x00000000eb700000)
 ParOldGen       total 134144K, used 124810K [0x00000000c0000000, 0x00000000c8300000, 0x00000000eab00000)
  object space 134144K, 93% used [0x00000000c0000000,0x00000000c79e28b8,0x00000000c8300000)
 Metaspace       used 73953K, committed 75200K, reserved 1179648K
  class space    used 7361K, committed 7936K, reserved 1048576K
}
Event: 34.187 GC heap before
{Heap before GC invocations=354 (full 12):
 PSYoungGen      total 10240K, used 10016K [0x00000000eab00000, 0x00000000ebb00000, 0x0000000100000000)
  eden space 7168K, 100% used [0x00000000eab00000,0x00000000eb200000,0x00000000eb200000)
  from space 3072K, 92% used [0x00000000eb800000,0x00000000ebac8138,0x00000000ebb00000)
  to   space 4096K, 0% used [0x00000000eb300000,0x00000000eb300000,0x00000000eb700000)
 ParOldGen       total 134144K, used 124810K [0x00000000c0000000, 0x00000000c8300000, 0x00000000eab00000)
  object space 134144K, 93% used [0x00000000c0000000,0x00000000c79e28b8,0x00000000c8300000)
 Metaspace       used 73957K, committed 75200K, reserved 1179648K
  class space    used 7361K, committed 7936K, reserved 1048576K
}
Event: 34.194 GC heap after
{Heap after GC invocations=354 (full 12):
 PSYoungGen      total 9728K, used 1232K [0x00000000eab00000, 0x00000000eb880000, 0x0000000100000000)
  eden space 8192K, 0% used [0x00000000eab00000,0x00000000eab00000,0x00000000eb300000)
  from space 1536K, 80% used [0x00000000eb300000,0x00000000eb434030,0x00000000eb480000)
  to   space 2048K, 0% used [0x00000000eb680000,0x00000000eb680000,0x00000000eb880000)
 ParOldGen       total 134144K, used 127481K [0x00000000c0000000, 0x00000000c8300000, 0x00000000eab00000)
  object space 134144K, 95% used [0x00000000c0000000,0x00000000c7c7e548,0x00000000c8300000)
 Metaspace       used 73957K, committed 75200K, reserved 1179648K
  class space    used 7361K, committed 7936K, reserved 1048576K
}
Event: 34.231 GC heap before
{Heap before GC invocations=355 (full 12):
 PSYoungGen      total 9728K, used 9424K [0x00000000eab00000, 0x00000000eb880000, 0x0000000100000000)
  eden space 8192K, 100% used [0x00000000eab00000,0x00000000eb300000,0x00000000eb300000)
  from space 1536K, 80% used [0x00000000eb300000,0x00000000eb434030,0x00000000eb480000)
  to   space 2048K, 0% used [0x00000000eb680000,0x00000000eb680000,0x00000000eb880000)
 ParOldGen       total 134144K, used 127481K [0x00000000c0000000, 0x00000000c8300000, 0x00000000eab00000)
  object space 134144K, 95% used [0x00000000c0000000,0x00000000c7c7e548,0x00000000c8300000)
 Metaspace       used 73973K, committed 75200K, reserved 1179648K
  class space    used 7362K, committed 7936K, reserved 1048576K
}
Event: 34.236 GC heap after
{Heap after GC invocations=355 (full 12):
 PSYoungGen      total 11776K, used 1492K [0x00000000eab00000, 0x00000000eb880000, 0x0000000100000000)
  eden space 9728K, 0% used [0x00000000eab00000,0x00000000eab00000,0x00000000eb480000)
  from space 2048K, 72% used [0x00000000eb680000,0x00000000eb7f5200,0x00000000eb880000)
  to   space 2048K, 0% used [0x00000000eb480000,0x00000000eb480000,0x00000000eb680000)
 ParOldGen       total 134144K, used 128577K [0x00000000c0000000, 0x00000000c8300000, 0x00000000eab00000)
  object space 134144K, 95% used [0x00000000c0000000,0x00000000c7d90478,0x00000000c8300000)
 Metaspace       used 73973K, committed 75200K, reserved 1179648K
  class space    used 7362K, committed 7936K, reserved 1048576K
}
Event: 34.285 GC heap before
{Heap before GC invocations=356 (full 12):
 PSYoungGen      total 11776K, used 11220K [0x00000000eab00000, 0x00000000eb880000, 0x0000000100000000)
  eden space 9728K, 100% used [0x00000000eab00000,0x00000000eb480000,0x00000000eb480000)
  from space 2048K, 72% used [0x00000000eb680000,0x00000000eb7f5200,0x00000000eb880000)
  to   space 2048K, 0% used [0x00000000eb480000,0x00000000eb480000,0x00000000eb680000)
 ParOldGen       total 134144K, used 128577K [0x00000000c0000000, 0x00000000c8300000, 0x00000000eab00000)
  object space 134144K, 95% used [0x00000000c0000000,0x00000000c7d90478,0x00000000c8300000)
 Metaspace       used 74024K, committed 75264K, reserved 1179648K
  class space    used 7376K, committed 7936K, reserved 1048576K
}
Event: 34.294 GC heap after
{Heap after GC invocations=356 (full 12):
 PSYoungGen      total 11776K, used 2047K [0x00000000eab00000, 0x00000000ecc00000, 0x0000000100000000)
  eden space 9728K, 0% used [0x00000000eab00000,0x00000000eab00000,0x00000000eb480000)
  from space 2048K, 99% used [0x00000000eb480000,0x00000000eb67ff48,0x00000000eb680000)
  to   space 11264K, 0% used [0x00000000ec100000,0x00000000ec100000,0x00000000ecc00000)
 ParOldGen       total 136192K, used 136021K [0x00000000c0000000, 0x00000000c8500000, 0x00000000eab00000)
  object space 136192K, 99% used [0x00000000c0000000,0x00000000c84d5600,0x00000000c8500000)
 Metaspace       used 74024K, committed 75264K, reserved 1179648K
  class space    used 7376K, committed 7936K, reserved 1048576K
}
Event: 34.294 GC heap before
{Heap before GC invocations=357 (full 13):
 PSYoungGen      total 11776K, used 2047K [0x00000000eab00000, 0x00000000ecc00000, 0x0000000100000000)
  eden space 9728K, 0% used [0x00000000eab00000,0x00000000eab00000,0x00000000eb480000)
  from space 2048K, 99% used [0x00000000eb480000,0x00000000eb67ff48,0x00000000eb680000)
  to   space 11264K, 0% used [0x00000000ec100000,0x00000000ec100000,0x00000000ecc00000)
 ParOldGen       total 136192K, used 136021K [0x00000000c0000000, 0x00000000c8500000, 0x00000000eab00000)
  object space 136192K, 99% used [0x00000000c0000000,0x00000000c84d5600,0x00000000c8500000)
 Metaspace       used 74024K, committed 75264K, reserved 1179648K
  class space    used 7376K, committed 7936K, reserved 1048576K
}
Event: 34.481 GC heap after
{Heap after GC invocations=357 (full 13):
 PSYoungGen      total 21504K, used 0K [0x00000000eab00000, 0x00000000ecb80000, 0x0000000100000000)
  eden space 10752K, 0% used [0x00000000eab00000,0x00000000eab00000,0x00000000eb580000)
  from space 10752K, 0% used [0x00000000ec100000,0x00000000ec100000,0x00000000ecb80000)
  to   space 11264K, 0% used [0x00000000eb580000,0x00000000eb580000,0x00000000ec080000)
 ParOldGen       total 155136K, used 118339K [0x00000000c0000000, 0x00000000c9780000, 0x00000000eab00000)
  object space 155136K, 76% used [0x00000000c0000000,0x00000000c7390c70,0x00000000c9780000)
 Metaspace       used 74024K, committed 75264K, reserved 1179648K
  class space    used 7376K, committed 7936K, reserved 1048576K
}

