# JRE version: OpenJDK Runtime Environment Temurin-17.0.7+7 (17.0.7+7) (build 17.0.7+7)
# Java VM: OpenJDK 64-Bit Server VM Temurin-17.0.7+7 (17.0.7+7, mixed mode, tiered, compressed oops, compressed class ptrs, parallel gc, windows-amd64)
GC Precious Log:
 CPUs: 4 total, 4 available
 Memory: 12199M
 Large Page Support: Disabled
 NUMA Support: Disabled
 Compressed Oops: Enabled (32-bit)
 Alignments: Space 512K, Generation 512K, Heap 2M
 Heap Min Capacity: 100M
 Heap Initial Capacity: 100M
 Heap Max Capacity: 1G
 Pre-touch: Disabled
 Parallel Workers: 4
Heap:
 PSYoungGen      total 9728K, used 9728K [0x00000000eab00000, 0x00000000eb800000, 0x0000000100000000)
  eden space 9216K, 100% used [0x00000000eab00000,0x00000000eb400000,0x00000000eb400000)
  from space 512K, 100% used [0x00000000eb700000,0x00000000eb780000,0x00000000eb780000)
  to   space 2048K, 25% used [0x00000000eb400000,0x00000000eb480000,0x00000000eb600000)
 ParOldGen       total 207872K, used 178757K [0x00000000c0000000, 0x00000000ccb00000, 0x00000000eab00000)
  object space 207872K, 85% used [0x00000000c0000000,0x00000000cae93630,0x00000000ccb00000)
 Metaspace       used 87647K, committed 88896K, reserved 1179648K
  class space    used 8526K, committed 9088K, reserved 1048576K
GC Heap History (20 events):
Event: 8518.914 GC heap before
{Heap before GC invocations=5477 (full 160):
 PSYoungGen      total 10752K, used 10176K [0x00000000eab00000, 0x00000000eb700000, 0x0000000100000000)
  eden space 9216K, 100% used [0x00000000eab00000,0x00000000eb400000,0x00000000eb400000)
  from space 1536K, 62% used [0x00000000eb400000,0x00000000eb4f0020,0x00000000eb580000)
  to   space 1536K, 0% used [0x00000000eb580000,0x00000000eb580000,0x00000000eb700000)
 ParOldGen       total 207360K, used 200119K [0x00000000c0000000, 0x00000000cca80000, 0x00000000eab00000)
  object space 207360K, 96% used [0x00000000c0000000,0x00000000cc36dd70,0x00000000cca80000)
 Metaspace       used 87646K, committed 88832K, reserved 1179648K
  class space    used 8526K, committed 9088K, reserved 1048576K
}
Event: 8518.919 GC heap after
{Heap after GC invocations=5477 (full 160):
 PSYoungGen      total 10752K, used 1248K [0x00000000eab00000, 0x00000000eb700000, 0x0000000100000000)
  eden space 9216K, 0% used [0x00000000eab00000,0x00000000eab00000,0x00000000eb400000)
  from space 1536K, 81% used [0x00000000eb580000,0x00000000eb6b8040,0x00000000eb700000)
  to   space 1536K, 0% used [0x00000000eb400000,0x00000000eb400000,0x00000000eb580000)
 ParOldGen       total 207360K, used 200987K [0x00000000c0000000, 0x00000000cca80000, 0x00000000eab00000)
  object space 207360K, 96% used [0x00000000c0000000,0x00000000cc446e00,0x00000000cca80000)
 Metaspace       used 87646K, committed 88832K, reserved 1179648K
  class space    used 8526K, committed 9088K, reserved 1048576K
}
Event: 8518.939 GC heap before
{Heap before GC invocations=5478 (full 160):
 PSYoungGen      total 10752K, used 10464K [0x00000000eab00000, 0x00000000eb700000, 0x0000000100000000)
  eden space 9216K, 100% used [0x00000000eab00000,0x00000000eb400000,0x00000000eb400000)
  from space 1536K, 81% used [0x00000000eb580000,0x00000000eb6b8040,0x00000000eb700000)
  to   space 1536K, 0% used [0x00000000eb400000,0x00000000eb400000,0x00000000eb580000)
 ParOldGen       total 207360K, used 200987K [0x00000000c0000000, 0x00000000cca80000, 0x00000000eab00000)
  object space 207360K, 96% used [0x00000000c0000000,0x00000000cc446e00,0x00000000cca80000)
 Metaspace       used 87646K, committed 88832K, reserved 1179648K
  class space    used 8526K, committed 9088K, reserved 1048576K
}
Event: 8518.942 GC heap after
{Heap after GC invocations=5478 (full 160):
 PSYoungGen      total 10752K, used 1024K [0x00000000eab00000, 0x00000000eb700000, 0x0000000100000000)
  eden space 9216K, 0% used [0x00000000eab00000,0x00000000eab00000,0x00000000eb400000)
  from space 1536K, 66% used [0x00000000eb400000,0x00000000eb500020,0x00000000eb580000)
  to   space 1536K, 0% used [0x00000000eb580000,0x00000000eb580000,0x00000000eb700000)
 ParOldGen       total 207360K, used 202151K [0x00000000c0000000, 0x00000000cca80000, 0x00000000eab00000)
  object space 207360K, 97% used [0x00000000c0000000,0x00000000cc569eb0,0x00000000cca80000)
 Metaspace       used 87646K, committed 88832K, reserved 1179648K
  class space    used 8526K, committed 9088K, reserved 1048576K
}
Event: 8518.989 GC heap before
{Heap before GC invocations=5479 (full 160):
 PSYoungGen      total 10752K, used 10240K [0x00000000eab00000, 0x00000000eb700000, 0x0000000100000000)
  eden space 9216K, 100% used [0x00000000eab00000,0x00000000eb400000,0x00000000eb400000)
  from space 1536K, 66% used [0x00000000eb400000,0x00000000eb500020,0x00000000eb580000)
  to   space 1536K, 0% used [0x00000000eb580000,0x00000000eb580000,0x00000000eb700000)
 ParOldGen       total 207360K, used 202151K [0x00000000c0000000, 0x00000000cca80000, 0x00000000eab00000)
  object space 207360K, 97% used [0x00000000c0000000,0x00000000cc569eb0,0x00000000cca80000)
 Metaspace       used 87646K, committed 88832K, reserved 1179648K
  class space    used 8526K, committed 9088K, reserved 1048576K
}
Event: 8518.992 GC heap after
{Heap after GC invocations=5479 (full 160):
 PSYoungGen      total 10752K, used 1376K [0x00000000eab00000, 0x00000000eb700000, 0x0000000100000000)
  eden space 9216K, 0% used [0x00000000eab00000,0x00000000eab00000,0x00000000eb400000)
  from space 1536K, 89% used [0x00000000eb580000,0x00000000eb6d8020,0x00000000eb700000)
  to   space 1536K, 0% used [0x00000000eb400000,0x00000000eb400000,0x00000000eb580000)
 ParOldGen       total 207360K, used 203099K [0x00000000c0000000, 0x00000000cca80000, 0x00000000eab00000)
  object space 207360K, 97% used [0x00000000c0000000,0x00000000cc656fd0,0x00000000cca80000)
 Metaspace       used 87646K, committed 88832K, reserved 1179648K
  class space    used 8526K, committed 9088K, reserved 1048576K
}
Event: 8519.007 GC heap before
{Heap before GC invocations=5480 (full 160):
 PSYoungGen      total 10752K, used 10592K [0x00000000eab00000, 0x00000000eb700000, 0x0000000100000000)
  eden space 9216K, 100% used [0x00000000eab00000,0x00000000eb400000,0x00000000eb400000)
  from space 1536K, 89% used [0x00000000eb580000,0x00000000eb6d8020,0x00000000eb700000)
  to   space 1536K, 0% used [0x00000000eb400000,0x00000000eb400000,0x00000000eb580000)
 ParOldGen       total 207360K, used 203099K [0x00000000c0000000, 0x00000000cca80000, 0x00000000eab00000)
  object space 207360K, 97% used [0x00000000c0000000,0x00000000cc656fd0,0x00000000cca80000)
 Metaspace       used 87646K, committed 88832K, reserved 1179648K
  class space    used 8526K, committed 9088K, reserved 1048576K
}
Event: 8519.011 GC heap after
{Heap after GC invocations=5480 (full 160):
 PSYoungGen      total 10752K, used 1024K [0x00000000eab00000, 0x00000000eb700000, 0x0000000100000000)
  eden space 9216K, 0% used [0x00000000eab00000,0x00000000eab00000,0x00000000eb400000)
  from space 1536K, 66% used [0x00000000eb400000,0x00000000eb500020,0x00000000eb580000)
  to   space 1536K, 0% used [0x00000000eb580000,0x00000000eb580000,0x00000000eb700000)
 ParOldGen       total 207360K, used 204332K [0x00000000c0000000, 0x00000000cca80000, 0x00000000eab00000)
  object space 207360K, 98% used [0x00000000c0000000,0x00000000cc78b050,0x00000000cca80000)
 Metaspace       used 87646K, committed 88832K, reserved 1179648K
  class space    used 8526K, committed 9088K, reserved 1048576K
}
Event: 8519.099 GC heap before
{Heap before GC invocations=5481 (full 160):
 PSYoungGen      total 10752K, used 10240K [0x00000000eab00000, 0x00000000eb700000, 0x0000000100000000)
  eden space 9216K, 100% used [0x00000000eab00000,0x00000000eb400000,0x00000000eb400000)
  from space 1536K, 66% used [0x00000000eb400000,0x00000000eb500020,0x00000000eb580000)
  to   space 1536K, 0% used [0x00000000eb580000,0x00000000eb580000,0x00000000eb700000)
 ParOldGen       total 207360K, used 204332K [0x00000000c0000000, 0x00000000cca80000, 0x00000000eab00000)
  object space 207360K, 98% used [0x00000000c0000000,0x00000000cc78b050,0x00000000cca80000)
 Metaspace       used 87646K, committed 88832K, reserved 1179648K
  class space    used 8526K, committed 9088K, reserved 1048576K
}
Event: 8519.103 GC heap after
{Heap after GC invocations=5481 (full 160):
 PSYoungGen      total 10752K, used 1088K [0x00000000eab00000, 0x00000000eb700000, 0x0000000100000000)
  eden space 9216K, 0% used [0x00000000eab00000,0x00000000eab00000,0x00000000eb400000)
  from space 1536K, 70% used [0x00000000eb580000,0x00000000eb690040,0x00000000eb700000)
  to   space 1536K, 0% used [0x00000000eb400000,0x00000000eb400000,0x00000000eb580000)
 ParOldGen       total 207360K, used 205252K [0x00000000c0000000, 0x00000000cca80000, 0x00000000eab00000)
  object space 207360K, 98% used [0x00000000c0000000,0x00000000cc871070,0x00000000cca80000)
 Metaspace       used 87646K, committed 88832K, reserved 1179648K
  class space    used 8526K, committed 9088K, reserved 1048576K
}
Event: 8519.120 GC heap before
{Heap before GC invocations=5482 (full 160):
 PSYoungGen      total 10752K, used 10304K [0x00000000eab00000, 0x00000000eb700000, 0x0000000100000000)
  eden space 9216K, 100% used [0x00000000eab00000,0x00000000eb400000,0x00000000eb400000)
  from space 1536K, 70% used [0x00000000eb580000,0x00000000eb690040,0x00000000eb700000)
  to   space 1536K, 0% used [0x00000000eb400000,0x00000000eb400000,0x00000000eb580000)
 ParOldGen       total 207360K, used 205252K [0x00000000c0000000, 0x00000000cca80000, 0x00000000eab00000)
  object space 207360K, 98% used [0x00000000c0000000,0x00000000cc871070,0x00000000cca80000)
 Metaspace       used 87646K, committed 88832K, reserved 1179648K
  class space    used 8526K, committed 9088K, reserved 1048576K
}
Event: 8519.125 GC heap after
{Heap after GC invocations=5482 (full 160):
 PSYoungGen      total 10752K, used 1248K [0x00000000eab00000, 0x00000000eb700000, 0x0000000100000000)
  eden space 9216K, 0% used [0x00000000eab00000,0x00000000eab00000,0x00000000eb400000)
  from space 1536K, 81% used [0x00000000eb400000,0x00000000eb538000,0x00000000eb580000)
  to   space 1536K, 0% used [0x00000000eb580000,0x00000000eb580000,0x00000000eb700000)
 ParOldGen       total 207360K, used 206241K [0x00000000c0000000, 0x00000000cca80000, 0x00000000eab00000)
  object space 207360K, 99% used [0x00000000c0000000,0x00000000cc968778,0x00000000cca80000)
 Metaspace       used 87646K, committed 88832K, reserved 1179648K
  class space    used 8526K, committed 9088K, reserved 1048576K
}
Event: 8519.156 GC heap before
{Heap before GC invocations=5483 (full 160):
 PSYoungGen      total 10752K, used 10464K [0x00000000eab00000, 0x00000000eb700000, 0x0000000100000000)
  eden space 9216K, 100% used [0x00000000eab00000,0x00000000eb400000,0x00000000eb400000)
  from space 1536K, 81% used [0x00000000eb400000,0x00000000eb538000,0x00000000eb580000)
  to   space 1536K, 0% used [0x00000000eb580000,0x00000000eb580000,0x00000000eb700000)
 ParOldGen       total 207360K, used 206241K [0x00000000c0000000, 0x00000000cca80000, 0x00000000eab00000)
  object space 207360K, 99% used [0x00000000c0000000,0x00000000cc968778,0x00000000cca80000)
 Metaspace       used 87646K, committed 88832K, reserved 1179648K
  class space    used 8526K, committed 9088K, reserved 1048576K
}
Event: 8519.161 GC heap after
{Heap after GC invocations=5483 (full 160):
 PSYoungGen      total 10752K, used 1280K [0x00000000eab00000, 0x00000000eb700000, 0x0000000100000000)
  eden space 9216K, 0% used [0x00000000eab00000,0x00000000eab00000,0x00000000eb400000)
  from space 1536K, 83% used [0x00000000eb580000,0x00000000eb6c0000,0x00000000eb700000)
  to   space 1536K, 0% used [0x00000000eb400000,0x00000000eb400000,0x00000000eb580000)
 ParOldGen       total 207872K, used 207402K [0x00000000c0000000, 0x00000000ccb00000, 0x00000000eab00000)
  object space 207872K, 99% used [0x00000000c0000000,0x00000000cca8a848,0x00000000ccb00000)
 Metaspace       used 87646K, committed 88832K, reserved 1179648K
  class space    used 8526K, committed 9088K, reserved 1048576K
}
Event: 8519.161 GC heap before
{Heap before GC invocations=5484 (full 161):
 PSYoungGen      total 10752K, used 1280K [0x00000000eab00000, 0x00000000eb700000, 0x0000000100000000)
  eden space 9216K, 0% used [0x00000000eab00000,0x00000000eab00000,0x00000000eb400000)
  from space 1536K, 83% used [0x00000000eb580000,0x00000000eb6c0000,0x00000000eb700000)
  to   space 1536K, 0% used [0x00000000eb400000,0x00000000eb400000,0x00000000eb580000)
 ParOldGen       total 207872K, used 207402K [0x00000000c0000000, 0x00000000ccb00000, 0x00000000eab00000)
  object space 207872K, 99% used [0x00000000c0000000,0x00000000cca8a848,0x00000000ccb00000)
 Metaspace       used 87646K, committed 88832K, reserved 1179648K
  class space    used 8526K, committed 9088K, reserved 1048576K
}
Event: 8519.517 GC heap after
{Heap after GC invocations=5484 (full 161):
 PSYoungGen      total 10752K, used 0K [0x00000000eab00000, 0x00000000eb700000, 0x0000000100000000)
  eden space 9216K, 0% used [0x00000000eab00000,0x00000000eab00000,0x00000000eb400000)
  from space 1536K, 0% used [0x00000000eb400000,0x00000000eb400000,0x00000000eb580000)
  to   space 1536K, 0% used [0x00000000eb580000,0x00000000eb580000,0x00000000eb700000)
 ParOldGen       total 207872K, used 159815K [0x00000000c0000000, 0x00000000ccb00000, 0x00000000eab00000)
  object space 207872K, 76% used [0x00000000c0000000,0x00000000c9c11d48,0x00000000ccb00000)
 Metaspace       used 87646K, committed 88832K, reserved 1179648K
  class space    used 8526K, committed 9088K, reserved 1048576K
}
Event: 8519.595 GC heap before
{Heap before GC invocations=5485 (full 161):
 PSYoungGen      total 10752K, used 9216K [0x00000000eab00000, 0x00000000eb700000, 0x0000000100000000)
  eden space 9216K, 100% used [0x00000000eab00000,0x00000000eb400000,0x00000000eb400000)
  from space 1536K, 0% used [0x00000000eb400000,0x00000000eb400000,0x00000000eb580000)
  to   space 1536K, 0% used [0x00000000eb580000,0x00000000eb580000,0x00000000eb700000)
 ParOldGen       total 207872K, used 159815K [0x00000000c0000000, 0x00000000ccb00000, 0x00000000eab00000)
  object space 207872K, 76% used [0x00000000c0000000,0x00000000c9c11d48,0x00000000ccb00000)
 Metaspace       used 87646K, committed 88832K, reserved 1179648K
  class space    used 8526K, committed 9088K, reserved 1048576K
}
Event: 8519.597 GC heap after
{Heap after GC invocations=5485 (full 161):
 PSYoungGen      total 10752K, used 1104K [0x00000000eab00000, 0x00000000eb700000, 0x0000000100000000)
  eden space 9216K, 0% used [0x00000000eab00000,0x00000000eab00000,0x00000000eb400000)
  from space 1536K, 71% used [0x00000000eb580000,0x00000000eb694010,0x00000000eb700000)
  to   space 1536K, 0% used [0x00000000eb400000,0x00000000eb400000,0x00000000eb580000)
 ParOldGen       total 207872K, used 159815K [0x00000000c0000000, 0x00000000ccb00000, 0x00000000eab00000)
  object space 207872K, 76% used [0x00000000c0000000,0x00000000c9c11d48,0x00000000ccb00000)
 Metaspace       used 87646K, committed 88832K, reserved 1179648K
  class space    used 8526K, committed 9088K, reserved 1048576K
}
Event: 8519.641 GC heap before
{Heap before GC invocations=5486 (full 161):
 PSYoungGen      total 10752K, used 10320K [0x00000000eab00000, 0x00000000eb700000, 0x0000000100000000)
  eden space 9216K, 100% used [0x00000000eab00000,0x00000000eb400000,0x00000000eb400000)
  from space 1536K, 71% used [0x00000000eb580000,0x00000000eb694010,0x00000000eb700000)
  to   space 1536K, 0% used [0x00000000eb400000,0x00000000eb400000,0x00000000eb580000)
 ParOldGen       total 207872K, used 159815K [0x00000000c0000000, 0x00000000ccb00000, 0x00000000eab00000)
  object space 207872K, 76% used [0x00000000c0000000,0x00000000c9c11d48,0x00000000ccb00000)
 Metaspace       used 87646K, committed 88832K, reserved 1179648K
  class space    used 8526K, committed 9088K, reserved 1048576K
}
Event: 8519.645 GC heap after
{Heap after GC invocations=5486 (full 161):
 PSYoungGen      total 10752K, used 1509K [0x00000000eab00000, 0x00000000eb700000, 0x0000000100000000)
  eden space 9216K, 0% used [0x00000000eab00000,0x00000000eab00000,0x00000000eb400000)
  from space 1536K, 98% used [0x00000000eb400000,0x00000000eb579638,0x00000000eb580000)
  to   space 1536K, 0% used [0x00000000eb580000,0x00000000eb580000,0x00000000eb700000)
 ParOldGen       total 207872K, used 161362K [0x00000000c0000000, 0x00000000ccb00000, 0x00000000eab00000)
  object space 207872K, 77% used [0x00000000c0000000,0x00000000c9d949b0,0x00000000ccb00000)
 Metaspace       used 87646K, committed 88832K, reserved 1179648K
  class space    used 8526K, committed 9088K, reserved 1048576K
}

