# JRE version: OpenJDK Runtime Environment Temurin-17.0.7+7 (17.0.7+7) (build 17.0.7+7)
# Java VM: OpenJDK 64-Bit Server VM Temurin-17.0.7+7 (17.0.7+7, mixed mode, tiered, compressed oops, compressed class ptrs, parallel gc, windows-amd64)
GC Precious Log:
 CPUs: 4 total, 4 available
 Memory: 12199M
 Large Page Support: Disabled
 NUMA Support: Disabled
 Compressed Oops: Enabled (32-bit)
 Alignments: Space 512K, Generation 512K, Heap 2M
 Heap Min Capacity: 100M
 Heap Initial Capacity: 100M
 Heap Max Capacity: 1G
 Pre-touch: Disabled
 Parallel Workers: 4
Heap:
 PSYoungGen      total 11264K, used 11220K [0x00000000eab00000, 0x00000000ebd00000, 0x0000000100000000)
  eden space 9728K, 99% used [0x00000000eab00000,0x00000000eb478ad8,0x00000000eb480000)
  from space 1536K, 99% used [0x00000000ebb80000,0x00000000ebcfc868,0x00000000ebd00000)
  to   space 2048K, 0% used [0x00000000eb900000,0x00000000eb900000,0x00000000ebb00000)
 ParOldGen       total 261120K, used 176374K [0x00000000c0000000, 0x00000000cff00000, 0x00000000eab00000)
  object space 261120K, 67% used [0x00000000c0000000,0x00000000cac3d998,0x00000000cff00000)
 Metaspace       used 89219K, committed 90496K, reserved 1179648K
  class space    used 8868K, committed 9408K, reserved 1048576K
GC Heap History (20 events):
Event: 52629.401 GC heap before
{Heap before GC invocations=2806 (full 55):
 PSYoungGen      total 16896K, used 16496K [0x00000000eab00000, 0x00000000ec100000, 0x0000000100000000)
  eden space 14848K, 100% used [0x00000000eab00000,0x00000000eb980000,0x00000000eb980000)
  from space 2048K, 80% used [0x00000000ebf00000,0x00000000ec09c050,0x00000000ec100000)
  to   space 2048K, 0% used [0x00000000ebd00000,0x00000000ebd00000,0x00000000ebf00000)
 ParOldGen       total 267264K, used 262314K [0x00000000c0000000, 0x00000000d0500000, 0x00000000eab00000)
  object space 267264K, 98% used [0x00000000c0000000,0x00000000d002abd8,0x00000000d0500000)
 Metaspace       used 89135K, committed 90368K, reserved 1179648K
  class space    used 8864K, committed 9408K, reserved 1048576K
}
Event: 52629.404 GC heap after
{Heap after GC invocations=2806 (full 55):
 PSYoungGen      total 16896K, used 1613K [0x00000000eab00000, 0x00000000ebf80000, 0x0000000100000000)
  eden space 14848K, 0% used [0x00000000eab00000,0x00000000eab00000,0x00000000eb980000)
  from space 2048K, 78% used [0x00000000ebd00000,0x00000000ebe93618,0x00000000ebf00000)
  to   space 512K, 0% used [0x00000000ebf00000,0x00000000ebf00000,0x00000000ebf80000)
 ParOldGen       total 267264K, used 263911K [0x00000000c0000000, 0x00000000d0500000, 0x00000000eab00000)
  object space 267264K, 98% used [0x00000000c0000000,0x00000000d01b9cc8,0x00000000d0500000)
 Metaspace       used 89135K, committed 90368K, reserved 1179648K
  class space    used 8864K, committed 9408K, reserved 1048576K
}
Event: 52629.910 GC heap before
{Heap before GC invocations=2807 (full 55):
 PSYoungGen      total 16896K, used 16461K [0x00000000eab00000, 0x00000000ebf80000, 0x0000000100000000)
  eden space 14848K, 100% used [0x00000000eab00000,0x00000000eb980000,0x00000000eb980000)
  from space 2048K, 78% used [0x00000000ebd00000,0x00000000ebe93618,0x00000000ebf00000)
  to   space 512K, 0% used [0x00000000ebf00000,0x00000000ebf00000,0x00000000ebf80000)
 ParOldGen       total 267264K, used 263911K [0x00000000c0000000, 0x00000000d0500000, 0x00000000eab00000)
  object space 267264K, 98% used [0x00000000c0000000,0x00000000d01b9cc8,0x00000000d0500000)
 Metaspace       used 89143K, committed 90368K, reserved 1179648K
  class space    used 8865K, committed 9408K, reserved 1048576K
}
Event: 52629.915 GC heap after
{Heap after GC invocations=2807 (full 55):
 PSYoungGen      total 10240K, used 502K [0x00000000eab00000, 0x00000000ece80000, 0x0000000100000000)
  eden space 9728K, 0% used [0x00000000eab00000,0x00000000eab00000,0x00000000eb480000)
  from space 512K, 98% used [0x00000000ebf00000,0x00000000ebf7da50,0x00000000ebf80000)
  to   space 10752K, 0% used [0x00000000eb480000,0x00000000eb480000,0x00000000ebf00000)
 ParOldGen       total 272896K, used 272532K [0x00000000c0000000, 0x00000000d0a80000, 0x00000000eab00000)
  object space 272896K, 99% used [0x00000000c0000000,0x00000000d0a251d0,0x00000000d0a80000)
 Metaspace       used 89143K, committed 90368K, reserved 1179648K
  class space    used 8865K, committed 9408K, reserved 1048576K
}
Event: 52629.915 GC heap before
{Heap before GC invocations=2808 (full 56):
 PSYoungGen      total 10240K, used 502K [0x00000000eab00000, 0x00000000ece80000, 0x0000000100000000)
  eden space 9728K, 0% used [0x00000000eab00000,0x00000000eab00000,0x00000000eb480000)
  from space 512K, 98% used [0x00000000ebf00000,0x00000000ebf7da50,0x00000000ebf80000)
  to   space 10752K, 0% used [0x00000000eb480000,0x00000000eb480000,0x00000000ebf00000)
 ParOldGen       total 272896K, used 272532K [0x00000000c0000000, 0x00000000d0a80000, 0x00000000eab00000)
  object space 272896K, 99% used [0x00000000c0000000,0x00000000d0a251d0,0x00000000d0a80000)
 Metaspace       used 89143K, committed 90368K, reserved 1179648K
  class space    used 8865K, committed 9408K, reserved 1048576K
}
Event: 52630.121 GC heap after
{Heap after GC invocations=2808 (full 56):
 PSYoungGen      total 20480K, used 0K [0x00000000eab00000, 0x00000000ec980000, 0x0000000100000000)
  eden space 9728K, 0% used [0x00000000eab00000,0x00000000eab00000,0x00000000eb480000)
  from space 10752K, 0% used [0x00000000eb480000,0x00000000eb480000,0x00000000ebf00000)
  to   space 10752K, 0% used [0x00000000ebf00000,0x00000000ebf00000,0x00000000ec980000)
 ParOldGen       total 280576K, used 183567K [0x00000000c0000000, 0x00000000d1200000, 0x00000000eab00000)
  object space 280576K, 65% used [0x00000000c0000000,0x00000000cb343c98,0x00000000d1200000)
 Metaspace       used 89143K, committed 90368K, reserved 1179648K
  class space    used 8865K, committed 9408K, reserved 1048576K
}
Event: 52630.149 GC heap before
{Heap before GC invocations=2809 (full 56):
 PSYoungGen      total 20480K, used 9728K [0x00000000eab00000, 0x00000000ec980000, 0x0000000100000000)
  eden space 9728K, 100% used [0x00000000eab00000,0x00000000eb480000,0x00000000eb480000)
  from space 10752K, 0% used [0x00000000eb480000,0x00000000eb480000,0x00000000ebf00000)
  to   space 10752K, 0% used [0x00000000ebf00000,0x00000000ebf00000,0x00000000ec980000)
 ParOldGen       total 280576K, used 183567K [0x00000000c0000000, 0x00000000d1200000, 0x00000000eab00000)
  object space 280576K, 65% used [0x00000000c0000000,0x00000000cb343c98,0x00000000d1200000)
 Metaspace       used 89143K, committed 90368K, reserved 1179648K
  class space    used 8865K, committed 9408K, reserved 1048576K
}
Event: 52630.151 GC heap after
{Heap after GC invocations=2809 (full 56):
 PSYoungGen      total 10240K, used 352K [0x00000000eab00000, 0x00000000ebf80000, 0x0000000100000000)
  eden space 9728K, 0% used [0x00000000eab00000,0x00000000eab00000,0x00000000eb480000)
  from space 512K, 68% used [0x00000000ebf00000,0x00000000ebf58000,0x00000000ebf80000)
  to   space 3584K, 0% used [0x00000000eb880000,0x00000000eb880000,0x00000000ebc00000)
 ParOldGen       total 280576K, used 183567K [0x00000000c0000000, 0x00000000d1200000, 0x00000000eab00000)
  object space 280576K, 65% used [0x00000000c0000000,0x00000000cb343c98,0x00000000d1200000)
 Metaspace       used 89143K, committed 90368K, reserved 1179648K
  class space    used 8865K, committed 9408K, reserved 1048576K
}
Event: 52630.277 GC heap before
{Heap before GC invocations=2810 (full 56):
 PSYoungGen      total 10240K, used 10080K [0x00000000eab00000, 0x00000000ebf80000, 0x0000000100000000)
  eden space 9728K, 100% used [0x00000000eab00000,0x00000000eb480000,0x00000000eb480000)
  from space 512K, 68% used [0x00000000ebf00000,0x00000000ebf58000,0x00000000ebf80000)
  to   space 3584K, 0% used [0x00000000eb880000,0x00000000eb880000,0x00000000ebc00000)
 ParOldGen       total 280576K, used 183567K [0x00000000c0000000, 0x00000000d1200000, 0x00000000eab00000)
  object space 280576K, 65% used [0x00000000c0000000,0x00000000cb343c98,0x00000000d1200000)
 Metaspace       used 89143K, committed 90368K, reserved 1179648K
  class space    used 8865K, committed 9408K, reserved 1048576K
}
Event: 52630.279 GC heap after
{Heap after GC invocations=2810 (full 56):
 PSYoungGen      total 13312K, used 941K [0x00000000eab00000, 0x00000000ebf80000, 0x0000000100000000)
  eden space 9728K, 0% used [0x00000000eab00000,0x00000000eab00000,0x00000000eb480000)
  from space 3584K, 26% used [0x00000000eb880000,0x00000000eb96b5f8,0x00000000ebc00000)
  to   space 1536K, 0% used [0x00000000ebe00000,0x00000000ebe00000,0x00000000ebf80000)
 ParOldGen       total 280576K, used 183843K [0x00000000c0000000, 0x00000000d1200000, 0x00000000eab00000)
  object space 280576K, 65% used [0x00000000c0000000,0x00000000cb388ca8,0x00000000d1200000)
 Metaspace       used 89143K, committed 90368K, reserved 1179648K
  class space    used 8865K, committed 9408K, reserved 1048576K
}
Event: 52630.309 GC heap before
{Heap before GC invocations=2811 (full 56):
 PSYoungGen      total 13312K, used 10669K [0x00000000eab00000, 0x00000000ebf80000, 0x0000000100000000)
  eden space 9728K, 100% used [0x00000000eab00000,0x00000000eb480000,0x00000000eb480000)
  from space 3584K, 26% used [0x00000000eb880000,0x00000000eb96b5f8,0x00000000ebc00000)
  to   space 1536K, 0% used [0x00000000ebe00000,0x00000000ebe00000,0x00000000ebf80000)
 ParOldGen       total 280576K, used 183843K [0x00000000c0000000, 0x00000000d1200000, 0x00000000eab00000)
  object space 280576K, 65% used [0x00000000c0000000,0x00000000cb388ca8,0x00000000d1200000)
 Metaspace       used 89143K, committed 90368K, reserved 1179648K
  class space    used 8865K, committed 9408K, reserved 1048576K
}
Event: 52630.312 GC heap after
{Heap after GC invocations=2811 (full 56):
 PSYoungGen      total 11264K, used 1517K [0x00000000eab00000, 0x00000000ebf80000, 0x0000000100000000)
  eden space 9728K, 0% used [0x00000000eab00000,0x00000000eab00000,0x00000000eb480000)
  from space 1536K, 98% used [0x00000000ebe00000,0x00000000ebf7b608,0x00000000ebf80000)
  to   space 2560K, 0% used [0x00000000eba80000,0x00000000eba80000,0x00000000ebd00000)
 ParOldGen       total 280576K, used 184462K [0x00000000c0000000, 0x00000000d1200000, 0x00000000eab00000)
  object space 280576K, 65% used [0x00000000c0000000,0x00000000cb423918,0x00000000d1200000)
 Metaspace       used 89143K, committed 90368K, reserved 1179648K
  class space    used 8865K, committed 9408K, reserved 1048576K
}
Event: 52630.402 GC heap before
{Heap before GC invocations=2812 (full 56):
 PSYoungGen      total 11264K, used 11245K [0x00000000eab00000, 0x00000000ebf80000, 0x0000000100000000)
  eden space 9728K, 100% used [0x00000000eab00000,0x00000000eb480000,0x00000000eb480000)
  from space 1536K, 98% used [0x00000000ebe00000,0x00000000ebf7b608,0x00000000ebf80000)
  to   space 2560K, 0% used [0x00000000eba80000,0x00000000eba80000,0x00000000ebd00000)
 ParOldGen       total 280576K, used 184462K [0x00000000c0000000, 0x00000000d1200000, 0x00000000eab00000)
  object space 280576K, 65% used [0x00000000c0000000,0x00000000cb423918,0x00000000d1200000)
 Metaspace       used 89143K, committed 90368K, reserved 1179648K
  class space    used 8865K, committed 9408K, reserved 1048576K
}
Event: 52630.405 GC heap after
{Heap after GC invocations=2812 (full 56):
 PSYoungGen      total 11264K, used 1328K [0x00000000eab00000, 0x00000000ebe80000, 0x0000000100000000)
  eden space 9728K, 0% used [0x00000000eab00000,0x00000000eab00000,0x00000000eb480000)
  from space 1536K, 86% used [0x00000000eba80000,0x00000000ebbcc010,0x00000000ebc00000)
  to   space 2048K, 0% used [0x00000000ebc80000,0x00000000ebc80000,0x00000000ebe80000)
 ParOldGen       total 280576K, used 185979K [0x00000000c0000000, 0x00000000d1200000, 0x00000000eab00000)
  object space 280576K, 66% used [0x00000000c0000000,0x00000000cb59ec60,0x00000000d1200000)
 Metaspace       used 89143K, committed 90368K, reserved 1179648K
  class space    used 8865K, committed 9408K, reserved 1048576K
}
Event: 52630.437 GC heap before
{Heap before GC invocations=2813 (full 56):
 PSYoungGen      total 11264K, used 11056K [0x00000000eab00000, 0x00000000ebe80000, 0x0000000100000000)
  eden space 9728K, 100% used [0x00000000eab00000,0x00000000eb480000,0x00000000eb480000)
  from space 1536K, 86% used [0x00000000eba80000,0x00000000ebbcc010,0x00000000ebc00000)
  to   space 2048K, 0% used [0x00000000ebc80000,0x00000000ebc80000,0x00000000ebe80000)
 ParOldGen       total 280576K, used 185979K [0x00000000c0000000, 0x00000000d1200000, 0x00000000eab00000)
  object space 280576K, 66% used [0x00000000c0000000,0x00000000cb59ec60,0x00000000d1200000)
 Metaspace       used 89144K, committed 90368K, reserved 1179648K
  class space    used 8865K, committed 9408K, reserved 1048576K
}
Event: 52630.440 GC heap after
{Heap after GC invocations=2813 (full 56):
 PSYoungGen      total 11264K, used 1232K [0x00000000eab00000, 0x00000000ebe00000, 0x0000000100000000)
  eden space 9728K, 0% used [0x00000000eab00000,0x00000000eab00000,0x00000000eb480000)
  from space 1536K, 80% used [0x00000000ebc80000,0x00000000ebdb4010,0x00000000ebe00000)
  to   space 1536K, 0% used [0x00000000eba80000,0x00000000eba80000,0x00000000ebc00000)
 ParOldGen       total 280576K, used 187283K [0x00000000c0000000, 0x00000000d1200000, 0x00000000eab00000)
  object space 280576K, 66% used [0x00000000c0000000,0x00000000cb6e4c70,0x00000000d1200000)
 Metaspace       used 89144K, committed 90368K, reserved 1179648K
  class space    used 8865K, committed 9408K, reserved 1048576K
}
Event: 52630.692 GC heap before
{Heap before GC invocations=2814 (full 57):
 PSYoungGen      total 11264K, used 10960K [0x00000000eab00000, 0x00000000ebe00000, 0x0000000100000000)
  eden space 9728K, 100% used [0x00000000eab00000,0x00000000eb480000,0x00000000eb480000)
  from space 1536K, 80% used [0x00000000ebc80000,0x00000000ebdb4010,0x00000000ebe00000)
  to   space 1536K, 0% used [0x00000000eba80000,0x00000000eba80000,0x00000000ebc00000)
 ParOldGen       total 280576K, used 279443K [0x00000000c0000000, 0x00000000d1200000, 0x00000000eab00000)
  object space 280576K, 99% used [0x00000000c0000000,0x00000000d10e4d00,0x00000000d1200000)
 Metaspace       used 89214K, committed 90496K, reserved 1179648K
  class space    used 8868K, committed 9408K, reserved 1048576K
}
Event: 52630.912 GC heap after
{Heap after GC invocations=2814 (full 57):
 PSYoungGen      total 10240K, used 0K [0x00000000eab00000, 0x00000000ebd00000, 0x0000000100000000)
  eden space 9728K, 0% used [0x00000000eab00000,0x00000000eab00000,0x00000000eb480000)
  from space 512K, 0% used [0x00000000eba80000,0x00000000eba80000,0x00000000ebb00000)
  to   space 1536K, 0% used [0x00000000ebb80000,0x00000000ebb80000,0x00000000ebd00000)
 ParOldGen       total 261120K, used 176151K [0x00000000c0000000, 0x00000000cff00000, 0x00000000eab00000)
  object space 261120K, 67% used [0x00000000c0000000,0x00000000cac05d18,0x00000000cff00000)
 Metaspace       used 89214K, committed 90496K, reserved 1179648K
  class space    used 8868K, committed 9408K, reserved 1048576K
}
Event: 52633.203 GC heap before
{Heap before GC invocations=2815 (full 57):
 PSYoungGen      total 10240K, used 9668K [0x00000000eab00000, 0x00000000ebd00000, 0x0000000100000000)
  eden space 9728K, 99% used [0x00000000eab00000,0x00000000eb471250,0x00000000eb480000)
  from space 512K, 0% used [0x00000000eba80000,0x00000000eba80000,0x00000000ebb00000)
  to   space 1536K, 0% used [0x00000000ebb80000,0x00000000ebb80000,0x00000000ebd00000)
 ParOldGen       total 261120K, used 176151K [0x00000000c0000000, 0x00000000cff00000, 0x00000000eab00000)
  object space 261120K, 67% used [0x00000000c0000000,0x00000000cac05d18,0x00000000cff00000)
 Metaspace       used 89219K, committed 90496K, reserved 1179648K
  class space    used 8868K, committed 9408K, reserved 1048576K
}
Event: 52633.205 GC heap after
{Heap after GC invocations=2815 (full 57):
 PSYoungGen      total 11264K, used 1522K [0x00000000eab00000, 0x00000000ebd00000, 0x0000000100000000)
  eden space 9728K, 0% used [0x00000000eab00000,0x00000000eab00000,0x00000000eb480000)
  from space 1536K, 99% used [0x00000000ebb80000,0x00000000ebcfc868,0x00000000ebd00000)
  to   space 2048K, 0% used [0x00000000eb900000,0x00000000eb900000,0x00000000ebb00000)
 ParOldGen       total 261120K, used 176374K [0x00000000c0000000, 0x00000000cff00000, 0x00000000eab00000)
  object space 261120K, 67% used [0x00000000c0000000,0x00000000cac3d998,0x00000000cff00000)
 Metaspace       used 89219K, committed 90496K, reserved 1179648K
  class space    used 8868K, committed 9408K, reserved 1048576K
}

