# JRE version: Java(TM) SE Runtime Environment 18.9 (11.0.9+7) (build 11.0.9+7-LTS)
# Java VM: Java HotSpot(TM) 64-Bit Server VM 18.9 (11.0.9+7-LTS, mixed mode, tiered, compressed oops, g1 gc, windows-amd64)
Heap:
 garbage-first heap   total 236544K, used 107080K [0x0000000741600000, 0x0000000800000000)
  region size 1024K, 96 young (98304K), 9 survivors (9216K)
 Metaspace       used 39914K, capacity 41142K, committed 41388K, reserved 1085440K
  class space    used 4816K, capacity 5299K, committed 5376K, reserved 1048576K
GC Heap History (10 events):
Event: 2.166 GC heap before
{Heap before GC invocations=3 (full 0):
 garbage-first heap   total 196608K, used 46486K [0x0000000741600000, 0x0000000800000000)
  region size 1024K, 36 young (36864K), 2 survivors (2048K)
 Metaspace       used 18033K, capacity 18581K, committed 18816K, reserved 1067008K
  class space    used 1910K, capacity 2120K, committed 2176K, reserved 1048576K
}
Event: 2.170 GC heap after
{Heap after GC invocations=4 (full 0):
 garbage-first heap   total 196608K, used 12460K [0x0000000741600000, 0x0000000800000000)
  region size 1024K, 3 young (3072K), 3 survivors (3072K)
 Metaspace       used 18033K, capacity 18581K, committed 18816K, reserved 1067008K
  class space    used 1910K, capacity 2120K, committed 2176K, reserved 1048576K
}
Event: 2.566 GC heap before
{Heap before GC invocations=4 (full 0):
 garbage-first heap   total 196608K, used 34988K [0x0000000741600000, 0x0000000800000000)
  region size 1024K, 26 young (26624K), 3 survivors (3072K)
 Metaspace       used 20468K, capacity 21131K, committed 21248K, reserved 1069056K
  class space    used 2262K, capacity 2530K, committed 2560K, reserved 1048576K
}
Event: 2.572 GC heap after
{Heap after GC invocations=5 (full 0):
 garbage-first heap   total 196608K, used 13226K [0x0000000741600000, 0x0000000800000000)
  region size 1024K, 3 young (3072K), 3 survivors (3072K)
 Metaspace       used 20468K, capacity 21131K, committed 21248K, reserved 1069056K
  class space    used 2262K, capacity 2530K, committed 2560K, reserved 1048576K
}
Event: 3.548 GC heap before
{Heap before GC invocations=6 (full 0):
 garbage-first heap   total 196608K, used 91050K [0x0000000741600000, 0x0000000800000000)
  region size 1024K, 80 young (81920K), 3 survivors (3072K)
 Metaspace       used 28213K, capacity 29117K, committed 29312K, reserved 1075200K
  class space    used 3269K, capacity 3645K, committed 3712K, reserved 1048576K
}
Event: 3.563 GC heap after
{Heap after GC invocations=7 (full 0):
 garbage-first heap   total 196608K, used 15201K [0x0000000741600000, 0x0000000800000000)
  region size 1024K, 5 young (5120K), 5 survivors (5120K)
 Metaspace       used 28213K, capacity 29117K, committed 29312K, reserved 1075200K
  class space    used 3269K, capacity 3645K, committed 3712K, reserved 1048576K
}
Event: 5.167 GC heap before
{Heap before GC invocations=7 (full 0):
 garbage-first heap   total 196608K, used 111457K [0x0000000741600000, 0x0000000800000000)
  region size 1024K, 100 young (102400K), 5 survivors (5120K)
 Metaspace       used 32424K, capacity 33464K, committed 33664K, reserved 1079296K
  class space    used 3768K, capacity 4187K, committed 4224K, reserved 1048576K
}
Event: 5.181 GC heap after
{Heap after GC invocations=8 (full 0):
 garbage-first heap   total 236544K, used 18176K [0x0000000741600000, 0x0000000800000000)
  region size 1024K, 8 young (8192K), 8 survivors (8192K)
 Metaspace       used 32424K, capacity 33464K, committed 33664K, reserved 1079296K
  class space    used 3768K, capacity 4187K, committed 4224K, reserved 1048576K
}
Event: 5.786 GC heap before
{Heap before GC invocations=8 (full 0):
 garbage-first heap   total 236544K, used 47872K [0x0000000741600000, 0x0000000800000000)
  region size 1024K, 38 young (38912K), 8 survivors (8192K)
 Metaspace       used 34462K, capacity 35521K, committed 35628K, reserved 1081344K
  class space    used 4001K, capacity 4443K, committed 4480K, reserved 1048576K
}
Event: 5.801 GC heap after
{Heap after GC invocations=9 (full 0):
 garbage-first heap   total 236544K, used 19016K [0x0000000741600000, 0x0000000800000000)
  region size 1024K, 9 young (9216K), 9 survivors (9216K)
 Metaspace       used 34462K, capacity 35521K, committed 35628K, reserved 1081344K
  class space    used 4001K, capacity 4443K, committed 4480K, reserved 1048576K
}

