# JRE version: Java(TM) SE Runtime Environment 18.9 (11.0.9+7) (build 11.0.9+7-LTS)
# Java VM: Java HotSpot(TM) 64-Bit Server VM 18.9 (11.0.9+7-LTS, mixed mode, tiered, compressed oops, g1 gc, windows-amd64)
Heap:
 garbage-first heap   total 236544K, used 13255K [0x0000000741600000, 0x0000000800000000)
  region size 1024K, 11 young (11264K), 11 survivors (11264K)
 Metaspace       used 32702K, capacity 33505K, committed 33664K, reserved 1087488K
  class space    used 3778K, capacity 4107K, committed 4224K, reserved 1048576K
GC Heap History (10 events):
Event: 0.959 GC heap before
{Heap before GC invocations=0 (full 0):
 garbage-first heap   total 196608K, used 14336K [0x0000000741600000, 0x0000000800000000)
  region size 1024K, 14 young (14336K), 0 survivors (0K)
 Metaspace       used 7710K, capacity 7881K, committed 8192K, reserved 1056768K
  class space    used 657K, capacity 709K, committed 768K, reserved 1048576K
}
Event: 0.966 GC heap after
{Heap after GC invocations=1 (full 0):
 garbage-first heap   total 196608K, used 2214K [0x0000000741600000, 0x0000000800000000)
  region size 1024K, 2 young (2048K), 2 survivors (2048K)
 Metaspace       used 7710K, capacity 7881K, committed 8192K, reserved 1056768K
  class space    used 657K, capacity 709K, committed 768K, reserved 1048576K
}
Event: 2.860 GC heap before
{Heap before GC invocations=1 (full 0):
 garbage-first heap   total 196608K, used 116902K [0x0000000741600000, 0x0000000800000000)
  region size 1024K, 115 young (117760K), 2 survivors (2048K)
 Metaspace       used 13386K, capacity 13702K, committed 13952K, reserved 1062912K
  class space    used 1302K, capacity 1405K, committed 1408K, reserved 1048576K
}
Event: 2.873 GC heap after
{Heap after GC invocations=2 (full 0):
 garbage-first heap   total 196608K, used 5865K [0x0000000741600000, 0x0000000800000000)
  region size 1024K, 6 young (6144K), 6 survivors (6144K)
 Metaspace       used 13386K, capacity 13702K, committed 13952K, reserved 1062912K
  class space    used 1302K, capacity 1405K, committed 1408K, reserved 1048576K
}
Event: 4.309 GC heap before
{Heap before GC invocations=2 (full 0):
 garbage-first heap   total 196608K, used 83689K [0x0000000741600000, 0x0000000800000000)
  region size 1024K, 83 young (84992K), 6 survivors (6144K)
 Metaspace       used 20665K, capacity 21197K, committed 21296K, reserved 1069056K
  class space    used 2228K, capacity 2425K, committed 2432K, reserved 1048576K
}
Event: 4.324 GC heap after
{Heap after GC invocations=3 (full 0):
 garbage-first heap   total 196608K, used 7991K [0x0000000741600000, 0x0000000800000000)
  region size 1024K, 8 young (8192K), 8 survivors (8192K)
 Metaspace       used 20665K, capacity 21197K, committed 21296K, reserved 1069056K
  class space    used 2228K, capacity 2425K, committed 2432K, reserved 1048576K
}
Event: 6.203 GC heap before
{Heap before GC invocations=4 (full 0):
 garbage-first heap   total 196608K, used 117559K [0x0000000741600000, 0x0000000800000000)
  region size 1024K, 115 young (117760K), 8 survivors (8192K)
 Metaspace       used 25868K, capacity 26524K, committed 26752K, reserved 1073152K
  class space    used 2833K, capacity 3111K, committed 3200K, reserved 1048576K
}
Event: 6.217 GC heap after
{Heap after GC invocations=5 (full 0):
 garbage-first heap   total 196608K, used 10034K [0x0000000741600000, 0x0000000800000000)
  region size 1024K, 10 young (10240K), 10 survivors (10240K)
 Metaspace       used 25868K, capacity 26524K, committed 26752K, reserved 1073152K
  class space    used 2833K, capacity 3111K, committed 3200K, reserved 1048576K
}
Event: 7.916 GC heap before
{Heap before GC invocations=5 (full 0):
 garbage-first heap   total 196608K, used 117554K [0x0000000741600000, 0x0000000800000000)
  region size 1024K, 115 young (117760K), 10 survivors (10240K)
 Metaspace       used 28600K, capacity 29308K, committed 29440K, reserved 1075200K
  class space    used 3177K, capacity 3475K, committed 3584K, reserved 1048576K
}
Event: 7.937 GC heap after
{Heap after GC invocations=6 (full 0):
 garbage-first heap   total 236544K, used 11377K [0x0000000741600000, 0x0000000800000000)
  region size 1024K, 9 young (9216K), 9 survivors (9216K)
 Metaspace       used 28600K, capacity 29308K, committed 29440K, reserved 1075200K
  class space    used 3177K, capacity 3475K, committed 3584K, reserved 1048576K
}

