# JRE version: Java(TM) SE Runtime Environment 18.9 (11.0.9+7) (build 11.0.9+7-LTS)
# Java VM: Java HotSpot(TM) 64-Bit Server VM 18.9 (11.0.9+7-LTS, mixed mode, tiered, compressed oops, g1 gc, windows-amd64)
Heap:
 garbage-first heap   total 196608K, used 21830K [0x0000000741600000, 0x0000000800000000)
  region size 1024K, 10 young (10240K), 10 survivors (10240K)
 Metaspace       used 46452K, capacity 47652K, committed 47816K, reserved 1099776K
  class space    used 5554K, capacity 6028K, committed 6144K, reserved 1048576K
GC Heap History (10 events):
Event: 14.852 GC heap before
{Heap before GC invocations=6 (full 0):
 garbage-first heap   total 196608K, used 119586K [0x0000000741600000, 0x0000000800000000)
  region size 1024K, 115 young (117760K), 8 survivors (8192K)
 Metaspace       used 28500K, capacity 29270K, committed 29512K, reserved 1075200K
  class space    used 3158K, capacity 3442K, committed 3456K, reserved 1048576K
}
Event: 14.863 GC heap after
{Heap after GC invocations=7 (full 0):
 garbage-first heap   total 196608K, used 11082K [0x0000000741600000, 0x0000000800000000)
  region size 1024K, 9 young (9216K), 9 survivors (9216K)
 Metaspace       used 28500K, capacity 29270K, committed 29512K, reserved 1075200K
  class space    used 3158K, capacity 3442K, committed 3456K, reserved 1048576K
}
Event: 16.368 GC heap before
{Heap before GC invocations=7 (full 0):
 garbage-first heap   total 196608K, used 119626K [0x0000000741600000, 0x0000000800000000)
  region size 1024K, 115 young (117760K), 9 survivors (9216K)
 Metaspace       used 32598K, capacity 33409K, committed 33480K, reserved 1079296K
  class space    used 3767K, capacity 4075K, committed 4096K, reserved 1048576K
}
Event: 16.382 GC heap after
{Heap after GC invocations=8 (full 0):
 garbage-first heap   total 196608K, used 12882K [0x0000000741600000, 0x0000000800000000)
  region size 1024K, 7 young (7168K), 7 survivors (7168K)
 Metaspace       used 32598K, capacity 33409K, committed 33480K, reserved 1079296K
  class space    used 3767K, capacity 4075K, committed 4096K, reserved 1048576K
}
Event: 17.818 GC heap before
{Heap before GC invocations=8 (full 0):
 garbage-first heap   total 196608K, used 123474K [0x0000000741600000, 0x0000000800000000)
  region size 1024K, 115 young (117760K), 7 survivors (7168K)
 Metaspace       used 34838K, capacity 35720K, committed 35912K, reserved 1081344K
  class space    used 4058K, capacity 4392K, committed 4480K, reserved 1048576K
}
Event: 17.829 GC heap after
{Heap after GC invocations=9 (full 0):
 garbage-first heap   total 196608K, used 14603K [0x0000000741600000, 0x0000000800000000)
  region size 1024K, 9 young (9216K), 9 survivors (9216K)
 Metaspace       used 34838K, capacity 35720K, committed 35912K, reserved 1081344K
  class space    used 4058K, capacity 4392K, committed 4480K, reserved 1048576K
}
Event: 26.258 GC heap before
{Heap before GC invocations=9 (full 0):
 garbage-first heap   total 196608K, used 123147K [0x0000000741600000, 0x0000000800000000)
  region size 1024K, 115 young (117760K), 9 survivors (9216K)
 Metaspace       used 40468K, capacity 41630K, committed 41928K, reserved 1085440K
  class space    used 4861K, capacity 5306K, committed 5376K, reserved 1048576K
}
Event: 26.276 GC heap after
{Heap after GC invocations=10 (full 0):
 garbage-first heap   total 196608K, used 18187K [0x0000000741600000, 0x0000000800000000)
  region size 1024K, 11 young (11264K), 11 survivors (11264K)
 Metaspace       used 40468K, capacity 41630K, committed 41928K, reserved 1085440K
  class space    used 4861K, capacity 5306K, committed 5376K, reserved 1048576K
}
Event: 28.877 GC heap before
{Heap before GC invocations=10 (full 0):
 garbage-first heap   total 196608K, used 70411K [0x0000000741600000, 0x0000000800000000)
  region size 1024K, 63 young (64512K), 11 survivors (11264K)
 Metaspace       used 43588K, capacity 44757K, committed 44872K, reserved 1089536K
  class space    used 5204K, capacity 5666K, committed 5760K, reserved 1048576K
}
Event: 28.897 GC heap after
{Heap after GC invocations=11 (full 0):
 garbage-first heap   total 196608K, used 20534K [0x0000000741600000, 0x0000000800000000)
  region size 1024K, 10 young (10240K), 10 survivors (10240K)
 Metaspace       used 43588K, capacity 44757K, committed 44872K, reserved 1089536K
  class space    used 5204K, capacity 5666K, committed 5760K, reserved 1048576K
}

